[ 2016-06-25T09:51:37+08:00 ] ::1 /personal/mysystem/sadmin
INFO: [ app_init ] --START--
INFO: Run Behavior\BuildLiteBehavior [ RunTime:0.000020s ]
INFO: [ app_init ] --END-- [ RunTime:0.000993s ]
INFO: [ app_begin ] --START--
INFO: Run Behavior\ReadHtmlCacheBehavior [ RunTime:0.002330s ]
INFO: [ app_begin ] --END-- [ RunTime:0.002518s ]
NOTIC: [8192] mysql_connect(): The mysql extension is deprecated and will be removed in the future: use mysqli or PDO instead E:\document\localsite\php\personal\mysystem\ThinkPHP\Library\Think\Session\Driver\Db.class.php 第 95 行.

[ 2016-06-25T09:51:38+08:00 ] ::1 /personal/mysystem/Sadmin/Login/index.html
INFO: [ app_init ] --START--
INFO: Run Behavior\BuildLiteBehavior [ RunTime:0.000020s ]
INFO: [ app_init ] --END-- [ RunTime:0.000854s ]
INFO: [ app_begin ] --START--
INFO: Run Behavior\ReadHtmlCacheBehavior [ RunTime:0.000920s ]
INFO: [ app_begin ] --END-- [ RunTime:0.001006s ]
NOTIC: [8192] mysql_connect(): The mysql extension is deprecated and will be removed in the future: use mysqli or PDO instead E:\document\localsite\php\personal\mysystem\ThinkPHP\Library\Think\Session\Driver\Db.class.php 第 95 行.
INFO: [ view_parse ] --START--
INFO: [ template_filter ] --START--
INFO: Run Behavior\ContentReplaceBehavior [ RunTime:0.000446s ]
INFO: [ template_filter ] --END-- [ RunTime:0.000603s ]
INFO: Run Behavior\ParseTemplateBehavior [ RunTime:0.080555s ]
INFO: [ view_parse ] --END-- [ RunTime:0.080680s ]
INFO: [ view_filter ] --START--
INFO: Run Behavior\WriteHtmlCacheBehavior [ RunTime:0.001282s ]
INFO: Run Behavior\TokenBuildBehavior [ RunTime:0.002929s ]
INFO: [ view_filter ] --END-- [ RunTime:0.004358s ]
INFO: [ app_end ] --START--
INFO: Run Behavior\ShowPageTraceBehavior [ RunTime:0.002324s ]
INFO: [ app_end ] --END-- [ RunTime:0.002557s ]

[ 2016-06-25T09:51:40+08:00 ] ::1 /personal/mysystem/Sadmin/Login/favicon.ico
INFO: [ app_init ] --START--
INFO: Run Behavior\BuildLiteBehavior [ RunTime:0.000029s ]
INFO: [ app_init ] --END-- [ RunTime:0.000925s ]

[ 2016-06-25T09:51:49+08:00 ] ::1 /personal/mysystem/Sadmin/Login/index.html
INFO: [ app_init ] --START--
INFO: Run Behavior\BuildLiteBehavior [ RunTime:0.000022s ]
INFO: [ app_init ] --END-- [ RunTime:0.000916s ]
INFO: [ app_begin ] --START--
INFO: Run Behavior\ReadHtmlCacheBehavior [ RunTime:0.003410s ]
INFO: [ app_begin ] --END-- [ RunTime:0.003495s ]
NOTIC: [8192] mysql_connect(): The mysql extension is deprecated and will be removed in the future: use mysqli or PDO instead E:\document\localsite\php\personal\mysystem\ThinkPHP\Library\Think\Session\Driver\Db.class.php 第 95 行.
SQL: SHOW COLUMNS FROM `kl_sys_admin` [ RunTime:0.1020s ]
SQL: SELECT `id`,`name`,`realname`,`avatar`,`password`,`encrypt`,`status` FROM `kl_sys_admin` WHERE ( name='kunlun' and status != 2 ) LIMIT 1   [ RunTime:0.0171s ]

[ 2016-06-25T09:51:49+08:00 ] ::1 /personal/mysystem/Sadmin/Index/index.html
INFO: [ app_init ] --START--
INFO: Run Behavior\BuildLiteBehavior [ RunTime:0.000025s ]
INFO: [ app_init ] --END-- [ RunTime:0.001089s ]
INFO: [ app_begin ] --START--
INFO: Run Behavior\ReadHtmlCacheBehavior [ RunTime:0.001392s ]
INFO: [ app_begin ] --END-- [ RunTime:0.001527s ]
NOTIC: [8192] mysql_connect(): The mysql extension is deprecated and will be removed in the future: use mysqli or PDO instead E:\document\localsite\php\personal\mysystem\ThinkPHP\Library\Think\Session\Driver\Db.class.php 第 95 行.
INFO: [ view_parse ] --START--
INFO: [ template_filter ] --START--
INFO: Run Behavior\ContentReplaceBehavior [ RunTime:0.000912s ]
INFO: [ template_filter ] --END-- [ RunTime:0.001018s ]
INFO: Run Behavior\ParseTemplateBehavior [ RunTime:0.128024s ]
INFO: [ view_parse ] --END-- [ RunTime:0.128130s ]
INFO: [ view_filter ] --START--
INFO: Run Behavior\WriteHtmlCacheBehavior [ RunTime:0.001018s ]
INFO: Run Behavior\TokenBuildBehavior [ RunTime:0.004878s ]
INFO: [ view_filter ] --END-- [ RunTime:0.006002s ]
INFO: [ app_end ] --START--
INFO: Run Behavior\ShowPageTraceBehavior [ RunTime:0.001752s ]
INFO: [ app_end ] --END-- [ RunTime:0.001866s ]

[ 2016-06-25T09:51:52+08:00 ] ::1 /personal/mysystem/Sadmin/Index/favicon.ico
INFO: [ app_init ] --START--
INFO: Run Behavior\BuildLiteBehavior [ RunTime:0.000023s ]
INFO: [ app_init ] --END-- [ RunTime:0.000920s ]

[ 2016-06-25T09:51:56+08:00 ] ::1 /personal/mysystem/Sadmin/User/index.html
INFO: [ app_init ] --START--
INFO: Run Behavior\BuildLiteBehavior [ RunTime:0.000020s ]
INFO: [ app_init ] --END-- [ RunTime:0.000772s ]
INFO: [ app_begin ] --START--
INFO: Run Behavior\ReadHtmlCacheBehavior [ RunTime:0.001142s ]
INFO: [ app_begin ] --END-- [ RunTime:0.001219s ]
NOTIC: [8192] mysql_connect(): The mysql extension is deprecated and will be removed in the future: use mysqli or PDO instead E:\document\localsite\php\personal\mysystem\ThinkPHP\Library\Think\Session\Driver\Db.class.php 第 95 行.
SQL: SHOW COLUMNS FROM `kl_sys_admin` [ RunTime:0.0142s ]
SQL: SELECT COUNT(*) AS tp_count FROM `kl_sys_admin` WHERE ( status != 2 ) LIMIT 1   [ RunTime:0.0868s ]
SQL: SELECT * FROM `kl_sys_admin` WHERE ( status != 2 ) LIMIT 0,10   [ RunTime:0.0009s ]
INFO: [ view_parse ] --START--
INFO: [ template_filter ] --START--
INFO: Run Behavior\ContentReplaceBehavior [ RunTime:0.001717s ]
INFO: [ template_filter ] --END-- [ RunTime:0.001879s ]
INFO: Run Behavior\ParseTemplateBehavior [ RunTime:0.099131s ]
INFO: [ view_parse ] --END-- [ RunTime:0.099270s ]
INFO: [ view_filter ] --START--
INFO: Run Behavior\WriteHtmlCacheBehavior [ RunTime:0.001344s ]
INFO: Run Behavior\TokenBuildBehavior [ RunTime:0.006556s ]
INFO: [ view_filter ] --END-- [ RunTime:0.008067s ]
INFO: [ app_end ] --START--
INFO: Run Behavior\ShowPageTraceBehavior [ RunTime:0.002293s ]
INFO: [ app_end ] --END-- [ RunTime:0.002422s ]

[ 2016-06-25T09:51:59+08:00 ] ::1 /personal/mysystem/Sadmin/My/profile.html
INFO: [ app_init ] --START--
INFO: Run Behavior\BuildLiteBehavior [ RunTime:0.000019s ]
INFO: [ app_init ] --END-- [ RunTime:0.000890s ]
INFO: [ app_begin ] --START--
INFO: Run Behavior\ReadHtmlCacheBehavior [ RunTime:0.001627s ]
INFO: [ app_begin ] --END-- [ RunTime:0.001780s ]
NOTIC: [8192] mysql_connect(): The mysql extension is deprecated and will be removed in the future: use mysqli or PDO instead E:\document\localsite\php\personal\mysystem\ThinkPHP\Library\Think\Session\Driver\Db.class.php 第 95 行.
SQL: SHOW COLUMNS FROM `kl_sys_admin` [ RunTime:0.0167s ]
SQL: SELECT `name`,`realname`,`avatar` FROM `kl_sys_admin` WHERE ( id = 1 ) LIMIT 1   [ RunTime:0.0104s ]
INFO: [ view_parse ] --START--
INFO: [ template_filter ] --START--
INFO: Run Behavior\ContentReplaceBehavior [ RunTime:0.001080s ]
INFO: [ template_filter ] --END-- [ RunTime:0.001177s ]
INFO: Run Behavior\ParseTemplateBehavior [ RunTime:0.124774s ]
INFO: [ view_parse ] --END-- [ RunTime:0.124892s ]
INFO: [ view_filter ] --START--
INFO: Run Behavior\WriteHtmlCacheBehavior [ RunTime:0.001352s ]
INFO: Run Behavior\TokenBuildBehavior [ RunTime:0.006285s ]
INFO: [ view_filter ] --END-- [ RunTime:0.007836s ]
INFO: [ app_end ] --START--
INFO: Run Behavior\ShowPageTraceBehavior [ RunTime:0.001906s ]
INFO: [ app_end ] --END-- [ RunTime:0.002037s ]

[ 2016-06-25T09:52:01+08:00 ] ::1 /personal/mysystem/Sadmin/My/favicon.ico
INFO: [ app_init ] --START--
INFO: Run Behavior\BuildLiteBehavior [ RunTime:0.000022s ]
INFO: [ app_init ] --END-- [ RunTime:0.000848s ]

[ 2016-06-25T09:52:02+08:00 ] ::1 /personal/mysystem/Sadmin/My/avatarEdit.html
INFO: [ app_init ] --START--
INFO: Run Behavior\BuildLiteBehavior [ RunTime:0.000022s ]
INFO: [ app_init ] --END-- [ RunTime:0.000891s ]
INFO: [ app_begin ] --START--
INFO: Run Behavior\ReadHtmlCacheBehavior [ RunTime:0.002173s ]
INFO: [ app_begin ] --END-- [ RunTime:0.002334s ]
NOTIC: [8192] mysql_connect(): The mysql extension is deprecated and will be removed in the future: use mysqli or PDO instead E:\document\localsite\php\personal\mysystem\ThinkPHP\Library\Think\Session\Driver\Db.class.php 第 95 行.
SQL: SHOW COLUMNS FROM `kl_sys_admin` [ RunTime:0.3306s ]
SQL: SELECT `name`,`avatar` FROM `kl_sys_admin` WHERE ( id = 1 ) LIMIT 1   [ RunTime:0.0006s ]
INFO: [ view_parse ] --START--
INFO: [ template_filter ] --START--
INFO: Run Behavior\ContentReplaceBehavior [ RunTime:0.001408s ]
INFO: [ template_filter ] --END-- [ RunTime:0.001536s ]
INFO: Run Behavior\ParseTemplateBehavior [ RunTime:0.084088s ]
INFO: [ view_parse ] --END-- [ RunTime:0.084181s ]
INFO: [ view_filter ] --START--
INFO: Run Behavior\WriteHtmlCacheBehavior [ RunTime:0.001176s ]
INFO: Run Behavior\TokenBuildBehavior [ RunTime:0.005047s ]
INFO: [ view_filter ] --END-- [ RunTime:0.006371s ]
INFO: [ app_end ] --START--
INFO: Run Behavior\ShowPageTraceBehavior [ RunTime:0.002317s ]
INFO: [ app_end ] --END-- [ RunTime:0.002472s ]

[ 2016-06-25T11:23:39+08:00 ] ::1 /personal/mysystem/Sadmin/Index/index.html
INFO: [ app_init ] --START--
INFO: Run Behavior\BuildLiteBehavior [ RunTime:0.000025s ]
INFO: [ app_init ] --END-- [ RunTime:0.003741s ]
INFO: [ app_begin ] --START--
INFO: Run Behavior\ReadHtmlCacheBehavior [ RunTime:0.003497s ]
INFO: [ app_begin ] --END-- [ RunTime:0.003592s ]
NOTIC: [8192] mysql_connect(): The mysql extension is deprecated and will be removed in the future: use mysqli or PDO instead E:\document\localsite\php\personal\mysystem\ThinkPHP\Library\Think\Session\Driver\Db.class.php 第 95 行.
INFO: [ view_parse ] --START--
INFO: [ template_filter ] --START--
INFO: Run Behavior\ContentReplaceBehavior [ RunTime:0.000924s ]
INFO: [ template_filter ] --END-- [ RunTime:0.001013s ]
INFO: Run Behavior\ParseTemplateBehavior [ RunTime:0.044559s ]
INFO: [ view_parse ] --END-- [ RunTime:0.044659s ]
INFO: [ view_filter ] --START--
INFO: Run Behavior\WriteHtmlCacheBehavior [ RunTime:0.001070s ]
INFO: Run Behavior\TokenBuildBehavior [ RunTime:0.006682s ]
INFO: [ view_filter ] --END-- [ RunTime:0.007865s ]
INFO: [ app_end ] --START--
INFO: Run Behavior\ShowPageTraceBehavior [ RunTime:0.001593s ]
INFO: [ app_end ] --END-- [ RunTime:0.001695s ]

