[ 2016-08-21T20:00:10+08:00 ] ::1 /personal/mysystem/sadmin
INFO: [ app_init ] --START--
INFO: Run Behavior\BuildLiteBehavior [ RunTime:0.000018s ]
INFO: [ app_init ] --END-- [ RunTime:0.000905s ]
INFO: [ app_begin ] --START--
INFO: Run Behavior\ReadHtmlCacheBehavior [ RunTime:0.003074s ]
INFO: [ app_begin ] --END-- [ RunTime:0.003317s ]
NOTIC: [8192] mysql_connect(): The mysql extension is deprecated and will be removed in the future: use mysqli or PDO instead E:\document\localsite\php\personal\mysystem\ThinkPHP\Library\Think\Session\Driver\Db.class.php 第 95 行.

[ 2016-08-21T20:00:11+08:00 ] ::1 /personal/mysystem/Sadmin/Login/index.html
INFO: [ app_init ] --START--
INFO: Run Behavior\BuildLiteBehavior [ RunTime:0.000020s ]
INFO: [ app_init ] --END-- [ RunTime:0.000875s ]
INFO: [ app_begin ] --START--
INFO: Run Behavior\ReadHtmlCacheBehavior [ RunTime:0.001192s ]
INFO: [ app_begin ] --END-- [ RunTime:0.001250s ]
NOTIC: [8192] mysql_connect(): The mysql extension is deprecated and will be removed in the future: use mysqli or PDO instead E:\document\localsite\php\personal\mysystem\ThinkPHP\Library\Think\Session\Driver\Db.class.php 第 95 行.
INFO: [ view_parse ] --START--
INFO: [ template_filter ] --START--
INFO: Run Behavior\ContentReplaceBehavior [ RunTime:0.000344s ]
INFO: [ template_filter ] --END-- [ RunTime:0.000435s ]
INFO: Run Behavior\ParseTemplateBehavior [ RunTime:0.090099s ]
INFO: [ view_parse ] --END-- [ RunTime:0.090256s ]
INFO: [ view_filter ] --START--
INFO: Run Behavior\WriteHtmlCacheBehavior [ RunTime:0.001570s ]
INFO: Run Behavior\TokenBuildBehavior [ RunTime:0.003971s ]
INFO: [ view_filter ] --END-- [ RunTime:0.005684s ]
INFO: [ app_end ] --START--
INFO: Run Behavior\ShowPageTraceBehavior [ RunTime:0.002148s ]
INFO: [ app_end ] --END-- [ RunTime:0.002301s ]

[ 2016-08-21T20:00:12+08:00 ] ::1 /personal/mysystem/Sadmin/Login/favicon.ico
INFO: [ app_init ] --START--
INFO: Run Behavior\BuildLiteBehavior [ RunTime:0.000022s ]
INFO: [ app_init ] --END-- [ RunTime:0.000883s ]

[ 2016-08-21T20:00:18+08:00 ] ::1 /personal/mysystem/Sadmin/Login/index.html
INFO: [ app_init ] --START--
INFO: Run Behavior\BuildLiteBehavior [ RunTime:0.000018s ]
INFO: [ app_init ] --END-- [ RunTime:0.000611s ]
INFO: [ app_begin ] --START--
INFO: Run Behavior\ReadHtmlCacheBehavior [ RunTime:0.001104s ]
INFO: [ app_begin ] --END-- [ RunTime:0.001167s ]
NOTIC: [8192] mysql_connect(): The mysql extension is deprecated and will be removed in the future: use mysqli or PDO instead E:\document\localsite\php\personal\mysystem\ThinkPHP\Library\Think\Session\Driver\Db.class.php 第 95 行.
SQL: SHOW COLUMNS FROM `kl_sys_admin` [ RunTime:0.0931s ]
SQL: SELECT `id`,`name`,`realname`,`avatar`,`password`,`encrypt`,`status` FROM `kl_sys_admin` WHERE ( name='kunlun' and status != 2 ) LIMIT 1   [ RunTime:0.0012s ]

[ 2016-08-21T20:00:19+08:00 ] ::1 /personal/mysystem/Sadmin/Index/index.html
INFO: [ app_init ] --START--
INFO: Run Behavior\BuildLiteBehavior [ RunTime:0.000021s ]
INFO: [ app_init ] --END-- [ RunTime:0.000961s ]
INFO: [ app_begin ] --START--
INFO: Run Behavior\ReadHtmlCacheBehavior [ RunTime:0.001201s ]
INFO: [ app_begin ] --END-- [ RunTime:0.001267s ]
NOTIC: [8192] mysql_connect(): The mysql extension is deprecated and will be removed in the future: use mysqli or PDO instead E:\document\localsite\php\personal\mysystem\ThinkPHP\Library\Think\Session\Driver\Db.class.php 第 95 行.
INFO: [ view_parse ] --START--
INFO: [ template_filter ] --START--
INFO: Run Behavior\ContentReplaceBehavior [ RunTime:0.001522s ]
INFO: [ template_filter ] --END-- [ RunTime:0.001648s ]
INFO: Run Behavior\ParseTemplateBehavior [ RunTime:0.145007s ]
INFO: [ view_parse ] --END-- [ RunTime:0.145127s ]
INFO: [ view_filter ] --START--
INFO: Run Behavior\WriteHtmlCacheBehavior [ RunTime:0.001075s ]
INFO: Run Behavior\TokenBuildBehavior [ RunTime:0.004916s ]
INFO: [ view_filter ] --END-- [ RunTime:0.006084s ]
INFO: [ app_end ] --START--
INFO: Run Behavior\ShowPageTraceBehavior [ RunTime:0.001865s ]
INFO: [ app_end ] --END-- [ RunTime:0.002002s ]

[ 2016-08-21T20:00:23+08:00 ] ::1 /personal/mysystem/Sadmin/Index/favicon.ico
INFO: [ app_init ] --START--
INFO: Run Behavior\BuildLiteBehavior [ RunTime:0.000022s ]
INFO: [ app_init ] --END-- [ RunTime:0.000829s ]

[ 2016-08-21T20:00:25+08:00 ] ::1 /personal/mysystem/Sadmin/User/index.html
INFO: [ app_init ] --START--
INFO: Run Behavior\BuildLiteBehavior [ RunTime:0.000020s ]
INFO: [ app_init ] --END-- [ RunTime:0.000733s ]
INFO: [ app_begin ] --START--
INFO: Run Behavior\ReadHtmlCacheBehavior [ RunTime:0.001186s ]
INFO: [ app_begin ] --END-- [ RunTime:0.001346s ]
NOTIC: [8192] mysql_connect(): The mysql extension is deprecated and will be removed in the future: use mysqli or PDO instead E:\document\localsite\php\personal\mysystem\ThinkPHP\Library\Think\Session\Driver\Db.class.php 第 95 行.
SQL: SHOW COLUMNS FROM `kl_sys_admin` [ RunTime:0.0700s ]
SQL: SELECT COUNT(*) AS tp_count FROM `kl_sys_admin` WHERE ( status != 2 ) LIMIT 1   [ RunTime:0.0006s ]
SQL: SELECT * FROM `kl_sys_admin` WHERE ( status != 2 ) LIMIT 0,10   [ RunTime:0.0007s ]
INFO: [ view_parse ] --START--
INFO: [ template_filter ] --START--
INFO: Run Behavior\ContentReplaceBehavior [ RunTime:0.001201s ]
INFO: [ template_filter ] --END-- [ RunTime:0.001292s ]
INFO: Run Behavior\ParseTemplateBehavior [ RunTime:0.066401s ]
INFO: [ view_parse ] --END-- [ RunTime:0.066505s ]
INFO: [ view_filter ] --START--
INFO: Run Behavior\WriteHtmlCacheBehavior [ RunTime:0.001004s ]
INFO: Run Behavior\TokenBuildBehavior [ RunTime:0.006681s ]
INFO: [ view_filter ] --END-- [ RunTime:0.007870s ]
INFO: [ app_end ] --START--
INFO: Run Behavior\ShowPageTraceBehavior [ RunTime:0.001454s ]
INFO: [ app_end ] --END-- [ RunTime:0.001567s ]

[ 2016-08-21T20:00:28+08:00 ] ::1 /personal/mysystem/Sadmin/Function/index.html
INFO: [ app_init ] --START--
INFO: Run Behavior\BuildLiteBehavior [ RunTime:0.000020s ]
INFO: [ app_init ] --END-- [ RunTime:0.000775s ]
INFO: [ app_begin ] --START--
INFO: Run Behavior\ReadHtmlCacheBehavior [ RunTime:0.000991s ]
INFO: [ app_begin ] --END-- [ RunTime:0.001080s ]
NOTIC: [8192] mysql_connect(): The mysql extension is deprecated and will be removed in the future: use mysqli or PDO instead E:\document\localsite\php\personal\mysystem\ThinkPHP\Library\Think\Session\Driver\Db.class.php 第 95 行.
INFO: [ view_parse ] --START--
INFO: [ template_filter ] --START--
INFO: Run Behavior\ContentReplaceBehavior [ RunTime:0.010376s ]
INFO: [ template_filter ] --END-- [ RunTime:0.010487s ]
NOTIC: [8] Undefined variable: list E:\document\localsite\php\personal\mysystem\Application\Runtime\Cache\Sadmin\308041bcdfedbf9482e20f8f6778f826.php 第 640 行.
NOTIC: [8] Undefined variable: pagination E:\document\localsite\php\personal\mysystem\Application\Runtime\Cache\Sadmin\308041bcdfedbf9482e20f8f6778f826.php 第 658 行.
INFO: Run Behavior\ParseTemplateBehavior [ RunTime:0.067290s ]
INFO: [ view_parse ] --END-- [ RunTime:0.067371s ]
INFO: [ view_filter ] --START--
INFO: Run Behavior\WriteHtmlCacheBehavior [ RunTime:0.001016s ]
INFO: Run Behavior\TokenBuildBehavior [ RunTime:0.005929s ]
INFO: [ view_filter ] --END-- [ RunTime:0.007073s ]
INFO: [ app_end ] --START--
INFO: Run Behavior\ShowPageTraceBehavior [ RunTime:0.001672s ]
INFO: [ app_end ] --END-- [ RunTime:0.001802s ]

[ 2016-08-21T20:00:29+08:00 ] ::1 /personal/mysystem/Sadmin/Function/favicon.ico
INFO: [ app_init ] --START--
INFO: Run Behavior\BuildLiteBehavior [ RunTime:0.000032s ]
INFO: [ app_init ] --END-- [ RunTime:0.000930s ]

[ 2016-08-21T20:04:22+08:00 ] ::1 /personal/mysystem/Sadmin/Function/add.html
INFO: [ app_init ] --START--
INFO: Run Behavior\BuildLiteBehavior [ RunTime:0.000029s ]
INFO: [ app_init ] --END-- [ RunTime:0.000929s ]
INFO: [ app_begin ] --START--
INFO: Run Behavior\ReadHtmlCacheBehavior [ RunTime:0.002544s ]
INFO: [ app_begin ] --END-- [ RunTime:0.002836s ]
NOTIC: [8192] mysql_connect(): The mysql extension is deprecated and will be removed in the future: use mysqli or PDO instead E:\document\localsite\php\personal\mysystem\ThinkPHP\Library\Think\Session\Driver\Db.class.php 第 95 行.

[ 2016-08-21T20:12:07+08:00 ] ::1 /personal/mysystem/Sadmin/Function/add.html
INFO: [ app_init ] --START--
INFO: Run Behavior\BuildLiteBehavior [ RunTime:0.000025s ]
INFO: [ app_init ] --END-- [ RunTime:0.000914s ]
INFO: [ app_begin ] --START--
INFO: Run Behavior\ReadHtmlCacheBehavior [ RunTime:0.004460s ]
INFO: [ app_begin ] --END-- [ RunTime:0.004602s ]
NOTIC: [8192] mysql_connect(): The mysql extension is deprecated and will be removed in the future: use mysqli or PDO instead E:\document\localsite\php\personal\mysystem\ThinkPHP\Library\Think\Session\Driver\Db.class.php 第 95 行.
ERR: Think\Controller:I方法不存在！

[ 2016-08-21T20:12:47+08:00 ] ::1 /personal/mysystem/Sadmin/Function/add.html
INFO: [ app_init ] --START--
INFO: Run Behavior\BuildLiteBehavior [ RunTime:0.000050s ]
INFO: [ app_init ] --END-- [ RunTime:0.001250s ]
INFO: [ app_begin ] --START--
INFO: Run Behavior\ReadHtmlCacheBehavior [ RunTime:0.005400s ]
INFO: [ app_begin ] --END-- [ RunTime:0.005932s ]
NOTIC: [8192] mysql_connect(): The mysql extension is deprecated and will be removed in the future: use mysqli or PDO instead E:\document\localsite\php\personal\mysystem\ThinkPHP\Library\Think\Session\Driver\Db.class.php 第 95 行.

[ 2016-08-21T20:15:04+08:00 ] ::1 /personal/mysystem/Sadmin/Function/add.html
INFO: [ app_init ] --START--
INFO: Run Behavior\BuildLiteBehavior [ RunTime:0.000021s ]
INFO: [ app_init ] --END-- [ RunTime:0.000632s ]
INFO: [ app_begin ] --START--
INFO: Run Behavior\ReadHtmlCacheBehavior [ RunTime:0.000967s ]
INFO: [ app_begin ] --END-- [ RunTime:0.001065s ]
NOTIC: [8192] mysql_connect(): The mysql extension is deprecated and will be removed in the future: use mysqli or PDO instead E:\document\localsite\php\personal\mysystem\ThinkPHP\Library\Think\Session\Driver\Db.class.php 第 95 行.
SQL: SHOW COLUMNS FROM `kl_functions` [ RunTime:0.0118s ]
SQL: INSERT INTO `kl_functions` (`title`,`style`,`module`,`controller`,`method`,`sort`,`remark`) VALUES ('数据统计','','Sadmin','Function','index','0','') [ RunTime:0.0062s ]

[ 2016-08-21T20:15:08+08:00 ] ::1 /personal/mysystem/Sadmin/Function/index.html
INFO: [ app_init ] --START--
INFO: Run Behavior\BuildLiteBehavior [ RunTime:0.000032s ]
INFO: [ app_init ] --END-- [ RunTime:0.000825s ]
INFO: [ app_begin ] --START--
INFO: Run Behavior\ReadHtmlCacheBehavior [ RunTime:0.001666s ]
INFO: [ app_begin ] --END-- [ RunTime:0.001836s ]
NOTIC: [8192] mysql_connect(): The mysql extension is deprecated and will be removed in the future: use mysqli or PDO instead E:\document\localsite\php\personal\mysystem\ThinkPHP\Library\Think\Session\Driver\Db.class.php 第 95 行.
INFO: [ view_parse ] --START--
INFO: [ template_filter ] --START--
INFO: Run Behavior\ContentReplaceBehavior [ RunTime:0.001448s ]
INFO: [ template_filter ] --END-- [ RunTime:0.001575s ]
NOTIC: [8] Undefined variable: list E:\document\localsite\php\personal\mysystem\Application\Runtime\Cache\Sadmin\308041bcdfedbf9482e20f8f6778f826.php 第 640 行.
NOTIC: [8] Undefined variable: pagination E:\document\localsite\php\personal\mysystem\Application\Runtime\Cache\Sadmin\308041bcdfedbf9482e20f8f6778f826.php 第 658 行.
INFO: Run Behavior\ParseTemplateBehavior [ RunTime:0.050047s ]
INFO: [ view_parse ] --END-- [ RunTime:0.050128s ]
INFO: [ view_filter ] --START--
INFO: Run Behavior\WriteHtmlCacheBehavior [ RunTime:0.000720s ]
INFO: Run Behavior\TokenBuildBehavior [ RunTime:0.007672s ]
INFO: [ view_filter ] --END-- [ RunTime:0.008585s ]
INFO: [ app_end ] --START--
INFO: Run Behavior\ShowPageTraceBehavior [ RunTime:0.003029s ]
INFO: [ app_end ] --END-- [ RunTime:0.003183s ]

[ 2016-08-21T20:19:05+08:00 ] ::1 /personal/mysystem/Sadmin/Function/index.html
INFO: [ app_init ] --START--
INFO: Run Behavior\BuildLiteBehavior [ RunTime:0.000019s ]
INFO: [ app_init ] --END-- [ RunTime:0.000745s ]
INFO: [ app_begin ] --START--
INFO: Run Behavior\ReadHtmlCacheBehavior [ RunTime:0.001584s ]
INFO: [ app_begin ] --END-- [ RunTime:0.001668s ]
NOTIC: [8192] mysql_connect(): The mysql extension is deprecated and will be removed in the future: use mysqli or PDO instead E:\document\localsite\php\personal\mysystem\ThinkPHP\Library\Think\Session\Driver\Db.class.php 第 95 行.
SQL: SHOW COLUMNS FROM `kl_functions` [ RunTime:0.0076s ]
SQL: SELECT COUNT(*) AS tp_count FROM `kl_functions` WHERE ( status = 0 ) LIMIT 1   [ RunTime:0.0005s ]
NOTIC: [8] Undefined variable: sys_admin E:\document\localsite\php\personal\mysystem\Application\Sadmin\Controller\FunctionController.class.php 第 18 行.

[ 2016-08-21T20:19:18+08:00 ] ::1 /personal/mysystem/Sadmin/Function/index.html
INFO: [ app_init ] --START--
INFO: Run Behavior\BuildLiteBehavior [ RunTime:0.000024s ]
INFO: [ app_init ] --END-- [ RunTime:0.000879s ]
INFO: [ app_begin ] --START--
INFO: Run Behavior\ReadHtmlCacheBehavior [ RunTime:0.001288s ]
INFO: [ app_begin ] --END-- [ RunTime:0.001368s ]
NOTIC: [8192] mysql_connect(): The mysql extension is deprecated and will be removed in the future: use mysqli or PDO instead E:\document\localsite\php\personal\mysystem\ThinkPHP\Library\Think\Session\Driver\Db.class.php 第 95 行.
SQL: SHOW COLUMNS FROM `kl_functions` [ RunTime:0.0115s ]
SQL: SELECT COUNT(*) AS tp_count FROM `kl_functions` WHERE ( status = 0 ) LIMIT 1   [ RunTime:0.0007s ]
SQL: SELECT * FROM `kl_functions` WHERE ( status = 0 ) LIMIT 0,10   [ RunTime:0.0006s ]
NOTIC: [8] Undefined variable: list E:\document\localsite\php\personal\mysystem\Application\Sadmin\Controller\FunctionController.class.php 第 19 行.
INFO: [ view_parse ] --START--
INFO: [ template_filter ] --START--
INFO: Run Behavior\ContentReplaceBehavior [ RunTime:0.002201s ]
INFO: [ template_filter ] --END-- [ RunTime:0.002839s ]
INFO: Run Behavior\ParseTemplateBehavior [ RunTime:0.077113s ]
INFO: [ view_parse ] --END-- [ RunTime:0.077253s ]
INFO: [ view_filter ] --START--
INFO: Run Behavior\WriteHtmlCacheBehavior [ RunTime:0.001864s ]
INFO: Run Behavior\TokenBuildBehavior [ RunTime:0.015866s ]
INFO: [ view_filter ] --END-- [ RunTime:0.017960s ]
INFO: [ app_end ] --START--
INFO: Run Behavior\ShowPageTraceBehavior [ RunTime:0.006190s ]
INFO: [ app_end ] --END-- [ RunTime:0.006503s ]

[ 2016-08-21T20:19:40+08:00 ] ::1 /personal/mysystem/Sadmin/Function/index.html
INFO: [ app_init ] --START--
INFO: Run Behavior\BuildLiteBehavior [ RunTime:0.000021s ]
INFO: [ app_init ] --END-- [ RunTime:0.000746s ]
INFO: [ app_begin ] --START--
INFO: Run Behavior\ReadHtmlCacheBehavior [ RunTime:0.001131s ]
INFO: [ app_begin ] --END-- [ RunTime:0.001203s ]
NOTIC: [8192] mysql_connect(): The mysql extension is deprecated and will be removed in the future: use mysqli or PDO instead E:\document\localsite\php\personal\mysystem\ThinkPHP\Library\Think\Session\Driver\Db.class.php 第 95 行.
SQL: SHOW COLUMNS FROM `kl_functions` [ RunTime:0.0113s ]
SQL: SELECT COUNT(*) AS tp_count FROM `kl_functions` WHERE ( status = 0 ) LIMIT 1   [ RunTime:0.0005s ]
SQL: SELECT * FROM `kl_functions` WHERE ( status = 0 ) LIMIT 0,10   [ RunTime:0.0007s ]
NOTIC: [8] Undefined variable: list E:\document\localsite\php\personal\mysystem\Application\Sadmin\Controller\FunctionController.class.php 第 19 行.
INFO: [ view_parse ] --START--
INFO: [ template_filter ] --START--
INFO: Run Behavior\ContentReplaceBehavior [ RunTime:0.000913s ]
INFO: [ template_filter ] --END-- [ RunTime:0.001005s ]
NOTIC: [8] Undefined variable: function_list E:\document\localsite\php\personal\mysystem\Application\Runtime\Cache\Sadmin\308041bcdfedbf9482e20f8f6778f826.php 第 640 行.
INFO: Run Behavior\ParseTemplateBehavior [ RunTime:0.089527s ]
INFO: [ view_parse ] --END-- [ RunTime:0.089612s ]
INFO: [ view_filter ] --START--
INFO: Run Behavior\WriteHtmlCacheBehavior [ RunTime:0.001058s ]
INFO: Run Behavior\TokenBuildBehavior [ RunTime:0.005360s ]
INFO: [ view_filter ] --END-- [ RunTime:0.006542s ]
INFO: [ app_end ] --START--
INFO: Run Behavior\ShowPageTraceBehavior [ RunTime:0.001504s ]
INFO: [ app_end ] --END-- [ RunTime:0.001605s ]

[ 2016-08-21T20:20:03+08:00 ] ::1 /personal/mysystem/Sadmin/Function/index.html
INFO: [ app_init ] --START--
INFO: Run Behavior\BuildLiteBehavior [ RunTime:0.000025s ]
INFO: [ app_init ] --END-- [ RunTime:0.000924s ]
INFO: [ app_begin ] --START--
INFO: Run Behavior\ReadHtmlCacheBehavior [ RunTime:0.001608s ]
INFO: [ app_begin ] --END-- [ RunTime:0.001756s ]
NOTIC: [8192] mysql_connect(): The mysql extension is deprecated and will be removed in the future: use mysqli or PDO instead E:\document\localsite\php\personal\mysystem\ThinkPHP\Library\Think\Session\Driver\Db.class.php 第 95 行.
SQL: SHOW COLUMNS FROM `kl_functions` [ RunTime:0.0092s ]
SQL: SELECT COUNT(*) AS tp_count FROM `kl_functions` WHERE ( status = 0 ) LIMIT 1   [ RunTime:0.0006s ]
SQL: SELECT * FROM `kl_functions` WHERE ( status = 0 ) LIMIT 0,10   [ RunTime:0.0006s ]
INFO: [ view_parse ] --START--
INFO: [ template_filter ] --START--
INFO: Run Behavior\ContentReplaceBehavior [ RunTime:0.001454s ]
INFO: [ template_filter ] --END-- [ RunTime:0.001576s ]
NOTIC: [8] Undefined index: name E:\document\localsite\php\personal\mysystem\Application\Runtime\Cache\Sadmin\308041bcdfedbf9482e20f8f6778f826.php 第 642 行.
NOTIC: [8] Undefined index: realname E:\document\localsite\php\personal\mysystem\Application\Runtime\Cache\Sadmin\308041bcdfedbf9482e20f8f6778f826.php 第 643 行.
NOTIC: [8] Undefined index: email E:\document\localsite\php\personal\mysystem\Application\Runtime\Cache\Sadmin\308041bcdfedbf9482e20f8f6778f826.php 第 644 行.
INFO: Run Behavior\ParseTemplateBehavior [ RunTime:0.051093s ]
INFO: [ view_parse ] --END-- [ RunTime:0.051168s ]
INFO: [ view_filter ] --START--
INFO: Run Behavior\WriteHtmlCacheBehavior [ RunTime:0.000860s ]
INFO: Run Behavior\TokenBuildBehavior [ RunTime:0.005572s ]
INFO: [ view_filter ] --END-- [ RunTime:0.006576s ]
INFO: [ app_end ] --START--
INFO: Run Behavior\ShowPageTraceBehavior [ RunTime:0.001684s ]
INFO: [ app_end ] --END-- [ RunTime:0.001822s ]

[ 2016-08-21T20:20:04+08:00 ] ::1 /personal/mysystem/Sadmin/Function/index.html
INFO: [ app_init ] --START--
INFO: Run Behavior\BuildLiteBehavior [ RunTime:0.000038s ]
INFO: [ app_init ] --END-- [ RunTime:0.001294s ]
INFO: [ app_begin ] --START--
INFO: Run Behavior\ReadHtmlCacheBehavior [ RunTime:0.002037s ]
INFO: [ app_begin ] --END-- [ RunTime:0.002241s ]
NOTIC: [8192] mysql_connect(): The mysql extension is deprecated and will be removed in the future: use mysqli or PDO instead E:\document\localsite\php\personal\mysystem\ThinkPHP\Library\Think\Session\Driver\Db.class.php 第 95 行.
SQL: SHOW COLUMNS FROM `kl_functions` [ RunTime:0.0091s ]
SQL: SELECT COUNT(*) AS tp_count FROM `kl_functions` WHERE ( status = 0 ) LIMIT 1   [ RunTime:0.0007s ]
SQL: SELECT * FROM `kl_functions` WHERE ( status = 0 ) LIMIT 0,10   [ RunTime:0.0007s ]
INFO: [ view_parse ] --START--
INFO: [ template_filter ] --START--
INFO: Run Behavior\ContentReplaceBehavior [ RunTime:0.001223s ]
INFO: [ template_filter ] --END-- [ RunTime:0.001416s ]
NOTIC: [8] Undefined index: name E:\document\localsite\php\personal\mysystem\Application\Runtime\Cache\Sadmin\308041bcdfedbf9482e20f8f6778f826.php 第 642 行.
NOTIC: [8] Undefined index: realname E:\document\localsite\php\personal\mysystem\Application\Runtime\Cache\Sadmin\308041bcdfedbf9482e20f8f6778f826.php 第 643 行.
NOTIC: [8] Undefined index: email E:\document\localsite\php\personal\mysystem\Application\Runtime\Cache\Sadmin\308041bcdfedbf9482e20f8f6778f826.php 第 644 行.
INFO: Run Behavior\ParseTemplateBehavior [ RunTime:0.060228s ]
INFO: [ view_parse ] --END-- [ RunTime:0.060352s ]
INFO: [ view_filter ] --START--
INFO: Run Behavior\WriteHtmlCacheBehavior [ RunTime:0.003256s ]
INFO: Run Behavior\TokenBuildBehavior [ RunTime:0.007341s ]
INFO: [ view_filter ] --END-- [ RunTime:0.010852s ]
INFO: [ app_end ] --START--
INFO: Run Behavior\ShowPageTraceBehavior [ RunTime:0.002183s ]
INFO: [ app_end ] --END-- [ RunTime:0.002415s ]

[ 2016-08-21T20:20:24+08:00 ] ::1 /personal/mysystem/Sadmin/Function/index.html
INFO: [ app_init ] --START--
INFO: Run Behavior\BuildLiteBehavior [ RunTime:0.000020s ]
INFO: [ app_init ] --END-- [ RunTime:0.000708s ]
INFO: [ app_begin ] --START--
INFO: Run Behavior\ReadHtmlCacheBehavior [ RunTime:0.002898s ]
INFO: [ app_begin ] --END-- [ RunTime:0.003059s ]
NOTIC: [8192] mysql_connect(): The mysql extension is deprecated and will be removed in the future: use mysqli or PDO instead E:\document\localsite\php\personal\mysystem\ThinkPHP\Library\Think\Session\Driver\Db.class.php 第 95 行.
SQL: SHOW COLUMNS FROM `kl_functions` [ RunTime:0.0281s ]
SQL: SELECT COUNT(*) AS tp_count FROM `kl_functions` WHERE ( status = 0 ) LIMIT 1   [ RunTime:0.0006s ]
SQL: SELECT * FROM `kl_functions` WHERE ( status = 0 ) LIMIT 0,10   [ RunTime:0.0005s ]
INFO: [ view_parse ] --START--
INFO: [ template_filter ] --START--
INFO: Run Behavior\ContentReplaceBehavior [ RunTime:0.000945s ]
INFO: [ template_filter ] --END-- [ RunTime:0.001104s ]
NOTIC: [8] Undefined index: realname E:\document\localsite\php\personal\mysystem\Application\Runtime\Cache\Sadmin\308041bcdfedbf9482e20f8f6778f826.php 第 643 行.
NOTIC: [8] Undefined index: email E:\document\localsite\php\personal\mysystem\Application\Runtime\Cache\Sadmin\308041bcdfedbf9482e20f8f6778f826.php 第 644 行.
INFO: Run Behavior\ParseTemplateBehavior [ RunTime:0.044171s ]
INFO: [ view_parse ] --END-- [ RunTime:0.044248s ]
INFO: [ view_filter ] --START--
INFO: Run Behavior\WriteHtmlCacheBehavior [ RunTime:0.000993s ]
INFO: Run Behavior\TokenBuildBehavior [ RunTime:0.005667s ]
INFO: [ view_filter ] --END-- [ RunTime:0.006832s ]
INFO: [ app_end ] --START--
INFO: Run Behavior\ShowPageTraceBehavior [ RunTime:0.001484s ]
INFO: [ app_end ] --END-- [ RunTime:0.001621s ]

[ 2016-08-21T20:21:29+08:00 ] ::1 /personal/mysystem/Sadmin/Function/index.html
INFO: [ app_init ] --START--
INFO: Run Behavior\BuildLiteBehavior [ RunTime:0.000029s ]
INFO: [ app_init ] --END-- [ RunTime:0.000788s ]
INFO: [ app_begin ] --START--
INFO: Run Behavior\ReadHtmlCacheBehavior [ RunTime:0.001200s ]
INFO: [ app_begin ] --END-- [ RunTime:0.001286s ]
NOTIC: [8192] mysql_connect(): The mysql extension is deprecated and will be removed in the future: use mysqli or PDO instead E:\document\localsite\php\personal\mysystem\ThinkPHP\Library\Think\Session\Driver\Db.class.php 第 95 行.
SQL: SHOW COLUMNS FROM `kl_functions` [ RunTime:0.0084s ]
SQL: SELECT COUNT(*) AS tp_count FROM `kl_functions` WHERE ( status = 0 ) LIMIT 1   [ RunTime:0.0004s ]
SQL: SELECT * FROM `kl_functions` WHERE ( status = 0 ) LIMIT 0,10   [ RunTime:0.0009s ]
INFO: [ view_parse ] --START--
INFO: [ template_filter ] --START--
INFO: Run Behavior\ContentReplaceBehavior [ RunTime:0.000962s ]
INFO: [ template_filter ] --END-- [ RunTime:0.001068s ]
INFO: Run Behavior\ParseTemplateBehavior [ RunTime:0.045661s ]
INFO: [ view_parse ] --END-- [ RunTime:0.045775s ]
INFO: [ view_filter ] --START--
INFO: Run Behavior\WriteHtmlCacheBehavior [ RunTime:0.001103s ]
INFO: Run Behavior\TokenBuildBehavior [ RunTime:0.006828s ]
INFO: [ view_filter ] --END-- [ RunTime:0.008098s ]
INFO: [ app_end ] --START--
INFO: Run Behavior\ShowPageTraceBehavior [ RunTime:0.002254s ]
INFO: [ app_end ] --END-- [ RunTime:0.002741s ]

[ 2016-08-21T20:21:53+08:00 ] ::1 /personal/mysystem/Sadmin/Function/index.html
INFO: [ app_init ] --START--
INFO: Run Behavior\BuildLiteBehavior [ RunTime:0.000020s ]
INFO: [ app_init ] --END-- [ RunTime:0.000825s ]
INFO: [ app_begin ] --START--
INFO: Run Behavior\ReadHtmlCacheBehavior [ RunTime:0.001866s ]
INFO: [ app_begin ] --END-- [ RunTime:0.001972s ]
NOTIC: [8192] mysql_connect(): The mysql extension is deprecated and will be removed in the future: use mysqli or PDO instead E:\document\localsite\php\personal\mysystem\ThinkPHP\Library\Think\Session\Driver\Db.class.php 第 95 行.
SQL: SHOW COLUMNS FROM `kl_functions` [ RunTime:0.0092s ]
SQL: SELECT COUNT(*) AS tp_count FROM `kl_functions` WHERE ( status = 0 ) LIMIT 1   [ RunTime:0.0005s ]
SQL: SELECT * FROM `kl_functions` WHERE ( status = 0 ) LIMIT 0,10   [ RunTime:0.0008s ]
INFO: [ view_parse ] --START--
INFO: [ template_filter ] --START--
INFO: Run Behavior\ContentReplaceBehavior [ RunTime:0.001127s ]
INFO: [ template_filter ] --END-- [ RunTime:0.001365s ]
INFO: Run Behavior\ParseTemplateBehavior [ RunTime:0.079105s ]
INFO: [ view_parse ] --END-- [ RunTime:0.079245s ]
INFO: [ view_filter ] --START--
INFO: Run Behavior\WriteHtmlCacheBehavior [ RunTime:0.000996s ]
INFO: Run Behavior\TokenBuildBehavior [ RunTime:0.011906s ]
INFO: [ view_filter ] --END-- [ RunTime:0.013128s ]
INFO: [ app_end ] --START--
INFO: Run Behavior\ShowPageTraceBehavior [ RunTime:0.006944s ]
INFO: [ app_end ] --END-- [ RunTime:0.007177s ]

[ 2016-08-21T20:22:08+08:00 ] ::1 /personal/mysystem/Sadmin/Function/index.html
INFO: [ app_init ] --START--
INFO: Run Behavior\BuildLiteBehavior [ RunTime:0.000021s ]
INFO: [ app_init ] --END-- [ RunTime:0.000613s ]
INFO: [ app_begin ] --START--
INFO: Run Behavior\ReadHtmlCacheBehavior [ RunTime:0.001985s ]
INFO: [ app_begin ] --END-- [ RunTime:0.002112s ]
NOTIC: [8192] mysql_connect(): The mysql extension is deprecated and will be removed in the future: use mysqli or PDO instead E:\document\localsite\php\personal\mysystem\ThinkPHP\Library\Think\Session\Driver\Db.class.php 第 95 行.
SQL: SHOW COLUMNS FROM `kl_functions` [ RunTime:0.0096s ]
SQL: SELECT COUNT(*) AS tp_count FROM `kl_functions` WHERE ( status = 0 ) LIMIT 1   [ RunTime:0.0004s ]
SQL: SELECT * FROM `kl_functions` WHERE ( status = 0 ) LIMIT 0,10   [ RunTime:0.0007s ]
INFO: [ view_parse ] --START--
INFO: [ template_filter ] --START--
INFO: Run Behavior\ContentReplaceBehavior [ RunTime:0.001223s ]
INFO: [ template_filter ] --END-- [ RunTime:0.001370s ]
INFO: Run Behavior\ParseTemplateBehavior [ RunTime:0.049438s ]
INFO: [ view_parse ] --END-- [ RunTime:0.049548s ]
INFO: [ view_filter ] --START--
INFO: Run Behavior\WriteHtmlCacheBehavior [ RunTime:0.001316s ]
INFO: Run Behavior\TokenBuildBehavior [ RunTime:0.006775s ]
INFO: [ view_filter ] --END-- [ RunTime:0.008274s ]
INFO: [ app_end ] --START--
INFO: Run Behavior\ShowPageTraceBehavior [ RunTime:0.001728s ]
INFO: [ app_end ] --END-- [ RunTime:0.001881s ]

[ 2016-08-21T20:22:59+08:00 ] ::1 /personal/mysystem/Sadmin/Function/index.html
INFO: [ app_init ] --START--
INFO: Run Behavior\BuildLiteBehavior [ RunTime:0.000024s ]
INFO: [ app_init ] --END-- [ RunTime:0.000972s ]
INFO: [ app_begin ] --START--
INFO: Run Behavior\ReadHtmlCacheBehavior [ RunTime:0.001156s ]
INFO: [ app_begin ] --END-- [ RunTime:0.001221s ]
NOTIC: [8192] mysql_connect(): The mysql extension is deprecated and will be removed in the future: use mysqli or PDO instead E:\document\localsite\php\personal\mysystem\ThinkPHP\Library\Think\Session\Driver\Db.class.php 第 95 行.
SQL: SHOW COLUMNS FROM `kl_functions` [ RunTime:0.0115s ]
SQL: SELECT COUNT(*) AS tp_count FROM `kl_functions` WHERE ( status = 0 ) LIMIT 1   [ RunTime:0.0005s ]
SQL: SELECT * FROM `kl_functions` WHERE ( status = 0 ) LIMIT 0,10   [ RunTime:0.0006s ]
INFO: [ view_parse ] --START--
INFO: [ template_filter ] --START--
INFO: Run Behavior\ContentReplaceBehavior [ RunTime:0.001023s ]
INFO: [ template_filter ] --END-- [ RunTime:0.001163s ]
INFO: Run Behavior\ParseTemplateBehavior [ RunTime:0.044403s ]
INFO: [ view_parse ] --END-- [ RunTime:0.044488s ]
INFO: [ view_filter ] --START--
INFO: Run Behavior\WriteHtmlCacheBehavior [ RunTime:0.001013s ]
INFO: Run Behavior\TokenBuildBehavior [ RunTime:0.005428s ]
INFO: [ view_filter ] --END-- [ RunTime:0.006547s ]
INFO: [ app_end ] --START--
INFO: Run Behavior\ShowPageTraceBehavior [ RunTime:0.001785s ]
INFO: [ app_end ] --END-- [ RunTime:0.002495s ]

[ 2016-08-21T20:24:09+08:00 ] ::1 /personal/mysystem/Sadmin/Function/index.html
INFO: [ app_init ] --START--
INFO: Run Behavior\BuildLiteBehavior [ RunTime:0.000026s ]
INFO: [ app_init ] --END-- [ RunTime:0.001160s ]
INFO: [ app_begin ] --START--
INFO: Run Behavior\ReadHtmlCacheBehavior [ RunTime:0.001208s ]
INFO: [ app_begin ] --END-- [ RunTime:0.001294s ]
NOTIC: [8192] mysql_connect(): The mysql extension is deprecated and will be removed in the future: use mysqli or PDO instead E:\document\localsite\php\personal\mysystem\ThinkPHP\Library\Think\Session\Driver\Db.class.php 第 95 行.
SQL: SHOW COLUMNS FROM `kl_functions` [ RunTime:0.0084s ]
SQL: SELECT COUNT(*) AS tp_count FROM `kl_functions` WHERE ( status = 0 ) LIMIT 1   [ RunTime:0.0005s ]
SQL: SELECT * FROM `kl_functions` WHERE ( status = 0 ) LIMIT 0,10   [ RunTime:0.0006s ]
INFO: [ view_parse ] --START--
INFO: [ template_filter ] --START--
INFO: Run Behavior\ContentReplaceBehavior [ RunTime:0.001374s ]
INFO: [ template_filter ] --END-- [ RunTime:0.001502s ]
INFO: Run Behavior\ParseTemplateBehavior [ RunTime:0.047274s ]
INFO: [ view_parse ] --END-- [ RunTime:0.047362s ]
INFO: [ view_filter ] --START--
INFO: Run Behavior\WriteHtmlCacheBehavior [ RunTime:0.000999s ]
INFO: Run Behavior\TokenBuildBehavior [ RunTime:0.005403s ]
INFO: [ view_filter ] --END-- [ RunTime:0.006536s ]
INFO: [ app_end ] --START--
INFO: Run Behavior\ShowPageTraceBehavior [ RunTime:0.002352s ]
INFO: [ app_end ] --END-- [ RunTime:0.002519s ]

[ 2016-08-21T20:24:30+08:00 ] ::1 /personal/mysystem/Sadmin/Function/index.html
INFO: [ app_init ] --START--
INFO: Run Behavior\BuildLiteBehavior [ RunTime:0.000023s ]
INFO: [ app_init ] --END-- [ RunTime:0.000852s ]
INFO: [ app_begin ] --START--
INFO: Run Behavior\ReadHtmlCacheBehavior [ RunTime:0.001574s ]
INFO: [ app_begin ] --END-- [ RunTime:0.001697s ]
NOTIC: [8192] mysql_connect(): The mysql extension is deprecated and will be removed in the future: use mysqli or PDO instead E:\document\localsite\php\personal\mysystem\ThinkPHP\Library\Think\Session\Driver\Db.class.php 第 95 行.
SQL: SHOW COLUMNS FROM `kl_functions` [ RunTime:0.0062s ]
SQL: SELECT COUNT(*) AS tp_count FROM `kl_functions` WHERE ( status = 0 ) LIMIT 1   [ RunTime:0.0005s ]
SQL: SELECT * FROM `kl_functions` WHERE ( status = 0 ) LIMIT 0,10   [ RunTime:0.0005s ]
INFO: [ view_parse ] --START--
INFO: [ template_filter ] --START--
INFO: Run Behavior\ContentReplaceBehavior [ RunTime:0.001061s ]
INFO: [ template_filter ] --END-- [ RunTime:0.001189s ]
INFO: Run Behavior\ParseTemplateBehavior [ RunTime:0.045046s ]
INFO: [ view_parse ] --END-- [ RunTime:0.045145s ]
INFO: [ view_filter ] --START--
INFO: Run Behavior\WriteHtmlCacheBehavior [ RunTime:0.001225s ]
INFO: Run Behavior\TokenBuildBehavior [ RunTime:0.006629s ]
INFO: [ view_filter ] --END-- [ RunTime:0.008166s ]
INFO: [ app_end ] --START--
INFO: Run Behavior\ShowPageTraceBehavior [ RunTime:0.002626s ]
INFO: [ app_end ] --END-- [ RunTime:0.002793s ]

[ 2016-08-21T20:28:11+08:00 ] ::1 /personal/mysystem/Sadmin/Function/add.html
INFO: [ app_init ] --START--
INFO: Run Behavior\BuildLiteBehavior [ RunTime:0.000021s ]
INFO: [ app_init ] --END-- [ RunTime:0.000703s ]
INFO: [ app_begin ] --START--
INFO: Run Behavior\ReadHtmlCacheBehavior [ RunTime:0.001098s ]
INFO: [ app_begin ] --END-- [ RunTime:0.001189s ]
NOTIC: [8192] mysql_connect(): The mysql extension is deprecated and will be removed in the future: use mysqli or PDO instead E:\document\localsite\php\personal\mysystem\ThinkPHP\Library\Think\Session\Driver\Db.class.php 第 95 行.
SQL: SHOW COLUMNS FROM `kl_functions` [ RunTime:0.0129s ]
SQL: INSERT INTO `kl_functions` (`title`,`style`,`module`,`controller`,`method`,`sort`,`remark`) VALUES ('测试','icon-home','sadmin','user','add','1','test') [ RunTime:0.0006s ]

[ 2016-08-21T20:28:12+08:00 ] ::1 /personal/mysystem/Sadmin/Function/index.html
INFO: [ app_init ] --START--
INFO: Run Behavior\BuildLiteBehavior [ RunTime:0.000038s ]
INFO: [ app_init ] --END-- [ RunTime:0.001479s ]
INFO: [ app_begin ] --START--
INFO: Run Behavior\ReadHtmlCacheBehavior [ RunTime:0.001835s ]
INFO: [ app_begin ] --END-- [ RunTime:0.002023s ]
NOTIC: [8192] mysql_connect(): The mysql extension is deprecated and will be removed in the future: use mysqli or PDO instead E:\document\localsite\php\personal\mysystem\ThinkPHP\Library\Think\Session\Driver\Db.class.php 第 95 行.
SQL: SHOW COLUMNS FROM `kl_functions` [ RunTime:0.0096s ]
SQL: SELECT COUNT(*) AS tp_count FROM `kl_functions` WHERE ( status = 0 ) LIMIT 1   [ RunTime:0.0006s ]
SQL: SELECT * FROM `kl_functions` WHERE ( status = 0 ) LIMIT 0,10   [ RunTime:0.0007s ]
INFO: [ view_parse ] --START--
INFO: [ template_filter ] --START--
INFO: Run Behavior\ContentReplaceBehavior [ RunTime:0.000951s ]
INFO: [ template_filter ] --END-- [ RunTime:0.001052s ]
INFO: Run Behavior\ParseTemplateBehavior [ RunTime:0.049280s ]
INFO: [ view_parse ] --END-- [ RunTime:0.049386s ]
INFO: [ view_filter ] --START--
INFO: Run Behavior\WriteHtmlCacheBehavior [ RunTime:0.001210s ]
INFO: Run Behavior\TokenBuildBehavior [ RunTime:0.007264s ]
INFO: [ view_filter ] --END-- [ RunTime:0.008690s ]
INFO: [ app_end ] --START--
INFO: Run Behavior\ShowPageTraceBehavior [ RunTime:0.002248s ]
INFO: [ app_end ] --END-- [ RunTime:0.002418s ]

[ 2016-08-21T20:31:52+08:00 ] ::1 /personal/mysystem/Sadmin/Function/index.html
INFO: [ app_init ] --START--
INFO: Run Behavior\BuildLiteBehavior [ RunTime:0.000029s ]
INFO: [ app_init ] --END-- [ RunTime:0.000693s ]
INFO: [ app_begin ] --START--
INFO: Run Behavior\ReadHtmlCacheBehavior [ RunTime:0.001199s ]
INFO: [ app_begin ] --END-- [ RunTime:0.001312s ]
NOTIC: [8192] mysql_connect(): The mysql extension is deprecated and will be removed in the future: use mysqli or PDO instead E:\document\localsite\php\personal\mysystem\ThinkPHP\Library\Think\Session\Driver\Db.class.php 第 95 行.
SQL: SHOW COLUMNS FROM `kl_functions` [ RunTime:0.0053s ]
SQL: SELECT COUNT(*) AS tp_count FROM `kl_functions` WHERE ( status = 0 and pid = 0 ) LIMIT 1   [ RunTime:0.0006s ]
SQL: SELECT * FROM `kl_functions` WHERE ( status = 0 and pid = 0 ) LIMIT 0,10   [ RunTime:0.0007s ]
INFO: [ view_parse ] --START--
INFO: [ template_filter ] --START--
INFO: Run Behavior\ContentReplaceBehavior [ RunTime:0.001013s ]
INFO: [ template_filter ] --END-- [ RunTime:0.001160s ]
INFO: Run Behavior\ParseTemplateBehavior [ RunTime:0.045245s ]
INFO: [ view_parse ] --END-- [ RunTime:0.045339s ]
INFO: [ view_filter ] --START--
INFO: Run Behavior\WriteHtmlCacheBehavior [ RunTime:0.000793s ]
INFO: Run Behavior\TokenBuildBehavior [ RunTime:0.006167s ]
INFO: [ view_filter ] --END-- [ RunTime:0.007216s ]
INFO: [ app_end ] --START--
INFO: Run Behavior\ShowPageTraceBehavior [ RunTime:0.001673s ]
INFO: [ app_end ] --END-- [ RunTime:0.001829s ]

[ 2016-08-21T20:34:05+08:00 ] ::1 /personal/mysystem/Sadmin/Function/index.html
INFO: [ app_init ] --START--
INFO: Run Behavior\BuildLiteBehavior [ RunTime:0.000021s ]
INFO: [ app_init ] --END-- [ RunTime:0.000824s ]
INFO: [ app_begin ] --START--
INFO: Run Behavior\ReadHtmlCacheBehavior [ RunTime:0.001179s ]
INFO: [ app_begin ] --END-- [ RunTime:0.001246s ]
NOTIC: [8192] mysql_connect(): The mysql extension is deprecated and will be removed in the future: use mysqli or PDO instead E:\document\localsite\php\personal\mysystem\ThinkPHP\Library\Think\Session\Driver\Db.class.php 第 95 行.
SQL: SHOW COLUMNS FROM `kl_functions` [ RunTime:0.0105s ]
SQL: SELECT COUNT(*) AS tp_count FROM `kl_functions` WHERE ( status = 0 and pid = 0 ) LIMIT 1   [ RunTime:0.0006s ]
SQL: SELECT * FROM `kl_functions` WHERE ( status = 0 and pid = 0 ) LIMIT 0,10   [ RunTime:0.0008s ]
INFO: [ view_parse ] --START--
INFO: [ template_filter ] --START--
INFO: Run Behavior\ContentReplaceBehavior [ RunTime:0.000985s ]
INFO: [ template_filter ] --END-- [ RunTime:0.001081s ]
INFO: Run Behavior\ParseTemplateBehavior [ RunTime:0.044676s ]
INFO: [ view_parse ] --END-- [ RunTime:0.044797s ]
INFO: [ view_filter ] --START--
INFO: Run Behavior\WriteHtmlCacheBehavior [ RunTime:0.000971s ]
INFO: Run Behavior\TokenBuildBehavior [ RunTime:0.006772s ]
INFO: [ view_filter ] --END-- [ RunTime:0.007907s ]
INFO: [ app_end ] --START--
INFO: Run Behavior\ShowPageTraceBehavior [ RunTime:0.003476s ]
INFO: [ app_end ] --END-- [ RunTime:0.003675s ]

[ 2016-08-21T20:35:12+08:00 ] ::1 /personal/mysystem/Sadmin/Function/index.html
INFO: [ app_init ] --START--
INFO: Run Behavior\BuildLiteBehavior [ RunTime:0.000028s ]
INFO: [ app_init ] --END-- [ RunTime:0.001134s ]
INFO: [ app_begin ] --START--
INFO: Run Behavior\ReadHtmlCacheBehavior [ RunTime:0.001364s ]
INFO: [ app_begin ] --END-- [ RunTime:0.001486s ]
NOTIC: [8192] mysql_connect(): The mysql extension is deprecated and will be removed in the future: use mysqli or PDO instead E:\document\localsite\php\personal\mysystem\ThinkPHP\Library\Think\Session\Driver\Db.class.php 第 95 行.
SQL: SHOW COLUMNS FROM `kl_functions` [ RunTime:0.0126s ]
SQL: SELECT COUNT(*) AS tp_count FROM `kl_functions` WHERE ( status = 0 and pid = 0 ) LIMIT 1   [ RunTime:0.0007s ]
SQL: SELECT * FROM `kl_functions` WHERE ( status = 0 and pid = 0 ) LIMIT 0,10   [ RunTime:0.0008s ]
INFO: [ view_parse ] --START--
INFO: [ template_filter ] --START--
INFO: Run Behavior\ContentReplaceBehavior [ RunTime:0.000973s ]
INFO: [ template_filter ] --END-- [ RunTime:0.001075s ]
INFO: Run Behavior\ParseTemplateBehavior [ RunTime:0.049025s ]
INFO: [ view_parse ] --END-- [ RunTime:0.049124s ]
INFO: [ view_filter ] --START--
INFO: Run Behavior\WriteHtmlCacheBehavior [ RunTime:0.000998s ]
INFO: Run Behavior\TokenBuildBehavior [ RunTime:0.007455s ]
INFO: [ view_filter ] --END-- [ RunTime:0.008628s ]
INFO: [ app_end ] --START--
INFO: Run Behavior\ShowPageTraceBehavior [ RunTime:0.001534s ]
INFO: [ app_end ] --END-- [ RunTime:0.001677s ]

[ 2016-08-21T20:35:24+08:00 ] ::1 /personal/mysystem/Sadmin/Function/index.html
INFO: [ app_init ] --START--
INFO: Run Behavior\BuildLiteBehavior [ RunTime:0.000022s ]
INFO: [ app_init ] --END-- [ RunTime:0.000745s ]
INFO: [ app_begin ] --START--
INFO: Run Behavior\ReadHtmlCacheBehavior [ RunTime:0.001610s ]
INFO: [ app_begin ] --END-- [ RunTime:0.001717s ]
NOTIC: [8192] mysql_connect(): The mysql extension is deprecated and will be removed in the future: use mysqli or PDO instead E:\document\localsite\php\personal\mysystem\ThinkPHP\Library\Think\Session\Driver\Db.class.php 第 95 行.
SQL: SHOW COLUMNS FROM `kl_functions` [ RunTime:0.0115s ]
SQL: SELECT COUNT(*) AS tp_count FROM `kl_functions` WHERE ( status = 0 and pid = 0 ) LIMIT 1   [ RunTime:0.0007s ]
SQL: SELECT * FROM `kl_functions` WHERE ( status = 0 and pid = 0 ) LIMIT 0,10   [ RunTime:0.0008s ]
INFO: [ view_parse ] --START--
INFO: [ template_filter ] --START--
INFO: Run Behavior\ContentReplaceBehavior [ RunTime:0.001031s ]
INFO: [ template_filter ] --END-- [ RunTime:0.001127s ]
INFO: Run Behavior\ParseTemplateBehavior [ RunTime:0.041935s ]
INFO: [ view_parse ] --END-- [ RunTime:0.042014s ]
INFO: [ view_filter ] --START--
INFO: Run Behavior\WriteHtmlCacheBehavior [ RunTime:0.000852s ]
INFO: Run Behavior\TokenBuildBehavior [ RunTime:0.005622s ]
INFO: [ view_filter ] --END-- [ RunTime:0.006637s ]
INFO: [ app_end ] --START--
INFO: Run Behavior\ShowPageTraceBehavior [ RunTime:0.001417s ]
INFO: [ app_end ] --END-- [ RunTime:0.001515s ]

[ 2016-08-21T20:35:51+08:00 ] ::1 /personal/mysystem/Sadmin/Function/index.html
INFO: [ app_init ] --START--
INFO: Run Behavior\BuildLiteBehavior [ RunTime:0.000022s ]
INFO: [ app_init ] --END-- [ RunTime:0.000719s ]
INFO: [ app_begin ] --START--
INFO: Run Behavior\ReadHtmlCacheBehavior [ RunTime:0.001088s ]
INFO: [ app_begin ] --END-- [ RunTime:0.001174s ]
NOTIC: [8192] mysql_connect(): The mysql extension is deprecated and will be removed in the future: use mysqli or PDO instead E:\document\localsite\php\personal\mysystem\ThinkPHP\Library\Think\Session\Driver\Db.class.php 第 95 行.
SQL: SHOW COLUMNS FROM `kl_functions` [ RunTime:0.0069s ]
SQL: SELECT COUNT(*) AS tp_count FROM `kl_functions` WHERE ( status = 0 and pid = 0 ) LIMIT 1   [ RunTime:0.0005s ]
SQL: SELECT * FROM `kl_functions` WHERE ( status = 0 and pid = 0 ) LIMIT 0,10   [ RunTime:0.0006s ]
INFO: [ view_parse ] --START--
INFO: [ template_filter ] --START--
INFO: Run Behavior\ContentReplaceBehavior [ RunTime:0.001053s ]
INFO: [ template_filter ] --END-- [ RunTime:0.001146s ]
INFO: Run Behavior\ParseTemplateBehavior [ RunTime:0.043347s ]
INFO: [ view_parse ] --END-- [ RunTime:0.043436s ]
INFO: [ view_filter ] --START--
INFO: Run Behavior\WriteHtmlCacheBehavior [ RunTime:0.000902s ]
INFO: Run Behavior\TokenBuildBehavior [ RunTime:0.005299s ]
INFO: [ view_filter ] --END-- [ RunTime:0.006294s ]
INFO: [ app_end ] --START--
INFO: Run Behavior\ShowPageTraceBehavior [ RunTime:0.001983s ]
INFO: [ app_end ] --END-- [ RunTime:0.002125s ]

[ 2016-08-21T20:36:48+08:00 ] ::1 /personal/mysystem/Sadmin/Function/index.html
INFO: [ app_init ] --START--
INFO: Run Behavior\BuildLiteBehavior [ RunTime:0.000026s ]
INFO: [ app_init ] --END-- [ RunTime:0.000901s ]
INFO: [ app_begin ] --START--
INFO: Run Behavior\ReadHtmlCacheBehavior [ RunTime:0.001134s ]
INFO: [ app_begin ] --END-- [ RunTime:0.001216s ]
NOTIC: [8192] mysql_connect(): The mysql extension is deprecated and will be removed in the future: use mysqli or PDO instead E:\document\localsite\php\personal\mysystem\ThinkPHP\Library\Think\Session\Driver\Db.class.php 第 95 行.
SQL: SHOW COLUMNS FROM `kl_functions` [ RunTime:0.0101s ]
SQL: SELECT COUNT(*) AS tp_count FROM `kl_functions` WHERE ( status = 0 and pid = 0 ) LIMIT 1   [ RunTime:0.0007s ]
SQL: SELECT * FROM `kl_functions` WHERE ( status = 0 and pid = 0 ) LIMIT 0,10   [ RunTime:0.0007s ]
INFO: [ view_parse ] --START--
INFO: [ template_filter ] --START--
INFO: Run Behavior\ContentReplaceBehavior [ RunTime:0.000948s ]
INFO: [ template_filter ] --END-- [ RunTime:0.001039s ]
INFO: Run Behavior\ParseTemplateBehavior [ RunTime:0.041972s ]
INFO: [ view_parse ] --END-- [ RunTime:0.042064s ]
INFO: [ view_filter ] --START--
INFO: Run Behavior\WriteHtmlCacheBehavior [ RunTime:0.000832s ]
INFO: Run Behavior\TokenBuildBehavior [ RunTime:0.005174s ]
INFO: [ view_filter ] --END-- [ RunTime:0.006101s ]
INFO: [ app_end ] --START--
INFO: Run Behavior\ShowPageTraceBehavior [ RunTime:0.001497s ]
INFO: [ app_end ] --END-- [ RunTime:0.001596s ]

[ 2016-08-21T20:37:00+08:00 ] ::1 /personal/mysystem/Sadmin/Function/index.html
INFO: [ app_init ] --START--
INFO: Run Behavior\BuildLiteBehavior [ RunTime:0.000021s ]
INFO: [ app_init ] --END-- [ RunTime:0.000653s ]
INFO: [ app_begin ] --START--
INFO: Run Behavior\ReadHtmlCacheBehavior [ RunTime:0.001436s ]
INFO: [ app_begin ] --END-- [ RunTime:0.001567s ]
NOTIC: [8192] mysql_connect(): The mysql extension is deprecated and will be removed in the future: use mysqli or PDO instead E:\document\localsite\php\personal\mysystem\ThinkPHP\Library\Think\Session\Driver\Db.class.php 第 95 行.
SQL: SHOW COLUMNS FROM `kl_functions` [ RunTime:0.0065s ]
SQL: SELECT COUNT(*) AS tp_count FROM `kl_functions` WHERE ( status = 0 and pid = 0 ) LIMIT 1   [ RunTime:0.0006s ]
SQL: SELECT * FROM `kl_functions` WHERE ( status = 0 and pid = 0 ) LIMIT 0,10   [ RunTime:0.0007s ]
INFO: [ view_parse ] --START--
INFO: [ template_filter ] --START--
INFO: Run Behavior\ContentReplaceBehavior [ RunTime:0.001070s ]
INFO: [ template_filter ] --END-- [ RunTime:0.001171s ]
INFO: Run Behavior\ParseTemplateBehavior [ RunTime:0.044687s ]
INFO: [ view_parse ] --END-- [ RunTime:0.044768s ]
INFO: [ view_filter ] --START--
INFO: Run Behavior\WriteHtmlCacheBehavior [ RunTime:0.001171s ]
INFO: Run Behavior\TokenBuildBehavior [ RunTime:0.005781s ]
INFO: [ view_filter ] --END-- [ RunTime:0.007090s ]
INFO: [ app_end ] --START--
INFO: Run Behavior\ShowPageTraceBehavior [ RunTime:0.001362s ]
INFO: [ app_end ] --END-- [ RunTime:0.001489s ]

[ 2016-08-21T20:37:24+08:00 ] ::1 /personal/mysystem/Sadmin/Function/index.html
INFO: [ app_init ] --START--
INFO: Run Behavior\BuildLiteBehavior [ RunTime:0.000036s ]
INFO: [ app_init ] --END-- [ RunTime:0.001070s ]
INFO: [ app_begin ] --START--
INFO: Run Behavior\ReadHtmlCacheBehavior [ RunTime:0.001070s ]
INFO: [ app_begin ] --END-- [ RunTime:0.001136s ]
NOTIC: [8192] mysql_connect(): The mysql extension is deprecated and will be removed in the future: use mysqli or PDO instead E:\document\localsite\php\personal\mysystem\ThinkPHP\Library\Think\Session\Driver\Db.class.php 第 95 行.
SQL: SHOW COLUMNS FROM `kl_functions` [ RunTime:0.0119s ]
SQL: SELECT COUNT(*) AS tp_count FROM `kl_functions` WHERE ( status = 0 and pid = 0 ) LIMIT 1   [ RunTime:0.0005s ]
SQL: SELECT * FROM `kl_functions` WHERE ( status = 0 and pid = 0 ) LIMIT 0,10   [ RunTime:0.0006s ]
INFO: [ view_parse ] --START--
INFO: [ template_filter ] --START--
INFO: Run Behavior\ContentReplaceBehavior [ RunTime:0.000937s ]
INFO: [ template_filter ] --END-- [ RunTime:0.001034s ]
INFO: Run Behavior\ParseTemplateBehavior [ RunTime:0.042845s ]
INFO: [ view_parse ] --END-- [ RunTime:0.042926s ]
INFO: [ view_filter ] --START--
INFO: Run Behavior\WriteHtmlCacheBehavior [ RunTime:0.000817s ]
INFO: Run Behavior\TokenBuildBehavior [ RunTime:0.005804s ]
INFO: [ view_filter ] --END-- [ RunTime:0.006717s ]
INFO: [ app_end ] --START--
INFO: Run Behavior\ShowPageTraceBehavior [ RunTime:0.001697s ]
INFO: [ app_end ] --END-- [ RunTime:0.001791s ]

[ 2016-08-21T20:42:56+08:00 ] ::1 /personal/mysystem/Sadmin/Function/index.html
INFO: [ app_init ] --START--
INFO: Run Behavior\BuildLiteBehavior [ RunTime:0.000020s ]
INFO: [ app_init ] --END-- [ RunTime:0.000790s ]
INFO: [ app_begin ] --START--
INFO: Run Behavior\ReadHtmlCacheBehavior [ RunTime:0.001338s ]
INFO: [ app_begin ] --END-- [ RunTime:0.001523s ]
NOTIC: [8192] mysql_connect(): The mysql extension is deprecated and will be removed in the future: use mysqli or PDO instead E:\document\localsite\php\personal\mysystem\ThinkPHP\Library\Think\Session\Driver\Db.class.php 第 95 行.
SQL: SHOW COLUMNS FROM `kl_functions` [ RunTime:0.0089s ]
SQL: SELECT COUNT(*) AS tp_count FROM `kl_functions` WHERE ( status = 0 and pid = 0 ) LIMIT 1   [ RunTime:0.0005s ]
SQL: SELECT * FROM `kl_functions` WHERE ( status = 0 and pid = 0 ) LIMIT 0,10   [ RunTime:0.0009s ]
INFO: [ view_parse ] --START--
INFO: [ template_filter ] --START--
INFO: Run Behavior\ContentReplaceBehavior [ RunTime:0.000985s ]
INFO: [ template_filter ] --END-- [ RunTime:0.001076s ]
INFO: Run Behavior\ParseTemplateBehavior [ RunTime:0.043327s ]
INFO: [ view_parse ] --END-- [ RunTime:0.043407s ]
INFO: [ view_filter ] --START--
INFO: Run Behavior\WriteHtmlCacheBehavior [ RunTime:0.001155s ]
INFO: Run Behavior\TokenBuildBehavior [ RunTime:0.005979s ]
INFO: [ view_filter ] --END-- [ RunTime:0.007255s ]
INFO: [ app_end ] --START--
INFO: Run Behavior\ShowPageTraceBehavior [ RunTime:0.001435s ]
INFO: [ app_end ] --END-- [ RunTime:0.001526s ]

[ 2016-08-21T20:43:11+08:00 ] ::1 /personal/mysystem/Sadmin/Function/index.html
INFO: [ app_init ] --START--
INFO: Run Behavior\BuildLiteBehavior [ RunTime:0.000020s ]
INFO: [ app_init ] --END-- [ RunTime:0.000785s ]
INFO: [ app_begin ] --START--
INFO: Run Behavior\ReadHtmlCacheBehavior [ RunTime:0.001149s ]
INFO: [ app_begin ] --END-- [ RunTime:0.001222s ]
NOTIC: [8192] mysql_connect(): The mysql extension is deprecated and will be removed in the future: use mysqli or PDO instead E:\document\localsite\php\personal\mysystem\ThinkPHP\Library\Think\Session\Driver\Db.class.php 第 95 行.
SQL: SHOW COLUMNS FROM `kl_functions` [ RunTime:0.0070s ]
SQL: SELECT COUNT(*) AS tp_count FROM `kl_functions` WHERE ( status = 0 and pid = 0 ) LIMIT 1   [ RunTime:0.0009s ]
SQL: SELECT * FROM `kl_functions` WHERE ( status = 0 and pid = 0 ) LIMIT 0,10   [ RunTime:0.0007s ]
INFO: [ view_parse ] --START--
INFO: [ template_filter ] --START--
INFO: Run Behavior\ContentReplaceBehavior [ RunTime:0.000912s ]
INFO: [ template_filter ] --END-- [ RunTime:0.001000s ]
INFO: Run Behavior\ParseTemplateBehavior [ RunTime:0.042212s ]
INFO: [ view_parse ] --END-- [ RunTime:0.042302s ]
INFO: [ view_filter ] --START--
INFO: Run Behavior\WriteHtmlCacheBehavior [ RunTime:0.000834s ]
INFO: Run Behavior\TokenBuildBehavior [ RunTime:0.005516s ]
INFO: [ view_filter ] --END-- [ RunTime:0.006491s ]
INFO: [ app_end ] --START--
INFO: Run Behavior\ShowPageTraceBehavior [ RunTime:0.001562s ]
INFO: [ app_end ] --END-- [ RunTime:0.001648s ]

[ 2016-08-21T20:43:27+08:00 ] ::1 /personal/mysystem/Sadmin/User/index.html
INFO: [ app_init ] --START--
INFO: Run Behavior\BuildLiteBehavior [ RunTime:0.000023s ]
INFO: [ app_init ] --END-- [ RunTime:0.000941s ]
INFO: [ app_begin ] --START--
INFO: Run Behavior\ReadHtmlCacheBehavior [ RunTime:0.001513s ]
INFO: [ app_begin ] --END-- [ RunTime:0.001681s ]
NOTIC: [8192] mysql_connect(): The mysql extension is deprecated and will be removed in the future: use mysqli or PDO instead E:\document\localsite\php\personal\mysystem\ThinkPHP\Library\Think\Session\Driver\Db.class.php 第 95 行.
SQL: SHOW COLUMNS FROM `kl_sys_admin` [ RunTime:0.0098s ]
SQL: SELECT COUNT(*) AS tp_count FROM `kl_sys_admin` WHERE ( status != 2 ) LIMIT 1   [ RunTime:0.0006s ]
SQL: SELECT * FROM `kl_sys_admin` WHERE ( status != 2 ) LIMIT 0,10   [ RunTime:0.0007s ]
INFO: [ view_parse ] --START--
INFO: [ template_filter ] --START--
INFO: Run Behavior\ContentReplaceBehavior [ RunTime:0.001101s ]
INFO: [ template_filter ] --END-- [ RunTime:0.001191s ]
INFO: Run Behavior\ParseTemplateBehavior [ RunTime:0.047209s ]
INFO: [ view_parse ] --END-- [ RunTime:0.047291s ]
INFO: [ view_filter ] --START--
INFO: Run Behavior\WriteHtmlCacheBehavior [ RunTime:0.000845s ]
INFO: Run Behavior\TokenBuildBehavior [ RunTime:0.006542s ]
INFO: [ view_filter ] --END-- [ RunTime:0.007583s ]
INFO: [ app_end ] --START--
INFO: Run Behavior\ShowPageTraceBehavior [ RunTime:0.001530s ]
INFO: [ app_end ] --END-- [ RunTime:0.001663s ]

[ 2016-08-21T20:43:28+08:00 ] ::1 /personal/mysystem/Sadmin/User/favicon.ico
INFO: [ app_init ] --START--
INFO: Run Behavior\BuildLiteBehavior [ RunTime:0.000039s ]
INFO: [ app_init ] --END-- [ RunTime:0.001196s ]

[ 2016-08-21T20:43:34+08:00 ] ::1 /personal/mysystem/Sadmin/Function/index.html
INFO: [ app_init ] --START--
INFO: Run Behavior\BuildLiteBehavior [ RunTime:0.000021s ]
INFO: [ app_init ] --END-- [ RunTime:0.000639s ]
INFO: [ app_begin ] --START--
INFO: Run Behavior\ReadHtmlCacheBehavior [ RunTime:0.001500s ]
INFO: [ app_begin ] --END-- [ RunTime:0.001620s ]
NOTIC: [8192] mysql_connect(): The mysql extension is deprecated and will be removed in the future: use mysqli or PDO instead E:\document\localsite\php\personal\mysystem\ThinkPHP\Library\Think\Session\Driver\Db.class.php 第 95 行.
SQL: SHOW COLUMNS FROM `kl_functions` [ RunTime:0.0067s ]
SQL: SELECT COUNT(*) AS tp_count FROM `kl_functions` WHERE ( status = 0 and pid = 0 ) LIMIT 1   [ RunTime:0.0005s ]
SQL: SELECT * FROM `kl_functions` WHERE ( status = 0 and pid = 0 ) LIMIT 0,10   [ RunTime:0.0008s ]
INFO: [ view_parse ] --START--
INFO: [ template_filter ] --START--
INFO: Run Behavior\ContentReplaceBehavior [ RunTime:0.000918s ]
INFO: [ template_filter ] --END-- [ RunTime:0.001008s ]
INFO: Run Behavior\ParseTemplateBehavior [ RunTime:0.042185s ]
INFO: [ view_parse ] --END-- [ RunTime:0.042267s ]
INFO: [ view_filter ] --START--
INFO: Run Behavior\WriteHtmlCacheBehavior [ RunTime:0.001072s ]
INFO: Run Behavior\TokenBuildBehavior [ RunTime:0.005758s ]
INFO: [ view_filter ] --END-- [ RunTime:0.006978s ]
INFO: [ app_end ] --START--
INFO: Run Behavior\ShowPageTraceBehavior [ RunTime:0.004000s ]
INFO: [ app_end ] --END-- [ RunTime:0.004140s ]

[ 2016-08-21T20:43:35+08:00 ] ::1 /personal/mysystem/Sadmin/Index/index.html
INFO: [ app_init ] --START--
INFO: Run Behavior\BuildLiteBehavior [ RunTime:0.000020s ]
INFO: [ app_init ] --END-- [ RunTime:0.000698s ]
INFO: [ app_begin ] --START--
INFO: Run Behavior\ReadHtmlCacheBehavior [ RunTime:0.000970s ]
INFO: [ app_begin ] --END-- [ RunTime:0.001042s ]
NOTIC: [8192] mysql_connect(): The mysql extension is deprecated and will be removed in the future: use mysqli or PDO instead E:\document\localsite\php\personal\mysystem\ThinkPHP\Library\Think\Session\Driver\Db.class.php 第 95 行.
INFO: [ view_parse ] --START--
INFO: [ template_filter ] --START--
INFO: Run Behavior\ContentReplaceBehavior [ RunTime:0.000874s ]
INFO: [ template_filter ] --END-- [ RunTime:0.000964s ]
INFO: Run Behavior\ParseTemplateBehavior [ RunTime:0.034768s ]
INFO: [ view_parse ] --END-- [ RunTime:0.034854s ]
INFO: [ view_filter ] --START--
INFO: Run Behavior\WriteHtmlCacheBehavior [ RunTime:0.000908s ]
INFO: Run Behavior\TokenBuildBehavior [ RunTime:0.004832s ]
INFO: [ view_filter ] --END-- [ RunTime:0.005850s ]
INFO: [ app_end ] --START--
INFO: Run Behavior\ShowPageTraceBehavior [ RunTime:0.001619s ]
INFO: [ app_end ] --END-- [ RunTime:0.001732s ]

[ 2016-08-21T20:43:37+08:00 ] ::1 /personal/mysystem/Sadmin/Function/index.html
INFO: [ app_init ] --START--
INFO: Run Behavior\BuildLiteBehavior [ RunTime:0.000020s ]
INFO: [ app_init ] --END-- [ RunTime:0.000880s ]
INFO: [ app_begin ] --START--
INFO: Run Behavior\ReadHtmlCacheBehavior [ RunTime:0.001565s ]
INFO: [ app_begin ] --END-- [ RunTime:0.001690s ]
NOTIC: [8192] mysql_connect(): The mysql extension is deprecated and will be removed in the future: use mysqli or PDO instead E:\document\localsite\php\personal\mysystem\ThinkPHP\Library\Think\Session\Driver\Db.class.php 第 95 行.
SQL: SHOW COLUMNS FROM `kl_functions` [ RunTime:0.0546s ]
SQL: SELECT COUNT(*) AS tp_count FROM `kl_functions` WHERE ( status = 0 and pid = 0 ) LIMIT 1   [ RunTime:0.0007s ]
SQL: SELECT * FROM `kl_functions` WHERE ( status = 0 and pid = 0 ) LIMIT 0,10   [ RunTime:0.0008s ]
INFO: [ view_parse ] --START--
INFO: [ template_filter ] --START--
INFO: Run Behavior\ContentReplaceBehavior [ RunTime:0.001121s ]
INFO: [ template_filter ] --END-- [ RunTime:0.001246s ]
INFO: Run Behavior\ParseTemplateBehavior [ RunTime:0.043594s ]
INFO: [ view_parse ] --END-- [ RunTime:0.043682s ]
INFO: [ view_filter ] --START--
INFO: Run Behavior\WriteHtmlCacheBehavior [ RunTime:0.001008s ]
INFO: Run Behavior\TokenBuildBehavior [ RunTime:0.006015s ]
INFO: [ view_filter ] --END-- [ RunTime:0.007157s ]
INFO: [ app_end ] --START--
INFO: Run Behavior\ShowPageTraceBehavior [ RunTime:0.001318s ]
INFO: [ app_end ] --END-- [ RunTime:0.001402s ]

[ 2016-08-21T20:43:56+08:00 ] ::1 /personal/mysystem/Sadmin/Index/index.html
INFO: [ app_init ] --START--
INFO: Run Behavior\BuildLiteBehavior [ RunTime:0.000024s ]
INFO: [ app_init ] --END-- [ RunTime:0.000862s ]
INFO: [ app_begin ] --START--
INFO: Run Behavior\ReadHtmlCacheBehavior [ RunTime:0.001452s ]
INFO: [ app_begin ] --END-- [ RunTime:0.001570s ]
NOTIC: [8192] mysql_connect(): The mysql extension is deprecated and will be removed in the future: use mysqli or PDO instead E:\document\localsite\php\personal\mysystem\ThinkPHP\Library\Think\Session\Driver\Db.class.php 第 95 行.
INFO: [ view_parse ] --START--
INFO: [ template_filter ] --START--
INFO: Run Behavior\ContentReplaceBehavior [ RunTime:0.001158s ]
INFO: [ template_filter ] --END-- [ RunTime:0.001321s ]
INFO: Run Behavior\ParseTemplateBehavior [ RunTime:0.037971s ]
INFO: [ view_parse ] --END-- [ RunTime:0.038146s ]
INFO: [ view_filter ] --START--
INFO: Run Behavior\WriteHtmlCacheBehavior [ RunTime:0.001044s ]
INFO: Run Behavior\TokenBuildBehavior [ RunTime:0.005218s ]
INFO: [ view_filter ] --END-- [ RunTime:0.006394s ]
INFO: [ app_end ] --START--
INFO: Run Behavior\ShowPageTraceBehavior [ RunTime:0.001546s ]
INFO: [ app_end ] --END-- [ RunTime:0.001679s ]

[ 2016-08-21T20:43:58+08:00 ] ::1 /personal/mysystem/Sadmin/User/index.html
INFO: [ app_init ] --START--
INFO: Run Behavior\BuildLiteBehavior [ RunTime:0.000020s ]
INFO: [ app_init ] --END-- [ RunTime:0.000727s ]
INFO: [ app_begin ] --START--
INFO: Run Behavior\ReadHtmlCacheBehavior [ RunTime:0.001648s ]
INFO: [ app_begin ] --END-- [ RunTime:0.001778s ]
NOTIC: [8192] mysql_connect(): The mysql extension is deprecated and will be removed in the future: use mysqli or PDO instead E:\document\localsite\php\personal\mysystem\ThinkPHP\Library\Think\Session\Driver\Db.class.php 第 95 行.
SQL: SHOW COLUMNS FROM `kl_sys_admin` [ RunTime:0.0076s ]
SQL: SELECT COUNT(*) AS tp_count FROM `kl_sys_admin` WHERE ( status != 2 ) LIMIT 1   [ RunTime:0.0006s ]
SQL: SELECT * FROM `kl_sys_admin` WHERE ( status != 2 ) LIMIT 0,10   [ RunTime:0.0009s ]
INFO: [ view_parse ] --START--
INFO: [ template_filter ] --START--
INFO: Run Behavior\ContentReplaceBehavior [ RunTime:0.001595s ]
INFO: [ template_filter ] --END-- [ RunTime:0.001763s ]
INFO: Run Behavior\ParseTemplateBehavior [ RunTime:0.049768s ]
INFO: [ view_parse ] --END-- [ RunTime:0.049873s ]
INFO: [ view_filter ] --START--
INFO: Run Behavior\WriteHtmlCacheBehavior [ RunTime:0.001064s ]
INFO: Run Behavior\TokenBuildBehavior [ RunTime:0.006514s ]
INFO: [ view_filter ] --END-- [ RunTime:0.007724s ]
INFO: [ app_end ] --START--
INFO: Run Behavior\ShowPageTraceBehavior [ RunTime:0.003160s ]
INFO: [ app_end ] --END-- [ RunTime:0.003356s ]

[ 2016-08-21T20:44:01+08:00 ] ::1 /personal/mysystem/Sadmin/User/static/backed/assets/layouts/layout3/css/themes/red-sunglo.min.css
INFO: [ app_init ] --START--
INFO: Run Behavior\BuildLiteBehavior [ RunTime:0.000028s ]
INFO: [ app_init ] --END-- [ RunTime:0.000896s ]
INFO: [ app_begin ] --START--
INFO: Run Behavior\ReadHtmlCacheBehavior [ RunTime:0.001303s ]
INFO: [ app_begin ] --END-- [ RunTime:0.001394s ]
NOTIC: [8192] mysql_connect(): The mysql extension is deprecated and will be removed in the future: use mysqli or PDO instead E:\document\localsite\php\personal\mysystem\ThinkPHP\Library\Think\Session\Driver\Db.class.php 第 95 行.
ERR: 非法操作:static

[ 2016-08-21T20:44:01+08:00 ] ::1 /personal/mysystem/Sadmin/User/static/backed/assets/layouts/layout3/img/logo-red-sunglo.png
INFO: [ app_init ] --START--
INFO: Run Behavior\BuildLiteBehavior [ RunTime:0.000022s ]
INFO: [ app_init ] --END-- [ RunTime:0.000761s ]

[ 2016-08-21T20:44:02+08:00 ] ::1 /personal/mysystem/Sadmin/User/static/backed/assets/layouts/layout3/img/logo-red-intense.png
INFO: [ app_init ] --START--
INFO: Run Behavior\BuildLiteBehavior [ RunTime:0.000019s ]
INFO: [ app_init ] --END-- [ RunTime:0.000605s ]

[ 2016-08-21T20:44:02+08:00 ] ::1 /personal/mysystem/Sadmin/User/static/backed/assets/layouts/layout3/css/themes/red-intense.min.css
INFO: [ app_init ] --START--
INFO: Run Behavior\BuildLiteBehavior [ RunTime:0.000015s ]
INFO: [ app_init ] --END-- [ RunTime:0.000552s ]
INFO: [ app_begin ] --START--
INFO: Run Behavior\ReadHtmlCacheBehavior [ RunTime:0.001355s ]
INFO: [ app_begin ] --END-- [ RunTime:0.001469s ]
NOTIC: [8192] mysql_connect(): The mysql extension is deprecated and will be removed in the future: use mysqli or PDO instead E:\document\localsite\php\personal\mysystem\ThinkPHP\Library\Think\Session\Driver\Db.class.php 第 95 行.
ERR: 非法操作:static

[ 2016-08-21T20:44:03+08:00 ] ::1 /personal/mysystem/Sadmin/User/static/backed/assets/layouts/layout3/img/logo-purple-plum.png
INFO: [ app_init ] --START--
INFO: Run Behavior\BuildLiteBehavior [ RunTime:0.000021s ]
INFO: [ app_init ] --END-- [ RunTime:0.000773s ]

[ 2016-08-21T20:44:03+08:00 ] ::1 /personal/mysystem/Sadmin/User/static/backed/assets/layouts/layout3/css/themes/purple-plum.min.css
INFO: [ app_init ] --START--
INFO: Run Behavior\BuildLiteBehavior [ RunTime:0.000019s ]
INFO: [ app_init ] --END-- [ RunTime:0.000748s ]
INFO: [ app_begin ] --START--
INFO: Run Behavior\ReadHtmlCacheBehavior [ RunTime:0.001031s ]
INFO: [ app_begin ] --END-- [ RunTime:0.001132s ]
NOTIC: [8192] mysql_connect(): The mysql extension is deprecated and will be removed in the future: use mysqli or PDO instead E:\document\localsite\php\personal\mysystem\ThinkPHP\Library\Think\Session\Driver\Db.class.php 第 95 行.
ERR: 非法操作:static

[ 2016-08-21T20:44:04+08:00 ] ::1 /personal/mysystem/Sadmin/User/static/backed/assets/layouts/layout3/css/themes/purple-studio.min.css
INFO: [ app_init ] --START--
INFO: Run Behavior\BuildLiteBehavior [ RunTime:0.000020s ]
INFO: [ app_init ] --END-- [ RunTime:0.000732s ]
INFO: [ app_begin ] --START--
INFO: Run Behavior\ReadHtmlCacheBehavior [ RunTime:0.001303s ]
INFO: [ app_begin ] --END-- [ RunTime:0.001382s ]
NOTIC: [8192] mysql_connect(): The mysql extension is deprecated and will be removed in the future: use mysqli or PDO instead E:\document\localsite\php\personal\mysystem\ThinkPHP\Library\Think\Session\Driver\Db.class.php 第 95 行.
ERR: 非法操作:static

[ 2016-08-21T20:44:04+08:00 ] ::1 /personal/mysystem/Sadmin/User/static/backed/assets/layouts/layout3/img/logo-purple-studio.png
INFO: [ app_init ] --START--
INFO: Run Behavior\BuildLiteBehavior [ RunTime:0.000018s ]
INFO: [ app_init ] --END-- [ RunTime:0.000566s ]

[ 2016-08-21T20:44:04+08:00 ] ::1 /personal/mysystem/Sadmin/User/static/backed/assets/layouts/layout3/img/logo-yellow-crusta.png
INFO: [ app_init ] --START--
INFO: Run Behavior\BuildLiteBehavior [ RunTime:0.000032s ]
INFO: [ app_init ] --END-- [ RunTime:0.000889s ]

[ 2016-08-21T20:44:05+08:00 ] ::1 /personal/mysystem/Sadmin/User/static/backed/assets/layouts/layout3/css/themes/yellow-crusta.min.css
INFO: [ app_init ] --START--
INFO: Run Behavior\BuildLiteBehavior [ RunTime:0.000036s ]
INFO: [ app_init ] --END-- [ RunTime:0.000971s ]
INFO: [ app_begin ] --START--
INFO: Run Behavior\ReadHtmlCacheBehavior [ RunTime:0.001077s ]
INFO: [ app_begin ] --END-- [ RunTime:0.001191s ]
NOTIC: [8192] mysql_connect(): The mysql extension is deprecated and will be removed in the future: use mysqli or PDO instead E:\document\localsite\php\personal\mysystem\ThinkPHP\Library\Think\Session\Driver\Db.class.php 第 95 行.
ERR: 非法操作:static

[ 2016-08-21T20:44:05+08:00 ] ::1 /personal/mysystem/Sadmin/User/static/backed/assets/layouts/layout3/img/logo-yellow-orange.png
INFO: [ app_init ] --START--
INFO: Run Behavior\BuildLiteBehavior [ RunTime:0.000026s ]
INFO: [ app_init ] --END-- [ RunTime:0.000747s ]

[ 2016-08-21T20:44:05+08:00 ] ::1 /personal/mysystem/Sadmin/User/static/backed/assets/layouts/layout3/css/themes/yellow-orange.min.css
INFO: [ app_init ] --START--
INFO: Run Behavior\BuildLiteBehavior [ RunTime:0.000019s ]
INFO: [ app_init ] --END-- [ RunTime:0.000581s ]
INFO: [ app_begin ] --START--
INFO: Run Behavior\ReadHtmlCacheBehavior [ RunTime:0.001729s ]
INFO: [ app_begin ] --END-- [ RunTime:0.001889s ]
NOTIC: [8192] mysql_connect(): The mysql extension is deprecated and will be removed in the future: use mysqli or PDO instead E:\document\localsite\php\personal\mysystem\ThinkPHP\Library\Think\Session\Driver\Db.class.php 第 95 行.
ERR: 非法操作:static

[ 2016-08-21T20:44:05+08:00 ] ::1 /personal/mysystem/Sadmin/User/static/backed/assets/layouts/layout3/img/logo-blue-hoki.png
INFO: [ app_init ] --START--
INFO: Run Behavior\BuildLiteBehavior [ RunTime:0.000020s ]
INFO: [ app_init ] --END-- [ RunTime:0.000588s ]

[ 2016-08-21T20:44:05+08:00 ] ::1 /personal/mysystem/Sadmin/User/static/backed/assets/layouts/layout3/css/themes/blue-hoki.min.css
INFO: [ app_init ] --START--
INFO: Run Behavior\BuildLiteBehavior [ RunTime:0.000018s ]
INFO: [ app_init ] --END-- [ RunTime:0.000735s ]
INFO: [ app_begin ] --START--
INFO: Run Behavior\ReadHtmlCacheBehavior [ RunTime:0.001531s ]
INFO: [ app_begin ] --END-- [ RunTime:0.001755s ]
NOTIC: [8192] mysql_connect(): The mysql extension is deprecated and will be removed in the future: use mysqli or PDO instead E:\document\localsite\php\personal\mysystem\ThinkPHP\Library\Think\Session\Driver\Db.class.php 第 95 行.
ERR: 非法操作:static

[ 2016-08-21T20:44:06+08:00 ] ::1 /personal/mysystem/Sadmin/User/static/backed/assets/layouts/layout3/img/logo-default.png
INFO: [ app_init ] --START--
INFO: Run Behavior\BuildLiteBehavior [ RunTime:0.000021s ]
INFO: [ app_init ] --END-- [ RunTime:0.000625s ]

[ 2016-08-21T20:44:06+08:00 ] ::1 /personal/mysystem/Sadmin/User/static/backed/assets/layouts/layout3/css/themes/default.min.css
INFO: [ app_init ] --START--
INFO: Run Behavior\BuildLiteBehavior [ RunTime:0.000017s ]
INFO: [ app_init ] --END-- [ RunTime:0.000616s ]
INFO: [ app_begin ] --START--
INFO: Run Behavior\ReadHtmlCacheBehavior [ RunTime:0.001505s ]
INFO: [ app_begin ] --END-- [ RunTime:0.001618s ]
NOTIC: [8192] mysql_connect(): The mysql extension is deprecated and will be removed in the future: use mysqli or PDO instead E:\document\localsite\php\personal\mysystem\ThinkPHP\Library\Think\Session\Driver\Db.class.php 第 95 行.
ERR: 非法操作:static

[ 2016-08-21T20:44:30+08:00 ] ::1 /personal/mysystem/Sadmin/User/index.html
INFO: [ app_init ] --START--
INFO: Run Behavior\BuildLiteBehavior [ RunTime:0.000023s ]
INFO: [ app_init ] --END-- [ RunTime:0.000776s ]
INFO: [ app_begin ] --START--
INFO: Run Behavior\ReadHtmlCacheBehavior [ RunTime:0.000994s ]
INFO: [ app_begin ] --END-- [ RunTime:0.001054s ]
NOTIC: [8192] mysql_connect(): The mysql extension is deprecated and will be removed in the future: use mysqli or PDO instead E:\document\localsite\php\personal\mysystem\ThinkPHP\Library\Think\Session\Driver\Db.class.php 第 95 行.
SQL: SHOW COLUMNS FROM `kl_sys_admin` [ RunTime:0.0076s ]
SQL: SELECT COUNT(*) AS tp_count FROM `kl_sys_admin` WHERE ( status != 2 ) LIMIT 1   [ RunTime:0.0005s ]
SQL: SELECT * FROM `kl_sys_admin` WHERE ( status != 2 ) LIMIT 0,10   [ RunTime:0.0007s ]
INFO: [ view_parse ] --START--
INFO: [ template_filter ] --START--
INFO: Run Behavior\ContentReplaceBehavior [ RunTime:0.001111s ]
INFO: [ template_filter ] --END-- [ RunTime:0.001203s ]
INFO: Run Behavior\ParseTemplateBehavior [ RunTime:0.045583s ]
INFO: [ view_parse ] --END-- [ RunTime:0.045716s ]
INFO: [ view_filter ] --START--
INFO: Run Behavior\WriteHtmlCacheBehavior [ RunTime:0.000875s ]
INFO: Run Behavior\TokenBuildBehavior [ RunTime:0.006532s ]
INFO: [ view_filter ] --END-- [ RunTime:0.007542s ]
INFO: [ app_end ] --START--
INFO: Run Behavior\ShowPageTraceBehavior [ RunTime:0.002136s ]
INFO: [ app_end ] --END-- [ RunTime:0.002390s ]

[ 2016-08-21T20:44:41+08:00 ] ::1 /personal/mysystem/Sadmin/User/static/backed/assets/layouts/layout3/img/logo-default.png
INFO: [ app_init ] --START--
INFO: Run Behavior\BuildLiteBehavior [ RunTime:0.000045s ]
INFO: [ app_init ] --END-- [ RunTime:0.001345s ]

[ 2016-08-21T20:44:42+08:00 ] ::1 /personal/mysystem/Sadmin/User/static/backed/assets/layouts/layout3/css/themes/default.min.css
INFO: [ app_init ] --START--
INFO: Run Behavior\BuildLiteBehavior [ RunTime:0.000053s ]
INFO: [ app_init ] --END-- [ RunTime:0.001576s ]
INFO: [ app_begin ] --START--
INFO: Run Behavior\ReadHtmlCacheBehavior [ RunTime:0.003998s ]
INFO: [ app_begin ] --END-- [ RunTime:0.004168s ]
NOTIC: [8192] mysql_connect(): The mysql extension is deprecated and will be removed in the future: use mysqli or PDO instead E:\document\localsite\php\personal\mysystem\ThinkPHP\Library\Think\Session\Driver\Db.class.php 第 95 行.
ERR: 非法操作:static

[ 2016-08-21T20:44:42+08:00 ] ::1 /personal/mysystem/Sadmin/User/static/backed/assets/layouts/layout3/img/logo-default.png
INFO: [ app_init ] --START--
INFO: Run Behavior\BuildLiteBehavior [ RunTime:0.000026s ]
INFO: [ app_init ] --END-- [ RunTime:0.000923s ]

[ 2016-08-21T20:45:03+08:00 ] ::1 /personal/mysystem/Sadmin/User/static/backed/assets/layouts/layout3/img/logo-default.png
INFO: [ app_init ] --START--
INFO: Run Behavior\BuildLiteBehavior [ RunTime:0.000021s ]
INFO: [ app_init ] --END-- [ RunTime:0.000750s ]

[ 2016-08-21T20:45:13+08:00 ] ::1 /personal/mysystem/Sadmin/User/static/backed/assets/layouts/layout3/img/logo-default.png
INFO: [ app_init ] --START--
INFO: Run Behavior\BuildLiteBehavior [ RunTime:0.000039s ]
INFO: [ app_init ] --END-- [ RunTime:0.004851s ]

[ 2016-08-21T20:45:14+08:00 ] ::1 /personal/mysystem/Sadmin/Index/index.html
INFO: [ app_init ] --START--
INFO: Run Behavior\BuildLiteBehavior [ RunTime:0.000021s ]
INFO: [ app_init ] --END-- [ RunTime:0.000890s ]
INFO: [ app_begin ] --START--
INFO: Run Behavior\ReadHtmlCacheBehavior [ RunTime:0.001387s ]
INFO: [ app_begin ] --END-- [ RunTime:0.001496s ]
NOTIC: [8192] mysql_connect(): The mysql extension is deprecated and will be removed in the future: use mysqli or PDO instead E:\document\localsite\php\personal\mysystem\ThinkPHP\Library\Think\Session\Driver\Db.class.php 第 95 行.
INFO: [ view_parse ] --START--
INFO: [ template_filter ] --START--
INFO: Run Behavior\ContentReplaceBehavior [ RunTime:0.001607s ]
INFO: [ template_filter ] --END-- [ RunTime:0.001772s ]
INFO: Run Behavior\ParseTemplateBehavior [ RunTime:0.039989s ]
INFO: [ view_parse ] --END-- [ RunTime:0.040082s ]
INFO: [ view_filter ] --START--
INFO: Run Behavior\WriteHtmlCacheBehavior [ RunTime:0.000908s ]
INFO: Run Behavior\TokenBuildBehavior [ RunTime:0.005468s ]
INFO: [ view_filter ] --END-- [ RunTime:0.006504s ]
INFO: [ app_end ] --START--
INFO: Run Behavior\ShowPageTraceBehavior [ RunTime:0.001586s ]
INFO: [ app_end ] --END-- [ RunTime:0.001689s ]

[ 2016-08-21T20:45:19+08:00 ] ::1 /personal/mysystem/Sadmin/Index/static/backed/assets/layouts/layout3/css/themes/red-sunglo.min.css
INFO: [ app_init ] --START--
INFO: Run Behavior\BuildLiteBehavior [ RunTime:0.000031s ]
INFO: [ app_init ] --END-- [ RunTime:0.001093s ]
INFO: [ app_begin ] --START--
INFO: Run Behavior\ReadHtmlCacheBehavior [ RunTime:0.001048s ]
INFO: [ app_begin ] --END-- [ RunTime:0.001127s ]
NOTIC: [8192] mysql_connect(): The mysql extension is deprecated and will be removed in the future: use mysqli or PDO instead E:\document\localsite\php\personal\mysystem\ThinkPHP\Library\Think\Session\Driver\Db.class.php 第 95 行.
ERR: 非法操作:static

[ 2016-08-21T20:45:19+08:00 ] ::1 /personal/mysystem/Sadmin/Index/static/backed/assets/layouts/layout3/img/logo-red-sunglo.png
INFO: [ app_init ] --START--
INFO: Run Behavior\BuildLiteBehavior [ RunTime:0.000019s ]
INFO: [ app_init ] --END-- [ RunTime:0.000620s ]

[ 2016-08-21T20:45:23+08:00 ] ::1 /personal/mysystem/Sadmin/Index/static/backed/assets/layouts/layout3/img/logo-blue-hoki.png
INFO: [ app_init ] --START--
INFO: Run Behavior\BuildLiteBehavior [ RunTime:0.000022s ]
INFO: [ app_init ] --END-- [ RunTime:0.000645s ]

[ 2016-08-21T20:45:23+08:00 ] ::1 /personal/mysystem/Sadmin/Index/static/backed/assets/layouts/layout3/css/themes/blue-hoki.min.css
INFO: [ app_init ] --START--
INFO: Run Behavior\BuildLiteBehavior [ RunTime:0.000025s ]
INFO: [ app_init ] --END-- [ RunTime:0.000846s ]
INFO: [ app_begin ] --START--
INFO: Run Behavior\ReadHtmlCacheBehavior [ RunTime:0.001477s ]
INFO: [ app_begin ] --END-- [ RunTime:0.001883s ]
NOTIC: [8192] mysql_connect(): The mysql extension is deprecated and will be removed in the future: use mysqli or PDO instead E:\document\localsite\php\personal\mysystem\ThinkPHP\Library\Think\Session\Driver\Db.class.php 第 95 行.
ERR: 非法操作:static

[ 2016-08-21T20:45:25+08:00 ] ::1 /personal/mysystem/Sadmin/Index/static/backed/assets/layouts/layout3/img/logo-green-haze.png
INFO: [ app_init ] --START--
INFO: Run Behavior\BuildLiteBehavior [ RunTime:0.000025s ]
INFO: [ app_init ] --END-- [ RunTime:0.000815s ]

[ 2016-08-21T20:45:25+08:00 ] ::1 /personal/mysystem/Sadmin/Index/static/backed/assets/layouts/layout3/css/themes/green-haze.min.css
INFO: [ app_init ] --START--
INFO: Run Behavior\BuildLiteBehavior [ RunTime:0.000031s ]
INFO: [ app_init ] --END-- [ RunTime:0.000905s ]
INFO: [ app_begin ] --START--
INFO: Run Behavior\ReadHtmlCacheBehavior [ RunTime:0.000985s ]
INFO: [ app_begin ] --END-- [ RunTime:0.001062s ]
NOTIC: [8192] mysql_connect(): The mysql extension is deprecated and will be removed in the future: use mysqli or PDO instead E:\document\localsite\php\personal\mysystem\ThinkPHP\Library\Think\Session\Driver\Db.class.php 第 95 行.
ERR: 非法操作:static

[ 2016-08-21T20:45:27+08:00 ] ::1 /personal/mysystem/Sadmin/Index/static/backed/assets/layouts/layout3/img/logo-blue-hoki.png
INFO: [ app_init ] --START--
INFO: Run Behavior\BuildLiteBehavior [ RunTime:0.000029s ]
INFO: [ app_init ] --END-- [ RunTime:0.000891s ]


[ 2016-08-21T20:45:27+08:00 ] ::1 /personal/mysystem/Sadmin/Index/static/backed/assets/layouts/layout3/img/logo-green-haze.png
INFO: [ app_init ] --START--
INFO: Run Behavior\BuildLiteBehavior [ RunTime:0.000021s ]
INFO: [ app_init ] --END-- [ RunTime:0.000710s ]

[ 2016-08-21T20:46:05+08:00 ] ::1 /personal/mysystem/Sadmin/Index/static/backed/assets/layouts/layout3/img/logo-blue-hoki.png
INFO: [ app_init ] --START--
INFO: Run Behavior\BuildLiteBehavior [ RunTime:0.000021s ]
INFO: [ app_init ] --END-- [ RunTime:0.000822s ]

[ 2016-08-21T20:46:05+08:00 ] ::1 /personal/mysystem/Sadmin/Index/static/backed/assets/layouts/layout3/css/themes/blue-hoki.min.css
INFO: [ app_init ] --START--
INFO: Run Behavior\BuildLiteBehavior [ RunTime:0.000043s ]
INFO: [ app_init ] --END-- [ RunTime:0.000807s ]
INFO: [ app_begin ] --START--
INFO: Run Behavior\ReadHtmlCacheBehavior [ RunTime:0.001520s ]
INFO: [ app_begin ] --END-- [ RunTime:0.001651s ]
NOTIC: [8192] mysql_connect(): The mysql extension is deprecated and will be removed in the future: use mysqli or PDO instead E:\document\localsite\php\personal\mysystem\ThinkPHP\Library\Think\Session\Driver\Db.class.php 第 95 行.
ERR: 非法操作:static

[ 2016-08-21T20:46:05+08:00 ] ::1 /personal/mysystem/Sadmin/Index/static/backed/assets/layouts/layout3/img/logo-blue-hoki.png
INFO: [ app_init ] --START--
INFO: Run Behavior\BuildLiteBehavior [ RunTime:0.000021s ]
INFO: [ app_init ] --END-- [ RunTime:0.000666s ]

[ 2016-08-21T20:48:04+08:00 ] ::1 /personal/mysystem/Sadmin/Index/index.html
INFO: [ app_init ] --START--
INFO: Run Behavior\BuildLiteBehavior [ RunTime:0.000045s ]
INFO: [ app_init ] --END-- [ RunTime:0.001235s ]
INFO: [ app_begin ] --START--
INFO: Run Behavior\ReadHtmlCacheBehavior [ RunTime:0.001187s ]
INFO: [ app_begin ] --END-- [ RunTime:0.001274s ]
NOTIC: [8192] mysql_connect(): The mysql extension is deprecated and will be removed in the future: use mysqli or PDO instead E:\document\localsite\php\personal\mysystem\ThinkPHP\Library\Think\Session\Driver\Db.class.php 第 95 行.
INFO: [ view_parse ] --START--
INFO: [ template_filter ] --START--
INFO: Run Behavior\ContentReplaceBehavior [ RunTime:0.000898s ]
INFO: [ template_filter ] --END-- [ RunTime:0.001009s ]
INFO: Run Behavior\ParseTemplateBehavior [ RunTime:0.048796s ]
INFO: [ view_parse ] --END-- [ RunTime:0.048906s ]
INFO: [ view_filter ] --START--
INFO: Run Behavior\WriteHtmlCacheBehavior [ RunTime:0.000820s ]
INFO: Run Behavior\TokenBuildBehavior [ RunTime:0.004712s ]
INFO: [ view_filter ] --END-- [ RunTime:0.005640s ]
INFO: [ app_end ] --START--
INFO: Run Behavior\ShowPageTraceBehavior [ RunTime:0.007574s ]
INFO: [ app_end ] --END-- [ RunTime:0.007831s ]

[ 2016-08-21T20:48:11+08:00 ] ::1 /personal/mysystem/Sadmin/Index/static/backed/assets/layouts/layout3/img/logo-default.png
INFO: [ app_init ] --START--
INFO: Run Behavior\BuildLiteBehavior [ RunTime:0.000029s ]
INFO: [ app_init ] --END-- [ RunTime:0.000858s ]

[ 2016-08-21T20:48:11+08:00 ] ::1 /personal/mysystem/Sadmin/Index/static/backed/assets/layouts/layout3/css/themes/default.min.css
INFO: [ app_init ] --START--
INFO: Run Behavior\BuildLiteBehavior [ RunTime:0.000029s ]
INFO: [ app_init ] --END-- [ RunTime:0.000836s ]
INFO: [ app_begin ] --START--
INFO: Run Behavior\ReadHtmlCacheBehavior [ RunTime:0.001317s ]
INFO: [ app_begin ] --END-- [ RunTime:0.001439s ]
NOTIC: [8192] mysql_connect(): The mysql extension is deprecated and will be removed in the future: use mysqli or PDO instead E:\document\localsite\php\personal\mysystem\ThinkPHP\Library\Think\Session\Driver\Db.class.php 第 95 行.
ERR: 非法操作:static

[ 2016-08-21T20:48:11+08:00 ] ::1 /personal/mysystem/Sadmin/Index/static/backed/assets/layouts/layout3/img/logo-default.png
INFO: [ app_init ] --START--
INFO: Run Behavior\BuildLiteBehavior [ RunTime:0.000025s ]
INFO: [ app_init ] --END-- [ RunTime:0.000910s ]

[ 2016-08-21T20:49:57+08:00 ] ::1 /personal/mysystem/Sadmin/Index/index.html
INFO: [ app_init ] --START--
INFO: Run Behavior\BuildLiteBehavior [ RunTime:0.000024s ]
INFO: [ app_init ] --END-- [ RunTime:0.000656s ]
INFO: [ app_begin ] --START--
INFO: Run Behavior\ReadHtmlCacheBehavior [ RunTime:0.001061s ]
INFO: [ app_begin ] --END-- [ RunTime:0.001137s ]
NOTIC: [8192] mysql_connect(): The mysql extension is deprecated and will be removed in the future: use mysqli or PDO instead E:\document\localsite\php\personal\mysystem\ThinkPHP\Library\Think\Session\Driver\Db.class.php 第 95 行.
INFO: [ view_parse ] --START--
INFO: [ template_filter ] --START--
INFO: Run Behavior\ContentReplaceBehavior [ RunTime:0.001245s ]
INFO: [ template_filter ] --END-- [ RunTime:0.001437s ]
INFO: Run Behavior\ParseTemplateBehavior [ RunTime:0.037762s ]
INFO: [ view_parse ] --END-- [ RunTime:0.037879s ]
INFO: [ view_filter ] --START--
INFO: Run Behavior\WriteHtmlCacheBehavior [ RunTime:0.000778s ]
INFO: Run Behavior\TokenBuildBehavior [ RunTime:0.004805s ]
INFO: [ view_filter ] --END-- [ RunTime:0.005734s ]
INFO: [ app_end ] --START--
INFO: Run Behavior\ShowPageTraceBehavior [ RunTime:0.001951s ]
INFO: [ app_end ] --END-- [ RunTime:0.002130s ]

[ 2016-08-21T20:51:18+08:00 ] ::1 /personal/mysystem/Sadmin/Index/index.html
INFO: [ app_init ] --START--
INFO: Run Behavior\BuildLiteBehavior [ RunTime:0.000045s ]
INFO: [ app_init ] --END-- [ RunTime:0.001781s ]
INFO: [ app_begin ] --START--
INFO: Run Behavior\ReadHtmlCacheBehavior [ RunTime:0.001905s ]
INFO: [ app_begin ] --END-- [ RunTime:0.002076s ]
NOTIC: [8192] mysql_connect(): The mysql extension is deprecated and will be removed in the future: use mysqli or PDO instead E:\document\localsite\php\personal\mysystem\ThinkPHP\Library\Think\Session\Driver\Db.class.php 第 95 行.
INFO: [ view_parse ] --START--
INFO: [ template_filter ] --START--
INFO: Run Behavior\ContentReplaceBehavior [ RunTime:0.000876s ]
INFO: [ template_filter ] --END-- [ RunTime:0.001011s ]
INFO: Run Behavior\ParseTemplateBehavior [ RunTime:0.036076s ]
INFO: [ view_parse ] --END-- [ RunTime:0.036173s ]
INFO: [ view_filter ] --START--
INFO: Run Behavior\WriteHtmlCacheBehavior [ RunTime:0.000997s ]
INFO: Run Behavior\TokenBuildBehavior [ RunTime:0.004731s ]
INFO: [ view_filter ] --END-- [ RunTime:0.005864s ]
INFO: [ app_end ] --START--
INFO: Run Behavior\ShowPageTraceBehavior [ RunTime:0.001599s ]
INFO: [ app_end ] --END-- [ RunTime:0.001704s ]

[ 2016-08-21T20:51:27+08:00 ] ::1 /personal/mysystem/Sadmin/Index/wstatic/backed/assets/layouts/layout3/img/logo-blue-hoki.png
INFO: [ app_init ] --START--
INFO: Run Behavior\BuildLiteBehavior [ RunTime:0.000044s ]
INFO: [ app_init ] --END-- [ RunTime:0.001015s ]

[ 2016-08-21T20:51:27+08:00 ] ::1 /personal/mysystem/Sadmin/Index/wstatic/backed/assets/layouts/layout3/css/themes/blue-hoki.min.css
INFO: [ app_init ] --START--
INFO: Run Behavior\BuildLiteBehavior [ RunTime:0.000027s ]
INFO: [ app_init ] --END-- [ RunTime:0.000877s ]
INFO: [ app_begin ] --START--
INFO: Run Behavior\ReadHtmlCacheBehavior [ RunTime:0.001855s ]
INFO: [ app_begin ] --END-- [ RunTime:0.002028s ]
NOTIC: [8192] mysql_connect(): The mysql extension is deprecated and will be removed in the future: use mysqli or PDO instead E:\document\localsite\php\personal\mysystem\ThinkPHP\Library\Think\Session\Driver\Db.class.php 第 95 行.
ERR: 非法操作:wstatic

[ 2016-08-21T20:51:27+08:00 ] ::1 /personal/mysystem/Sadmin/Index/wstatic/backed/assets/layouts/layout3/img/logo-blue-hoki.png
INFO: [ app_init ] --START--
INFO: Run Behavior\BuildLiteBehavior [ RunTime:0.000040s ]
INFO: [ app_init ] --END-- [ RunTime:0.000951s ]

[ 2016-08-21T20:52:45+08:00 ] ::1 /personal/mysystem/Sadmin/Index/index.html
INFO: [ app_init ] --START--
INFO: Run Behavior\BuildLiteBehavior [ RunTime:0.000024s ]
INFO: [ app_init ] --END-- [ RunTime:0.000679s ]
INFO: [ app_begin ] --START--
INFO: Run Behavior\ReadHtmlCacheBehavior [ RunTime:0.001139s ]
INFO: [ app_begin ] --END-- [ RunTime:0.001211s ]
NOTIC: [8192] mysql_connect(): The mysql extension is deprecated and will be removed in the future: use mysqli or PDO instead E:\document\localsite\php\personal\mysystem\ThinkPHP\Library\Think\Session\Driver\Db.class.php 第 95 行.
INFO: [ view_parse ] --START--
INFO: [ template_filter ] --START--
INFO: Run Behavior\ContentReplaceBehavior [ RunTime:0.000973s ]
INFO: [ template_filter ] --END-- [ RunTime:0.001093s ]
INFO: Run Behavior\ParseTemplateBehavior [ RunTime:0.038293s ]
INFO: [ view_parse ] --END-- [ RunTime:0.038390s ]
INFO: [ view_filter ] --START--
INFO: Run Behavior\WriteHtmlCacheBehavior [ RunTime:0.000879s ]
INFO: Run Behavior\TokenBuildBehavior [ RunTime:0.004956s ]
INFO: [ view_filter ] --END-- [ RunTime:0.005928s ]
INFO: [ app_end ] --START--
INFO: Run Behavior\ShowPageTraceBehavior [ RunTime:0.002150s ]
INFO: [ app_end ] --END-- [ RunTime:0.002273s ]

[ 2016-08-21T20:53:37+08:00 ] ::1 /personal/mysystem/Sadmin/Index/index.html
INFO: [ app_init ] --START--
INFO: Run Behavior\BuildLiteBehavior [ RunTime:0.000046s ]
INFO: [ app_init ] --END-- [ RunTime:0.001645s ]
INFO: [ app_begin ] --START--
INFO: Run Behavior\ReadHtmlCacheBehavior [ RunTime:0.001938s ]
INFO: [ app_begin ] --END-- [ RunTime:0.002112s ]
NOTIC: [8192] mysql_connect(): The mysql extension is deprecated and will be removed in the future: use mysqli or PDO instead E:\document\localsite\php\personal\mysystem\ThinkPHP\Library\Think\Session\Driver\Db.class.php 第 95 行.
INFO: [ view_parse ] --START--
INFO: [ template_filter ] --START--
INFO: Run Behavior\ContentReplaceBehavior [ RunTime:0.000907s ]
INFO: [ template_filter ] --END-- [ RunTime:0.001012s ]
INFO: Run Behavior\ParseTemplateBehavior [ RunTime:0.040132s ]
INFO: [ view_parse ] --END-- [ RunTime:0.040253s ]
INFO: [ view_filter ] --START--
INFO: Run Behavior\WriteHtmlCacheBehavior [ RunTime:0.000796s ]
INFO: Run Behavior\TokenBuildBehavior [ RunTime:0.004792s ]
INFO: [ view_filter ] --END-- [ RunTime:0.005712s ]
INFO: [ app_end ] --START--
INFO: Run Behavior\ShowPageTraceBehavior [ RunTime:0.004850s ]
INFO: [ app_end ] --END-- [ RunTime:0.005005s ]

[ 2016-08-21T20:54:34+08:00 ] ::1 /personal/mysystem/Sadmin/Index/index.html
INFO: [ app_init ] --START--
INFO: Run Behavior\BuildLiteBehavior [ RunTime:0.000027s ]
INFO: [ app_init ] --END-- [ RunTime:0.000857s ]
INFO: [ app_begin ] --START--
INFO: Run Behavior\ReadHtmlCacheBehavior [ RunTime:0.001351s ]
INFO: [ app_begin ] --END-- [ RunTime:0.001462s ]
NOTIC: [8192] mysql_connect(): The mysql extension is deprecated and will be removed in the future: use mysqli or PDO instead E:\document\localsite\php\personal\mysystem\ThinkPHP\Library\Think\Session\Driver\Db.class.php 第 95 行.
INFO: [ view_parse ] --START--
INFO: [ template_filter ] --START--
INFO: Run Behavior\ContentReplaceBehavior [ RunTime:0.001026s ]
INFO: [ template_filter ] --END-- [ RunTime:0.001113s ]
INFO: Run Behavior\ParseTemplateBehavior [ RunTime:0.036500s ]
INFO: [ view_parse ] --END-- [ RunTime:0.036584s ]
INFO: [ view_filter ] --START--
INFO: Run Behavior\WriteHtmlCacheBehavior [ RunTime:0.000924s ]
INFO: Run Behavior\TokenBuildBehavior [ RunTime:0.005130s ]
INFO: [ view_filter ] --END-- [ RunTime:0.006183s ]
INFO: [ app_end ] --START--
INFO: Run Behavior\ShowPageTraceBehavior [ RunTime:0.001603s ]
INFO: [ app_end ] --END-- [ RunTime:0.001714s ]

[ 2016-08-21T20:55:38+08:00 ] ::1 /personal/mysystem/Sadmin/Index/index.html
INFO: [ app_init ] --START--
INFO: Run Behavior\BuildLiteBehavior [ RunTime:0.000026s ]
INFO: [ app_init ] --END-- [ RunTime:0.001061s ]
INFO: [ app_begin ] --START--
INFO: Run Behavior\ReadHtmlCacheBehavior [ RunTime:0.001401s ]
INFO: [ app_begin ] --END-- [ RunTime:0.001487s ]
NOTIC: [8192] mysql_connect(): The mysql extension is deprecated and will be removed in the future: use mysqli or PDO instead E:\document\localsite\php\personal\mysystem\ThinkPHP\Library\Think\Session\Driver\Db.class.php 第 95 行.
INFO: [ view_parse ] --START--
INFO: [ template_filter ] --START--
INFO: Run Behavior\ContentReplaceBehavior [ RunTime:0.000901s ]
INFO: [ template_filter ] --END-- [ RunTime:0.000990s ]
INFO: Run Behavior\ParseTemplateBehavior [ RunTime:0.035389s ]
INFO: [ view_parse ] --END-- [ RunTime:0.035470s ]
INFO: [ view_filter ] --START--
INFO: Run Behavior\WriteHtmlCacheBehavior [ RunTime:0.000758s ]
INFO: Run Behavior\TokenBuildBehavior [ RunTime:0.005181s ]
INFO: [ view_filter ] --END-- [ RunTime:0.006072s ]
INFO: [ app_end ] --START--
INFO: Run Behavior\ShowPageTraceBehavior [ RunTime:0.001505s ]
INFO: [ app_end ] --END-- [ RunTime:0.001613s ]

[ 2016-08-21T20:56:07+08:00 ] ::1 /personal/mysystem/Sadmin/Index/index.html
INFO: [ app_init ] --START--
INFO: Run Behavior\BuildLiteBehavior [ RunTime:0.000022s ]
INFO: [ app_init ] --END-- [ RunTime:0.000678s ]
INFO: [ app_begin ] --START--
INFO: Run Behavior\ReadHtmlCacheBehavior [ RunTime:0.001503s ]
INFO: [ app_begin ] --END-- [ RunTime:0.001604s ]
NOTIC: [8192] mysql_connect(): The mysql extension is deprecated and will be removed in the future: use mysqli or PDO instead E:\document\localsite\php\personal\mysystem\ThinkPHP\Library\Think\Session\Driver\Db.class.php 第 95 行.
INFO: [ view_parse ] --START--
INFO: [ template_filter ] --START--
INFO: Run Behavior\ContentReplaceBehavior [ RunTime:0.000904s ]
INFO: [ template_filter ] --END-- [ RunTime:0.000994s ]
INFO: Run Behavior\ParseTemplateBehavior [ RunTime:0.038710s ]
INFO: [ view_parse ] --END-- [ RunTime:0.038804s ]
INFO: [ view_filter ] --START--
INFO: Run Behavior\WriteHtmlCacheBehavior [ RunTime:0.000974s ]
INFO: Run Behavior\TokenBuildBehavior [ RunTime:0.005263s ]
INFO: [ view_filter ] --END-- [ RunTime:0.006353s ]
INFO: [ app_end ] --START--
INFO: Run Behavior\ShowPageTraceBehavior [ RunTime:0.001274s ]
INFO: [ app_end ] --END-- [ RunTime:0.001424s ]

[ 2016-08-21T20:56:28+08:00 ] ::1 /personal/mysystem/Sadmin/User/index.html
INFO: [ app_init ] --START--
INFO: Run Behavior\BuildLiteBehavior [ RunTime:0.000020s ]
INFO: [ app_init ] --END-- [ RunTime:0.001043s ]
INFO: [ app_begin ] --START--
INFO: Run Behavior\ReadHtmlCacheBehavior [ RunTime:0.001057s ]
INFO: [ app_begin ] --END-- [ RunTime:0.001124s ]
NOTIC: [8192] mysql_connect(): The mysql extension is deprecated and will be removed in the future: use mysqli or PDO instead E:\document\localsite\php\personal\mysystem\ThinkPHP\Library\Think\Session\Driver\Db.class.php 第 95 行.
SQL: SHOW COLUMNS FROM `kl_sys_admin` [ RunTime:0.0082s ]
SQL: SELECT COUNT(*) AS tp_count FROM `kl_sys_admin` WHERE ( status != 2 ) LIMIT 1   [ RunTime:0.0006s ]
SQL: SELECT * FROM `kl_sys_admin` WHERE ( status != 2 ) LIMIT 0,10   [ RunTime:0.0006s ]
INFO: [ view_parse ] --START--
INFO: [ template_filter ] --START--
INFO: Run Behavior\ContentReplaceBehavior [ RunTime:0.001179s ]
INFO: [ template_filter ] --END-- [ RunTime:0.001268s ]
INFO: Run Behavior\ParseTemplateBehavior [ RunTime:0.046385s ]
INFO: [ view_parse ] --END-- [ RunTime:0.046473s ]
INFO: [ view_filter ] --START--
INFO: Run Behavior\WriteHtmlCacheBehavior [ RunTime:0.001207s ]
INFO: Run Behavior\TokenBuildBehavior [ RunTime:0.006288s ]
INFO: [ view_filter ] --END-- [ RunTime:0.007638s ]
INFO: [ app_end ] --START--
INFO: Run Behavior\ShowPageTraceBehavior [ RunTime:0.003823s ]
INFO: [ app_end ] --END-- [ RunTime:0.004294s ]

[ 2016-08-21T20:56:39+08:00 ] ::1 /personal/mysystem/Sadmin/Index/index.html
INFO: [ app_init ] --START--
INFO: Run Behavior\BuildLiteBehavior [ RunTime:0.000042s ]
INFO: [ app_init ] --END-- [ RunTime:0.001359s ]
INFO: [ app_begin ] --START--
INFO: Run Behavior\ReadHtmlCacheBehavior [ RunTime:0.001250s ]
INFO: [ app_begin ] --END-- [ RunTime:0.001342s ]
NOTIC: [8192] mysql_connect(): The mysql extension is deprecated and will be removed in the future: use mysqli or PDO instead E:\document\localsite\php\personal\mysystem\ThinkPHP\Library\Think\Session\Driver\Db.class.php 第 95 行.
INFO: [ view_parse ] --START--
INFO: [ template_filter ] --START--
INFO: Run Behavior\ContentReplaceBehavior [ RunTime:0.000882s ]
INFO: [ template_filter ] --END-- [ RunTime:0.000971s ]
INFO: Run Behavior\ParseTemplateBehavior [ RunTime:0.036260s ]
INFO: [ view_parse ] --END-- [ RunTime:0.036351s ]
INFO: [ view_filter ] --START--
INFO: Run Behavior\WriteHtmlCacheBehavior [ RunTime:0.001208s ]
INFO: Run Behavior\TokenBuildBehavior [ RunTime:0.004860s ]
INFO: [ view_filter ] --END-- [ RunTime:0.006195s ]
INFO: [ app_end ] --START--
INFO: Run Behavior\ShowPageTraceBehavior [ RunTime:0.001630s ]
INFO: [ app_end ] --END-- [ RunTime:0.001738s ]

[ 2016-08-21T20:56:40+08:00 ] ::1 /personal/mysystem/Sadmin/Function/index.html
INFO: [ app_init ] --START--
INFO: Run Behavior\BuildLiteBehavior [ RunTime:0.000018s ]
INFO: [ app_init ] --END-- [ RunTime:0.000630s ]
INFO: [ app_begin ] --START--
INFO: Run Behavior\ReadHtmlCacheBehavior [ RunTime:0.001525s ]
INFO: [ app_begin ] --END-- [ RunTime:0.001649s ]
NOTIC: [8192] mysql_connect(): The mysql extension is deprecated and will be removed in the future: use mysqli or PDO instead E:\document\localsite\php\personal\mysystem\ThinkPHP\Library\Think\Session\Driver\Db.class.php 第 95 行.
SQL: SHOW COLUMNS FROM `kl_functions` [ RunTime:0.1436s ]
SQL: SELECT COUNT(*) AS tp_count FROM `kl_functions` WHERE ( status = 0 and pid = 0 ) LIMIT 1   [ RunTime:0.0007s ]
SQL: SELECT * FROM `kl_functions` WHERE ( status = 0 and pid = 0 ) LIMIT 0,10   [ RunTime:0.0008s ]
INFO: [ view_parse ] --START--
INFO: [ template_filter ] --START--
INFO: Run Behavior\ContentReplaceBehavior [ RunTime:0.000907s ]
INFO: [ template_filter ] --END-- [ RunTime:0.000997s ]
INFO: Run Behavior\ParseTemplateBehavior [ RunTime:0.042928s ]
INFO: [ view_parse ] --END-- [ RunTime:0.043013s ]
INFO: [ view_filter ] --START--
INFO: Run Behavior\WriteHtmlCacheBehavior [ RunTime:0.001038s ]
INFO: Run Behavior\TokenBuildBehavior [ RunTime:0.006117s ]
INFO: [ view_filter ] --END-- [ RunTime:0.007286s ]
INFO: [ app_end ] --START--
INFO: Run Behavior\ShowPageTraceBehavior [ RunTime:0.001754s ]
INFO: [ app_end ] --END-- [ RunTime:0.001872s ]

[ 2016-08-21T20:56:42+08:00 ] ::1 /personal/mysystem/Sadmin/User/index.html
INFO: [ app_init ] --START--
INFO: Run Behavior\BuildLiteBehavior [ RunTime:0.000026s ]
INFO: [ app_init ] --END-- [ RunTime:0.000672s ]
INFO: [ app_begin ] --START--
INFO: Run Behavior\ReadHtmlCacheBehavior [ RunTime:0.001806s ]
INFO: [ app_begin ] --END-- [ RunTime:0.001959s ]
NOTIC: [8192] mysql_connect(): The mysql extension is deprecated and will be removed in the future: use mysqli or PDO instead E:\document\localsite\php\personal\mysystem\ThinkPHP\Library\Think\Session\Driver\Db.class.php 第 95 行.
SQL: SHOW COLUMNS FROM `kl_sys_admin` [ RunTime:0.0111s ]
SQL: SELECT COUNT(*) AS tp_count FROM `kl_sys_admin` WHERE ( status != 2 ) LIMIT 1   [ RunTime:0.0006s ]
SQL: SELECT * FROM `kl_sys_admin` WHERE ( status != 2 ) LIMIT 0,10   [ RunTime:0.0007s ]
INFO: [ view_parse ] --START--
INFO: [ template_filter ] --START--
INFO: Run Behavior\ContentReplaceBehavior [ RunTime:0.001193s ]
INFO: [ template_filter ] --END-- [ RunTime:0.001304s ]
INFO: Run Behavior\ParseTemplateBehavior [ RunTime:0.114818s ]
INFO: [ view_parse ] --END-- [ RunTime:0.114931s ]
INFO: [ view_filter ] --START--
INFO: Run Behavior\WriteHtmlCacheBehavior [ RunTime:0.001101s ]
INFO: Run Behavior\TokenBuildBehavior [ RunTime:0.007011s ]
INFO: [ view_filter ] --END-- [ RunTime:0.008262s ]
INFO: [ app_end ] --START--
INFO: Run Behavior\ShowPageTraceBehavior [ RunTime:0.001494s ]
INFO: [ app_end ] --END-- [ RunTime:0.001638s ]

[ 2016-08-21T20:56:58+08:00 ] ::1 /personal/mysystem/Sadmin/User/index.html
INFO: [ app_init ] --START--
INFO: Run Behavior\BuildLiteBehavior [ RunTime:0.000052s ]
INFO: [ app_init ] --END-- [ RunTime:0.000689s ]
INFO: [ app_begin ] --START--
INFO: Run Behavior\ReadHtmlCacheBehavior [ RunTime:0.001588s ]
INFO: [ app_begin ] --END-- [ RunTime:0.001738s ]
NOTIC: [8192] mysql_connect(): The mysql extension is deprecated and will be removed in the future: use mysqli or PDO instead E:\document\localsite\php\personal\mysystem\ThinkPHP\Library\Think\Session\Driver\Db.class.php 第 95 行.
SQL: SHOW COLUMNS FROM `kl_sys_admin` [ RunTime:0.0107s ]
SQL: SELECT COUNT(*) AS tp_count FROM `kl_sys_admin` WHERE ( status != 2 ) LIMIT 1   [ RunTime:0.0004s ]
SQL: SELECT * FROM `kl_sys_admin` WHERE ( status != 2 ) LIMIT 0,10   [ RunTime:0.0005s ]
INFO: [ view_parse ] --START--
INFO: [ template_filter ] --START--
INFO: Run Behavior\ContentReplaceBehavior [ RunTime:0.001290s ]
INFO: [ template_filter ] --END-- [ RunTime:0.001411s ]
INFO: Run Behavior\ParseTemplateBehavior [ RunTime:0.045777s ]
INFO: [ view_parse ] --END-- [ RunTime:0.045858s ]
INFO: [ view_filter ] --START--
INFO: Run Behavior\WriteHtmlCacheBehavior [ RunTime:0.000826s ]
INFO: Run Behavior\TokenBuildBehavior [ RunTime:0.005948s ]
INFO: [ view_filter ] --END-- [ RunTime:0.006876s ]
INFO: [ app_end ] --START--
INFO: Run Behavior\ShowPageTraceBehavior [ RunTime:0.001558s ]
INFO: [ app_end ] --END-- [ RunTime:0.001658s ]

[ 2016-08-21T20:57:26+08:00 ] ::1 /personal/mysystem/Sadmin/Function/index.html
INFO: [ app_init ] --START--
INFO: Run Behavior\BuildLiteBehavior [ RunTime:0.000022s ]
INFO: [ app_init ] --END-- [ RunTime:0.000895s ]
INFO: [ app_begin ] --START--
INFO: Run Behavior\ReadHtmlCacheBehavior [ RunTime:0.001187s ]
INFO: [ app_begin ] --END-- [ RunTime:0.001249s ]
NOTIC: [8192] mysql_connect(): The mysql extension is deprecated and will be removed in the future: use mysqli or PDO instead E:\document\localsite\php\personal\mysystem\ThinkPHP\Library\Think\Session\Driver\Db.class.php 第 95 行.
SQL: SHOW COLUMNS FROM `kl_functions` [ RunTime:0.0090s ]
SQL: SELECT COUNT(*) AS tp_count FROM `kl_functions` WHERE ( status = 0 and pid = 0 ) LIMIT 1   [ RunTime:0.0010s ]
SQL: SELECT * FROM `kl_functions` WHERE ( status = 0 and pid = 0 ) LIMIT 0,10   [ RunTime:0.0008s ]
INFO: [ view_parse ] --START--
INFO: [ template_filter ] --START--
INFO: Run Behavior\ContentReplaceBehavior [ RunTime:0.000966s ]
INFO: [ template_filter ] --END-- [ RunTime:0.001061s ]
INFO: Run Behavior\ParseTemplateBehavior [ RunTime:0.043405s ]
INFO: [ view_parse ] --END-- [ RunTime:0.043492s ]
INFO: [ view_filter ] --START--
INFO: Run Behavior\WriteHtmlCacheBehavior [ RunTime:0.000987s ]
INFO: Run Behavior\TokenBuildBehavior [ RunTime:0.005443s ]
INFO: [ view_filter ] --END-- [ RunTime:0.006585s ]
INFO: [ app_end ] --START--
INFO: Run Behavior\ShowPageTraceBehavior [ RunTime:0.001701s ]
INFO: [ app_end ] --END-- [ RunTime:0.001812s ]

[ 2016-08-21T22:03:49+08:00 ] ::1 /personal/mysystem/Sadmin/Function/index.html
INFO: [ app_init ] --START--
INFO: Run Behavior\BuildLiteBehavior [ RunTime:0.000057s ]
INFO: [ app_init ] --END-- [ RunTime:0.002421s ]
INFO: [ app_begin ] --START--
INFO: Run Behavior\ReadHtmlCacheBehavior [ RunTime:0.001303s ]
INFO: [ app_begin ] --END-- [ RunTime:0.001422s ]
NOTIC: [8192] mysql_connect(): The mysql extension is deprecated and will be removed in the future: use mysqli or PDO instead E:\document\localsite\php\personal\mysystem\ThinkPHP\Library\Think\Session\Driver\Db.class.php 第 95 行.
SQL: SHOW COLUMNS FROM `kl_functions` [ RunTime:0.0126s ]
SQL: SELECT COUNT(*) AS tp_count FROM `kl_functions` WHERE ( status = 0 and pid = 0 ) LIMIT 1   [ RunTime:0.0007s ]
SQL: SELECT * FROM `kl_functions` WHERE ( status = 0 and pid = 0 ) LIMIT 0,10   [ RunTime:0.0006s ]
INFO: [ view_parse ] --START--
INFO: [ template_filter ] --START--
INFO: Run Behavior\ContentReplaceBehavior [ RunTime:0.001013s ]
INFO: [ template_filter ] --END-- [ RunTime:0.001102s ]
INFO: Run Behavior\ParseTemplateBehavior [ RunTime:0.045924s ]
INFO: [ view_parse ] --END-- [ RunTime:0.046014s ]
INFO: [ view_filter ] --START--
INFO: Run Behavior\WriteHtmlCacheBehavior [ RunTime:0.000840s ]
INFO: Run Behavior\TokenBuildBehavior [ RunTime:0.005477s ]
INFO: [ view_filter ] --END-- [ RunTime:0.006439s ]
INFO: [ app_end ] --START--
INFO: Run Behavior\ShowPageTraceBehavior [ RunTime:0.001802s ]
INFO: [ app_end ] --END-- [ RunTime:0.001951s ]

