[ 2016-03-12T12:57:01+08:00 ] ::1 /personal/thinkphp323/index.php/Sadmin/Sadmin/Index.html
ERR: 无法加载控制器:Sadmin

[ 2016-03-12T13:42:13+08:00 ] ::1 /personal/thinkphp323/index.php/Sadmin/User/static/backed/assets/layouts/layout3/css/themes/green-haze.min.css
ERR: 非法操作:static

[ 2016-03-12T13:42:14+08:00 ] ::1 /personal/thinkphp323/index.php/Sadmin/User/static/backed/assets/layouts/layout3/css/themes/red-sunglo.min.css
ERR: 非法操作:static

[ 2016-03-12T13:42:15+08:00 ] ::1 /personal/thinkphp323/index.php/Sadmin/User/static/backed/assets/layouts/layout3/css/themes/red-intense.min.css
ERR: 非法操作:static

[ 2016-03-12T13:42:15+08:00 ] ::1 /personal/thinkphp323/index.php/Sadmin/User/static/backed/assets/layouts/layout3/css/themes/purple-plum.min.css
ERR: 非法操作:static

[ 2016-03-12T13:42:16+08:00 ] ::1 /personal/thinkphp323/index.php/Sadmin/User/static/backed/assets/layouts/layout3/css/themes/purple-studio.min.css
ERR: 非法操作:static

[ 2016-03-12T13:43:06+08:00 ] ::1 /personal/thinkphp323/Sadmin/User/static/backed/assets/layouts/layout3/css/themes/green-haze.min.css
ERR: 非法操作:static

[ 2016-03-12T13:43:08+08:00 ] ::1 /personal/thinkphp323/Sadmin/User/static/backed/assets/layouts/layout3/css/themes/red-sunglo.min.css
ERR: 非法操作:static

[ 2016-03-12T13:43:09+08:00 ] ::1 /personal/thinkphp323/Sadmin/User/static/backed/assets/layouts/layout3/css/themes/blue-hoki.min.css
ERR: 非法操作:static

[ 2016-03-12T13:43:09+08:00 ] ::1 /personal/thinkphp323/Sadmin/User/static/backed/assets/layouts/layout3/css/themes/default.min.css
ERR: 非法操作:static

