[ 2016-05-21T11:08:53+08:00 ] ::1 /amos/git/mysystem/Sadmin/
INFO: [ app_init ] --START--
INFO: Run Behavior\BuildLiteBehavior [ RunTime:0.000037s ]
INFO: [ app_init ] --END-- [ RunTime:0.000675s ]
INFO: [ app_begin ] --START--
INFO: Run Behavior\ReadHtmlCacheBehavior [ RunTime:0.002348s ]
INFO: [ app_begin ] --END-- [ RunTime:0.002558s ]

[ 2016-05-21T11:08:54+08:00 ] ::1 /amos/git/mysystem/index.php/Sadmin/Login/index.html
INFO: [ app_init ] --START--
INFO: Run Behavior\BuildLiteBehavior [ RunTime:0.000029s ]
INFO: [ app_init ] --END-- [ RunTime:0.000173s ]
INFO: [ app_begin ] --START--
INFO: Run Behavior\ReadHtmlCacheBehavior [ RunTime:0.001230s ]
INFO: [ app_begin ] --END-- [ RunTime:0.001362s ]
INFO: [ view_parse ] --START--
INFO: [ template_filter ] --START--
INFO: Run Behavior\ContentReplaceBehavior [ RunTime:0.029263s ]
INFO: [ template_filter ] --END-- [ RunTime:0.029403s ]
INFO: Run Behavior\ParseTemplateBehavior [ RunTime:0.104280s ]
INFO: [ view_parse ] --END-- [ RunTime:0.104429s ]
INFO: [ view_filter ] --START--
INFO: Run Behavior\WriteHtmlCacheBehavior [ RunTime:0.013268s ]
INFO: Run Behavior\TokenBuildBehavior [ RunTime:0.008275s ]
INFO: [ view_filter ] --END-- [ RunTime:0.021729s ]
INFO: [ app_end ] --START--
INFO: Run Behavior\ShowPageTraceBehavior [ RunTime:0.001561s ]
INFO: [ app_end ] --END-- [ RunTime:0.001670s ]

[ 2016-05-21T11:08:54+08:00 ] ::1 /amos/git/mysystem/index.php/Sadmin/Login/static/backed/assets/global/plugins/font-awesome/css/font-awesome.min.css
INFO: [ app_init ] --START--
INFO: Run Behavior\BuildLiteBehavior [ RunTime:0.000026s ]
INFO: [ app_init ] --END-- [ RunTime:0.000145s ]
INFO: [ app_begin ] --START--
INFO: Run Behavior\ReadHtmlCacheBehavior [ RunTime:0.001099s ]
INFO: [ app_begin ] --END-- [ RunTime:0.001227s ]
ERR: 非法操作:static

[ 2016-05-21T11:08:54+08:00 ] ::1 /amos/git/mysystem/index.php/Sadmin/Login/static/backed/assets/global/plugins/simple-line-icons/simple-line-icons.min.css
INFO: [ app_init ] --START--
INFO: Run Behavior\BuildLiteBehavior [ RunTime:0.000026s ]
INFO: [ app_init ] --END-- [ RunTime:0.000203s ]
INFO: [ app_begin ] --START--
INFO: Run Behavior\ReadHtmlCacheBehavior [ RunTime:0.007600s ]
INFO: [ app_begin ] --END-- [ RunTime:0.007732s ]
ERR: 非法操作:static

[ 2016-05-21T11:08:54+08:00 ] ::1 /amos/git/mysystem/index.php/Sadmin/Login/static/backed/assets/global/plugins/bootstrap/css/bootstrap.min.css
INFO: [ app_init ] --START--
INFO: Run Behavior\BuildLiteBehavior [ RunTime:0.000024s ]
INFO: [ app_init ] --END-- [ RunTime:0.000141s ]
INFO: [ app_begin ] --START--
INFO: Run Behavior\ReadHtmlCacheBehavior [ RunTime:0.005349s ]
INFO: [ app_begin ] --END-- [ RunTime:0.005491s ]
ERR: 非法操作:static

[ 2016-05-21T11:08:54+08:00 ] ::1 /amos/git/mysystem/index.php/Sadmin/Login/static/backed/assets/global/plugins/bootstrap-switch/css/bootstrap-switch.min.css
INFO: [ app_init ] --START--
INFO: Run Behavior\BuildLiteBehavior [ RunTime:0.000025s ]
INFO: [ app_init ] --END-- [ RunTime:0.000132s ]
INFO: [ app_begin ] --START--
INFO: Run Behavior\ReadHtmlCacheBehavior [ RunTime:0.001064s ]
INFO: [ app_begin ] --END-- [ RunTime:0.001186s ]
ERR: 非法操作:static

[ 2016-05-21T11:08:54+08:00 ] ::1 /amos/git/mysystem/index.php/Sadmin/Login/static/backed/assets/global/plugins/uniform/css/uniform.default.css
INFO: [ app_init ] --START--
INFO: Run Behavior\BuildLiteBehavior [ RunTime:0.000023s ]
INFO: [ app_init ] --END-- [ RunTime:0.000127s ]
INFO: [ app_begin ] --START--
INFO: Run Behavior\ReadHtmlCacheBehavior [ RunTime:0.001087s ]
INFO: [ app_begin ] --END-- [ RunTime:0.001258s ]
ERR: 非法操作:static

[ 2016-05-21T11:08:54+08:00 ] ::1 /amos/git/mysystem/index.php/Sadmin/Login/static/backed/assets/global/plugins/select2/css/select2.min.css
INFO: [ app_init ] --START--
INFO: Run Behavior\BuildLiteBehavior [ RunTime:0.000022s ]
INFO: [ app_init ] --END-- [ RunTime:0.000131s ]
INFO: [ app_begin ] --START--
INFO: Run Behavior\ReadHtmlCacheBehavior [ RunTime:0.001080s ]
INFO: [ app_begin ] --END-- [ RunTime:0.001210s ]
ERR: 非法操作:static

[ 2016-05-21T11:08:54+08:00 ] ::1 /amos/git/mysystem/index.php/Sadmin/Login/static/backed/assets/global/plugins/select2/css/select2-bootstrap.min.css
INFO: [ app_init ] --START--
INFO: Run Behavior\BuildLiteBehavior [ RunTime:0.000024s ]
INFO: [ app_init ] --END-- [ RunTime:0.000133s ]
INFO: [ app_begin ] --START--
INFO: Run Behavior\ReadHtmlCacheBehavior [ RunTime:0.001036s ]
INFO: [ app_begin ] --END-- [ RunTime:0.001159s ]
ERR: 非法操作:static

[ 2016-05-21T11:08:54+08:00 ] ::1 /amos/git/mysystem/index.php/Sadmin/Login/static/backed/assets/global/css/plugins.min.css
INFO: [ app_init ] --START--
INFO: Run Behavior\BuildLiteBehavior [ RunTime:0.000033s ]
INFO: [ app_init ] --END-- [ RunTime:0.000142s ]
INFO: [ app_begin ] --START--
INFO: Run Behavior\ReadHtmlCacheBehavior [ RunTime:0.001038s ]
INFO: [ app_begin ] --END-- [ RunTime:0.001169s ]
ERR: 非法操作:static

[ 2016-05-21T11:08:54+08:00 ] ::1 /amos/git/mysystem/index.php/Sadmin/Login/static/backed/assets/pages/css/login.min.css
INFO: [ app_init ] --START--
INFO: Run Behavior\BuildLiteBehavior [ RunTime:0.000024s ]
INFO: [ app_init ] --END-- [ RunTime:0.000137s ]
INFO: [ app_begin ] --START--
INFO: Run Behavior\ReadHtmlCacheBehavior [ RunTime:0.001135s ]
INFO: [ app_begin ] --END-- [ RunTime:0.001269s ]
ERR: 非法操作:static

[ 2016-05-21T11:08:54+08:00 ] ::1 /amos/git/mysystem/index.php/Sadmin/Login/static/backed/assets/global/plugins/bootstrap/js/bootstrap.min.js
INFO: [ app_init ] --START--
INFO: Run Behavior\BuildLiteBehavior [ RunTime:0.000024s ]
INFO: [ app_init ] --END-- [ RunTime:0.000129s ]
INFO: [ app_begin ] --START--
INFO: Run Behavior\ReadHtmlCacheBehavior [ RunTime:0.001172s ]
INFO: [ app_begin ] --END-- [ RunTime:0.001314s ]
ERR: 非法操作:static

[ 2016-05-21T11:08:54+08:00 ] ::1 /amos/git/mysystem/index.php/Sadmin/Login/static/backed/assets/global/plugins/js.cookie.min.js
INFO: [ app_init ] --START--
INFO: Run Behavior\BuildLiteBehavior [ RunTime:0.000025s ]
INFO: [ app_init ] --END-- [ RunTime:0.000142s ]
INFO: [ app_begin ] --START--
INFO: Run Behavior\ReadHtmlCacheBehavior [ RunTime:0.001035s ]
INFO: [ app_begin ] --END-- [ RunTime:0.001165s ]
ERR: 非法操作:static

[ 2016-05-21T11:08:54+08:00 ] ::1 /amos/git/mysystem/index.php/Sadmin/Login/static/backed/assets/global/plugins/bootstrap-hover-dropdown/bootstrap-hover-dropdown.min.js
INFO: [ app_init ] --START--
INFO: Run Behavior\BuildLiteBehavior [ RunTime:0.000025s ]
INFO: [ app_init ] --END-- [ RunTime:0.000135s ]
INFO: [ app_begin ] --START--
INFO: Run Behavior\ReadHtmlCacheBehavior [ RunTime:0.001249s ]
INFO: [ app_begin ] --END-- [ RunTime:0.001468s ]
ERR: 非法操作:static

[ 2016-05-21T11:08:54+08:00 ] ::1 /amos/git/mysystem/index.php/Sadmin/Login/static/backed/assets/global/plugins/uniform/jquery.uniform.min.js
INFO: [ app_init ] --START--
INFO: Run Behavior\BuildLiteBehavior [ RunTime:0.000023s ]
INFO: [ app_init ] --END-- [ RunTime:0.000127s ]
INFO: [ app_begin ] --START--
INFO: Run Behavior\ReadHtmlCacheBehavior [ RunTime:0.001073s ]
INFO: [ app_begin ] --END-- [ RunTime:0.001194s ]
ERR: 非法操作:static

[ 2016-05-21T11:08:54+08:00 ] ::1 /amos/git/mysystem/index.php/Sadmin/Login/static/backed/assets/global/plugins/jquery.blockui.min.js
INFO: [ app_init ] --START--
INFO: Run Behavior\BuildLiteBehavior [ RunTime:0.000172s ]
INFO: [ app_init ] --END-- [ RunTime:0.000286s ]
INFO: [ app_begin ] --START--
INFO: Run Behavior\ReadHtmlCacheBehavior [ RunTime:0.001052s ]
INFO: [ app_begin ] --END-- [ RunTime:0.001188s ]
ERR: 非法操作:static

[ 2016-05-21T11:08:54+08:00 ] ::1 /amos/git/mysystem/index.php/Sadmin/Login/static/backed/assets/global/plugins/bootstrap-switch/js/bootstrap-switch.min.js
INFO: [ app_init ] --START--
INFO: Run Behavior\BuildLiteBehavior [ RunTime:0.000024s ]
INFO: [ app_init ] --END-- [ RunTime:0.000126s ]
INFO: [ app_begin ] --START--
INFO: Run Behavior\ReadHtmlCacheBehavior [ RunTime:0.001271s ]
INFO: [ app_begin ] --END-- [ RunTime:0.001414s ]
ERR: 非法操作:static

[ 2016-05-21T11:08:54+08:00 ] ::1 /amos/git/mysystem/index.php/Sadmin/Login/static/backed/assets/global/plugins/jquery-validation/js/additional-methods.min.js
INFO: [ app_init ] --START--
INFO: Run Behavior\BuildLiteBehavior [ RunTime:0.000023s ]
INFO: [ app_init ] --END-- [ RunTime:0.000130s ]
INFO: [ app_begin ] --START--
INFO: Run Behavior\ReadHtmlCacheBehavior [ RunTime:0.001021s ]
INFO: [ app_begin ] --END-- [ RunTime:0.001151s ]
ERR: 非法操作:static

[ 2016-05-21T11:08:54+08:00 ] ::1 /amos/git/mysystem/index.php/Sadmin/Login/static/backed/assets/global/css/components.min.css
INFO: [ app_init ] --START--
INFO: Run Behavior\BuildLiteBehavior [ RunTime:0.000026s ]
INFO: [ app_init ] --END-- [ RunTime:0.000252s ]
INFO: [ app_begin ] --START--
INFO: Run Behavior\ReadHtmlCacheBehavior [ RunTime:0.001290s ]
INFO: [ app_begin ] --END-- [ RunTime:0.001429s ]
ERR: 非法操作:static

[ 2016-05-21T11:08:54+08:00 ] ::1 /amos/git/mysystem/index.php/Sadmin/Login/static/backed/assets/global/plugins/select2/js/select2.full.min.js
INFO: [ app_init ] --START--
INFO: Run Behavior\BuildLiteBehavior [ RunTime:0.000024s ]
INFO: [ app_init ] --END-- [ RunTime:0.000137s ]
INFO: [ app_begin ] --START--
INFO: Run Behavior\ReadHtmlCacheBehavior [ RunTime:0.001041s ]
INFO: [ app_begin ] --END-- [ RunTime:0.001184s ]
ERR: 非法操作:static

[ 2016-05-21T11:08:54+08:00 ] ::1 /amos/git/mysystem/index.php/Sadmin/Login/static/backed/assets/global/plugins/jquery-validation/js/jquery.validate.min.js
INFO: [ app_init ] --START--
INFO: Run Behavior\BuildLiteBehavior [ RunTime:0.000025s ]
INFO: [ app_init ] --END-- [ RunTime:0.000135s ]
INFO: [ app_begin ] --START--
INFO: Run Behavior\ReadHtmlCacheBehavior [ RunTime:0.013827s ]
INFO: [ app_begin ] --END-- [ RunTime:0.013983s ]
ERR: 非法操作:static

[ 2016-05-21T11:08:54+08:00 ] ::1 /amos/git/mysystem/index.php/Sadmin/Login/static/backed/assets/global/scripts/app.min.js
INFO: [ app_init ] --START--
INFO: Run Behavior\BuildLiteBehavior [ RunTime:0.000023s ]
INFO: [ app_init ] --END-- [ RunTime:0.000133s ]
INFO: [ app_begin ] --START--
INFO: Run Behavior\ReadHtmlCacheBehavior [ RunTime:0.001755s ]
INFO: [ app_begin ] --END-- [ RunTime:0.001897s ]
ERR: 非法操作:static

[ 2016-05-21T11:08:54+08:00 ] ::1 /amos/git/mysystem/index.php/Sadmin/Login/static/backed/assets/global/plugins/jquery.min.js
INFO: [ app_init ] --START--
INFO: Run Behavior\BuildLiteBehavior [ RunTime:0.000026s ]
INFO: [ app_init ] --END-- [ RunTime:0.000143s ]
INFO: [ app_begin ] --START--
INFO: Run Behavior\ReadHtmlCacheBehavior [ RunTime:0.001088s ]
INFO: [ app_begin ] --END-- [ RunTime:0.001213s ]
ERR: 非法操作:static

[ 2016-05-21T11:08:54+08:00 ] ::1 /amos/git/mysystem/index.php/Sadmin/Login/static/backed/assets/pages/scripts/login.min.js
INFO: [ app_init ] --START--
INFO: Run Behavior\BuildLiteBehavior [ RunTime:0.000024s ]
INFO: [ app_init ] --END-- [ RunTime:0.000139s ]
INFO: [ app_begin ] --START--
INFO: Run Behavior\ReadHtmlCacheBehavior [ RunTime:0.001095s ]
INFO: [ app_begin ] --END-- [ RunTime:0.001227s ]
ERR: 非法操作:static

[ 2016-05-21T11:08:54+08:00 ] ::1 /amos/git/mysystem/index.php/Sadmin/Login/static/backed/assets/pages/img/logo-big.png
INFO: [ app_init ] --START--
INFO: Run Behavior\BuildLiteBehavior [ RunTime:0.000023s ]
INFO: [ app_init ] --END-- [ RunTime:0.000133s ]

[ 2016-05-21T11:08:54+08:00 ] ::1 /amos/git/mysystem/index.php/Sadmin/Login/static/backed/assets/global/plugins/jquery-slimscroll/jquery.slimscroll.min.js
INFO: [ app_init ] --START--
INFO: Run Behavior\BuildLiteBehavior [ RunTime:0.000049s ]
INFO: [ app_init ] --END-- [ RunTime:0.001616s ]
INFO: [ app_begin ] --START--
INFO: Run Behavior\ReadHtmlCacheBehavior [ RunTime:0.001368s ]
INFO: [ app_begin ] --END-- [ RunTime:0.001528s ]
ERR: 非法操作:static

[ 2016-05-21T11:08:54+08:00 ] ::1 /amos/git/mysystem/index.php/Sadmin/Login/favicon.ico
INFO: [ app_init ] --START--
INFO: Run Behavior\BuildLiteBehavior [ RunTime:0.000025s ]
INFO: [ app_init ] --END-- [ RunTime:0.000136s ]

[ 2016-05-21T11:08:57+08:00 ] ::1 /amos/git/mysystem/index.php/Sadmin/Login/index.html
INFO: [ app_init ] --START--
INFO: Run Behavior\BuildLiteBehavior [ RunTime:0.000025s ]
INFO: [ app_init ] --END-- [ RunTime:0.000134s ]
INFO: [ app_begin ] --START--
INFO: Run Behavior\ReadHtmlCacheBehavior [ RunTime:0.001199s ]
INFO: [ app_begin ] --END-- [ RunTime:0.001348s ]
INFO: [ view_parse ] --START--
INFO: [ template_filter ] --START--
INFO: Run Behavior\ContentReplaceBehavior [ RunTime:0.000149s ]
INFO: [ template_filter ] --END-- [ RunTime:0.000258s ]
INFO: Run Behavior\ParseTemplateBehavior [ RunTime:0.021056s ]
INFO: [ view_parse ] --END-- [ RunTime:0.021224s ]
INFO: [ view_filter ] --START--
INFO: Run Behavior\WriteHtmlCacheBehavior [ RunTime:0.001069s ]
INFO: Run Behavior\TokenBuildBehavior [ RunTime:0.001126s ]
INFO: [ view_filter ] --END-- [ RunTime:0.002620s ]
INFO: [ app_end ] --START--
INFO: Run Behavior\ShowPageTraceBehavior [ RunTime:0.001203s ]
INFO: [ app_end ] --END-- [ RunTime:0.001317s ]

[ 2016-05-21T11:08:57+08:00 ] ::1 /amos/git/mysystem/index.php/Sadmin/Login/static/backed/assets/global/plugins/font-awesome/css/font-awesome.min.css
INFO: [ app_init ] --START--
INFO: Run Behavior\BuildLiteBehavior [ RunTime:0.000025s ]
INFO: [ app_init ] --END-- [ RunTime:0.000137s ]
INFO: [ app_begin ] --START--
INFO: Run Behavior\ReadHtmlCacheBehavior [ RunTime:0.005604s ]
INFO: [ app_begin ] --END-- [ RunTime:0.005743s ]
ERR: 非法操作:static

[ 2016-05-21T11:08:57+08:00 ] ::1 /amos/git/mysystem/index.php/Sadmin/Login/static/backed/assets/global/plugins/bootstrap-switch/css/bootstrap-switch.min.css
INFO: [ app_init ] --START--
INFO: Run Behavior\BuildLiteBehavior [ RunTime:0.000025s ]
INFO: [ app_init ] --END-- [ RunTime:0.000133s ]
INFO: [ app_begin ] --START--
INFO: Run Behavior\ReadHtmlCacheBehavior [ RunTime:0.001034s ]
INFO: [ app_begin ] --END-- [ RunTime:0.001159s ]
ERR: 非法操作:static

[ 2016-05-21T11:08:57+08:00 ] ::1 /amos/git/mysystem/index.php/Sadmin/Login/static/backed/assets/global/plugins/simple-line-icons/simple-line-icons.min.css
INFO: [ app_init ] --START--
INFO: Run Behavior\BuildLiteBehavior [ RunTime:0.000025s ]
INFO: [ app_init ] --END-- [ RunTime:0.000140s ]
INFO: [ app_begin ] --START--
INFO: Run Behavior\ReadHtmlCacheBehavior [ RunTime:0.005198s ]
INFO: [ app_begin ] --END-- [ RunTime:0.005339s ]
ERR: 非法操作:static

[ 2016-05-21T11:08:57+08:00 ] ::1 /amos/git/mysystem/index.php/Sadmin/Login/static/backed/assets/global/plugins/bootstrap/css/bootstrap.min.css
INFO: [ app_init ] --START--
INFO: Run Behavior\BuildLiteBehavior [ RunTime:0.000032s ]
INFO: [ app_init ] --END-- [ RunTime:0.000151s ]
INFO: [ app_begin ] --START--
INFO: Run Behavior\ReadHtmlCacheBehavior [ RunTime:0.001076s ]
INFO: [ app_begin ] --END-- [ RunTime:0.001200s ]
ERR: 非法操作:static

[ 2016-05-21T11:08:57+08:00 ] ::1 /amos/git/mysystem/index.php/Sadmin/Login/static/backed/assets/global/plugins/select2/css/select2.min.css
INFO: [ app_init ] --START--
INFO: Run Behavior\BuildLiteBehavior [ RunTime:0.000023s ]
INFO: [ app_init ] --END-- [ RunTime:0.000127s ]
INFO: [ app_begin ] --START--
INFO: Run Behavior\ReadHtmlCacheBehavior [ RunTime:0.005235s ]
INFO: [ app_begin ] --END-- [ RunTime:0.005383s ]
ERR: 非法操作:static

[ 2016-05-21T11:08:57+08:00 ] ::1 /amos/git/mysystem/index.php/Sadmin/Login/static/backed/assets/global/css/plugins.min.css
INFO: [ app_init ] --START--
INFO: Run Behavior\BuildLiteBehavior [ RunTime:0.000025s ]
INFO: [ app_init ] --END-- [ RunTime:0.000187s ]
INFO: [ app_begin ] --START--
INFO: Run Behavior\ReadHtmlCacheBehavior [ RunTime:0.001097s ]
INFO: [ app_begin ] --END-- [ RunTime:0.001237s ]
ERR: 非法操作:static

[ 2016-05-21T11:08:57+08:00 ] ::1 /amos/git/mysystem/index.php/Sadmin/Login/static/backed/assets/global/plugins/select2/css/select2-bootstrap.min.css
INFO: [ app_init ] --START--
INFO: Run Behavior\BuildLiteBehavior [ RunTime:0.000025s ]
INFO: [ app_init ] --END-- [ RunTime:0.000130s ]
INFO: [ app_begin ] --START--
INFO: Run Behavior\ReadHtmlCacheBehavior [ RunTime:0.001210s ]
INFO: [ app_begin ] --END-- [ RunTime:0.001343s ]
ERR: 非法操作:static

[ 2016-05-21T11:08:57+08:00 ] ::1 /amos/git/mysystem/index.php/Sadmin/Login/static/backed/assets/global/css/components.min.css
INFO: [ app_init ] --START--
INFO: Run Behavior\BuildLiteBehavior [ RunTime:0.000025s ]
INFO: [ app_init ] --END-- [ RunTime:0.000141s ]
INFO: [ app_begin ] --START--
INFO: Run Behavior\ReadHtmlCacheBehavior [ RunTime:0.001017s ]
INFO: [ app_begin ] --END-- [ RunTime:0.001155s ]
ERR: 非法操作:static

[ 2016-05-21T11:08:57+08:00 ] ::1 /amos/git/mysystem/index.php/Sadmin/Login/static/backed/assets/pages/css/login.min.css
INFO: [ app_init ] --START--
INFO: Run Behavior\BuildLiteBehavior [ RunTime:0.000024s ]
INFO: [ app_init ] --END-- [ RunTime:0.000122s ]
INFO: [ app_begin ] --START--
INFO: Run Behavior\ReadHtmlCacheBehavior [ RunTime:0.001464s ]
INFO: [ app_begin ] --END-- [ RunTime:0.001624s ]
ERR: 非法操作:static

[ 2016-05-21T11:08:57+08:00 ] ::1 /amos/git/mysystem/index.php/Sadmin/Login/static/backed/assets/global/plugins/uniform/css/uniform.default.css
INFO: [ app_init ] --START--
INFO: Run Behavior\BuildLiteBehavior [ RunTime:0.000024s ]
INFO: [ app_init ] --END-- [ RunTime:0.000130s ]
INFO: [ app_begin ] --START--
INFO: Run Behavior\ReadHtmlCacheBehavior [ RunTime:0.001150s ]
INFO: [ app_begin ] --END-- [ RunTime:0.001287s ]
ERR: 非法操作:static

[ 2016-05-21T11:08:57+08:00 ] ::1 /amos/git/mysystem/index.php/Sadmin/Login/static/backed/assets/global/plugins/bootstrap/js/bootstrap.min.js
INFO: [ app_init ] --START--
INFO: Run Behavior\BuildLiteBehavior [ RunTime:0.000026s ]
INFO: [ app_init ] --END-- [ RunTime:0.000138s ]
INFO: [ app_begin ] --START--
INFO: Run Behavior\ReadHtmlCacheBehavior [ RunTime:0.001848s ]
INFO: [ app_begin ] --END-- [ RunTime:0.001993s ]
ERR: 非法操作:static

[ 2016-05-21T11:08:57+08:00 ] ::1 /amos/git/mysystem/index.php/Sadmin/Login/static/backed/assets/global/plugins/jquery-slimscroll/jquery.slimscroll.min.js
INFO: [ app_init ] --START--
INFO: Run Behavior\BuildLiteBehavior [ RunTime:0.000024s ]
INFO: [ app_init ] --END-- [ RunTime:0.000138s ]
INFO: [ app_begin ] --START--
INFO: Run Behavior\ReadHtmlCacheBehavior [ RunTime:0.000990s ]
INFO: [ app_begin ] --END-- [ RunTime:0.001117s ]
ERR: 非法操作:static

[ 2016-05-21T11:08:57+08:00 ] ::1 /amos/git/mysystem/index.php/Sadmin/Login/static/backed/assets/global/plugins/bootstrap-switch/js/bootstrap-switch.min.js
INFO: [ app_init ] --START--
INFO: Run Behavior\BuildLiteBehavior [ RunTime:0.000024s ]
INFO: [ app_init ] --END-- [ RunTime:0.000131s ]
INFO: [ app_begin ] --START--
INFO: Run Behavior\ReadHtmlCacheBehavior [ RunTime:0.001223s ]
INFO: [ app_begin ] --END-- [ RunTime:0.001353s ]
ERR: 非法操作:static

[ 2016-05-21T11:08:57+08:00 ] ::1 /amos/git/mysystem/index.php/Sadmin/Login/static/backed/assets/global/plugins/bootstrap-hover-dropdown/bootstrap-hover-dropdown.min.js
INFO: [ app_init ] --START--
INFO: Run Behavior\BuildLiteBehavior [ RunTime:0.000024s ]
INFO: [ app_init ] --END-- [ RunTime:0.000140s ]
INFO: [ app_begin ] --START--
INFO: Run Behavior\ReadHtmlCacheBehavior [ RunTime:0.001011s ]
INFO: [ app_begin ] --END-- [ RunTime:0.001132s ]
ERR: 非法操作:static

[ 2016-05-21T11:08:57+08:00 ] ::1 /amos/git/mysystem/index.php/Sadmin/Login/static/backed/assets/global/plugins/jquery-validation/js/jquery.validate.min.js
INFO: [ app_init ] --START--
INFO: Run Behavior\BuildLiteBehavior [ RunTime:0.000023s ]
INFO: [ app_init ] --END-- [ RunTime:0.000130s ]
INFO: [ app_begin ] --START--
INFO: Run Behavior\ReadHtmlCacheBehavior [ RunTime:0.001120s ]
INFO: [ app_begin ] --END-- [ RunTime:0.001262s ]
ERR: 非法操作:static

[ 2016-05-21T11:08:57+08:00 ] ::1 /amos/git/mysystem/index.php/Sadmin/Login/static/backed/assets/global/plugins/select2/js/select2.full.min.js
INFO: [ app_init ] --START--
INFO: Run Behavior\BuildLiteBehavior [ RunTime:0.000025s ]
INFO: [ app_init ] --END-- [ RunTime:0.000131s ]
INFO: [ app_begin ] --START--
INFO: Run Behavior\ReadHtmlCacheBehavior [ RunTime:0.001041s ]
INFO: [ app_begin ] --END-- [ RunTime:0.001170s ]
ERR: 非法操作:static

[ 2016-05-21T11:08:57+08:00 ] ::1 /amos/git/mysystem/index.php/Sadmin/Login/static/backed/assets/global/plugins/js.cookie.min.js
INFO: [ app_init ] --START--
INFO: Run Behavior\BuildLiteBehavior [ RunTime:0.000028s ]
INFO: [ app_init ] --END-- [ RunTime:0.000415s ]
INFO: [ app_begin ] --START--
INFO: Run Behavior\ReadHtmlCacheBehavior [ RunTime:0.001043s ]
INFO: [ app_begin ] --END-- [ RunTime:0.001167s ]
ERR: 非法操作:static

[ 2016-05-21T11:08:57+08:00 ] ::1 /amos/git/mysystem/index.php/Sadmin/Login/static/backed/assets/global/scripts/app.min.js
INFO: [ app_init ] --START--
INFO: Run Behavior\BuildLiteBehavior [ RunTime:0.000025s ]
INFO: [ app_init ] --END-- [ RunTime:0.000138s ]
INFO: [ app_begin ] --START--
INFO: Run Behavior\ReadHtmlCacheBehavior [ RunTime:0.001060s ]
INFO: [ app_begin ] --END-- [ RunTime:0.001197s ]
ERR: 非法操作:static

[ 2016-05-21T11:08:57+08:00 ] ::1 /amos/git/mysystem/index.php/Sadmin/Login/static/backed/assets/pages/img/logo-big.png
INFO: [ app_init ] --START--
INFO: Run Behavior\BuildLiteBehavior [ RunTime:0.000023s ]
INFO: [ app_init ] --END-- [ RunTime:0.000132s ]

[ 2016-05-21T11:08:57+08:00 ] ::1 /amos/git/mysystem/index.php/Sadmin/Login/static/backed/assets/global/plugins/jquery.blockui.min.js
INFO: [ app_init ] --START--
INFO: Run Behavior\BuildLiteBehavior [ RunTime:0.000025s ]
INFO: [ app_init ] --END-- [ RunTime:0.000259s ]
INFO: [ app_begin ] --START--
INFO: Run Behavior\ReadHtmlCacheBehavior [ RunTime:0.001012s ]
INFO: [ app_begin ] --END-- [ RunTime:0.001164s ]
ERR: 非法操作:static

[ 2016-05-21T11:08:57+08:00 ] ::1 /amos/git/mysystem/index.php/Sadmin/Login/static/backed/assets/global/plugins/jquery.min.js
INFO: [ app_init ] --START--
INFO: Run Behavior\BuildLiteBehavior [ RunTime:0.000023s ]
INFO: [ app_init ] --END-- [ RunTime:0.000123s ]
INFO: [ app_begin ] --START--
INFO: Run Behavior\ReadHtmlCacheBehavior [ RunTime:0.001120s ]
INFO: [ app_begin ] --END-- [ RunTime:0.001377s ]
ERR: 非法操作:static

[ 2016-05-21T11:08:57+08:00 ] ::1 /amos/git/mysystem/index.php/Sadmin/Login/static/backed/assets/global/plugins/jquery-validation/js/additional-methods.min.js
INFO: [ app_init ] --START--
INFO: Run Behavior\BuildLiteBehavior [ RunTime:0.000024s ]
INFO: [ app_init ] --END-- [ RunTime:0.000141s ]
INFO: [ app_begin ] --START--
INFO: Run Behavior\ReadHtmlCacheBehavior [ RunTime:0.001262s ]
INFO: [ app_begin ] --END-- [ RunTime:0.001441s ]
ERR: 非法操作:static

[ 2016-05-21T11:08:57+08:00 ] ::1 /amos/git/mysystem/index.php/Sadmin/Login/static/backed/assets/pages/scripts/login.min.js
INFO: [ app_init ] --START--
INFO: Run Behavior\BuildLiteBehavior [ RunTime:0.000024s ]
INFO: [ app_init ] --END-- [ RunTime:0.000134s ]
INFO: [ app_begin ] --START--
INFO: Run Behavior\ReadHtmlCacheBehavior [ RunTime:0.002757s ]
INFO: [ app_begin ] --END-- [ RunTime:0.002952s ]
ERR: 非法操作:static

[ 2016-05-21T11:08:57+08:00 ] ::1 /amos/git/mysystem/index.php/Sadmin/Login/static/backed/assets/global/plugins/uniform/jquery.uniform.min.js
INFO: [ app_init ] --START--
INFO: Run Behavior\BuildLiteBehavior [ RunTime:0.000027s ]
INFO: [ app_init ] --END-- [ RunTime:0.000182s ]
INFO: [ app_begin ] --START--
INFO: Run Behavior\ReadHtmlCacheBehavior [ RunTime:0.001085s ]
INFO: [ app_begin ] --END-- [ RunTime:0.001228s ]
ERR: 非法操作:static

[ 2016-05-21T11:19:18+08:00 ] ::1 /amos/git/mysystem/index.php/Sadmin/Login/index.html
INFO: [ app_begin ] --START--
INFO: Run Behavior\ReadHtmlCacheBehavior [ RunTime:0.001221s ]
INFO: [ app_begin ] --END-- [ RunTime:0.001935s ]
SQL: SHOW COLUMNS FROM `kl_sys_admin` [ RunTime:0.0525s ]
SQL: SELECT `id`,`name`,`password`,`encrypt` FROM `kl_sys_admin` WHERE ( name='kunlun' ) LIMIT 1   [ RunTime:0.0008s ]

[ 2016-05-21T11:41:58+08:00 ] ::1 /amos/git/mysystem/Sadmin/User/userInfo.html
INFO: [ app_begin ] --START--
INFO: Run Behavior\ReadHtmlCacheBehavior [ RunTime:0.000913s ]
INFO: [ app_begin ] --END-- [ RunTime:0.001694s ]
SQL: SHOW COLUMNS FROM `kl_sys_admin` [ RunTime:0.0245s ]
ERR: 1054:Unknown column 'remark' in 'field list'
 [ SQL语句 ] : SELECT `id`,`name`,`realname`,`email`,`remark` FROM `kl_sys_admin` WHERE ( id=1 ) LIMIT 1  
ERR: 1054:Unknown column 'remark' in 'field list'
 [ SQL语句 ] : SELECT `id`,`name`,`realname`,`email`,`remark` FROM `kl_sys_admin` WHERE ( id=1 ) LIMIT 1  

[ 2016-05-21T11:44:12+08:00 ] ::1 /amos/git/mysystem/Sadmin/User/userInfo.html
INFO: [ app_begin ] --START--
INFO: Run Behavior\ReadHtmlCacheBehavior [ RunTime:0.001109s ]
INFO: [ app_begin ] --END-- [ RunTime:0.001907s ]
SQL: SHOW COLUMNS FROM `kl_sys_admin` [ RunTime:0.0127s ]
SQL: SELECT `id`,`name`,`realname`,`email`,`remark` FROM `kl_sys_admin` WHERE ( id=1 ) LIMIT 1   [ RunTime:0.0004s ]

[ 2016-05-21T11:44:23+08:00 ] ::1 /amos/git/mysystem/Sadmin/User/userInfo.html
INFO: [ app_begin ] --START--
INFO: Run Behavior\ReadHtmlCacheBehavior [ RunTime:0.000925s ]
INFO: [ app_begin ] --END-- [ RunTime:0.001710s ]
SQL: SHOW COLUMNS FROM `kl_sys_admin` [ RunTime:0.0206s ]
SQL: SELECT `id`,`name`,`realname`,`email`,`remark` FROM `kl_sys_admin` WHERE ( id=1 ) LIMIT 1   [ RunTime:0.0004s ]

[ 2016-05-21T12:45:33+08:00 ] ::1 /amos/git/mysystem/Sadmin/Login/index.html
INFO: [ app_begin ] --START--
INFO: Run Behavior\ReadHtmlCacheBehavior [ RunTime:0.000873s ]
INFO: [ app_begin ] --END-- [ RunTime:0.001614s ]
SQL: SHOW COLUMNS FROM `kl_sys_admin` [ RunTime:0.0105s ]
SQL: SELECT `id`,`name`,`password`,`encrypt` FROM `kl_sys_admin` WHERE ( name='kunlun' ) LIMIT 1   [ RunTime:0.0006s ]

[ 2016-05-21T12:45:43+08:00 ] ::1 /amos/git/mysystem/Sadmin/User/userInfo.html
INFO: [ app_begin ] --START--
INFO: Run Behavior\ReadHtmlCacheBehavior [ RunTime:0.000938s ]
INFO: [ app_begin ] --END-- [ RunTime:0.001705s ]
SQL: SHOW COLUMNS FROM `kl_sys_admin` [ RunTime:0.0085s ]
SQL: SELECT `id`,`name`,`realname`,`email`,`remark` FROM `kl_sys_admin` WHERE ( id=1 ) LIMIT 1   [ RunTime:0.0009s ]

[ 2016-05-21T12:49:53+08:00 ] ::1 /amos/git/mysystem/Sadmin/User/userInfo.html
INFO: [ app_begin ] --START--
INFO: Run Behavior\ReadHtmlCacheBehavior [ RunTime:0.001025s ]
INFO: [ app_begin ] --END-- [ RunTime:0.002052s ]
SQL: SHOW COLUMNS FROM `kl_sys_admin` [ RunTime:0.0057s ]
SQL: SELECT `id`,`name`,`realname`,`email`,`remark` FROM `kl_sys_admin` WHERE ( id=1 ) LIMIT 1   [ RunTime:0.0005s ]

[ 2016-05-21T12:50:51+08:00 ] ::1 /amos/git/mysystem/Sadmin/User/userInfo.html
INFO: [ app_begin ] --START--
INFO: Run Behavior\ReadHtmlCacheBehavior [ RunTime:0.001141s ]
INFO: [ app_begin ] --END-- [ RunTime:0.001876s ]
SQL: SHOW COLUMNS FROM `kl_sys_admin` [ RunTime:0.0083s ]
SQL: SELECT `id`,`name`,`realname`,`email`,`remark` FROM `kl_sys_admin` WHERE ( id=1 ) LIMIT 1   [ RunTime:0.0007s ]

[ 2016-05-21T12:50:54+08:00 ] ::1 /amos/git/mysystem/Sadmin/user/add.html
INFO: [ app_begin ] --START--
INFO: Run Behavior\ReadHtmlCacheBehavior [ RunTime:0.000861s ]
INFO: [ app_begin ] --END-- [ RunTime:0.001598s ]
SQL: SHOW COLUMNS FROM `kl_sys_admin` [ RunTime:0.0092s ]
SQL: SELECT * FROM `kl_sys_admin` WHERE `name` = '' LIMIT 1   [ RunTime:0.0007s ]
SQL: INSERT INTO `kl_sys_admin` (`name`,`realname`,`email`,`remark`,`encrypt`,`password`) VALUES ('','','','','txuQNagB','d63b5449b70db34f3d9cca9694b8a1a8') [ RunTime:0.0167s ]

[ 2016-05-21T12:51:42+08:00 ] ::1 /amos/git/mysystem/Sadmin/User/userInfo.html
INFO: [ app_begin ] --START--
INFO: Run Behavior\ReadHtmlCacheBehavior [ RunTime:0.000844s ]
INFO: [ app_begin ] --END-- [ RunTime:0.001575s ]
SQL: SHOW COLUMNS FROM `kl_sys_admin` [ RunTime:0.0055s ]
SQL: SELECT `id`,`name`,`realname`,`email`,`remark` FROM `kl_sys_admin` WHERE ( id=2 ) LIMIT 1   [ RunTime:0.0004s ]

[ 2016-05-21T12:56:48+08:00 ] ::1 /amos/git/mysystem/Sadmin/User/userInfo.html
INFO: [ app_begin ] --START--
INFO: Run Behavior\ReadHtmlCacheBehavior [ RunTime:0.001106s ]
INFO: [ app_begin ] --END-- [ RunTime:0.001876s ]
SQL: SHOW COLUMNS FROM `kl_sys_admin` [ RunTime:0.0056s ]
SQL: SELECT `id`,`name`,`realname`,`email`,`remark` FROM `kl_sys_admin` WHERE ( id=2 ) LIMIT 1   [ RunTime:0.0004s ]

[ 2016-05-21T12:57:30+08:00 ] ::1 /amos/git/mysystem/Sadmin/User/userInfo.html
INFO: [ app_begin ] --START--
INFO: Run Behavior\ReadHtmlCacheBehavior [ RunTime:0.001171s ]
INFO: [ app_begin ] --END-- [ RunTime:0.001884s ]
SQL: SHOW COLUMNS FROM `kl_sys_admin` [ RunTime:0.0062s ]
SQL: SELECT `id`,`name`,`realname`,`email`,`remark` FROM `kl_sys_admin` WHERE ( id=2 ) LIMIT 1   [ RunTime:0.0008s ]

[ 2016-05-21T12:57:47+08:00 ] ::1 /amos/git/mysystem/Sadmin/User/userInfo.html
INFO: [ app_begin ] --START--
INFO: Run Behavior\ReadHtmlCacheBehavior [ RunTime:0.000865s ]
INFO: [ app_begin ] --END-- [ RunTime:0.001571s ]
SQL: SHOW COLUMNS FROM `kl_sys_admin` [ RunTime:0.0088s ]
SQL: SELECT `id`,`name`,`realname`,`email`,`remark` FROM `kl_sys_admin` WHERE ( id=1 ) LIMIT 1   [ RunTime:0.0008s ]

[ 2016-05-21T12:58:09+08:00 ] ::1 /amos/git/mysystem/Sadmin/User/userInfo.html
INFO: [ app_begin ] --START--
INFO: Run Behavior\ReadHtmlCacheBehavior [ RunTime:0.001128s ]
INFO: [ app_begin ] --END-- [ RunTime:0.001904s ]
SQL: SHOW COLUMNS FROM `kl_sys_admin` [ RunTime:0.0088s ]
SQL: SELECT `id`,`name`,`realname`,`email`,`remark` FROM `kl_sys_admin` WHERE ( id=1 ) LIMIT 1   [ RunTime:0.0006s ]

[ 2016-05-21T12:58:16+08:00 ] ::1 /amos/git/mysystem/Sadmin/User/userInfo.html
INFO: [ app_begin ] --START--
INFO: Run Behavior\ReadHtmlCacheBehavior [ RunTime:0.000804s ]
INFO: [ app_begin ] --END-- [ RunTime:0.001605s ]
SQL: SHOW COLUMNS FROM `kl_sys_admin` [ RunTime:0.0090s ]
SQL: SELECT `id`,`name`,`realname`,`email`,`remark` FROM `kl_sys_admin` WHERE ( id=2 ) LIMIT 1   [ RunTime:0.0010s ]

[ 2016-05-21T12:58:47+08:00 ] ::1 /amos/git/mysystem/Sadmin/user/edit.html
INFO: [ app_begin ] --START--
INFO: Run Behavior\ReadHtmlCacheBehavior [ RunTime:0.000761s ]
INFO: [ app_begin ] --END-- [ RunTime:0.001696s ]
SQL: SHOW COLUMNS FROM `kl_sys_admin` [ RunTime:0.0121s ]
INFO: [ app_end ] --START--
INFO: Run Behavior\ShowPageTraceBehavior [ RunTime:0.001608s ]
INFO: [ app_end ] --END-- [ RunTime:0.001712s ]

[ 2016-05-21T12:59:43+08:00 ] ::1 /amos/git/mysystem/Sadmin/User/userInfo.html
INFO: [ app_begin ] --START--
INFO: Run Behavior\ReadHtmlCacheBehavior [ RunTime:0.000984s ]
INFO: [ app_begin ] --END-- [ RunTime:0.001672s ]
SQL: SHOW COLUMNS FROM `kl_sys_admin` [ RunTime:0.0063s ]
SQL: SELECT `id`,`name`,`realname`,`email`,`remark` FROM `kl_sys_admin` WHERE ( id=2 ) LIMIT 1   [ RunTime:0.0005s ]

[ 2016-05-21T13:00:09+08:00 ] ::1 /amos/git/mysystem/Sadmin/user/edit.html
INFO: [ app_begin ] --START--
INFO: Run Behavior\ReadHtmlCacheBehavior [ RunTime:0.000802s ]
INFO: [ app_begin ] --END-- [ RunTime:0.001462s ]
SQL: SHOW COLUMNS FROM `kl_sys_admin` [ RunTime:0.0057s ]
INFO: [ app_end ] --START--
INFO: Run Behavior\ShowPageTraceBehavior [ RunTime:0.001107s ]
INFO: [ app_end ] --END-- [ RunTime:0.001192s ]

[ 2016-05-21T13:02:10+08:00 ] ::1 /amos/git/mysystem/Sadmin/User/userInfo.html
INFO: [ app_begin ] --START--
INFO: Run Behavior\ReadHtmlCacheBehavior [ RunTime:0.000891s ]
INFO: [ app_begin ] --END-- [ RunTime:0.001791s ]
SQL: SHOW COLUMNS FROM `kl_sys_admin` [ RunTime:0.0087s ]
SQL: SELECT `id`,`name`,`realname`,`email`,`remark` FROM `kl_sys_admin` WHERE ( id=2 ) LIMIT 1   [ RunTime:0.0007s ]

[ 2016-05-21T13:02:47+08:00 ] ::1 /amos/git/mysystem/Sadmin/user/edit.html
INFO: [ app_begin ] --START--
INFO: Run Behavior\ReadHtmlCacheBehavior [ RunTime:0.002247s ]
INFO: [ app_begin ] --END-- [ RunTime:0.003497s ]
SQL: SHOW COLUMNS FROM `kl_sys_admin` [ RunTime:0.0057s ]
INFO: [ app_end ] --START--
INFO: Run Behavior\ShowPageTraceBehavior [ RunTime:0.001137s ]
INFO: [ app_end ] --END-- [ RunTime:0.001232s ]

[ 2016-05-21T13:04:42+08:00 ] ::1 /amos/git/mysystem/Sadmin/user/edit.html
INFO: [ app_begin ] --START--
INFO: Run Behavior\ReadHtmlCacheBehavior [ RunTime:0.000922s ]
INFO: [ app_begin ] --END-- [ RunTime:0.001664s ]
SQL: SHOW COLUMNS FROM `kl_sys_admin` [ RunTime:0.0059s ]
INFO: [ app_end ] --START--
INFO: Run Behavior\ShowPageTraceBehavior [ RunTime:0.001369s ]
INFO: [ app_end ] --END-- [ RunTime:0.001474s ]

[ 2016-05-21T13:09:24+08:00 ] ::1 /amos/git/mysystem/Sadmin/User/userInfo.html
INFO: [ app_begin ] --START--
INFO: Run Behavior\ReadHtmlCacheBehavior [ RunTime:0.001062s ]
INFO: [ app_begin ] --END-- [ RunTime:0.001928s ]
SQL: SHOW COLUMNS FROM `kl_sys_admin` [ RunTime:0.0068s ]
SQL: SELECT `id`,`name`,`realname`,`email`,`remark` FROM `kl_sys_admin` WHERE ( id=2 ) LIMIT 1   [ RunTime:0.0005s ]

[ 2016-05-21T13:09:52+08:00 ] ::1 /amos/git/mysystem/Sadmin/user/edit.html
INFO: [ app_begin ] --START--
INFO: Run Behavior\ReadHtmlCacheBehavior [ RunTime:0.001278s ]
INFO: [ app_begin ] --END-- [ RunTime:0.002338s ]
SQL: SHOW COLUMNS FROM `kl_sys_admin` [ RunTime:0.0091s ]
SQL: UPDATE `kl_sys_admin` SET `id`='2',`realname`='amos',`email`='amos@weipaidang.net',`remark`='test' WHERE ( id=2 ) [ RunTime:0.0008s ]

[ 2016-05-21T13:11:44+08:00 ] ::1 /amos/git/mysystem/Sadmin/User/userInfo.html
INFO: [ app_begin ] --START--
INFO: Run Behavior\ReadHtmlCacheBehavior [ RunTime:0.000863s ]
INFO: [ app_begin ] --END-- [ RunTime:0.001835s ]
SQL: SHOW COLUMNS FROM `kl_sys_admin` [ RunTime:0.0082s ]
SQL: SELECT `id`,`name`,`realname`,`email`,`remark` FROM `kl_sys_admin` WHERE ( id=1 ) LIMIT 1   [ RunTime:0.0006s ]

[ 2016-05-21T13:12:10+08:00 ] ::1 /amos/git/mysystem/Sadmin/user/edit.html
INFO: [ app_begin ] --START--
INFO: Run Behavior\ReadHtmlCacheBehavior [ RunTime:0.000906s ]
INFO: [ app_begin ] --END-- [ RunTime:0.001779s ]
SQL: SHOW COLUMNS FROM `kl_sys_admin` [ RunTime:0.0061s ]
SQL: UPDATE `kl_sys_admin` SET `id`='1',`realname`='孙振环',`email`='735767227@qq.com',`remark`='超级管理员 root用户' WHERE ( id=1 ) [ RunTime:0.0006s ]

[ 2016-05-21T13:24:10+08:00 ] ::1 /amos/git/mysystem/Sadmin/User/userInfo.html
INFO: [ app_begin ] --START--
INFO: Run Behavior\ReadHtmlCacheBehavior [ RunTime:0.001007s ]
INFO: [ app_begin ] --END-- [ RunTime:0.001673s ]
SQL: SHOW COLUMNS FROM `kl_sys_admin` [ RunTime:0.0055s ]
SQL: SELECT `id`,`name`,`realname`,`email`,`remark` FROM `kl_sys_admin` WHERE ( id=2 ) LIMIT 1   [ RunTime:0.0005s ]

[ 2016-05-21T13:24:24+08:00 ] ::1 /amos/git/mysystem/Sadmin/User/userInfo.html
INFO: [ app_begin ] --START--
INFO: Run Behavior\ReadHtmlCacheBehavior [ RunTime:0.000728s ]
INFO: [ app_begin ] --END-- [ RunTime:0.001383s ]
SQL: SHOW COLUMNS FROM `kl_sys_admin` [ RunTime:0.0057s ]
SQL: SELECT `id`,`name`,`realname`,`email`,`remark` FROM `kl_sys_admin` WHERE ( id=1 ) LIMIT 1   [ RunTime:0.0004s ]

[ 2016-05-21T13:24:59+08:00 ] ::1 /amos/git/mysystem/Sadmin/User/userInfo.html
INFO: [ app_begin ] --START--
INFO: Run Behavior\ReadHtmlCacheBehavior [ RunTime:0.001113s ]
INFO: [ app_begin ] --END-- [ RunTime:0.002115s ]
SQL: SHOW COLUMNS FROM `kl_sys_admin` [ RunTime:0.0062s ]
SQL: SELECT `id`,`name`,`realname`,`email`,`remark` FROM `kl_sys_admin` WHERE ( id=1 ) LIMIT 1   [ RunTime:0.0005s ]

[ 2016-05-21T13:45:11+08:00 ] ::1 /amos/git/mysystem/Sadmin/user/editPsd.html
INFO: [ app_begin ] --START--
INFO: Run Behavior\ReadHtmlCacheBehavior [ RunTime:0.000960s ]
INFO: [ app_begin ] --END-- [ RunTime:0.001730s ]
SQL: SHOW COLUMNS FROM `kl_sys_admin` [ RunTime:0.0055s ]
SQL: SELECT `password`,`encrypt` FROM `kl_sys_admin` WHERE ( id=0 ) LIMIT 1   [ RunTime:0.0006s ]

[ 2016-05-21T13:45:47+08:00 ] ::1 /amos/git/mysystem/Sadmin/user/editPsd.html
INFO: [ app_begin ] --START--
INFO: Run Behavior\ReadHtmlCacheBehavior [ RunTime:0.001661s ]
INFO: [ app_begin ] --END-- [ RunTime:0.003237s ]
SQL: SHOW COLUMNS FROM `kl_sys_admin` [ RunTime:0.0084s ]
SQL: SELECT `password`,`encrypt` FROM `kl_sys_admin` WHERE ( id=2 ) LIMIT 1   [ RunTime:0.0012s ]

[ 2016-05-21T13:45:56+08:00 ] ::1 /amos/git/mysystem/Sadmin/user/editPsd.html
INFO: [ app_begin ] --START--
INFO: Run Behavior\ReadHtmlCacheBehavior [ RunTime:0.000894s ]
INFO: [ app_begin ] --END-- [ RunTime:0.001619s ]
SQL: SHOW COLUMNS FROM `kl_sys_admin` [ RunTime:0.0055s ]
SQL: SELECT `password`,`encrypt` FROM `kl_sys_admin` WHERE ( id=2 ) LIMIT 1   [ RunTime:0.0004s ]

[ 2016-05-21T13:46:22+08:00 ] ::1 /amos/git/mysystem/Sadmin/user/editPsd.html
INFO: [ app_begin ] --START--
INFO: Run Behavior\ReadHtmlCacheBehavior [ RunTime:0.000809s ]
INFO: [ app_begin ] --END-- [ RunTime:0.001451s ]
SQL: SHOW COLUMNS FROM `kl_sys_admin` [ RunTime:0.0089s ]
SQL: SELECT `password`,`encrypt` FROM `kl_sys_admin` WHERE ( id=2 ) LIMIT 1   [ RunTime:0.0007s ]
SQL: UPDATE `kl_sys_admin` SET `encrypt`='QLhzoqce',`password`='43efcf1c9af91b737e3b33e2a24e841d' WHERE ( id=2 ) [ RunTime:0.0010s ]

[ 2016-05-21T13:47:10+08:00 ] ::1 /amos/git/mysystem/Sadmin/Login/index.html
INFO: [ app_begin ] --START--
INFO: Run Behavior\ReadHtmlCacheBehavior [ RunTime:0.001027s ]
INFO: [ app_begin ] --END-- [ RunTime:0.001679s ]
SQL: SHOW COLUMNS FROM `kl_sys_admin` [ RunTime:0.0111s ]
SQL: SELECT `id`,`name`,`password`,`encrypt` FROM `kl_sys_admin` WHERE ( name='amos' ) LIMIT 1   [ RunTime:0.0009s ]

[ 2016-05-21T13:47:16+08:00 ] ::1 /amos/git/mysystem/Sadmin/Login/index.html
INFO: [ app_begin ] --START--
INFO: Run Behavior\ReadHtmlCacheBehavior [ RunTime:0.000917s ]
INFO: [ app_begin ] --END-- [ RunTime:0.001845s ]
SQL: SHOW COLUMNS FROM `kl_sys_admin` [ RunTime:0.0092s ]
SQL: SELECT `id`,`name`,`password`,`encrypt` FROM `kl_sys_admin` WHERE ( name='amos' ) LIMIT 1   [ RunTime:0.0007s ]

[ 2016-05-21T13:47:46+08:00 ] ::1 /amos/git/mysystem/Sadmin/User/page_user_login_1.html
ERR: 非法操作:page_user_login_1

[ 2016-05-21T13:48:16+08:00 ] ::1 /amos/git/mysystem/Sadmin/Login/index.html
INFO: [ app_begin ] --START--
INFO: Run Behavior\ReadHtmlCacheBehavior [ RunTime:0.001178s ]
INFO: [ app_begin ] --END-- [ RunTime:0.002106s ]
SQL: SHOW COLUMNS FROM `kl_sys_admin` [ RunTime:0.0090s ]
SQL: SELECT `id`,`name`,`password`,`encrypt` FROM `kl_sys_admin` WHERE ( name='kunlun' ) LIMIT 1   [ RunTime:0.0007s ]

[ 2016-05-21T13:48:29+08:00 ] ::1 /amos/git/mysystem/Sadmin/Login/index.html
INFO: [ app_begin ] --START--
INFO: Run Behavior\ReadHtmlCacheBehavior [ RunTime:0.002686s ]
INFO: [ app_begin ] --END-- [ RunTime:0.004123s ]
SQL: SHOW COLUMNS FROM `kl_sys_admin` [ RunTime:0.0086s ]
SQL: SELECT `id`,`name`,`password`,`encrypt` FROM `kl_sys_admin` WHERE ( name='kunlun' ) LIMIT 1   [ RunTime:0.0007s ]

[ 2016-05-21T14:17:15+08:00 ] ::1 /amos/git/mysystem/Sadmin/Login/index.html
INFO: [ app_begin ] --START--
INFO: Run Behavior\ReadHtmlCacheBehavior [ RunTime:0.001031s ]
INFO: [ app_begin ] --END-- [ RunTime:0.001826s ]
SQL: SHOW COLUMNS FROM `kl_sys_admin` [ RunTime:0.0099s ]
SQL: SELECT `id`,`name`,`password`,`encrypt` FROM `kl_sys_admin` WHERE ( name='kunlun' ) LIMIT 1   [ RunTime:0.0007s ]

