[ 2016-08-03T10:19:32+08:00 ] ::1 /personal/mysystem/sadmin
INFO: [ app_init ] --START--
INFO: Run Behavior\BuildLiteBehavior [ RunTime:0.000046s ]
INFO: [ app_init ] --END-- [ RunTime:0.001547s ]
INFO: [ app_begin ] --START--
INFO: Run Behavior\ReadHtmlCacheBehavior [ RunTime:0.002880s ]
INFO: [ app_begin ] --END-- [ RunTime:0.003043s ]
NOTIC: [8192] mysql_connect(): The mysql extension is deprecated and will be removed in the future: use mysqli or PDO instead E:\document\localsite\php\personal\mysystem\ThinkPHP\Library\Think\Session\Driver\Db.class.php 第 95 行.

[ 2016-08-03T10:19:32+08:00 ] ::1 /personal/mysystem/Sadmin/Login/index.html
INFO: [ app_init ] --START--
INFO: Run Behavior\BuildLiteBehavior [ RunTime:0.000040s ]
INFO: [ app_init ] --END-- [ RunTime:0.001503s ]
INFO: [ app_begin ] --START--
INFO: Run Behavior\ReadHtmlCacheBehavior [ RunTime:0.002513s ]
INFO: [ app_begin ] --END-- [ RunTime:0.002648s ]
NOTIC: [8192] mysql_connect(): The mysql extension is deprecated and will be removed in the future: use mysqli or PDO instead E:\document\localsite\php\personal\mysystem\ThinkPHP\Library\Think\Session\Driver\Db.class.php 第 95 行.
INFO: [ view_parse ] --START--
INFO: [ template_filter ] --START--
INFO: Run Behavior\ContentReplaceBehavior [ RunTime:0.000710s ]
INFO: [ template_filter ] --END-- [ RunTime:0.000877s ]
INFO: Run Behavior\ParseTemplateBehavior [ RunTime:0.057572s ]
INFO: [ view_parse ] --END-- [ RunTime:0.057710s ]
INFO: [ view_filter ] --START--
INFO: Run Behavior\WriteHtmlCacheBehavior [ RunTime:0.001921s ]
INFO: Run Behavior\TokenBuildBehavior [ RunTime:0.005550s ]
INFO: [ view_filter ] --END-- [ RunTime:0.007665s ]
INFO: [ app_end ] --START--
INFO: Run Behavior\ShowPageTraceBehavior [ RunTime:0.005557s ]
INFO: [ app_end ] --END-- [ RunTime:0.005801s ]

[ 2016-08-03T10:19:41+08:00 ] ::1 /personal/mysystem/Sadmin/Login/index.html
INFO: [ app_init ] --START--
INFO: Run Behavior\BuildLiteBehavior [ RunTime:0.000038s ]
INFO: [ app_init ] --END-- [ RunTime:0.001665s ]
INFO: [ app_begin ] --START--
INFO: Run Behavior\ReadHtmlCacheBehavior [ RunTime:0.002638s ]
INFO: [ app_begin ] --END-- [ RunTime:0.002886s ]
NOTIC: [8192] mysql_connect(): The mysql extension is deprecated and will be removed in the future: use mysqli or PDO instead E:\document\localsite\php\personal\mysystem\ThinkPHP\Library\Think\Session\Driver\Db.class.php 第 95 行.
SQL: SHOW COLUMNS FROM `kl_sys_admin` [ RunTime:0.0196s ]
SQL: SELECT `id`,`name`,`realname`,`avatar`,`password`,`encrypt`,`status` FROM `kl_sys_admin` WHERE ( name='kunlun' and status != 2 ) LIMIT 1   [ RunTime:0.0013s ]

[ 2016-08-03T10:19:42+08:00 ] ::1 /personal/mysystem/Sadmin/Index/index.html
INFO: [ app_init ] --START--
INFO: Run Behavior\BuildLiteBehavior [ RunTime:0.000040s ]
INFO: [ app_init ] --END-- [ RunTime:0.001993s ]
INFO: [ app_begin ] --START--
INFO: Run Behavior\ReadHtmlCacheBehavior [ RunTime:0.003338s ]
INFO: [ app_begin ] --END-- [ RunTime:0.003619s ]
NOTIC: [8192] mysql_connect(): The mysql extension is deprecated and will be removed in the future: use mysqli or PDO instead E:\document\localsite\php\personal\mysystem\ThinkPHP\Library\Think\Session\Driver\Db.class.php 第 95 行.
INFO: [ view_parse ] --START--
INFO: [ template_filter ] --START--
INFO: Run Behavior\ContentReplaceBehavior [ RunTime:0.002628s ]
INFO: [ template_filter ] --END-- [ RunTime:0.002825s ]
INFO: Run Behavior\ParseTemplateBehavior [ RunTime:0.176029s ]
INFO: [ view_parse ] --END-- [ RunTime:0.176206s ]
INFO: [ view_filter ] --START--
INFO: Run Behavior\WriteHtmlCacheBehavior [ RunTime:0.002028s ]
INFO: Run Behavior\TokenBuildBehavior [ RunTime:0.013814s ]
INFO: [ view_filter ] --END-- [ RunTime:0.016068s ]
INFO: [ app_end ] --START--
INFO: Run Behavior\ShowPageTraceBehavior [ RunTime:0.006561s ]
INFO: [ app_end ] --END-- [ RunTime:0.006843s ]

[ 2016-08-03T10:19:44+08:00 ] ::1 /personal/mysystem/Sadmin/Index/favicon.ico
INFO: [ app_init ] --START--
INFO: Run Behavior\BuildLiteBehavior [ RunTime:0.000065s ]
INFO: [ app_init ] --END-- [ RunTime:0.001904s ]

[ 2016-08-03T10:19:45+08:00 ] ::1 /personal/mysystem/Sadmin/Function/index.html
INFO: [ app_init ] --START--
INFO: Run Behavior\BuildLiteBehavior [ RunTime:0.000039s ]
INFO: [ app_init ] --END-- [ RunTime:0.001731s ]
INFO: [ app_begin ] --START--
INFO: Run Behavior\ReadHtmlCacheBehavior [ RunTime:0.002764s ]
INFO: [ app_begin ] --END-- [ RunTime:0.002914s ]
NOTIC: [8192] mysql_connect(): The mysql extension is deprecated and will be removed in the future: use mysqli or PDO instead E:\document\localsite\php\personal\mysystem\ThinkPHP\Library\Think\Session\Driver\Db.class.php 第 95 行.
INFO: [ view_parse ] --START--
INFO: [ template_filter ] --START--
INFO: Run Behavior\ContentReplaceBehavior [ RunTime:0.011893s ]
INFO: [ template_filter ] --END-- [ RunTime:0.012102s ]
NOTIC: [8] Undefined variable: list E:\document\localsite\php\personal\mysystem\Application\Runtime\Cache\Sadmin\308041bcdfedbf9482e20f8f6778f826.php 第 640 行.
NOTIC: [8] Undefined variable: pagination E:\document\localsite\php\personal\mysystem\Application\Runtime\Cache\Sadmin\308041bcdfedbf9482e20f8f6778f826.php 第 658 行.
INFO: Run Behavior\ParseTemplateBehavior [ RunTime:0.140587s ]
INFO: [ view_parse ] --END-- [ RunTime:0.140752s ]
INFO: [ view_filter ] --START--
INFO: Run Behavior\WriteHtmlCacheBehavior [ RunTime:0.002654s ]
INFO: Run Behavior\TokenBuildBehavior [ RunTime:0.014722s ]
INFO: [ view_filter ] --END-- [ RunTime:0.017655s ]
INFO: [ app_end ] --START--
INFO: Run Behavior\ShowPageTraceBehavior [ RunTime:0.005217s ]
INFO: [ app_end ] --END-- [ RunTime:0.005515s ]

[ 2016-08-03T10:19:48+08:00 ] ::1 /personal/mysystem/Sadmin/Function/favicon.ico
INFO: [ app_init ] --START--
INFO: Run Behavior\BuildLiteBehavior [ RunTime:0.000039s ]
INFO: [ app_init ] --END-- [ RunTime:0.001872s ]

[ 2016-08-03T10:46:44+08:00 ] ::1 /personal/mysystem/Sadmin/Function/index.html
INFO: [ app_init ] --START--
INFO: Run Behavior\BuildLiteBehavior [ RunTime:0.000024s ]
INFO: [ app_init ] --END-- [ RunTime:0.001183s ]
INFO: [ app_begin ] --START--
INFO: Run Behavior\ReadHtmlCacheBehavior [ RunTime:0.001664s ]
INFO: [ app_begin ] --END-- [ RunTime:0.001760s ]
NOTIC: [8192] mysql_connect(): The mysql extension is deprecated and will be removed in the future: use mysqli or PDO instead E:\document\localsite\php\personal\mysystem\ThinkPHP\Library\Think\Session\Driver\Db.class.php 第 95 行.
INFO: [ view_parse ] --START--
INFO: [ template_filter ] --START--
INFO: Run Behavior\ContentReplaceBehavior [ RunTime:0.000931s ]
INFO: [ template_filter ] --END-- [ RunTime:0.001022s ]
NOTIC: [8] Undefined variable: list E:\document\localsite\php\personal\mysystem\Application\Runtime\Cache\Sadmin\308041bcdfedbf9482e20f8f6778f826.php 第 640 行.
NOTIC: [8] Undefined variable: pagination E:\document\localsite\php\personal\mysystem\Application\Runtime\Cache\Sadmin\308041bcdfedbf9482e20f8f6778f826.php 第 658 行.
INFO: Run Behavior\ParseTemplateBehavior [ RunTime:0.045992s ]
INFO: [ view_parse ] --END-- [ RunTime:0.046086s ]
INFO: [ view_filter ] --START--
INFO: Run Behavior\WriteHtmlCacheBehavior [ RunTime:0.001268s ]
INFO: Run Behavior\TokenBuildBehavior [ RunTime:0.007495s ]
INFO: [ view_filter ] --END-- [ RunTime:0.008961s ]
INFO: [ app_end ] --START--
INFO: Run Behavior\ShowPageTraceBehavior [ RunTime:0.001682s ]
INFO: [ app_end ] --END-- [ RunTime:0.001838s ]

[ 2016-08-03T10:47:59+08:00 ] ::1 /personal/mysystem/Sadmin/Function/index.html
INFO: [ app_init ] --START--
INFO: Run Behavior\BuildLiteBehavior [ RunTime:0.000027s ]
INFO: [ app_init ] --END-- [ RunTime:0.001154s ]
INFO: [ app_begin ] --START--
INFO: Run Behavior\ReadHtmlCacheBehavior [ RunTime:0.002014s ]
INFO: [ app_begin ] --END-- [ RunTime:0.002357s ]
NOTIC: [8192] mysql_connect(): The mysql extension is deprecated and will be removed in the future: use mysqli or PDO instead E:\document\localsite\php\personal\mysystem\ThinkPHP\Library\Think\Session\Driver\Db.class.php 第 95 行.
INFO: [ view_parse ] --START--
INFO: [ template_filter ] --START--
INFO: Run Behavior\ContentReplaceBehavior [ RunTime:0.001421s ]
INFO: [ template_filter ] --END-- [ RunTime:0.001559s ]
NOTIC: [8] Undefined variable: list E:\document\localsite\php\personal\mysystem\Application\Runtime\Cache\Sadmin\308041bcdfedbf9482e20f8f6778f826.php 第 640 行.
NOTIC: [8] Undefined variable: pagination E:\document\localsite\php\personal\mysystem\Application\Runtime\Cache\Sadmin\308041bcdfedbf9482e20f8f6778f826.php 第 658 行.
INFO: Run Behavior\ParseTemplateBehavior [ RunTime:0.063091s ]
INFO: [ view_parse ] --END-- [ RunTime:0.063174s ]
INFO: [ view_filter ] --START--
INFO: Run Behavior\WriteHtmlCacheBehavior [ RunTime:0.000968s ]
INFO: Run Behavior\TokenBuildBehavior [ RunTime:0.005962s ]
INFO: [ view_filter ] --END-- [ RunTime:0.007055s ]
INFO: [ app_end ] --START--
INFO: Run Behavior\ShowPageTraceBehavior [ RunTime:0.002331s ]
INFO: [ app_end ] --END-- [ RunTime:0.002475s ]

[ 2016-08-03T10:48:26+08:00 ] ::1 /personal/mysystem/Sadmin/Function/index.html
INFO: [ app_init ] --START--
INFO: Run Behavior\BuildLiteBehavior [ RunTime:0.000022s ]
INFO: [ app_init ] --END-- [ RunTime:0.000980s ]
INFO: [ app_begin ] --START--
INFO: Run Behavior\ReadHtmlCacheBehavior [ RunTime:0.001275s ]
INFO: [ app_begin ] --END-- [ RunTime:0.001379s ]
NOTIC: [8192] mysql_connect(): The mysql extension is deprecated and will be removed in the future: use mysqli or PDO instead E:\document\localsite\php\personal\mysystem\ThinkPHP\Library\Think\Session\Driver\Db.class.php 第 95 行.
INFO: [ view_parse ] --START--
INFO: [ template_filter ] --START--
INFO: Run Behavior\ContentReplaceBehavior [ RunTime:0.000845s ]
INFO: [ template_filter ] --END-- [ RunTime:0.000935s ]
NOTIC: [8] Undefined variable: list E:\document\localsite\php\personal\mysystem\Application\Runtime\Cache\Sadmin\308041bcdfedbf9482e20f8f6778f826.php 第 640 行.
NOTIC: [8] Undefined variable: pagination E:\document\localsite\php\personal\mysystem\Application\Runtime\Cache\Sadmin\308041bcdfedbf9482e20f8f6778f826.php 第 658 行.
INFO: Run Behavior\ParseTemplateBehavior [ RunTime:0.042276s ]
INFO: [ view_parse ] --END-- [ RunTime:0.042356s ]
INFO: [ view_filter ] --START--
INFO: Run Behavior\WriteHtmlCacheBehavior [ RunTime:0.001196s ]
INFO: Run Behavior\TokenBuildBehavior [ RunTime:0.005763s ]
INFO: [ view_filter ] --END-- [ RunTime:0.007133s ]
INFO: [ app_end ] --START--
INFO: Run Behavior\ShowPageTraceBehavior [ RunTime:0.001526s ]
INFO: [ app_end ] --END-- [ RunTime:0.001622s ]

[ 2016-08-03T10:49:02+08:00 ] ::1 /personal/mysystem/Sadmin/Function/index.html
INFO: [ app_init ] --START--
INFO: Run Behavior\BuildLiteBehavior [ RunTime:0.000021s ]
INFO: [ app_init ] --END-- [ RunTime:0.000942s ]
INFO: [ app_begin ] --START--
INFO: Run Behavior\ReadHtmlCacheBehavior [ RunTime:0.001347s ]
INFO: [ app_begin ] --END-- [ RunTime:0.001434s ]
NOTIC: [8192] mysql_connect(): The mysql extension is deprecated and will be removed in the future: use mysqli or PDO instead E:\document\localsite\php\personal\mysystem\ThinkPHP\Library\Think\Session\Driver\Db.class.php 第 95 行.
INFO: [ view_parse ] --START--
INFO: [ template_filter ] --START--
INFO: Run Behavior\ContentReplaceBehavior [ RunTime:0.000940s ]
INFO: [ template_filter ] --END-- [ RunTime:0.001032s ]
NOTIC: [8] Undefined variable: list E:\document\localsite\php\personal\mysystem\Application\Runtime\Cache\Sadmin\308041bcdfedbf9482e20f8f6778f826.php 第 640 行.
NOTIC: [8] Undefined variable: pagination E:\document\localsite\php\personal\mysystem\Application\Runtime\Cache\Sadmin\308041bcdfedbf9482e20f8f6778f826.php 第 658 行.
INFO: Run Behavior\ParseTemplateBehavior [ RunTime:0.043305s ]
INFO: [ view_parse ] --END-- [ RunTime:0.043386s ]
INFO: [ view_filter ] --START--
INFO: Run Behavior\WriteHtmlCacheBehavior [ RunTime:0.000995s ]
INFO: Run Behavior\TokenBuildBehavior [ RunTime:0.005249s ]
INFO: [ view_filter ] --END-- [ RunTime:0.006371s ]
INFO: [ app_end ] --START--
INFO: Run Behavior\ShowPageTraceBehavior [ RunTime:0.002420s ]
INFO: [ app_end ] --END-- [ RunTime:0.002569s ]

[ 2016-08-03T10:50:42+08:00 ] ::1 /personal/mysystem/Sadmin/Function/index.html
INFO: [ app_init ] --START--
INFO: Run Behavior\BuildLiteBehavior [ RunTime:0.000019s ]
INFO: [ app_init ] --END-- [ RunTime:0.000653s ]
INFO: [ app_begin ] --START--
INFO: Run Behavior\ReadHtmlCacheBehavior [ RunTime:0.001014s ]
INFO: [ app_begin ] --END-- [ RunTime:0.001080s ]
NOTIC: [8192] mysql_connect(): The mysql extension is deprecated and will be removed in the future: use mysqli or PDO instead E:\document\localsite\php\personal\mysystem\ThinkPHP\Library\Think\Session\Driver\Db.class.php 第 95 行.
INFO: [ view_parse ] --START--
INFO: [ template_filter ] --START--
INFO: Run Behavior\ContentReplaceBehavior [ RunTime:0.002223s ]
INFO: [ template_filter ] --END-- [ RunTime:0.002408s ]
NOTIC: [8] Undefined variable: list E:\document\localsite\php\personal\mysystem\Application\Runtime\Cache\Sadmin\308041bcdfedbf9482e20f8f6778f826.php 第 640 行.
NOTIC: [8] Undefined variable: pagination E:\document\localsite\php\personal\mysystem\Application\Runtime\Cache\Sadmin\308041bcdfedbf9482e20f8f6778f826.php 第 658 行.
INFO: Run Behavior\ParseTemplateBehavior [ RunTime:0.046782s ]
INFO: [ view_parse ] --END-- [ RunTime:0.046862s ]
INFO: [ view_filter ] --START--
INFO: Run Behavior\WriteHtmlCacheBehavior [ RunTime:0.000886s ]
INFO: Run Behavior\TokenBuildBehavior [ RunTime:0.005128s ]
INFO: [ view_filter ] --END-- [ RunTime:0.006140s ]
INFO: [ app_end ] --START--
INFO: Run Behavior\ShowPageTraceBehavior [ RunTime:0.001810s ]
INFO: [ app_end ] --END-- [ RunTime:0.001906s ]

[ 2016-08-03T10:57:39+08:00 ] ::1 /personal/mysystem/Sadmin/Function/index.html
INFO: [ app_init ] --START--
INFO: Run Behavior\BuildLiteBehavior [ RunTime:0.000019s ]
INFO: [ app_init ] --END-- [ RunTime:0.000941s ]
INFO: [ app_begin ] --START--
INFO: Run Behavior\ReadHtmlCacheBehavior [ RunTime:0.001140s ]
INFO: [ app_begin ] --END-- [ RunTime:0.001227s ]
NOTIC: [8192] mysql_connect(): The mysql extension is deprecated and will be removed in the future: use mysqli or PDO instead E:\document\localsite\php\personal\mysystem\ThinkPHP\Library\Think\Session\Driver\Db.class.php 第 95 行.
INFO: [ view_parse ] --START--
INFO: [ template_filter ] --START--
INFO: Run Behavior\ContentReplaceBehavior [ RunTime:0.000861s ]
INFO: [ template_filter ] --END-- [ RunTime:0.000948s ]
NOTIC: [8] Undefined variable: list E:\document\localsite\php\personal\mysystem\Application\Runtime\Cache\Sadmin\308041bcdfedbf9482e20f8f6778f826.php 第 640 行.
NOTIC: [8] Undefined variable: pagination E:\document\localsite\php\personal\mysystem\Application\Runtime\Cache\Sadmin\308041bcdfedbf9482e20f8f6778f826.php 第 658 行.
INFO: Run Behavior\ParseTemplateBehavior [ RunTime:0.041265s ]
INFO: [ view_parse ] --END-- [ RunTime:0.041367s ]
INFO: [ view_filter ] --START--
INFO: Run Behavior\WriteHtmlCacheBehavior [ RunTime:0.001375s ]
INFO: Run Behavior\TokenBuildBehavior [ RunTime:0.005368s ]
INFO: [ view_filter ] --END-- [ RunTime:0.006897s ]
INFO: [ app_end ] --START--
INFO: Run Behavior\ShowPageTraceBehavior [ RunTime:0.001425s ]
INFO: [ app_end ] --END-- [ RunTime:0.001537s ]

[ 2016-08-03T10:58:16+08:00 ] ::1 /personal/mysystem/Sadmin/Function/index.html
INFO: [ app_init ] --START--
INFO: Run Behavior\BuildLiteBehavior [ RunTime:0.000023s ]
INFO: [ app_init ] --END-- [ RunTime:0.000766s ]
INFO: [ app_begin ] --START--
INFO: Run Behavior\ReadHtmlCacheBehavior [ RunTime:0.001144s ]
INFO: [ app_begin ] --END-- [ RunTime:0.001240s ]
NOTIC: [8192] mysql_connect(): The mysql extension is deprecated and will be removed in the future: use mysqli or PDO instead E:\document\localsite\php\personal\mysystem\ThinkPHP\Library\Think\Session\Driver\Db.class.php 第 95 行.
INFO: [ view_parse ] --START--
INFO: [ template_filter ] --START--
INFO: Run Behavior\ContentReplaceBehavior [ RunTime:0.000852s ]
INFO: [ template_filter ] --END-- [ RunTime:0.000938s ]
NOTIC: [8] Undefined variable: list E:\document\localsite\php\personal\mysystem\Application\Runtime\Cache\Sadmin\308041bcdfedbf9482e20f8f6778f826.php 第 640 行.
NOTIC: [8] Undefined variable: pagination E:\document\localsite\php\personal\mysystem\Application\Runtime\Cache\Sadmin\308041bcdfedbf9482e20f8f6778f826.php 第 658 行.
INFO: Run Behavior\ParseTemplateBehavior [ RunTime:0.043439s ]
INFO: [ view_parse ] --END-- [ RunTime:0.043527s ]
INFO: [ view_filter ] --START--
INFO: Run Behavior\WriteHtmlCacheBehavior [ RunTime:0.000969s ]
INFO: Run Behavior\TokenBuildBehavior [ RunTime:0.005289s ]
INFO: [ view_filter ] --END-- [ RunTime:0.006381s ]
INFO: [ app_end ] --START--
INFO: Run Behavior\ShowPageTraceBehavior [ RunTime:0.001304s ]
INFO: [ app_end ] --END-- [ RunTime:0.001382s ]

[ 2016-08-03T10:58:49+08:00 ] ::1 /personal/mysystem/Sadmin/Function/index.html
INFO: [ app_init ] --START--
INFO: Run Behavior\BuildLiteBehavior [ RunTime:0.000021s ]
INFO: [ app_init ] --END-- [ RunTime:0.000693s ]
INFO: [ app_begin ] --START--
INFO: Run Behavior\ReadHtmlCacheBehavior [ RunTime:0.000879s ]
INFO: [ app_begin ] --END-- [ RunTime:0.000943s ]
NOTIC: [8192] mysql_connect(): The mysql extension is deprecated and will be removed in the future: use mysqli or PDO instead E:\document\localsite\php\personal\mysystem\ThinkPHP\Library\Think\Session\Driver\Db.class.php 第 95 行.
INFO: [ view_parse ] --START--
INFO: [ template_filter ] --START--
INFO: Run Behavior\ContentReplaceBehavior [ RunTime:0.000877s ]
INFO: [ template_filter ] --END-- [ RunTime:0.000964s ]
NOTIC: [8] Undefined variable: list E:\document\localsite\php\personal\mysystem\Application\Runtime\Cache\Sadmin\308041bcdfedbf9482e20f8f6778f826.php 第 640 行.
NOTIC: [8] Undefined variable: pagination E:\document\localsite\php\personal\mysystem\Application\Runtime\Cache\Sadmin\308041bcdfedbf9482e20f8f6778f826.php 第 658 行.
INFO: Run Behavior\ParseTemplateBehavior [ RunTime:0.045656s ]
INFO: [ view_parse ] --END-- [ RunTime:0.045736s ]
INFO: [ view_filter ] --START--
INFO: Run Behavior\WriteHtmlCacheBehavior [ RunTime:0.000763s ]
INFO: Run Behavior\TokenBuildBehavior [ RunTime:0.005252s ]
INFO: [ view_filter ] --END-- [ RunTime:0.006348s ]
INFO: [ app_end ] --START--
INFO: Run Behavior\ShowPageTraceBehavior [ RunTime:0.001378s ]
INFO: [ app_end ] --END-- [ RunTime:0.001509s ]

[ 2016-08-03T10:59:37+08:00 ] ::1 /personal/mysystem/Sadmin/Function/index.html
INFO: [ app_init ] --START--
INFO: Run Behavior\BuildLiteBehavior [ RunTime:0.000022s ]
INFO: [ app_init ] --END-- [ RunTime:0.000855s ]
INFO: [ app_begin ] --START--
INFO: Run Behavior\ReadHtmlCacheBehavior [ RunTime:0.001106s ]
INFO: [ app_begin ] --END-- [ RunTime:0.001189s ]
NOTIC: [8192] mysql_connect(): The mysql extension is deprecated and will be removed in the future: use mysqli or PDO instead E:\document\localsite\php\personal\mysystem\ThinkPHP\Library\Think\Session\Driver\Db.class.php 第 95 行.
INFO: [ view_parse ] --START--
INFO: [ template_filter ] --START--
INFO: Run Behavior\ContentReplaceBehavior [ RunTime:0.000853s ]
INFO: [ template_filter ] --END-- [ RunTime:0.000943s ]
NOTIC: [8] Undefined variable: list E:\document\localsite\php\personal\mysystem\Application\Runtime\Cache\Sadmin\308041bcdfedbf9482e20f8f6778f826.php 第 640 行.
NOTIC: [8] Undefined variable: pagination E:\document\localsite\php\personal\mysystem\Application\Runtime\Cache\Sadmin\308041bcdfedbf9482e20f8f6778f826.php 第 658 行.
INFO: Run Behavior\ParseTemplateBehavior [ RunTime:0.046899s ]
INFO: [ view_parse ] --END-- [ RunTime:0.047009s ]
INFO: [ view_filter ] --START--
INFO: Run Behavior\WriteHtmlCacheBehavior [ RunTime:0.001365s ]
INFO: Run Behavior\TokenBuildBehavior [ RunTime:0.006332s ]
INFO: [ view_filter ] --END-- [ RunTime:0.007890s ]
INFO: [ app_end ] --START--
INFO: Run Behavior\ShowPageTraceBehavior [ RunTime:0.001655s ]
INFO: [ app_end ] --END-- [ RunTime:0.002003s ]

[ 2016-08-03T11:01:26+08:00 ] ::1 /personal/mysystem/Sadmin/Function/index.html
INFO: [ app_init ] --START--
INFO: Run Behavior\BuildLiteBehavior [ RunTime:0.000036s ]
INFO: [ app_init ] --END-- [ RunTime:0.001133s ]
INFO: [ app_begin ] --START--
INFO: Run Behavior\ReadHtmlCacheBehavior [ RunTime:0.001249s ]
INFO: [ app_begin ] --END-- [ RunTime:0.001356s ]
NOTIC: [8192] mysql_connect(): The mysql extension is deprecated and will be removed in the future: use mysqli or PDO instead E:\document\localsite\php\personal\mysystem\ThinkPHP\Library\Think\Session\Driver\Db.class.php 第 95 行.
INFO: [ view_parse ] --START--
INFO: [ template_filter ] --START--
INFO: Run Behavior\ContentReplaceBehavior [ RunTime:0.000849s ]
INFO: [ template_filter ] --END-- [ RunTime:0.000937s ]
NOTIC: [8] Undefined variable: list E:\document\localsite\php\personal\mysystem\Application\Runtime\Cache\Sadmin\308041bcdfedbf9482e20f8f6778f826.php 第 640 行.
NOTIC: [8] Undefined variable: pagination E:\document\localsite\php\personal\mysystem\Application\Runtime\Cache\Sadmin\308041bcdfedbf9482e20f8f6778f826.php 第 658 行.
INFO: Run Behavior\ParseTemplateBehavior [ RunTime:0.043000s ]
INFO: [ view_parse ] --END-- [ RunTime:0.043082s ]
INFO: [ view_filter ] --START--
INFO: Run Behavior\WriteHtmlCacheBehavior [ RunTime:0.000977s ]
INFO: Run Behavior\TokenBuildBehavior [ RunTime:0.005019s ]
INFO: [ view_filter ] --END-- [ RunTime:0.006104s ]
INFO: [ app_end ] --START--
INFO: Run Behavior\ShowPageTraceBehavior [ RunTime:0.001290s ]
INFO: [ app_end ] --END-- [ RunTime:0.001366s ]

[ 2016-08-03T11:11:10+08:00 ] ::1 /personal/mysystem/Sadmin/Function/index.html
INFO: [ app_init ] --START--
INFO: Run Behavior\BuildLiteBehavior [ RunTime:0.000034s ]
INFO: [ app_init ] --END-- [ RunTime:0.000930s ]
INFO: [ app_begin ] --START--
INFO: Run Behavior\ReadHtmlCacheBehavior [ RunTime:0.001000s ]
INFO: [ app_begin ] --END-- [ RunTime:0.001079s ]
NOTIC: [8192] mysql_connect(): The mysql extension is deprecated and will be removed in the future: use mysqli or PDO instead E:\document\localsite\php\personal\mysystem\ThinkPHP\Library\Think\Session\Driver\Db.class.php 第 95 行.
INFO: [ view_parse ] --START--
INFO: [ template_filter ] --START--
INFO: Run Behavior\ContentReplaceBehavior [ RunTime:0.000851s ]
INFO: [ template_filter ] --END-- [ RunTime:0.000939s ]
NOTIC: [8] Undefined variable: list E:\document\localsite\php\personal\mysystem\Application\Runtime\Cache\Sadmin\308041bcdfedbf9482e20f8f6778f826.php 第 640 行.
NOTIC: [8] Undefined variable: pagination E:\document\localsite\php\personal\mysystem\Application\Runtime\Cache\Sadmin\308041bcdfedbf9482e20f8f6778f826.php 第 658 行.
INFO: Run Behavior\ParseTemplateBehavior [ RunTime:0.041531s ]
INFO: [ view_parse ] --END-- [ RunTime:0.041670s ]
INFO: [ view_filter ] --START--
INFO: Run Behavior\WriteHtmlCacheBehavior [ RunTime:0.001179s ]
INFO: Run Behavior\TokenBuildBehavior [ RunTime:0.005185s ]
INFO: [ view_filter ] --END-- [ RunTime:0.006477s ]
INFO: [ app_end ] --START--
INFO: Run Behavior\ShowPageTraceBehavior [ RunTime:0.001334s ]
INFO: [ app_end ] --END-- [ RunTime:0.001438s ]

[ 2016-08-03T11:12:14+08:00 ] ::1 /personal/mysystem/Sadmin/Function/add.html
INFO: [ app_init ] --START--
INFO: Run Behavior\BuildLiteBehavior [ RunTime:0.000084s ]
INFO: [ app_init ] --END-- [ RunTime:0.003592s ]
INFO: [ app_begin ] --START--
INFO: Run Behavior\ReadHtmlCacheBehavior [ RunTime:0.001686s ]
INFO: [ app_begin ] --END-- [ RunTime:0.001909s ]
NOTIC: [8192] mysql_connect(): The mysql extension is deprecated and will be removed in the future: use mysqli or PDO instead E:\document\localsite\php\personal\mysystem\ThinkPHP\Library\Think\Session\Driver\Db.class.php 第 95 行.

[ 2016-08-03T11:12:47+08:00 ] ::1 /personal/mysystem/Sadmin/Function/index.html
INFO: [ app_init ] --START--
INFO: Run Behavior\BuildLiteBehavior [ RunTime:0.000021s ]
INFO: [ app_init ] --END-- [ RunTime:0.000663s ]
INFO: [ app_begin ] --START--
INFO: Run Behavior\ReadHtmlCacheBehavior [ RunTime:0.001356s ]
INFO: [ app_begin ] --END-- [ RunTime:0.001474s ]
NOTIC: [8192] mysql_connect(): The mysql extension is deprecated and will be removed in the future: use mysqli or PDO instead E:\document\localsite\php\personal\mysystem\ThinkPHP\Library\Think\Session\Driver\Db.class.php 第 95 行.
INFO: [ view_parse ] --START--
INFO: [ template_filter ] --START--
INFO: Run Behavior\ContentReplaceBehavior [ RunTime:0.001007s ]
INFO: [ template_filter ] --END-- [ RunTime:0.001138s ]
NOTIC: [8] Undefined variable: list E:\document\localsite\php\personal\mysystem\Application\Runtime\Cache\Sadmin\308041bcdfedbf9482e20f8f6778f826.php 第 640 行.
NOTIC: [8] Undefined variable: pagination E:\document\localsite\php\personal\mysystem\Application\Runtime\Cache\Sadmin\308041bcdfedbf9482e20f8f6778f826.php 第 658 行.
INFO: Run Behavior\ParseTemplateBehavior [ RunTime:0.048442s ]
INFO: [ view_parse ] --END-- [ RunTime:0.048538s ]
INFO: [ view_filter ] --START--
INFO: Run Behavior\WriteHtmlCacheBehavior [ RunTime:0.000752s ]
INFO: Run Behavior\TokenBuildBehavior [ RunTime:0.004933s ]
INFO: [ view_filter ] --END-- [ RunTime:0.005781s ]
INFO: [ app_end ] --START--
INFO: Run Behavior\ShowPageTraceBehavior [ RunTime:0.001373s ]
INFO: [ app_end ] --END-- [ RunTime:0.001496s ]

[ 2016-08-03T11:13:54+08:00 ] ::1 /personal/mysystem/Sadmin/Function/index.html
INFO: [ app_init ] --START--
INFO: Run Behavior\BuildLiteBehavior [ RunTime:0.000022s ]
INFO: [ app_init ] --END-- [ RunTime:0.000666s ]
INFO: [ app_begin ] --START--
INFO: Run Behavior\ReadHtmlCacheBehavior [ RunTime:0.001010s ]
INFO: [ app_begin ] --END-- [ RunTime:0.001095s ]
NOTIC: [8192] mysql_connect(): The mysql extension is deprecated and will be removed in the future: use mysqli or PDO instead E:\document\localsite\php\personal\mysystem\ThinkPHP\Library\Think\Session\Driver\Db.class.php 第 95 行.
INFO: [ view_parse ] --START--
INFO: [ template_filter ] --START--
INFO: Run Behavior\ContentReplaceBehavior [ RunTime:0.000908s ]
INFO: [ template_filter ] --END-- [ RunTime:0.000998s ]
NOTIC: [8] Undefined variable: list E:\document\localsite\php\personal\mysystem\Application\Runtime\Cache\Sadmin\308041bcdfedbf9482e20f8f6778f826.php 第 640 行.
NOTIC: [8] Undefined variable: pagination E:\document\localsite\php\personal\mysystem\Application\Runtime\Cache\Sadmin\308041bcdfedbf9482e20f8f6778f826.php 第 658 行.
INFO: Run Behavior\ParseTemplateBehavior [ RunTime:0.041049s ]
INFO: [ view_parse ] --END-- [ RunTime:0.041146s ]
INFO: [ view_filter ] --START--
INFO: Run Behavior\WriteHtmlCacheBehavior [ RunTime:0.000796s ]
INFO: Run Behavior\TokenBuildBehavior [ RunTime:0.005592s ]
INFO: [ view_filter ] --END-- [ RunTime:0.006542s ]
INFO: [ app_end ] --START--
INFO: Run Behavior\ShowPageTraceBehavior [ RunTime:0.001944s ]
INFO: [ app_end ] --END-- [ RunTime:0.002104s ]

[ 2016-08-03T11:14:41+08:00 ] ::1 /personal/mysystem/Sadmin/Function/index.html
INFO: [ app_init ] --START--
INFO: Run Behavior\BuildLiteBehavior [ RunTime:0.000020s ]
INFO: [ app_init ] --END-- [ RunTime:0.000811s ]
INFO: [ app_begin ] --START--
INFO: Run Behavior\ReadHtmlCacheBehavior [ RunTime:0.001185s ]
INFO: [ app_begin ] --END-- [ RunTime:0.001277s ]
NOTIC: [8192] mysql_connect(): The mysql extension is deprecated and will be removed in the future: use mysqli or PDO instead E:\document\localsite\php\personal\mysystem\ThinkPHP\Library\Think\Session\Driver\Db.class.php 第 95 行.
INFO: [ view_parse ] --START--
INFO: [ template_filter ] --START--
INFO: Run Behavior\ContentReplaceBehavior [ RunTime:0.001298s ]
INFO: [ template_filter ] --END-- [ RunTime:0.001469s ]
NOTIC: [8] Undefined variable: list E:\document\localsite\php\personal\mysystem\Application\Runtime\Cache\Sadmin\308041bcdfedbf9482e20f8f6778f826.php 第 640 行.
NOTIC: [8] Undefined variable: pagination E:\document\localsite\php\personal\mysystem\Application\Runtime\Cache\Sadmin\308041bcdfedbf9482e20f8f6778f826.php 第 658 行.
INFO: Run Behavior\ParseTemplateBehavior [ RunTime:0.041887s ]
INFO: [ view_parse ] --END-- [ RunTime:0.041964s ]
INFO: [ view_filter ] --START--
INFO: Run Behavior\WriteHtmlCacheBehavior [ RunTime:0.000963s ]
INFO: Run Behavior\TokenBuildBehavior [ RunTime:0.005706s ]
INFO: [ view_filter ] --END-- [ RunTime:0.006834s ]
INFO: [ app_end ] --START--
INFO: Run Behavior\ShowPageTraceBehavior [ RunTime:0.001441s ]
INFO: [ app_end ] --END-- [ RunTime:0.001557s ]

