[ 2016-05-12T21:54:30+08:00 ] ::1 /personal/mysystem/Sadmin/login
INFO: [ app_begin ] --START--
INFO: Run Behavior\ReadHtmlCacheBehavior [ RunTime:0.005423s ]
INFO: [ app_begin ] --END-- [ RunTime:0.007284s ]
NOTIC: [8192] mysql_connect(): The mysql extension is deprecated and will be removed in the future: use mysqli or PDO instead E:\document\localsite\php\personal\mysystem\ThinkPHP\Library\Think\Session\Driver\Db.class.php 第 95 行.
INFO: [ view_parse ] --START--
INFO: [ template_filter ] --START--
INFO: Run Behavior\ContentReplaceBehavior [ RunTime:0.000282s ]
INFO: [ template_filter ] --END-- [ RunTime:0.000365s ]
INFO: Run Behavior\ParseTemplateBehavior [ RunTime:0.030888s ]
INFO: [ view_parse ] --END-- [ RunTime:0.031005s ]
INFO: [ view_filter ] --START--
INFO: Run Behavior\WriteHtmlCacheBehavior [ RunTime:0.000962s ]
INFO: Run Behavior\TokenBuildBehavior [ RunTime:0.002185s ]
INFO: [ view_filter ] --END-- [ RunTime:0.003223s ]
INFO: [ app_end ] --START--
INFO: Run Behavior\ShowPageTraceBehavior [ RunTime:0.001827s ]
INFO: [ app_end ] --END-- [ RunTime:0.001947s ]

[ 2016-05-12T22:13:04+08:00 ] ::1 /personal/mysystem/Sadmin/login
INFO: [ app_begin ] --START--
INFO: Run Behavior\ReadHtmlCacheBehavior [ RunTime:0.004828s ]
INFO: [ app_begin ] --END-- [ RunTime:0.006247s ]
NOTIC: [8192] mysql_connect(): The mysql extension is deprecated and will be removed in the future: use mysqli or PDO instead E:\document\localsite\php\personal\mysystem\ThinkPHP\Library\Think\Session\Driver\Db.class.php 第 95 行.
SQL: SHOW COLUMNS FROM `kl_sys_admin` [ RunTime:0.0179s ]
SQL: SELECT `name`,`password`,`encrypt` FROM `kl_sys_admin` WHERE ( name="$name" ) LIMIT 1   [ RunTime:0.0008s ]

[ 2016-05-12T22:13:19+08:00 ] ::1 /personal/mysystem/Sadmin/login
INFO: [ app_begin ] --START--
INFO: Run Behavior\ReadHtmlCacheBehavior [ RunTime:0.001768s ]
INFO: [ app_begin ] --END-- [ RunTime:0.003948s ]
NOTIC: [8192] mysql_connect(): The mysql extension is deprecated and will be removed in the future: use mysqli or PDO instead E:\document\localsite\php\personal\mysystem\ThinkPHP\Library\Think\Session\Driver\Db.class.php 第 95 行.
SQL: SHOW COLUMNS FROM `kl_sys_admin` [ RunTime:0.0209s ]
SQL: SELECT `name`,`password`,`encrypt` FROM `kl_sys_admin` WHERE ( name="$name" ) LIMIT 1   [ RunTime:0.0006s ]

[ 2016-05-12T22:14:50+08:00 ] ::1 /personal/mysystem/Sadmin/login
INFO: [ app_begin ] --START--
INFO: Run Behavior\ReadHtmlCacheBehavior [ RunTime:0.001961s ]
INFO: [ app_begin ] --END-- [ RunTime:0.003191s ]
NOTIC: [8192] mysql_connect(): The mysql extension is deprecated and will be removed in the future: use mysqli or PDO instead E:\document\localsite\php\personal\mysystem\ThinkPHP\Library\Think\Session\Driver\Db.class.php 第 95 行.
SQL: SHOW COLUMNS FROM `kl_sys_admin` [ RunTime:0.0200s ]
ERR: 1064:You have an error in your SQL syntax; check the manual that corresponds to your MySQL server version for the right syntax to use near '"{$name} ) LIMIT 1' at line 1
 [ SQL语句 ] : SELECT `name`,`password`,`encrypt` FROM `kl_sys_admin` WHERE ( name="{$name} ) LIMIT 1  
ERR: 1064:You have an error in your SQL syntax; check the manual that corresponds to your MySQL server version for the right syntax to use near '"{$name} ) LIMIT 1' at line 1
 [ SQL语句 ] : SELECT `name`,`password`,`encrypt` FROM `kl_sys_admin` WHERE ( name="{$name} ) LIMIT 1  

[ 2016-05-12T22:15:24+08:00 ] ::1 /personal/mysystem/Sadmin/login
INFO: [ app_begin ] --START--
INFO: Run Behavior\ReadHtmlCacheBehavior [ RunTime:0.001589s ]
INFO: [ app_begin ] --END-- [ RunTime:0.003435s ]
NOTIC: [8192] mysql_connect(): The mysql extension is deprecated and will be removed in the future: use mysqli or PDO instead E:\document\localsite\php\personal\mysystem\ThinkPHP\Library\Think\Session\Driver\Db.class.php 第 95 行.
SQL: SHOW COLUMNS FROM `kl_sys_admin` [ RunTime:0.0171s ]
SQL: SELECT `name`,`password`,`encrypt` FROM `kl_sys_admin` WHERE ( name='kunlun' ) LIMIT 1   [ RunTime:0.0008s ]

[ 2016-05-12T22:18:40+08:00 ] ::1 /personal/mysystem/Sadmin/login
INFO: [ app_begin ] --START--
INFO: Run Behavior\ReadHtmlCacheBehavior [ RunTime:0.002713s ]
INFO: [ app_begin ] --END-- [ RunTime:0.005714s ]
NOTIC: [8192] mysql_connect(): The mysql extension is deprecated and will be removed in the future: use mysqli or PDO instead E:\document\localsite\php\personal\mysystem\ThinkPHP\Library\Think\Session\Driver\Db.class.php 第 95 行.
SQL: SHOW COLUMNS FROM `kl_sys_admin` [ RunTime:0.0200s ]
SQL: SELECT `name`,`password`,`encrypt` FROM `kl_sys_admin` WHERE ( name='kunlun1' ) LIMIT 1   [ RunTime:0.0005s ]

[ 2016-05-12T22:26:02+08:00 ] ::1 /personal/mysystem/Sadmin/login
INFO: [ app_begin ] --START--
INFO: Run Behavior\ReadHtmlCacheBehavior [ RunTime:0.005139s ]
INFO: [ app_begin ] --END-- [ RunTime:0.006265s ]
NOTIC: [8192] mysql_connect(): The mysql extension is deprecated and will be removed in the future: use mysqli or PDO instead E:\document\localsite\php\personal\mysystem\ThinkPHP\Library\Think\Session\Driver\Db.class.php 第 95 行.
SQL: SHOW COLUMNS FROM `kl_sys_admin` [ RunTime:0.0521s ]
SQL: SELECT `name`,`password`,`encrypt` FROM `kl_sys_admin` WHERE ( name='fgh' ) LIMIT 1   [ RunTime:0.0005s ]

[ 2016-05-12T22:26:08+08:00 ] ::1 /personal/mysystem/Sadmin/login
INFO: [ app_begin ] --START--
INFO: Run Behavior\ReadHtmlCacheBehavior [ RunTime:0.002083s ]
INFO: [ app_begin ] --END-- [ RunTime:0.003810s ]
NOTIC: [8192] mysql_connect(): The mysql extension is deprecated and will be removed in the future: use mysqli or PDO instead E:\document\localsite\php\personal\mysystem\ThinkPHP\Library\Think\Session\Driver\Db.class.php 第 95 行.
SQL: SHOW COLUMNS FROM `kl_sys_admin` [ RunTime:0.0238s ]
SQL: SELECT `name`,`password`,`encrypt` FROM `kl_sys_admin` WHERE ( name='kunlun' ) LIMIT 1   [ RunTime:0.0006s ]

[ 2016-05-12T22:26:14+08:00 ] ::1 /personal/mysystem/Sadmin/login
INFO: [ app_begin ] --START--
INFO: Run Behavior\ReadHtmlCacheBehavior [ RunTime:0.001412s ]
INFO: [ app_begin ] --END-- [ RunTime:0.002995s ]
NOTIC: [8192] mysql_connect(): The mysql extension is deprecated and will be removed in the future: use mysqli or PDO instead E:\document\localsite\php\personal\mysystem\ThinkPHP\Library\Think\Session\Driver\Db.class.php 第 95 行.
SQL: SHOW COLUMNS FROM `kl_sys_admin` [ RunTime:0.1348s ]
SQL: SELECT `name`,`password`,`encrypt` FROM `kl_sys_admin` WHERE ( name='kunlun' ) LIMIT 1   [ RunTime:0.0006s ]

[ 2016-05-12T22:26:15+08:00 ] ::1 /personal/mysystem/Sadmin/Sadmin/Index.html
ERR: 无法加载控制器:Sadmin

[ 2016-05-12T22:29:01+08:00 ] ::1 /personal/mysystem/Sadmin/login
INFO: [ app_begin ] --START--
INFO: Run Behavior\ReadHtmlCacheBehavior [ RunTime:0.004529s ]
INFO: [ app_begin ] --END-- [ RunTime:0.008036s ]
NOTIC: [8192] mysql_connect(): The mysql extension is deprecated and will be removed in the future: use mysqli or PDO instead E:\document\localsite\php\personal\mysystem\ThinkPHP\Library\Think\Session\Driver\Db.class.php 第 95 行.
SQL: SHOW COLUMNS FROM `kl_sys_admin` [ RunTime:0.0133s ]
SQL: SELECT `name`,`password`,`encrypt` FROM `kl_sys_admin` WHERE ( name='fhj' ) LIMIT 1   [ RunTime:0.0007s ]

[ 2016-05-12T22:29:06+08:00 ] ::1 /personal/mysystem/Sadmin/login
INFO: [ app_begin ] --START--
INFO: Run Behavior\ReadHtmlCacheBehavior [ RunTime:0.001352s ]
INFO: [ app_begin ] --END-- [ RunTime:0.002460s ]
NOTIC: [8192] mysql_connect(): The mysql extension is deprecated and will be removed in the future: use mysqli or PDO instead E:\document\localsite\php\personal\mysystem\ThinkPHP\Library\Think\Session\Driver\Db.class.php 第 95 行.
SQL: SHOW COLUMNS FROM `kl_sys_admin` [ RunTime:0.0182s ]
SQL: SELECT `name`,`password`,`encrypt` FROM `kl_sys_admin` WHERE ( name='kunlun' ) LIMIT 1   [ RunTime:0.0005s ]

[ 2016-05-12T22:29:11+08:00 ] ::1 /personal/mysystem/Sadmin/login
INFO: [ app_begin ] --START--
INFO: Run Behavior\ReadHtmlCacheBehavior [ RunTime:0.001179s ]
INFO: [ app_begin ] --END-- [ RunTime:0.002138s ]
NOTIC: [8192] mysql_connect(): The mysql extension is deprecated and will be removed in the future: use mysqli or PDO instead E:\document\localsite\php\personal\mysystem\ThinkPHP\Library\Think\Session\Driver\Db.class.php 第 95 行.
SQL: SHOW COLUMNS FROM `kl_sys_admin` [ RunTime:0.0193s ]
SQL: SELECT `name`,`password`,`encrypt` FROM `kl_sys_admin` WHERE ( name='kunlun' ) LIMIT 1   [ RunTime:0.0015s ]

[ 2016-05-12T22:32:48+08:00 ] ::1 /personal/mysystem/Sadmin/login
INFO: [ app_begin ] --START--
INFO: Run Behavior\ReadHtmlCacheBehavior [ RunTime:0.003549s ]
INFO: [ app_begin ] --END-- [ RunTime:0.005239s ]
NOTIC: [8192] mysql_connect(): The mysql extension is deprecated and will be removed in the future: use mysqli or PDO instead E:\document\localsite\php\personal\mysystem\ThinkPHP\Library\Think\Session\Driver\Db.class.php 第 95 行.
SQL: SHOW COLUMNS FROM `kl_sys_admin` [ RunTime:0.0178s ]
SQL: SELECT `name`,`password`,`encrypt` FROM `kl_sys_admin` WHERE ( name='kunlun' ) LIMIT 1   [ RunTime:0.0006s ]

[ 2016-05-12T22:32:52+08:00 ] ::1 /personal/mysystem/Sadmin/login
INFO: [ app_begin ] --START--
INFO: Run Behavior\ReadHtmlCacheBehavior [ RunTime:0.001089s ]
INFO: [ app_begin ] --END-- [ RunTime:0.001906s ]
NOTIC: [8192] mysql_connect(): The mysql extension is deprecated and will be removed in the future: use mysqli or PDO instead E:\document\localsite\php\personal\mysystem\ThinkPHP\Library\Think\Session\Driver\Db.class.php 第 95 行.
SQL: SHOW COLUMNS FROM `kl_sys_admin` [ RunTime:0.0183s ]
SQL: SELECT `name`,`password`,`encrypt` FROM `kl_sys_admin` WHERE ( name='kunlun' ) LIMIT 1   [ RunTime:0.0007s ]

