[ 2016-07-17T10:14:30+08:00 ] ::1 /personal/mysystem/
INFO: [ app_init ] --START--
INFO: Run Behavior\BuildLiteBehavior [ RunTime:0.000034s ]
INFO: [ app_init ] --END-- [ RunTime:0.041519s ]
INFO: [ app_begin ] --START--
INFO: Run Behavior\ReadHtmlCacheBehavior [ RunTime:0.046888s ]
INFO: [ app_begin ] --END-- [ RunTime:0.047123s ]
NOTIC: [8192] mysql_connect(): The mysql extension is deprecated and will be removed in the future: use mysqli or PDO instead E:\document\localsite\php\personal\mysystem\ThinkPHP\Library\Think\Session\Driver\Db.class.php 第 95 行.
INFO: [ view_parse ] --START--
INFO: [ template_filter ] --START--
INFO: Run Behavior\ContentReplaceBehavior [ RunTime:0.002514s ]
INFO: [ template_filter ] --END-- [ RunTime:0.002754s ]
INFO: Run Behavior\ParseTemplateBehavior [ RunTime:0.207260s ]
INFO: [ view_parse ] --END-- [ RunTime:0.207416s ]
INFO: [ view_filter ] --START--
INFO: Run Behavior\WriteHtmlCacheBehavior [ RunTime:0.018425s ]
INFO: Run Behavior\TokenBuildBehavior [ RunTime:0.003996s ]
INFO: [ view_filter ] --END-- [ RunTime:0.022622s ]
INFO: [ app_end ] --START--
INFO: Run Behavior\ShowPageTraceBehavior [ RunTime:0.002815s ]
INFO: [ app_end ] --END-- [ RunTime:0.002916s ]

