[ 2016-06-22T18:52:59+08:00 ] ::1 /amos/git/mysystem/sasmin
ERR: 无法加载模块:Sasmin

[ 2016-06-22T18:53:35+08:00 ] ::1 /amos/git/mysystem/upload/avatar/2016/06/22/kunlun_big.png
ERR: 无法加载模块:Upload

[ 2016-06-22T18:53:38+08:00 ] ::1 /amos/git/mysystem/upload/avatar/2016/06/22/kunlun_big.png
ERR: 无法加载模块:Upload

[ 2016-06-22T18:53:38+08:00 ] ::1 /amos/git/mysystem/upload/avatar/2016/06/22/kunlun_big.png
ERR: 无法加载模块:Upload

[ 2016-06-22T18:53:44+08:00 ] ::1 /amos/git/mysystem/static/backed/assets/global/plugins/datatables/pdfmake.min.js.map
ERR: 无法加载模块:Static

[ 2016-06-22T18:55:02+08:00 ] ::1 /amos/git/mysystem/upload/avatar/2016/06/22/kunlun_big.png
ERR: 无法加载模块:Upload

[ 2016-06-22T18:55:38+08:00 ] ::1 /amos/git/mysystem/upload/avatar/2016/06/22/kunlun_big.png
ERR: 无法加载模块:Upload

[ 2016-06-22T18:55:39+08:00 ] ::1 /amos/git/mysystem/static/backed/assets/global/plugins/datatables/pdfmake.min.js.map
ERR: 无法加载模块:Static

[ 2016-06-22T18:55:41+08:00 ] ::1 /amos/git/mysystem/upload/avatar/2016/06/22/kunlun_big.png
ERR: 无法加载模块:Upload

[ 2016-06-22T18:55:42+08:00 ] ::1 /amos/git/mysystem/static/backed/assets/global/plugins/datatables/pdfmake.min.js.map
ERR: 无法加载模块:Static

[ 2016-06-22T18:55:42+08:00 ] ::1 /amos/git/mysystem/upload/avatar/2016/06/22/kunlun_big.png?1466592942337
ERR: 无法加载模块:Upload

[ 2016-06-22T18:55:58+08:00 ] ::1 /amos/git/mysystem/upload/avatar/2016/06/22/kunlun_big.png
ERR: 无法加载模块:Upload

[ 2016-06-22T18:55:59+08:00 ] ::1 /amos/git/mysystem/static/backed/assets/global/plugins/datatables/pdfmake.min.js.map
ERR: 无法加载模块:Static

[ 2016-06-22T18:59:38+08:00 ] ::1 /amos/git/mysystem/upload/avatar/2016/06/22/kunlun_big.png
ERR: 无法加载模块:Upload

[ 2016-06-22T18:59:39+08:00 ] ::1 /amos/git/mysystem/static/backed/assets/global/plugins/datatables/pdfmake.min.js.map
ERR: 无法加载模块:Static

[ 2016-06-22T18:59:44+08:00 ] ::1 /amos/git/mysystem/upload/avatar/2016/06/22/kunlun_big.png
ERR: 无法加载模块:Upload

[ 2016-06-22T18:59:45+08:00 ] ::1 /amos/git/mysystem/static/backed/assets/global/plugins/datatables/pdfmake.min.js.map
ERR: 无法加载模块:Static

[ 2016-06-22T18:59:53+08:00 ] ::1 /amos/git/mysystem/static/backed/assets/global/plugins/datatables/pdfmake.min.js.map
ERR: 无法加载模块:Static

[ 2016-06-22T19:00:11+08:00 ] ::1 /amos/git/mysystem/static/backed/assets/global/plugins/datatables/pdfmake.min.js.map
ERR: 无法加载模块:Static

[ 2016-06-22T19:00:19+08:00 ] ::1 /amos/git/mysystem/static/backed/assets/global/plugins/datatables/pdfmake.min.js.map
ERR: 无法加载模块:Static

[ 2016-06-22T19:00:30+08:00 ] ::1 /amos/git/mysystem/static/backed/assets/global/plugins/datatables/pdfmake.min.js.map
ERR: 无法加载模块:Static

[ 2016-06-22T19:00:44+08:00 ] ::1 /amos/git/mysystem/favicon.ico
ERR: 无法加载模块:Favicon

[ 2016-06-22T19:01:11+08:00 ] ::1 /amos/git/mysystem/ui_colors.html
ERR: 无法加载模块:Ui_colors

[ 2016-06-22T19:09:44+08:00 ] ::1 /amos/git/mysystem/page_general_search_3.html
ERR: 无法加载模块:Page_general_search_3

