[ 2016-05-14T13:15:16+08:00 ] ::1 /personal/mysystem/favicon.ico
ERR: 无法加载模块:Favicon

[ 2016-05-14T13:22:02+08:00 ] ::1 /personal/mysystem/U('Sadmin/Login/index')
ERR: 无法加载模块:U('Sadmin

[ 2016-05-14T13:22:32+08:00 ] ::1 /personal/mysystem/U('Sadmin/Login/index')
ERR: 无法加载模块:U('Sadmin

[ 2016-05-14T13:23:00+08:00 ] ::1 /personal/mysystem/U('Sadmin/Login/index')
ERR: 无法加载模块:U('Sadmin

[ 2016-05-14T13:23:02+08:00 ] ::1 /personal/mysystem/U('Sadmin/Login/index')
ERR: 无法加载模块:U('Sadmin

[ 2016-05-14T13:23:03+08:00 ] ::1 /personal/mysystem/U('Sadmin/Login/index')
ERR: 无法加载模块:U('Sadmin

[ 2016-05-14T13:24:24+08:00 ] ::1 /personal/mysystem/%7BU('Sadmin/Login/index')%7D
ERR: 无法加载模块:{U('Sadmin

[ 2016-05-14T13:24:34+08:00 ] ::1 /personal/mysystem/%7BU('Sadmin/Login/index')%7D
ERR: 无法加载模块:{U('Sadmin

[ 2016-05-14T13:28:25+08:00 ] ::1 /personal/mysystem/static/backed/assets/global/plugins/datatables/pdfmake.min.js.map
ERR: 无法加载模块:Static

[ 2016-05-14T13:30:20+08:00 ] ::1 /personal/mysystem/static/backed/assets/global/plugins/datatables/pdfmake.min.js.map
ERR: 无法加载模块:Static

[ 2016-05-14T13:30:35+08:00 ] ::1 /personal/mysystem/static/backed/assets/global/plugins/datatables/pdfmake.min.js.map
ERR: 无法加载模块:Static

[ 2016-05-14T13:30:43+08:00 ] ::1 /personal/mysystem/static/backed/assets/global/plugins/datatables/pdfmake.min.js.map
ERR: 无法加载模块:Static

[ 2016-05-14T13:41:33+08:00 ] ::1 /personal/mysystem/static/backed/assets/global/plugins/datatables/pdfmake.min.js.map
ERR: 无法加载模块:Static

[ 2016-05-14T13:41:35+08:00 ] ::1 /personal/mysystem/static/backed/assets/global/plugins/datatables/pdfmake.min.js.map
ERR: 无法加载模块:Static

[ 2016-05-14T13:43:28+08:00 ] ::1 /personal/mysystem/static/backed/assets/pages/scripts/ui-bootbox.min.js
ERR: 无法加载模块:Static

[ 2016-05-14T13:43:29+08:00 ] ::1 /personal/mysystem/static/backed/assets/global/plugins/datatables/pdfmake.min.js.map
ERR: 无法加载模块:Static

[ 2016-05-14T13:44:44+08:00 ] ::1 /personal/mysystem/static/backed/assets/global/plugins/datatables/pdfmake.min.js.map
ERR: 无法加载模块:Static

[ 2016-05-14T13:46:16+08:00 ] ::1 /personal/mysystem/static/backed/assets/global/plugins/datatables/pdfmake.min.js.map
ERR: 无法加载模块:Static

[ 2016-05-14T13:48:07+08:00 ] ::1 /personal/mysystem/static/backed/assets/global/plugins/datatables/pdfmake.min.js.map
ERR: 无法加载模块:Static

[ 2016-05-14T13:49:04+08:00 ] ::1 /personal/mysystem/static/backed/assets/global/plugins/datatables/pdfmake.min.js.map
ERR: 无法加载模块:Static

[ 2016-05-14T13:49:46+08:00 ] ::1 /personal/mysystem/static/backed/assets/global/plugins/datatables/pdfmake.min.js.map
ERR: 无法加载模块:Static

[ 2016-05-14T13:53:01+08:00 ] ::1 /personal/mysystem/static/backed/assets/global/plugins/datatables/pdfmake.min.js.map
ERR: 无法加载模块:Static

[ 2016-05-14T13:53:12+08:00 ] ::1 /personal/mysystem/static/backed/assets/global/plugins/datatables/pdfmake.min.js.map
ERR: 无法加载模块:Static

[ 2016-05-14T13:53:22+08:00 ] ::1 /personal/mysystem/static/backed/assets/global/plugins/datatables/pdfmake.min.js.map
ERR: 无法加载模块:Static

[ 2016-05-14T13:54:21+08:00 ] ::1 /personal/mysystem/static/backed/assets/global/plugins/datatables/pdfmake.min.js.map
ERR: 无法加载模块:Static

[ 2016-05-14T13:54:42+08:00 ] ::1 /personal/mysystem/static/backed/assets/global/plugins/datatables/pdfmake.min.js.map
ERR: 无法加载模块:Static

[ 2016-05-14T13:54:46+08:00 ] ::1 /personal/mysystem/static/backed/assets/global/plugins/datatables/pdfmake.min.js.map
ERR: 无法加载模块:Static

[ 2016-05-14T13:55:05+08:00 ] ::1 /personal/mysystem/static/backed/assets/global/plugins/datatables/pdfmake.min.js.map
ERR: 无法加载模块:Static

[ 2016-05-14T13:55:25+08:00 ] ::1 /personal/mysystem/static/backed/assets/global/plugins/datatables/pdfmake.min.js.map
ERR: 无法加载模块:Static

[ 2016-05-14T13:55:29+08:00 ] ::1 /personal/mysystem/static/backed/assets/global/plugins/datatables/pdfmake.min.js.map
ERR: 无法加载模块:Static

[ 2016-05-14T13:57:05+08:00 ] ::1 /personal/mysystem/static/backed/assets/global/plugins/datatables/pdfmake.min.js.map
ERR: 无法加载模块:Static

[ 2016-05-14T13:58:19+08:00 ] ::1 /personal/mysystem/static/backed/assets/global/plugins/datatables/pdfmake.min.js.map
ERR: 无法加载模块:Static

[ 2016-05-14T13:59:00+08:00 ] ::1 /personal/mysystem/static/backed/assets/global/plugins/datatables/pdfmake.min.js.map
ERR: 无法加载模块:Static

