[ 2016-03-12T12:46:13+08:00 ] ::1 /personal/thinkphp323/favicon.ico
ERR: 无法加载模块:Favicon

[ 2016-03-12T13:04:18+08:00 ] ::1 /personal/thinkphp323/static/backed/assets/plugins/select2/css/select2.min.css
ERR: 无法加载模块:Static

[ 2016-03-12T13:04:18+08:00 ] ::1 /personal/thinkphp323/static/backed/assets/plugins/font-awesome/css/font-awesome.min.css
ERR: 无法加载模块:Static

[ 2016-03-12T13:04:18+08:00 ] ::1 /personal/thinkphp323/static/backed/assets/plugins/bootstrap/css/bootstrap.min.css
ERR: 无法加载模块:Static

[ 2016-03-12T13:04:18+08:00 ] ::1 /personal/thinkphp323/static/backed/assets/plugins/uniform/css/uniform.default.css
ERR: 无法加载模块:Static

[ 2016-03-12T13:04:18+08:00 ] ::1 /personal/thinkphp323/static/backed/assets/plugins/bootstrap-switch/css/bootstrap-switch.min.css
ERR: 无法加载模块:Static

[ 2016-03-12T13:04:18+08:00 ] ::1 /personal/thinkphp323/static/backed/assets/plugins/simple-line-icons/simple-line-icons.min.css
ERR: 无法加载模块:Static

[ 2016-03-12T13:04:19+08:00 ] ::1 /personal/thinkphp323/static/backed/assets/plugins/select2/css/select2-bootstrap.min.css
ERR: 无法加载模块:Static

[ 2016-03-12T13:04:19+08:00 ] ::1 /personal/thinkphp323/static/backed/assets/plugins/js.cookie.min.js
ERR: 无法加载模块:Static

[ 2016-03-12T13:04:19+08:00 ] ::1 /personal/thinkphp323/static/backed/assets/plugins/bootstrap-hover-dropdown/bootstrap-hover-dropdown.min.js
ERR: 无法加载模块:Static

[ 2016-03-12T13:04:19+08:00 ] ::1 /personal/thinkphp323/static/backed/assets/plugins/jquery.min.js
ERR: 无法加载模块:Static

[ 2016-03-12T13:04:19+08:00 ] ::1 /personal/thinkphp323/static/backed/assets/plugins/bootstrap/js/bootstrap.min.js
ERR: 无法加载模块:Static

[ 2016-03-12T13:04:19+08:00 ] ::1 /personal/thinkphp323/static/backed/assets/plugins/jquery-slimscroll/jquery.slimscroll.min.js
ERR: 无法加载模块:Static

[ 2016-03-12T13:04:19+08:00 ] ::1 /personal/thinkphp323/static/backed/assets/plugins/jquery.blockui.min.js
ERR: 无法加载模块:Static

[ 2016-03-12T13:04:19+08:00 ] ::1 /personal/thinkphp323/static/backed/assets/plugins/uniform/jquery.uniform.min.js
ERR: 无法加载模块:Static

[ 2016-03-12T13:04:19+08:00 ] ::1 /personal/thinkphp323/static/backed/assets/plugins/select2/js/select2.full.min.js
ERR: 无法加载模块:Static

[ 2016-03-12T13:04:19+08:00 ] ::1 /personal/thinkphp323/static/backed/assets/plugins/jquery-validation/js/additional-methods.min.js
ERR: 无法加载模块:Static

[ 2016-03-12T13:04:19+08:00 ] ::1 /personal/thinkphp323/static/backed/assets/plugins/bootstrap-switch/js/bootstrap-switch.min.js
ERR: 无法加载模块:Static

[ 2016-03-12T13:04:19+08:00 ] ::1 /personal/thinkphp323/static/backed/assets/plugins/jquery-validation/js/jquery.validate.min.js
ERR: 无法加载模块:Static

[ 2016-03-12T13:04:20+08:00 ] ::1 /personal/thinkphp323/static/backed/assets/scripts/app.min.js
ERR: 无法加载模块:Static

[ 2016-03-12T13:04:32+08:00 ] ::1 /personal/thinkphp323/static/backed/assets/plugins/font-awesome/css/font-awesome.min.css
ERR: 无法加载模块:Static

[ 2016-03-12T13:04:32+08:00 ] ::1 /personal/thinkphp323/static/backed/assets/plugins/uniform/css/uniform.default.css
ERR: 无法加载模块:Static

[ 2016-03-12T13:04:32+08:00 ] ::1 /personal/thinkphp323/static/backed/assets/plugins/select2/css/select2.min.css
ERR: 无法加载模块:Static

[ 2016-03-12T13:04:32+08:00 ] ::1 /personal/thinkphp323/static/backed/assets/plugins/simple-line-icons/simple-line-icons.min.css
ERR: 无法加载模块:Static

[ 2016-03-12T13:04:32+08:00 ] ::1 /personal/thinkphp323/static/backed/assets/plugins/bootstrap/css/bootstrap.min.css
ERR: 无法加载模块:Static

[ 2016-03-12T13:04:32+08:00 ] ::1 /personal/thinkphp323/static/backed/assets/plugins/bootstrap-switch/css/bootstrap-switch.min.css
ERR: 无法加载模块:Static

[ 2016-03-12T13:04:32+08:00 ] ::1 /personal/thinkphp323/static/backed/assets/plugins/select2/css/select2-bootstrap.min.css
ERR: 无法加载模块:Static

[ 2016-03-12T13:04:32+08:00 ] ::1 /personal/thinkphp323/static/backed/assets/plugins/jquery.min.js
ERR: 无法加载模块:Static

[ 2016-03-12T13:04:32+08:00 ] ::1 /personal/thinkphp323/static/backed/assets/plugins/bootstrap/js/bootstrap.min.js
ERR: 无法加载模块:Static

[ 2016-03-12T13:04:32+08:00 ] ::1 /personal/thinkphp323/static/backed/assets/plugins/bootstrap-hover-dropdown/bootstrap-hover-dropdown.min.js
ERR: 无法加载模块:Static

[ 2016-03-12T13:04:32+08:00 ] ::1 /personal/thinkphp323/static/backed/assets/plugins/js.cookie.min.js
ERR: 无法加载模块:Static

[ 2016-03-12T13:04:33+08:00 ] ::1 /personal/thinkphp323/static/backed/assets/plugins/jquery-slimscroll/jquery.slimscroll.min.js
ERR: 无法加载模块:Static

[ 2016-03-12T13:04:33+08:00 ] ::1 /personal/thinkphp323/static/backed/assets/plugins/jquery.blockui.min.js
ERR: 无法加载模块:Static

[ 2016-03-12T13:04:33+08:00 ] ::1 /personal/thinkphp323/static/backed/assets/plugins/uniform/jquery.uniform.min.js
ERR: 无法加载模块:Static

[ 2016-03-12T13:04:33+08:00 ] ::1 /personal/thinkphp323/static/backed/assets/plugins/bootstrap-switch/js/bootstrap-switch.min.js
ERR: 无法加载模块:Static

[ 2016-03-12T13:04:33+08:00 ] ::1 /personal/thinkphp323/static/backed/assets/plugins/jquery-validation/js/additional-methods.min.js
ERR: 无法加载模块:Static

[ 2016-03-12T13:04:33+08:00 ] ::1 /personal/thinkphp323/static/backed/assets/plugins/jquery-validation/js/jquery.validate.min.js
ERR: 无法加载模块:Static

[ 2016-03-12T13:04:33+08:00 ] ::1 /personal/thinkphp323/static/backed/assets/plugins/select2/js/select2.full.min.js
ERR: 无法加载模块:Static

[ 2016-03-12T13:04:33+08:00 ] ::1 /personal/thinkphp323/static/backed/assets/scripts/app.min.js
ERR: 无法加载模块:Static

[ 2016-03-12T13:04:44+08:00 ] ::1 /personal/thinkphp323/static/backed/assets/plugins/simple-line-icons/simple-line-icons.min.css
ERR: 无法加载模块:Static

[ 2016-03-12T13:04:44+08:00 ] ::1 /personal/thinkphp323/static/backed/assets/plugins/bootstrap-switch/css/bootstrap-switch.min.css
ERR: 无法加载模块:Static

[ 2016-03-12T13:04:44+08:00 ] ::1 /personal/thinkphp323/static/backed/assets/plugins/font-awesome/css/font-awesome.min.css
ERR: 无法加载模块:Static

[ 2016-03-12T13:04:44+08:00 ] ::1 /personal/thinkphp323/static/backed/assets/plugins/select2/css/select2.min.css
ERR: 无法加载模块:Static

[ 2016-03-12T13:04:44+08:00 ] ::1 /personal/thinkphp323/static/backed/assets/plugins/uniform/css/uniform.default.css
ERR: 无法加载模块:Static

[ 2016-03-12T13:04:44+08:00 ] ::1 /personal/thinkphp323/static/backed/assets/plugins/bootstrap/css/bootstrap.min.css
ERR: 无法加载模块:Static

[ 2016-03-12T13:04:44+08:00 ] ::1 /personal/thinkphp323/static/backed/assets/plugins/select2/css/select2-bootstrap.min.css
ERR: 无法加载模块:Static

[ 2016-03-12T13:04:44+08:00 ] ::1 /personal/thinkphp323/static/backed/assets/plugins/jquery.min.js
ERR: 无法加载模块:Static

[ 2016-03-12T13:04:44+08:00 ] ::1 /personal/thinkphp323/static/backed/assets/plugins/bootstrap/js/bootstrap.min.js
ERR: 无法加载模块:Static

[ 2016-03-12T13:04:44+08:00 ] ::1 /personal/thinkphp323/static/backed/assets/plugins/js.cookie.min.js
ERR: 无法加载模块:Static

[ 2016-03-12T13:04:44+08:00 ] ::1 /personal/thinkphp323/static/backed/assets/plugins/jquery-slimscroll/jquery.slimscroll.min.js
ERR: 无法加载模块:Static

[ 2016-03-12T13:04:44+08:00 ] ::1 /personal/thinkphp323/static/backed/assets/plugins/bootstrap-hover-dropdown/bootstrap-hover-dropdown.min.js
ERR: 无法加载模块:Static

[ 2016-03-12T13:04:45+08:00 ] ::1 /personal/thinkphp323/static/backed/assets/plugins/jquery.blockui.min.js
ERR: 无法加载模块:Static

[ 2016-03-12T13:04:45+08:00 ] ::1 /personal/thinkphp323/static/backed/assets/plugins/uniform/jquery.uniform.min.js
ERR: 无法加载模块:Static

[ 2016-03-12T13:04:45+08:00 ] ::1 /personal/thinkphp323/static/backed/assets/plugins/bootstrap-switch/js/bootstrap-switch.min.js
ERR: 无法加载模块:Static

[ 2016-03-12T13:04:45+08:00 ] ::1 /personal/thinkphp323/static/backed/assets/plugins/jquery-validation/js/jquery.validate.min.js
ERR: 无法加载模块:Static

[ 2016-03-12T13:04:45+08:00 ] ::1 /personal/thinkphp323/static/backed/assets/plugins/jquery-validation/js/additional-methods.min.js
ERR: 无法加载模块:Static

[ 2016-03-12T13:04:45+08:00 ] ::1 /personal/thinkphp323/static/backed/assets/plugins/select2/js/select2.full.min.js
ERR: 无法加载模块:Static

[ 2016-03-12T13:04:45+08:00 ] ::1 /personal/thinkphp323/static/backed/assets/scripts/app.min.js
ERR: 无法加载模块:Static

[ 2016-03-12T13:04:47+08:00 ] ::1 /personal/thinkphp323/static/backed/assets/plugins/uniform/css/uniform.default.css
ERR: 无法加载模块:Static

[ 2016-03-12T13:04:47+08:00 ] ::1 /personal/thinkphp323/static/backed/assets/plugins/bootstrap/css/bootstrap.min.css
ERR: 无法加载模块:Static

[ 2016-03-12T13:04:47+08:00 ] ::1 /personal/thinkphp323/static/backed/assets/plugins/simple-line-icons/simple-line-icons.min.css
ERR: 无法加载模块:Static

[ 2016-03-12T13:04:47+08:00 ] ::1 /personal/thinkphp323/static/backed/assets/plugins/bootstrap-switch/css/bootstrap-switch.min.css
ERR: 无法加载模块:Static

[ 2016-03-12T13:04:47+08:00 ] ::1 /personal/thinkphp323/static/backed/assets/plugins/font-awesome/css/font-awesome.min.css
ERR: 无法加载模块:Static

[ 2016-03-12T13:04:47+08:00 ] ::1 /personal/thinkphp323/static/backed/assets/plugins/select2/css/select2.min.css
ERR: 无法加载模块:Static

[ 2016-03-12T13:04:47+08:00 ] ::1 /personal/thinkphp323/static/backed/assets/plugins/select2/css/select2-bootstrap.min.css
ERR: 无法加载模块:Static

[ 2016-03-12T13:04:56+08:00 ] ::1 /personal/thinkphp323/static/backed/assets/plugins/bootstrap-switch/css/bootstrap-switch.min.css
ERR: 无法加载模块:Static

[ 2016-03-12T13:04:56+08:00 ] ::1 /personal/thinkphp323/static/backed/assets/plugins/font-awesome/css/font-awesome.min.css
ERR: 无法加载模块:Static

[ 2016-03-12T13:04:56+08:00 ] ::1 /personal/thinkphp323/static/backed/assets/plugins/bootstrap/css/bootstrap.min.css
ERR: 无法加载模块:Static

[ 2016-03-12T13:04:56+08:00 ] ::1 /personal/thinkphp323/static/backed/assets/plugins/simple-line-icons/simple-line-icons.min.css
ERR: 无法加载模块:Static

[ 2016-03-12T13:04:56+08:00 ] ::1 /personal/thinkphp323/static/backed/assets/plugins/select2/css/select2.min.css
ERR: 无法加载模块:Static

[ 2016-03-12T13:04:56+08:00 ] ::1 /personal/thinkphp323/static/backed/assets/plugins/uniform/css/uniform.default.css
ERR: 无法加载模块:Static

[ 2016-03-12T13:04:56+08:00 ] ::1 /personal/thinkphp323/static/backed/assets/plugins/select2/css/select2-bootstrap.min.css
ERR: 无法加载模块:Static

[ 2016-03-12T13:04:56+08:00 ] ::1 /personal/thinkphp323/static/backed/assets/plugins/jquery.min.js
ERR: 无法加载模块:Static

[ 2016-03-12T13:04:56+08:00 ] ::1 /personal/thinkphp323/static/backed/assets/plugins/bootstrap/js/bootstrap.min.js
ERR: 无法加载模块:Static

[ 2016-03-12T13:04:56+08:00 ] ::1 /personal/thinkphp323/static/backed/assets/plugins/jquery-slimscroll/jquery.slimscroll.min.js
ERR: 无法加载模块:Static

[ 2016-03-12T13:04:56+08:00 ] ::1 /personal/thinkphp323/static/backed/assets/plugins/bootstrap-hover-dropdown/bootstrap-hover-dropdown.min.js
ERR: 无法加载模块:Static

[ 2016-03-12T13:04:56+08:00 ] ::1 /personal/thinkphp323/static/backed/assets/plugins/js.cookie.min.js
ERR: 无法加载模块:Static

[ 2016-03-12T13:04:56+08:00 ] ::1 /personal/thinkphp323/static/backed/assets/plugins/jquery.blockui.min.js
ERR: 无法加载模块:Static

[ 2016-03-12T13:04:57+08:00 ] ::1 /personal/thinkphp323/static/backed/assets/plugins/uniform/jquery.uniform.min.js
ERR: 无法加载模块:Static

[ 2016-03-12T13:04:57+08:00 ] ::1 /personal/thinkphp323/static/backed/assets/plugins/select2/js/select2.full.min.js
ERR: 无法加载模块:Static

[ 2016-03-12T13:04:57+08:00 ] ::1 /personal/thinkphp323/static/backed/assets/plugins/jquery-validation/js/additional-methods.min.js
ERR: 无法加载模块:Static

[ 2016-03-12T13:04:57+08:00 ] ::1 /personal/thinkphp323/static/backed/assets/plugins/bootstrap-switch/js/bootstrap-switch.min.js
ERR: 无法加载模块:Static

[ 2016-03-12T13:04:57+08:00 ] ::1 /personal/thinkphp323/static/backed/assets/scripts/app.min.js
ERR: 无法加载模块:Static

[ 2016-03-12T13:04:57+08:00 ] ::1 /personal/thinkphp323/static/backed/assets/plugins/jquery-validation/js/jquery.validate.min.js
ERR: 无法加载模块:Static

[ 2016-03-12T13:06:05+08:00 ] ::1 /personal/thinkphp323/static/backed/assets/global/pages/css/login.min.css
ERR: 无法加载模块:Static

[ 2016-03-12T13:06:05+08:00 ] ::1 /personal/thinkphp323/static/backed/assets/global/global/css/components.min.css
ERR: 无法加载模块:Static

[ 2016-03-12T13:06:05+08:00 ] ::1 /personal/thinkphp323/static/backed/assets/global/global/css/plugins.min.css
ERR: 无法加载模块:Static

[ 2016-03-12T13:06:05+08:00 ] ::1 /personal/thinkphp323/static/backed/assets/global/pages/scripts/login.min.js
ERR: 无法加载模块:Static

[ 2016-03-12T13:06:05+08:00 ] ::1 /personal/thinkphp323/static/backed/assets/global/pages/img/logo-big.png
ERR: 无法加载模块:Static

[ 2016-03-12T13:06:09+08:00 ] ::1 /personal/thinkphp323/static/backed/assets/global/global/css/components.min.css
ERR: 无法加载模块:Static

[ 2016-03-12T13:06:09+08:00 ] ::1 /personal/thinkphp323/static/backed/assets/global/pages/css/login.min.css
ERR: 无法加载模块:Static

[ 2016-03-12T13:06:09+08:00 ] ::1 /personal/thinkphp323/static/backed/assets/global/pages/scripts/login.min.js
ERR: 无法加载模块:Static

[ 2016-03-12T13:06:09+08:00 ] ::1 /personal/thinkphp323/static/backed/assets/global/global/css/plugins.min.css
ERR: 无法加载模块:Static

[ 2016-03-12T13:06:09+08:00 ] ::1 /personal/thinkphp323/static/backed/assets/global/pages/img/logo-big.png
ERR: 无法加载模块:Static

[ 2016-03-12T13:06:38+08:00 ] ::1 /personal/thinkphp323/static/backed/assets/global/pages/css/login.min.css
ERR: 无法加载模块:Static

[ 2016-03-12T13:06:38+08:00 ] ::1 /personal/thinkphp323/static/backed/assets/global/pages/scripts/login.min.js
ERR: 无法加载模块:Static

[ 2016-03-12T13:06:38+08:00 ] ::1 /personal/thinkphp323/static/backed/assets/global/pages/img/logo-big.png
ERR: 无法加载模块:Static

[ 2016-03-12T13:07:01+08:00 ] ::1 /personal/thinkphp323/static/backed/assets/global/pages/scripts/login.min.js
ERR: 无法加载模块:Static

[ 2016-03-12T13:07:01+08:00 ] ::1 /personal/thinkphp323/static/backed/assets/global/pages/img/logo-big.png
ERR: 无法加载模块:Static

[ 2016-03-12T13:07:36+08:00 ] ::1 /personal/thinkphp323/static/backed/assets/global/pages/img/logo-big.png
ERR: 无法加载模块:Static

[ 2016-03-12T13:08:48+08:00 ] ::1 /personal/thinkphp323/static/backed/assets/plugins/font-awesome/css/font-awesome.min.css
ERR: 无法加载模块:Static

[ 2016-03-12T13:08:48+08:00 ] ::1 /personal/thinkphp323/static/backed/assets/plugins/bootstrap/css/bootstrap.min.css
ERR: 无法加载模块:Static

[ 2016-03-12T13:08:48+08:00 ] ::1 /personal/thinkphp323/static/backed/assets/plugins/simple-line-icons/simple-line-icons.min.css
ERR: 无法加载模块:Static

[ 2016-03-12T13:08:48+08:00 ] ::1 /personal/thinkphp323/static/backed/assets/plugins/bootstrap-switch/css/bootstrap-switch.min.css
ERR: 无法加载模块:Static

[ 2016-03-12T13:08:48+08:00 ] ::1 /personal/thinkphp323/static/backed/assets/plugins/select2/css/select2.min.css
ERR: 无法加载模块:Static

[ 2016-03-12T13:08:48+08:00 ] ::1 /personal/thinkphp323/static/backed/assets/plugins/uniform/css/uniform.default.css
ERR: 无法加载模块:Static

[ 2016-03-12T13:08:49+08:00 ] ::1 /personal/thinkphp323/static/backed/assets/plugins/select2/css/select2-bootstrap.min.css
ERR: 无法加载模块:Static

[ 2016-03-12T13:08:49+08:00 ] ::1 /personal/thinkphp323/static/backed/assets/plugins/jquery.min.js
ERR: 无法加载模块:Static

[ 2016-03-12T13:08:49+08:00 ] ::1 /personal/thinkphp323/static/backed/assets/plugins/js.cookie.min.js
ERR: 无法加载模块:Static

[ 2016-03-12T13:08:49+08:00 ] ::1 /personal/thinkphp323/static/backed/assets/plugins/bootstrap-hover-dropdown/bootstrap-hover-dropdown.min.js
ERR: 无法加载模块:Static

[ 2016-03-12T13:08:49+08:00 ] ::1 /personal/thinkphp323/static/backed/assets/plugins/bootstrap/js/bootstrap.min.js
ERR: 无法加载模块:Static

[ 2016-03-12T13:08:49+08:00 ] ::1 /personal/thinkphp323/static/backed/assets/plugins/jquery-slimscroll/jquery.slimscroll.min.js
ERR: 无法加载模块:Static

[ 2016-03-12T13:08:49+08:00 ] ::1 /personal/thinkphp323/static/backed/assets/plugins/jquery.blockui.min.js
ERR: 无法加载模块:Static

[ 2016-03-12T13:08:49+08:00 ] ::1 /personal/thinkphp323/static/backed/assets/plugins/uniform/jquery.uniform.min.js
ERR: 无法加载模块:Static

[ 2016-03-12T13:08:49+08:00 ] ::1 /personal/thinkphp323/static/backed/assets/plugins/bootstrap-switch/js/bootstrap-switch.min.js
ERR: 无法加载模块:Static

[ 2016-03-12T13:08:49+08:00 ] ::1 /personal/thinkphp323/static/backed/assets/plugins/jquery-validation/js/jquery.validate.min.js
ERR: 无法加载模块:Static

[ 2016-03-12T13:08:49+08:00 ] ::1 /personal/thinkphp323/static/backed/assets/plugins/jquery-validation/js/additional-methods.min.js
ERR: 无法加载模块:Static

[ 2016-03-12T13:08:49+08:00 ] ::1 /personal/thinkphp323/static/backed/assets/plugins/select2/js/select2.full.min.js
ERR: 无法加载模块:Static

[ 2016-03-12T13:08:49+08:00 ] ::1 /personal/thinkphp323/static/backed/assets/scripts/app.min.js
ERR: 无法加载模块:Static

