[ 2016-03-09T12:20:27+08:00 ] ::1 /amos/thinkphp323/media/css/bootstrap.min.css
INFO: [ app_init ] --START--
INFO: Run Behavior\BuildLiteBehavior [ RunTime:0.000023s ]
INFO: [ app_init ] --END-- [ RunTime:0.000463s ]
ERR: 无法加载模块:Media

[ 2016-03-09T12:20:27+08:00 ] ::1 /amos/thinkphp323/media/css/bootstrap-responsive.min.css
INFO: [ app_init ] --START--
INFO: Run Behavior\BuildLiteBehavior [ RunTime:0.000025s ]
INFO: [ app_init ] --END-- [ RunTime:0.000705s ]
ERR: 无法加载模块:Media

[ 2016-03-09T12:20:27+08:00 ] ::1 /amos/thinkphp323/media/css/font-awesome.min.css
INFO: [ app_init ] --START--
INFO: Run Behavior\BuildLiteBehavior [ RunTime:0.000023s ]
INFO: [ app_init ] --END-- [ RunTime:0.000547s ]
ERR: 无法加载模块:Media

[ 2016-03-09T12:20:27+08:00 ] ::1 /amos/thinkphp323/media/css/default.css
INFO: [ app_init ] --START--
INFO: Run Behavior\BuildLiteBehavior [ RunTime:0.000027s ]
INFO: [ app_init ] --END-- [ RunTime:0.000706s ]
ERR: 无法加载模块:Media

[ 2016-03-09T12:20:27+08:00 ] ::1 /amos/thinkphp323/media/css/uniform.default.css
INFO: [ app_init ] --START--
INFO: Run Behavior\BuildLiteBehavior [ RunTime:0.000024s ]
INFO: [ app_init ] --END-- [ RunTime:0.000581s ]
ERR: 无法加载模块:Media

[ 2016-03-09T12:20:27+08:00 ] ::1 /amos/thinkphp323/media/css/style.css
INFO: [ app_init ] --START--
INFO: Run Behavior\BuildLiteBehavior [ RunTime:0.000024s ]
INFO: [ app_init ] --END-- [ RunTime:0.000532s ]
ERR: 无法加载模块:Media

[ 2016-03-09T12:20:27+08:00 ] ::1 /amos/thinkphp323/media/js/jquery-1.10.1.min.js
INFO: [ app_init ] --START--
INFO: Run Behavior\BuildLiteBehavior [ RunTime:0.000024s ]
INFO: [ app_init ] --END-- [ RunTime:0.000555s ]
ERR: 无法加载模块:Media

[ 2016-03-09T12:20:27+08:00 ] ::1 /amos/thinkphp323/media/js/jquery-ui-1.10.1.custom.min.js
INFO: [ app_init ] --START--
INFO: Run Behavior\BuildLiteBehavior [ RunTime:0.000024s ]
INFO: [ app_init ] --END-- [ RunTime:0.000546s ]
ERR: 无法加载模块:Media

[ 2016-03-09T12:20:27+08:00 ] ::1 /amos/thinkphp323/media/js/bootstrap.min.js
INFO: [ app_init ] --START--
INFO: Run Behavior\BuildLiteBehavior [ RunTime:0.000024s ]
INFO: [ app_init ] --END-- [ RunTime:0.000478s ]
ERR: 无法加载模块:Media

[ 2016-03-09T12:20:27+08:00 ] ::1 /amos/thinkphp323/media/js/jquery-migrate-1.2.1.min.js
INFO: [ app_init ] --START--
INFO: Run Behavior\BuildLiteBehavior [ RunTime:0.000026s ]
INFO: [ app_init ] --END-- [ RunTime:0.000469s ]
ERR: 无法加载模块:Media

[ 2016-03-09T12:20:27+08:00 ] ::1 /amos/thinkphp323/media/css/style-metro.css
INFO: [ app_init ] --START--
INFO: Run Behavior\BuildLiteBehavior [ RunTime:0.000028s ]
INFO: [ app_init ] --END-- [ RunTime:0.000648s ]
ERR: 无法加载模块:Media

[ 2016-03-09T12:20:27+08:00 ] ::1 /amos/thinkphp323/media/css/style-responsive.css
INFO: [ app_init ] --START--
INFO: Run Behavior\BuildLiteBehavior [ RunTime:0.000024s ]
INFO: [ app_init ] --END-- [ RunTime:0.000561s ]
ERR: 无法加载模块:Media

[ 2016-03-09T12:20:27+08:00 ] ::1 /amos/thinkphp323/media/js/jquery.slimscroll.min.js
INFO: [ app_init ] --START--
INFO: Run Behavior\BuildLiteBehavior [ RunTime:0.000029s ]
INFO: [ app_init ] --END-- [ RunTime:0.001341s ]
ERR: 无法加载模块:Media

[ 2016-03-09T12:20:27+08:00 ] ::1 /amos/thinkphp323/media/js/jquery.cookie.min.js
INFO: [ app_init ] --START--
INFO: Run Behavior\BuildLiteBehavior [ RunTime:0.000025s ]
INFO: [ app_init ] --END-- [ RunTime:0.000484s ]
ERR: 无法加载模块:Media

[ 2016-03-09T12:20:27+08:00 ] ::1 /amos/thinkphp323/media/js/jquery.uniform.min.js
INFO: [ app_init ] --START--
INFO: Run Behavior\BuildLiteBehavior [ RunTime:0.000024s ]
INFO: [ app_init ] --END-- [ RunTime:0.000460s ]
ERR: 无法加载模块:Media

[ 2016-03-09T12:20:27+08:00 ] ::1 /amos/thinkphp323/media/js/app.js
INFO: [ app_init ] --START--
INFO: Run Behavior\BuildLiteBehavior [ RunTime:0.000031s ]
INFO: [ app_init ] --END-- [ RunTime:0.001976s ]
ERR: 无法加载模块:Media

[ 2016-03-09T12:20:27+08:00 ] ::1 /amos/thinkphp323/media/image/logo.png
INFO: [ app_init ] --START--
INFO: Run Behavior\BuildLiteBehavior [ RunTime:0.000027s ]
INFO: [ app_init ] --END-- [ RunTime:0.000507s ]
ERR: 无法加载模块:Media

[ 2016-03-09T12:20:27+08:00 ] ::1 /amos/thinkphp323/media/js/jquery.blockui.min.js
INFO: [ app_init ] --START--
INFO: Run Behavior\BuildLiteBehavior [ RunTime:0.000026s ]
INFO: [ app_init ] --END-- [ RunTime:0.000858s ]
ERR: 无法加载模块:Media

[ 2016-03-09T12:20:27+08:00 ] ::1 /amos/thinkphp323/media/image/avatar2.jpg
INFO: [ app_init ] --START--
INFO: Run Behavior\BuildLiteBehavior [ RunTime:0.000027s ]
INFO: [ app_init ] --END-- [ RunTime:0.000508s ]
ERR: 无法加载模块:Media

[ 2016-03-09T12:20:27+08:00 ] ::1 /amos/thinkphp323/media/image/menu-toggler.png
INFO: [ app_init ] --START--
INFO: Run Behavior\BuildLiteBehavior [ RunTime:0.000025s ]
INFO: [ app_init ] --END-- [ RunTime:0.000465s ]
ERR: 无法加载模块:Media

[ 2016-03-09T12:20:27+08:00 ] ::1 /amos/thinkphp323/media/image/avatar1.jpg
INFO: [ app_init ] --START--
INFO: Run Behavior\BuildLiteBehavior [ RunTime:0.000023s ]
INFO: [ app_init ] --END-- [ RunTime:0.000456s ]
ERR: 无法加载模块:Media

[ 2016-03-09T12:20:27+08:00 ] ::1 /amos/thinkphp323/media/image/avatar1_small.jpg
INFO: [ app_init ] --START--
INFO: Run Behavior\BuildLiteBehavior [ RunTime:0.000029s ]
INFO: [ app_init ] --END-- [ RunTime:0.000768s ]
ERR: 无法加载模块:Media

[ 2016-03-09T12:20:27+08:00 ] ::1 /amos/thinkphp323/media/image/avatar3.jpg
INFO: [ app_init ] --START--
INFO: Run Behavior\BuildLiteBehavior [ RunTime:0.000033s ]
INFO: [ app_init ] --END-- [ RunTime:0.001572s ]
ERR: 无法加载模块:Media

[ 2016-03-09T12:20:27+08:00 ] ::1 /amos/thinkphp323/media/image/favicon.ico
INFO: [ app_init ] --START--
INFO: Run Behavior\BuildLiteBehavior [ RunTime:0.000027s ]
INFO: [ app_init ] --END-- [ RunTime:0.000540s ]
ERR: 无法加载模块:Media

[ 2016-03-09T12:20:32+08:00 ] ::1 /amos/thinkphp323/media/css/bootstrap.min.css
INFO: [ app_init ] --START--
INFO: Run Behavior\BuildLiteBehavior [ RunTime:0.000027s ]
INFO: [ app_init ] --END-- [ RunTime:0.000545s ]
ERR: 无法加载模块:Media

[ 2016-03-09T12:20:32+08:00 ] ::1 /amos/thinkphp323/media/css/style-metro.css
INFO: [ app_init ] --START--
INFO: Run Behavior\BuildLiteBehavior [ RunTime:0.000027s ]
INFO: [ app_init ] --END-- [ RunTime:0.000667s ]
ERR: 无法加载模块:Media

[ 2016-03-09T12:20:32+08:00 ] ::1 /amos/thinkphp323/media/css/style-responsive.css
INFO: [ app_init ] --START--
INFO: Run Behavior\BuildLiteBehavior [ RunTime:0.000027s ]
INFO: [ app_init ] --END-- [ RunTime:0.000484s ]
ERR: 无法加载模块:Media

[ 2016-03-09T12:20:32+08:00 ] ::1 /amos/thinkphp323/media/css/bootstrap-responsive.min.css
INFO: [ app_init ] --START--
INFO: Run Behavior\BuildLiteBehavior [ RunTime:0.000029s ]
INFO: [ app_init ] --END-- [ RunTime:0.000545s ]
ERR: 无法加载模块:Media

[ 2016-03-09T12:20:32+08:00 ] ::1 /amos/thinkphp323/media/css/font-awesome.min.css
INFO: [ app_init ] --START--
INFO: Run Behavior\BuildLiteBehavior [ RunTime:0.000034s ]
INFO: [ app_init ] --END-- [ RunTime:0.000797s ]
ERR: 无法加载模块:Media

[ 2016-03-09T12:20:32+08:00 ] ::1 /amos/thinkphp323/media/css/default.css
INFO: [ app_init ] --START--
INFO: Run Behavior\BuildLiteBehavior [ RunTime:0.000026s ]
INFO: [ app_init ] --END-- [ RunTime:0.000600s ]
ERR: 无法加载模块:Media

[ 2016-03-09T12:20:32+08:00 ] ::1 /amos/thinkphp323/media/css/style.css
INFO: [ app_init ] --START--
INFO: Run Behavior\BuildLiteBehavior [ RunTime:0.000025s ]
INFO: [ app_init ] --END-- [ RunTime:0.000454s ]
ERR: 无法加载模块:Media

[ 2016-03-09T12:20:32+08:00 ] ::1 /amos/thinkphp323/media/css/uniform.default.css
INFO: [ app_init ] --START--
INFO: Run Behavior\BuildLiteBehavior [ RunTime:0.000026s ]
INFO: [ app_init ] --END-- [ RunTime:0.000658s ]
ERR: 无法加载模块:Media

[ 2016-03-09T12:20:37+08:00 ] ::1 /amos/thinkphp323/media/css/bootstrap-responsive.min.css
INFO: [ app_init ] --START--
INFO: Run Behavior\BuildLiteBehavior [ RunTime:0.000025s ]
INFO: [ app_init ] --END-- [ RunTime:0.000476s ]
ERR: 无法加载模块:Media

[ 2016-03-09T12:20:37+08:00 ] ::1 /amos/thinkphp323/media/css/style-responsive.css
INFO: [ app_init ] --START--
INFO: Run Behavior\BuildLiteBehavior [ RunTime:0.000025s ]
INFO: [ app_init ] --END-- [ RunTime:0.000495s ]
ERR: 无法加载模块:Media

[ 2016-03-09T12:20:37+08:00 ] ::1 /amos/thinkphp323/media/css/style.css
INFO: [ app_init ] --START--
INFO: Run Behavior\BuildLiteBehavior [ RunTime:0.000025s ]
INFO: [ app_init ] --END-- [ RunTime:0.000599s ]
ERR: 无法加载模块:Media

[ 2016-03-09T12:20:37+08:00 ] ::1 /amos/thinkphp323/media/css/default.css
INFO: [ app_init ] --START--
INFO: Run Behavior\BuildLiteBehavior [ RunTime:0.000026s ]
INFO: [ app_init ] --END-- [ RunTime:0.000490s ]
ERR: 无法加载模块:Media

[ 2016-03-09T12:20:37+08:00 ] ::1 /amos/thinkphp323/media/css/style-metro.css
INFO: [ app_init ] --START--
INFO: Run Behavior\BuildLiteBehavior [ RunTime:0.000049s ]
INFO: [ app_init ] --END-- [ RunTime:0.000948s ]
ERR: 无法加载模块:Media

[ 2016-03-09T12:20:37+08:00 ] ::1 /amos/thinkphp323/media/css/uniform.default.css
INFO: [ app_init ] --START--
INFO: Run Behavior\BuildLiteBehavior [ RunTime:0.000024s ]
INFO: [ app_init ] --END-- [ RunTime:0.000583s ]
ERR: 无法加载模块:Media

[ 2016-03-09T12:20:37+08:00 ] ::1 /amos/thinkphp323/media/css/font-awesome.min.css
INFO: [ app_init ] --START--
INFO: Run Behavior\BuildLiteBehavior [ RunTime:0.000028s ]
INFO: [ app_init ] --END-- [ RunTime:0.000626s ]
ERR: 无法加载模块:Media

[ 2016-03-09T12:20:37+08:00 ] ::1 /amos/thinkphp323/media/js/jquery-1.10.1.min.js
INFO: [ app_init ] --START--
INFO: Run Behavior\BuildLiteBehavior [ RunTime:0.000026s ]
INFO: [ app_init ] --END-- [ RunTime:0.000455s ]
ERR: 无法加载模块:Media

[ 2016-03-09T12:20:37+08:00 ] ::1 /amos/thinkphp323/media/js/bootstrap.min.js
INFO: [ app_init ] --START--
INFO: Run Behavior\BuildLiteBehavior [ RunTime:0.000028s ]
INFO: [ app_init ] --END-- [ RunTime:0.000705s ]
ERR: 无法加载模块:Media

[ 2016-03-09T12:20:37+08:00 ] ::1 /amos/thinkphp323/media/js/jquery.blockui.min.js
INFO: [ app_init ] --START--
INFO: Run Behavior\BuildLiteBehavior [ RunTime:0.000026s ]
INFO: [ app_init ] --END-- [ RunTime:0.000544s ]
ERR: 无法加载模块:Media

[ 2016-03-09T12:20:37+08:00 ] ::1 /amos/thinkphp323/media/js/jquery.slimscroll.min.js
INFO: [ app_init ] --START--
INFO: Run Behavior\BuildLiteBehavior [ RunTime:0.000029s ]
INFO: [ app_init ] --END-- [ RunTime:0.001778s ]
ERR: 无法加载模块:Media

[ 2016-03-09T12:20:37+08:00 ] ::1 /amos/thinkphp323/media/js/jquery-migrate-1.2.1.min.js
INFO: [ app_init ] --START--
INFO: Run Behavior\BuildLiteBehavior [ RunTime:0.000028s ]
INFO: [ app_init ] --END-- [ RunTime:0.000505s ]
ERR: 无法加载模块:Media

[ 2016-03-09T12:20:37+08:00 ] ::1 /amos/thinkphp323/media/js/jquery-ui-1.10.1.custom.min.js
INFO: [ app_init ] --START--
INFO: Run Behavior\BuildLiteBehavior [ RunTime:0.000074s ]
INFO: [ app_init ] --END-- [ RunTime:0.000523s ]
ERR: 无法加载模块:Media

[ 2016-03-09T12:20:37+08:00 ] ::1 /amos/thinkphp323/media/js/jquery.uniform.min.js
INFO: [ app_init ] --START--
INFO: Run Behavior\BuildLiteBehavior [ RunTime:0.000025s ]
INFO: [ app_init ] --END-- [ RunTime:0.000475s ]
ERR: 无法加载模块:Media

[ 2016-03-09T12:20:37+08:00 ] ::1 /amos/thinkphp323/media/js/app.js
INFO: [ app_init ] --START--
INFO: Run Behavior\BuildLiteBehavior [ RunTime:0.000026s ]
INFO: [ app_init ] --END-- [ RunTime:0.000537s ]
ERR: 无法加载模块:Media

[ 2016-03-09T12:20:37+08:00 ] ::1 /amos/thinkphp323/media/image/logo.png
INFO: [ app_init ] --START--
INFO: Run Behavior\BuildLiteBehavior [ RunTime:0.000029s ]
INFO: [ app_init ] --END-- [ RunTime:0.000578s ]
ERR: 无法加载模块:Media

[ 2016-03-09T12:20:37+08:00 ] ::1 /amos/thinkphp323/media/css/bootstrap.min.css
INFO: [ app_init ] --START--
INFO: Run Behavior\BuildLiteBehavior [ RunTime:0.000026s ]
INFO: [ app_init ] --END-- [ RunTime:0.000467s ]
ERR: 无法加载模块:Media

[ 2016-03-09T12:20:37+08:00 ] ::1 /amos/thinkphp323/media/image/avatar2.jpg
INFO: [ app_init ] --START--
INFO: Run Behavior\BuildLiteBehavior [ RunTime:0.000026s ]
INFO: [ app_init ] --END-- [ RunTime:0.000462s ]
ERR: 无法加载模块:Media

[ 2016-03-09T12:20:37+08:00 ] ::1 /amos/thinkphp323/media/image/menu-toggler.png
INFO: [ app_init ] --START--
INFO: Run Behavior\BuildLiteBehavior [ RunTime:0.000026s ]
INFO: [ app_init ] --END-- [ RunTime:0.000525s ]
ERR: 无法加载模块:Media

[ 2016-03-09T12:20:37+08:00 ] ::1 /amos/thinkphp323/media/image/avatar1_small.jpg
INFO: [ app_init ] --START--
INFO: Run Behavior\BuildLiteBehavior [ RunTime:0.000024s ]
INFO: [ app_init ] --END-- [ RunTime:0.000472s ]
ERR: 无法加载模块:Media

[ 2016-03-09T12:20:37+08:00 ] ::1 /amos/thinkphp323/media/image/avatar1.jpg
INFO: [ app_init ] --START--
INFO: Run Behavior\BuildLiteBehavior [ RunTime:0.000023s ]
INFO: [ app_init ] --END-- [ RunTime:0.000467s ]
ERR: 无法加载模块:Media

[ 2016-03-09T12:20:37+08:00 ] ::1 /amos/thinkphp323/media/image/avatar3.jpg
INFO: [ app_init ] --START--
INFO: Run Behavior\BuildLiteBehavior [ RunTime:0.000028s ]
INFO: [ app_init ] --END-- [ RunTime:0.000609s ]
ERR: 无法加载模块:Media

[ 2016-03-09T12:20:37+08:00 ] ::1 /amos/thinkphp323/media/js/jquery.cookie.min.js
INFO: [ app_init ] --START--
INFO: Run Behavior\BuildLiteBehavior [ RunTime:0.000030s ]
INFO: [ app_init ] --END-- [ RunTime:0.000645s ]
ERR: 无法加载模块:Media

[ 2016-03-09T12:21:49+08:00 ] ::1 /amos/thinkphp323/media/css/bootstrap.min.css
INFO: [ app_init ] --START--
INFO: Run Behavior\BuildLiteBehavior [ RunTime:0.000025s ]
INFO: [ app_init ] --END-- [ RunTime:0.000577s ]
ERR: 无法加载模块:Media

[ 2016-03-09T12:21:49+08:00 ] ::1 /amos/thinkphp323/media/css/default.css
INFO: [ app_init ] --START--
INFO: Run Behavior\BuildLiteBehavior [ RunTime:0.000026s ]
INFO: [ app_init ] --END-- [ RunTime:0.000548s ]
ERR: 无法加载模块:Media

[ 2016-03-09T12:21:49+08:00 ] ::1 /amos/thinkphp323/media/css/uniform.default.css
INFO: [ app_init ] --START--
INFO: Run Behavior\BuildLiteBehavior [ RunTime:0.000034s ]
INFO: [ app_init ] --END-- [ RunTime:0.000679s ]
ERR: 无法加载模块:Media

[ 2016-03-09T12:21:49+08:00 ] ::1 /amos/thinkphp323/media/js/jquery-1.10.1.min.js
INFO: [ app_init ] --START--
INFO: Run Behavior\BuildLiteBehavior [ RunTime:0.000056s ]
INFO: [ app_init ] --END-- [ RunTime:0.000626s ]
ERR: 无法加载模块:Media

[ 2016-03-09T12:21:49+08:00 ] ::1 /amos/thinkphp323/media/js/jquery-migrate-1.2.1.min.js
INFO: [ app_init ] --START--
INFO: Run Behavior\BuildLiteBehavior [ RunTime:0.000026s ]
INFO: [ app_init ] --END-- [ RunTime:0.000634s ]
ERR: 无法加载模块:Media

[ 2016-03-09T12:21:49+08:00 ] ::1 /amos/thinkphp323/media/js/jquery-ui-1.10.1.custom.min.js
INFO: [ app_init ] --START--
INFO: Run Behavior\BuildLiteBehavior [ RunTime:0.000544s ]
INFO: [ app_init ] --END-- [ RunTime:0.001086s ]
ERR: 无法加载模块:Media

[ 2016-03-09T12:21:49+08:00 ] ::1 /amos/thinkphp323/media/js/bootstrap.min.js
INFO: [ app_init ] --START--
INFO: Run Behavior\BuildLiteBehavior [ RunTime:0.000027s ]
INFO: [ app_init ] --END-- [ RunTime:0.000608s ]
ERR: 无法加载模块:Media

[ 2016-03-09T12:21:49+08:00 ] ::1 /amos/thinkphp323/media/js/jquery.slimscroll.min.js
INFO: [ app_init ] --START--
INFO: Run Behavior\BuildLiteBehavior [ RunTime:0.000026s ]
INFO: [ app_init ] --END-- [ RunTime:0.000567s ]
ERR: 无法加载模块:Media

[ 2016-03-09T12:21:49+08:00 ] ::1 /amos/thinkphp323/media/js/jquery.blockui.min.js
INFO: [ app_init ] --START--
INFO: Run Behavior\BuildLiteBehavior [ RunTime:0.000026s ]
INFO: [ app_init ] --END-- [ RunTime:0.000549s ]
ERR: 无法加载模块:Media

[ 2016-03-09T12:21:50+08:00 ] ::1 /amos/thinkphp323/media/js/jquery.cookie.min.js
INFO: [ app_init ] --START--
INFO: Run Behavior\BuildLiteBehavior [ RunTime:0.000037s ]
INFO: [ app_init ] --END-- [ RunTime:0.002940s ]
ERR: 无法加载模块:Media

[ 2016-03-09T12:21:50+08:00 ] ::1 /amos/thinkphp323/media/js/jquery.uniform.min.js
INFO: [ app_init ] --START--
INFO: Run Behavior\BuildLiteBehavior [ RunTime:0.000028s ]
INFO: [ app_init ] --END-- [ RunTime:0.000621s ]
ERR: 无法加载模块:Media

[ 2016-03-09T12:21:50+08:00 ] ::1 /amos/thinkphp323/media/js/app.js
INFO: [ app_init ] --START--
INFO: Run Behavior\BuildLiteBehavior [ RunTime:0.000028s ]
INFO: [ app_init ] --END-- [ RunTime:0.000600s ]
ERR: 无法加载模块:Media

[ 2016-03-09T12:21:50+08:00 ] ::1 /amos/thinkphp323/media/css/bootstrap-responsive.min.css
INFO: [ app_init ] --START--
INFO: Run Behavior\BuildLiteBehavior [ RunTime:0.000050s ]
INFO: [ app_init ] --END-- [ RunTime:0.000733s ]
ERR: 无法加载模块:Media

[ 2016-03-09T12:21:50+08:00 ] ::1 /amos/thinkphp323/media/image/logo.png
INFO: [ app_init ] --START--
INFO: Run Behavior\BuildLiteBehavior [ RunTime:0.000026s ]
INFO: [ app_init ] --END-- [ RunTime:0.000598s ]
ERR: 无法加载模块:Media

[ 2016-03-09T12:21:50+08:00 ] ::1 /amos/thinkphp323/media/css/style-metro.css
INFO: [ app_init ] --START--
INFO: Run Behavior\BuildLiteBehavior [ RunTime:0.000027s ]
INFO: [ app_init ] --END-- [ RunTime:0.000630s ]
ERR: 无法加载模块:Media

[ 2016-03-09T12:21:50+08:00 ] ::1 /amos/thinkphp323/media/image/menu-toggler.png
INFO: [ app_init ] --START--
INFO: Run Behavior\BuildLiteBehavior [ RunTime:0.000027s ]
INFO: [ app_init ] --END-- [ RunTime:0.000748s ]
ERR: 无法加载模块:Media

[ 2016-03-09T12:21:50+08:00 ] ::1 /amos/thinkphp323/media/image/avatar2.jpg
INFO: [ app_init ] --START--
INFO: Run Behavior\BuildLiteBehavior [ RunTime:0.000032s ]
INFO: [ app_init ] --END-- [ RunTime:0.001597s ]
ERR: 无法加载模块:Media

[ 2016-03-09T12:21:50+08:00 ] ::1 /amos/thinkphp323/media/css/font-awesome.min.css
INFO: [ app_init ] --START--
INFO: Run Behavior\BuildLiteBehavior [ RunTime:0.000026s ]
INFO: [ app_init ] --END-- [ RunTime:0.000478s ]
ERR: 无法加载模块:Media

[ 2016-03-09T12:21:50+08:00 ] ::1 /amos/thinkphp323/media/image/avatar3.jpg
INFO: [ app_init ] --START--
INFO: Run Behavior\BuildLiteBehavior [ RunTime:0.000028s ]
INFO: [ app_init ] --END-- [ RunTime:0.001565s ]
ERR: 无法加载模块:Media

[ 2016-03-09T12:21:50+08:00 ] ::1 /amos/thinkphp323/media/css/style-responsive.css
INFO: [ app_init ] --START--
INFO: Run Behavior\BuildLiteBehavior [ RunTime:0.000026s ]
INFO: [ app_init ] --END-- [ RunTime:0.000509s ]
ERR: 无法加载模块:Media

[ 2016-03-09T12:21:50+08:00 ] ::1 /amos/thinkphp323/media/image/avatar1.jpg
INFO: [ app_init ] --START--
INFO: Run Behavior\BuildLiteBehavior [ RunTime:0.000038s ]
INFO: [ app_init ] --END-- [ RunTime:0.000946s ]
ERR: 无法加载模块:Media

[ 2016-03-09T12:21:50+08:00 ] ::1 /amos/thinkphp323/media/image/avatar1_small.jpg
INFO: [ app_init ] --START--
INFO: Run Behavior\BuildLiteBehavior [ RunTime:0.000027s ]
INFO: [ app_init ] --END-- [ RunTime:0.000680s ]
ERR: 无法加载模块:Media

[ 2016-03-09T12:21:50+08:00 ] ::1 /amos/thinkphp323/media/css/style.css
INFO: [ app_init ] --START--
INFO: Run Behavior\BuildLiteBehavior [ RunTime:0.000028s ]
INFO: [ app_init ] --END-- [ RunTime:0.000573s ]
ERR: 无法加载模块:Media

[ 2016-03-09T12:43:01+08:00 ] ::1 /amos/thinkphp323/media/css/bootstrap.min.css
INFO: [ app_init ] --START--
INFO: Run Behavior\BuildLiteBehavior [ RunTime:0.000022s ]
INFO: [ app_init ] --END-- [ RunTime:0.000457s ]
ERR: 无法加载模块:Media

[ 2016-03-09T12:43:01+08:00 ] ::1 /amos/thinkphp323/media/css/bootstrap-responsive.min.css
INFO: [ app_init ] --START--
INFO: Run Behavior\BuildLiteBehavior [ RunTime:0.000023s ]
INFO: [ app_init ] --END-- [ RunTime:0.000562s ]
ERR: 无法加载模块:Media

[ 2016-03-09T12:43:01+08:00 ] ::1 /amos/thinkphp323/media/css/style-metro.css
INFO: [ app_init ] --START--
INFO: Run Behavior\BuildLiteBehavior [ RunTime:0.000024s ]
INFO: [ app_init ] --END-- [ RunTime:0.000561s ]
ERR: 无法加载模块:Media

[ 2016-03-09T12:43:01+08:00 ] ::1 /amos/thinkphp323/media/css/default.css
INFO: [ app_init ] --START--
INFO: Run Behavior\BuildLiteBehavior [ RunTime:0.000023s ]
INFO: [ app_init ] --END-- [ RunTime:0.000452s ]
ERR: 无法加载模块:Media

[ 2016-03-09T12:43:01+08:00 ] ::1 /amos/thinkphp323/media/css/uniform.default.css
INFO: [ app_init ] --START--
INFO: Run Behavior\BuildLiteBehavior [ RunTime:0.000026s ]
INFO: [ app_init ] --END-- [ RunTime:0.000628s ]
ERR: 无法加载模块:Media

[ 2016-03-09T12:43:01+08:00 ] ::1 /amos/thinkphp323/media/css/style.css
INFO: [ app_init ] --START--
INFO: Run Behavior\BuildLiteBehavior [ RunTime:0.000024s ]
INFO: [ app_init ] --END-- [ RunTime:0.000550s ]
ERR: 无法加载模块:Media

[ 2016-03-09T12:43:01+08:00 ] ::1 /amos/thinkphp323/media/js/jquery-1.10.1.min.js
INFO: [ app_init ] --START--
INFO: Run Behavior\BuildLiteBehavior [ RunTime:0.000024s ]
INFO: [ app_init ] --END-- [ RunTime:0.000461s ]
ERR: 无法加载模块:Media

[ 2016-03-09T12:43:01+08:00 ] ::1 /amos/thinkphp323/media/js/jquery-migrate-1.2.1.min.js
INFO: [ app_init ] --START--
INFO: Run Behavior\BuildLiteBehavior [ RunTime:0.000026s ]
INFO: [ app_init ] --END-- [ RunTime:0.000505s ]
ERR: 无法加载模块:Media

[ 2016-03-09T12:43:01+08:00 ] ::1 /amos/thinkphp323/media/js/bootstrap.min.js
INFO: [ app_init ] --START--
INFO: Run Behavior\BuildLiteBehavior [ RunTime:0.000026s ]
INFO: [ app_init ] --END-- [ RunTime:0.000533s ]
ERR: 无法加载模块:Media

[ 2016-03-09T12:43:01+08:00 ] ::1 /amos/thinkphp323/media/js/jquery.blockui.min.js
INFO: [ app_init ] --START--
INFO: Run Behavior\BuildLiteBehavior [ RunTime:0.000025s ]
INFO: [ app_init ] --END-- [ RunTime:0.000469s ]
ERR: 无法加载模块:Media

[ 2016-03-09T12:43:01+08:00 ] ::1 /amos/thinkphp323/media/js/jquery.cookie.min.js
INFO: [ app_init ] --START--
INFO: Run Behavior\BuildLiteBehavior [ RunTime:0.000026s ]
INFO: [ app_init ] --END-- [ RunTime:0.000527s ]
ERR: 无法加载模块:Media

[ 2016-03-09T12:43:01+08:00 ] ::1 /amos/thinkphp323/media/js/jquery.uniform.min.js
INFO: [ app_init ] --START--
INFO: Run Behavior\BuildLiteBehavior [ RunTime:0.000024s ]
INFO: [ app_init ] --END-- [ RunTime:0.000476s ]
ERR: 无法加载模块:Media

[ 2016-03-09T12:43:02+08:00 ] ::1 /amos/thinkphp323/media/js/app.js
INFO: [ app_init ] --START--
INFO: Run Behavior\BuildLiteBehavior [ RunTime:0.000026s ]
INFO: [ app_init ] --END-- [ RunTime:0.000564s ]
ERR: 无法加载模块:Media

[ 2016-03-09T12:43:02+08:00 ] ::1 /amos/thinkphp323/media/css/style-responsive.css
INFO: [ app_init ] --START--
INFO: Run Behavior\BuildLiteBehavior [ RunTime:0.000025s ]
INFO: [ app_init ] --END-- [ RunTime:0.000566s ]
ERR: 无法加载模块:Media

[ 2016-03-09T12:43:02+08:00 ] ::1 /amos/thinkphp323/media/image/logo.png
INFO: [ app_init ] --START--
INFO: Run Behavior\BuildLiteBehavior [ RunTime:0.000027s ]
INFO: [ app_init ] --END-- [ RunTime:0.000483s ]
ERR: 无法加载模块:Media

[ 2016-03-09T12:43:02+08:00 ] ::1 /amos/thinkphp323/media/image/menu-toggler.png
INFO: [ app_init ] --START--
INFO: Run Behavior\BuildLiteBehavior [ RunTime:0.000027s ]
INFO: [ app_init ] --END-- [ RunTime:0.000548s ]
ERR: 无法加载模块:Media

[ 2016-03-09T12:43:02+08:00 ] ::1 /amos/thinkphp323/media/js/jquery.slimscroll.min.js
INFO: [ app_init ] --START--
INFO: Run Behavior\BuildLiteBehavior [ RunTime:0.000031s ]
INFO: [ app_init ] --END-- [ RunTime:0.011335s ]
ERR: 无法加载模块:Media

[ 2016-03-09T12:43:02+08:00 ] ::1 /amos/thinkphp323/media/js/jquery-ui-1.10.1.custom.min.js
INFO: [ app_init ] --START--
INFO: Run Behavior\BuildLiteBehavior [ RunTime:0.000064s ]
INFO: [ app_init ] --END-- [ RunTime:0.002411s ]
ERR: 无法加载模块:Media

[ 2016-03-09T12:43:02+08:00 ] ::1 /amos/thinkphp323/media/image/avatar2.jpg
INFO: [ app_init ] --START--
INFO: Run Behavior\BuildLiteBehavior [ RunTime:0.000030s ]
INFO: [ app_init ] --END-- [ RunTime:0.000631s ]
ERR: 无法加载模块:Media

[ 2016-03-09T12:43:02+08:00 ] ::1 /amos/thinkphp323/media/image/avatar3.jpg
INFO: [ app_init ] --START--
INFO: Run Behavior\BuildLiteBehavior [ RunTime:0.000027s ]
INFO: [ app_init ] --END-- [ RunTime:0.000530s ]
ERR: 无法加载模块:Media

[ 2016-03-09T12:43:02+08:00 ] ::1 /amos/thinkphp323/media/image/avatar1.jpg
INFO: [ app_init ] --START--
INFO: Run Behavior\BuildLiteBehavior [ RunTime:0.000026s ]
INFO: [ app_init ] --END-- [ RunTime:0.000523s ]
ERR: 无法加载模块:Media

[ 2016-03-09T12:43:02+08:00 ] ::1 /amos/thinkphp323/media/image/avatar1_small.jpg
INFO: [ app_init ] --START--
INFO: Run Behavior\BuildLiteBehavior [ RunTime:0.000022s ]
INFO: [ app_init ] --END-- [ RunTime:0.000472s ]
ERR: 无法加载模块:Media

[ 2016-03-09T12:43:02+08:00 ] ::1 /amos/thinkphp323/media/css/font-awesome.min.css
INFO: [ app_init ] --START--
INFO: Run Behavior\BuildLiteBehavior [ RunTime:0.000026s ]
INFO: [ app_init ] --END-- [ RunTime:0.000565s ]
ERR: 无法加载模块:Media

[ 2016-03-09T12:44:37+08:00 ] ::1 /amos/thinkphp323/media/css/bootstrap.min.css
INFO: [ app_init ] --START--
INFO: Run Behavior\BuildLiteBehavior [ RunTime:0.000025s ]
INFO: [ app_init ] --END-- [ RunTime:0.000479s ]
ERR: 无法加载模块:Media

[ 2016-03-09T12:44:37+08:00 ] ::1 /amos/thinkphp323/media/css/default.css
INFO: [ app_init ] --START--
INFO: Run Behavior\BuildLiteBehavior [ RunTime:0.000024s ]
INFO: [ app_init ] --END-- [ RunTime:0.000497s ]
ERR: 无法加载模块:Media

[ 2016-03-09T12:44:37+08:00 ] ::1 /amos/thinkphp323/media/css/uniform.default.css
INFO: [ app_init ] --START--
INFO: Run Behavior\BuildLiteBehavior [ RunTime:0.000026s ]
INFO: [ app_init ] --END-- [ RunTime:0.000523s ]
ERR: 无法加载模块:Media

[ 2016-03-09T12:44:37+08:00 ] ::1 /amos/thinkphp323/media/js/jquery-1.10.1.min.js
INFO: [ app_init ] --START--
INFO: Run Behavior\BuildLiteBehavior [ RunTime:0.000025s ]
INFO: [ app_init ] --END-- [ RunTime:0.000502s ]
ERR: 无法加载模块:Media

[ 2016-03-09T12:44:37+08:00 ] ::1 /amos/thinkphp323/media/js/jquery-migrate-1.2.1.min.js
INFO: [ app_init ] --START--
INFO: Run Behavior\BuildLiteBehavior [ RunTime:0.000033s ]
INFO: [ app_init ] --END-- [ RunTime:0.001128s ]
ERR: 无法加载模块:Media

[ 2016-03-09T12:44:37+08:00 ] ::1 /amos/thinkphp323/media/js/jquery-ui-1.10.1.custom.min.js
INFO: [ app_init ] --START--
INFO: Run Behavior\BuildLiteBehavior [ RunTime:0.000026s ]
INFO: [ app_init ] --END-- [ RunTime:0.000677s ]
ERR: 无法加载模块:Media

[ 2016-03-09T12:44:37+08:00 ] ::1 /amos/thinkphp323/media/js/bootstrap.min.js
INFO: [ app_init ] --START--
INFO: Run Behavior\BuildLiteBehavior [ RunTime:0.000025s ]
INFO: [ app_init ] --END-- [ RunTime:0.000497s ]
ERR: 无法加载模块:Media

[ 2016-03-09T12:44:37+08:00 ] ::1 /amos/thinkphp323/media/js/jquery.slimscroll.min.js
INFO: [ app_init ] --START--
INFO: Run Behavior\BuildLiteBehavior [ RunTime:0.000025s ]
INFO: [ app_init ] --END-- [ RunTime:0.000483s ]
ERR: 无法加载模块:Media

[ 2016-03-09T12:44:37+08:00 ] ::1 /amos/thinkphp323/media/js/jquery.blockui.min.js
INFO: [ app_init ] --START--
INFO: Run Behavior\BuildLiteBehavior [ RunTime:0.000026s ]
INFO: [ app_init ] --END-- [ RunTime:0.000597s ]
ERR: 无法加载模块:Media

[ 2016-03-09T12:44:37+08:00 ] ::1 /amos/thinkphp323/media/js/jquery.cookie.min.js
INFO: [ app_init ] --START--
INFO: Run Behavior\BuildLiteBehavior [ RunTime:0.000026s ]
INFO: [ app_init ] --END-- [ RunTime:0.000527s ]
ERR: 无法加载模块:Media

[ 2016-03-09T12:44:37+08:00 ] ::1 /amos/thinkphp323/media/js/jquery.uniform.min.js
INFO: [ app_init ] --START--
INFO: Run Behavior\BuildLiteBehavior [ RunTime:0.000026s ]
INFO: [ app_init ] --END-- [ RunTime:0.000537s ]
ERR: 无法加载模块:Media

[ 2016-03-09T12:44:37+08:00 ] ::1 /amos/thinkphp323/media/js/app.js
INFO: [ app_init ] --START--
INFO: Run Behavior\BuildLiteBehavior [ RunTime:0.000024s ]
INFO: [ app_init ] --END-- [ RunTime:0.000495s ]
ERR: 无法加载模块:Media

[ 2016-03-09T12:44:37+08:00 ] ::1 /amos/thinkphp323/media/image/logo.png
INFO: [ app_init ] --START--
INFO: Run Behavior\BuildLiteBehavior [ RunTime:0.000025s ]
INFO: [ app_init ] --END-- [ RunTime:0.000522s ]
ERR: 无法加载模块:Media

[ 2016-03-09T12:44:37+08:00 ] ::1 /amos/thinkphp323/media/image/menu-toggler.png
INFO: [ app_init ] --START--
INFO: Run Behavior\BuildLiteBehavior [ RunTime:0.000024s ]
INFO: [ app_init ] --END-- [ RunTime:0.000507s ]
ERR: 无法加载模块:Media

[ 2016-03-09T12:44:37+08:00 ] ::1 /amos/thinkphp323/media/image/avatar2.jpg
INFO: [ app_init ] --START--
INFO: Run Behavior\BuildLiteBehavior [ RunTime:0.000025s ]
INFO: [ app_init ] --END-- [ RunTime:0.000538s ]
ERR: 无法加载模块:Media

[ 2016-03-09T12:44:37+08:00 ] ::1 /amos/thinkphp323/media/image/avatar3.jpg
INFO: [ app_init ] --START--
INFO: Run Behavior\BuildLiteBehavior [ RunTime:0.000026s ]
INFO: [ app_init ] --END-- [ RunTime:0.000544s ]
ERR: 无法加载模块:Media

[ 2016-03-09T12:44:37+08:00 ] ::1 /amos/thinkphp323/media/image/avatar1.jpg
INFO: [ app_init ] --START--
INFO: Run Behavior\BuildLiteBehavior [ RunTime:0.000023s ]
INFO: [ app_init ] --END-- [ RunTime:0.000452s ]
ERR: 无法加载模块:Media

[ 2016-03-09T12:44:38+08:00 ] ::1 /amos/thinkphp323/media/css/bootstrap-responsive.min.css
INFO: [ app_init ] --START--
INFO: Run Behavior\BuildLiteBehavior [ RunTime:0.002018s ]
INFO: [ app_init ] --END-- [ RunTime:0.003292s ]
ERR: 无法加载模块:Media

[ 2016-03-09T12:44:38+08:00 ] ::1 /amos/thinkphp323/media/image/avatar1_small.jpg
INFO: [ app_init ] --START--
INFO: Run Behavior\BuildLiteBehavior [ RunTime:0.000023s ]
INFO: [ app_init ] --END-- [ RunTime:0.000478s ]
ERR: 无法加载模块:Media

[ 2016-03-09T12:44:38+08:00 ] ::1 /amos/thinkphp323/media/css/font-awesome.min.css
INFO: [ app_init ] --START--
INFO: Run Behavior\BuildLiteBehavior [ RunTime:0.000027s ]
INFO: [ app_init ] --END-- [ RunTime:0.000685s ]
ERR: 无法加载模块:Media

[ 2016-03-09T12:44:38+08:00 ] ::1 /amos/thinkphp323/media/css/style-responsive.css
INFO: [ app_init ] --START--
INFO: Run Behavior\BuildLiteBehavior [ RunTime:0.000026s ]
INFO: [ app_init ] --END-- [ RunTime:0.000684s ]
ERR: 无法加载模块:Media

[ 2016-03-09T12:44:38+08:00 ] ::1 /amos/thinkphp323/media/css/style-metro.css
INFO: [ app_init ] --START--
INFO: Run Behavior\BuildLiteBehavior [ RunTime:0.000028s ]
INFO: [ app_init ] --END-- [ RunTime:0.000559s ]
ERR: 无法加载模块:Media

[ 2016-03-09T12:44:38+08:00 ] ::1 /amos/thinkphp323/media/css/style.css
INFO: [ app_init ] --START--
INFO: Run Behavior\BuildLiteBehavior [ RunTime:0.000032s ]
INFO: [ app_init ] --END-- [ RunTime:0.083031s ]
ERR: 无法加载模块:Media

[ 2016-03-09T12:45:14+08:00 ] ::1 /amos/thinkphp323/media/css/bootstrap.min.css
INFO: [ app_init ] --START--
INFO: Run Behavior\BuildLiteBehavior [ RunTime:0.000023s ]
INFO: [ app_init ] --END-- [ RunTime:0.000536s ]
ERR: 无法加载模块:Media

[ 2016-03-09T12:45:14+08:00 ] ::1 /amos/thinkphp323/media/css/default.css
INFO: [ app_init ] --START--
INFO: Run Behavior\BuildLiteBehavior [ RunTime:0.000043s ]
INFO: [ app_init ] --END-- [ RunTime:0.000867s ]
ERR: 无法加载模块:Media

[ 2016-03-09T12:45:14+08:00 ] ::1 /amos/thinkphp323/media/css/uniform.default.css
INFO: [ app_init ] --START--
INFO: Run Behavior\BuildLiteBehavior [ RunTime:0.000026s ]
INFO: [ app_init ] --END-- [ RunTime:0.000712s ]
ERR: 无法加载模块:Media

[ 2016-03-09T12:45:14+08:00 ] ::1 /amos/thinkphp323/media/js/jquery-1.10.1.min.js
INFO: [ app_init ] --START--
INFO: Run Behavior\BuildLiteBehavior [ RunTime:0.000029s ]
INFO: [ app_init ] --END-- [ RunTime:0.000842s ]
ERR: 无法加载模块:Media

[ 2016-03-09T12:45:14+08:00 ] ::1 /amos/thinkphp323/media/js/jquery-migrate-1.2.1.min.js
INFO: [ app_init ] --START--
INFO: Run Behavior\BuildLiteBehavior [ RunTime:0.000025s ]
INFO: [ app_init ] --END-- [ RunTime:0.000595s ]
ERR: 无法加载模块:Media

[ 2016-03-09T12:45:14+08:00 ] ::1 /amos/thinkphp323/media/js/jquery-ui-1.10.1.custom.min.js
INFO: [ app_init ] --START--
INFO: Run Behavior\BuildLiteBehavior [ RunTime:0.000026s ]
INFO: [ app_init ] --END-- [ RunTime:0.000587s ]
ERR: 无法加载模块:Media

[ 2016-03-09T12:45:14+08:00 ] ::1 /amos/thinkphp323/media/js/bootstrap.min.js
INFO: [ app_init ] --START--
INFO: Run Behavior\BuildLiteBehavior [ RunTime:0.000059s ]
INFO: [ app_init ] --END-- [ RunTime:0.005146s ]
ERR: 无法加载模块:Media

[ 2016-03-09T12:45:14+08:00 ] ::1 /amos/thinkphp323/media/css/bootstrap-responsive.min.css
INFO: [ app_init ] --START--
INFO: Run Behavior\BuildLiteBehavior [ RunTime:0.000029s ]
INFO: [ app_init ] --END-- [ RunTime:0.001505s ]
ERR: 无法加载模块:Media

[ 2016-03-09T12:45:14+08:00 ] ::1 /amos/thinkphp323/media/js/jquery.slimscroll.min.js
INFO: [ app_init ] --START--
INFO: Run Behavior\BuildLiteBehavior [ RunTime:0.000036s ]
INFO: [ app_init ] --END-- [ RunTime:0.004217s ]
ERR: 无法加载模块:Media

[ 2016-03-09T12:45:14+08:00 ] ::1 /amos/thinkphp323/media/js/jquery.blockui.min.js
INFO: [ app_init ] --START--
INFO: Run Behavior\BuildLiteBehavior [ RunTime:0.000041s ]
INFO: [ app_init ] --END-- [ RunTime:0.000784s ]
ERR: 无法加载模块:Media

[ 2016-03-09T12:45:14+08:00 ] ::1 /amos/thinkphp323/media/js/jquery.cookie.min.js
INFO: [ app_init ] --START--
INFO: Run Behavior\BuildLiteBehavior [ RunTime:0.000027s ]
INFO: [ app_init ] --END-- [ RunTime:0.000485s ]
ERR: 无法加载模块:Media

[ 2016-03-09T12:45:14+08:00 ] ::1 /amos/thinkphp323/media/js/jquery.uniform.min.js
INFO: [ app_init ] --START--
INFO: Run Behavior\BuildLiteBehavior [ RunTime:0.000027s ]
INFO: [ app_init ] --END-- [ RunTime:0.000516s ]
ERR: 无法加载模块:Media

[ 2016-03-09T12:45:14+08:00 ] ::1 /amos/thinkphp323/media/js/app.js
INFO: [ app_init ] --START--
INFO: Run Behavior\BuildLiteBehavior [ RunTime:0.000022s ]
INFO: [ app_init ] --END-- [ RunTime:0.000524s ]
ERR: 无法加载模块:Media

[ 2016-03-09T12:45:14+08:00 ] ::1 /amos/thinkphp323/media/css/style-metro.css
INFO: [ app_init ] --START--
INFO: Run Behavior\BuildLiteBehavior [ RunTime:0.000054s ]
INFO: [ app_init ] --END-- [ RunTime:0.001475s ]
ERR: 无法加载模块:Media

[ 2016-03-09T12:45:14+08:00 ] ::1 /amos/thinkphp323/media/css/font-awesome.min.css
INFO: [ app_init ] --START--
INFO: Run Behavior\BuildLiteBehavior [ RunTime:0.000029s ]
INFO: [ app_init ] --END-- [ RunTime:0.000632s ]
ERR: 无法加载模块:Media

[ 2016-03-09T12:45:15+08:00 ] ::1 /amos/thinkphp323/media/image/logo.png
INFO: [ app_init ] --START--
INFO: Run Behavior\BuildLiteBehavior [ RunTime:0.000026s ]
INFO: [ app_init ] --END-- [ RunTime:0.000500s ]
ERR: 无法加载模块:Media

[ 2016-03-09T12:45:15+08:00 ] ::1 /amos/thinkphp323/media/image/menu-toggler.png
INFO: [ app_init ] --START--
INFO: Run Behavior\BuildLiteBehavior [ RunTime:0.000040s ]
INFO: [ app_init ] --END-- [ RunTime:0.002675s ]
ERR: 无法加载模块:Media

[ 2016-03-09T12:45:15+08:00 ] ::1 /amos/thinkphp323/media/image/avatar2.jpg
INFO: [ app_init ] --START--
INFO: Run Behavior\BuildLiteBehavior [ RunTime:0.000027s ]
INFO: [ app_init ] --END-- [ RunTime:0.000529s ]
ERR: 无法加载模块:Media

[ 2016-03-09T12:45:15+08:00 ] ::1 /amos/thinkphp323/media/image/avatar3.jpg
INFO: [ app_init ] --START--
INFO: Run Behavior\BuildLiteBehavior [ RunTime:0.000025s ]
INFO: [ app_init ] --END-- [ RunTime:0.000483s ]
ERR: 无法加载模块:Media

[ 2016-03-09T12:45:15+08:00 ] ::1 /amos/thinkphp323/media/css/style.css
INFO: [ app_init ] --START--
INFO: Run Behavior\BuildLiteBehavior [ RunTime:0.000024s ]
INFO: [ app_init ] --END-- [ RunTime:0.000562s ]
ERR: 无法加载模块:Media

[ 2016-03-09T12:45:15+08:00 ] ::1 /amos/thinkphp323/media/image/avatar1.jpg
INFO: [ app_init ] --START--
INFO: Run Behavior\BuildLiteBehavior [ RunTime:0.000027s ]
INFO: [ app_init ] --END-- [ RunTime:0.000574s ]
ERR: 无法加载模块:Media

[ 2016-03-09T12:45:15+08:00 ] ::1 /amos/thinkphp323/media/image/avatar1_small.jpg
INFO: [ app_init ] --START--
INFO: Run Behavior\BuildLiteBehavior [ RunTime:0.000027s ]
INFO: [ app_init ] --END-- [ RunTime:0.000623s ]
ERR: 无法加载模块:Media

[ 2016-03-09T12:45:15+08:00 ] ::1 /amos/thinkphp323/media/css/style-responsive.css
INFO: [ app_init ] --START--
INFO: Run Behavior\BuildLiteBehavior [ RunTime:0.000045s ]
INFO: [ app_init ] --END-- [ RunTime:0.000881s ]
ERR: 无法加载模块:Media

[ 2016-03-09T12:52:49+08:00 ] ::1 /amos/thinkphp323/media/css/bootstrap.min.css
INFO: [ app_init ] --START--
INFO: Run Behavior\BuildLiteBehavior [ RunTime:0.000023s ]
INFO: [ app_init ] --END-- [ RunTime:0.000467s ]
ERR: 无法加载模块:Media

[ 2016-03-09T12:52:49+08:00 ] ::1 /amos/thinkphp323/media/css/default.css
INFO: [ app_init ] --START--
INFO: Run Behavior\BuildLiteBehavior [ RunTime:0.000027s ]
INFO: [ app_init ] --END-- [ RunTime:0.000529s ]
ERR: 无法加载模块:Media

[ 2016-03-09T12:52:50+08:00 ] ::1 /amos/thinkphp323/media/css/bootstrap-responsive.min.css
INFO: [ app_init ] --START--
INFO: Run Behavior\BuildLiteBehavior [ RunTime:0.000027s ]
INFO: [ app_init ] --END-- [ RunTime:0.000608s ]
ERR: 无法加载模块:Media

[ 2016-03-09T12:52:50+08:00 ] ::1 /amos/thinkphp323/media/css/font-awesome.min.css
INFO: [ app_init ] --START--
INFO: Run Behavior\BuildLiteBehavior [ RunTime:0.000030s ]
INFO: [ app_init ] --END-- [ RunTime:0.000661s ]
ERR: 无法加载模块:Media

[ 2016-03-09T12:52:50+08:00 ] ::1 /amos/thinkphp323/media/css/uniform.default.css
INFO: [ app_init ] --START--
INFO: Run Behavior\BuildLiteBehavior [ RunTime:0.000025s ]
INFO: [ app_init ] --END-- [ RunTime:0.000480s ]
ERR: 无法加载模块:Media

[ 2016-03-09T12:52:50+08:00 ] ::1 /amos/thinkphp323/media/js/jquery-1.10.1.min.js
INFO: [ app_init ] --START--
INFO: Run Behavior\BuildLiteBehavior [ RunTime:0.000024s ]
INFO: [ app_init ] --END-- [ RunTime:0.000464s ]
ERR: 无法加载模块:Media

[ 2016-03-09T12:52:50+08:00 ] ::1 /amos/thinkphp323/media/js/jquery-migrate-1.2.1.min.js
INFO: [ app_init ] --START--
INFO: Run Behavior\BuildLiteBehavior [ RunTime:0.000023s ]
INFO: [ app_init ] --END-- [ RunTime:0.000447s ]
ERR: 无法加载模块:Media

[ 2016-03-09T12:52:50+08:00 ] ::1 /amos/thinkphp323/media/js/jquery-ui-1.10.1.custom.min.js
INFO: [ app_init ] --START--
INFO: Run Behavior\BuildLiteBehavior [ RunTime:0.000024s ]
INFO: [ app_init ] --END-- [ RunTime:0.000462s ]
ERR: 无法加载模块:Media

[ 2016-03-09T12:52:50+08:00 ] ::1 /amos/thinkphp323/media/js/bootstrap.min.js
INFO: [ app_init ] --START--
INFO: Run Behavior\BuildLiteBehavior [ RunTime:0.000026s ]
INFO: [ app_init ] --END-- [ RunTime:0.000492s ]
ERR: 无法加载模块:Media

[ 2016-03-09T12:52:50+08:00 ] ::1 /amos/thinkphp323/media/js/jquery.slimscroll.min.js
INFO: [ app_init ] --START--
INFO: Run Behavior\BuildLiteBehavior [ RunTime:0.000024s ]
INFO: [ app_init ] --END-- [ RunTime:0.000451s ]
ERR: 无法加载模块:Media

[ 2016-03-09T12:52:50+08:00 ] ::1 /amos/thinkphp323/media/js/jquery.cookie.min.js
INFO: [ app_init ] --START--
INFO: Run Behavior\BuildLiteBehavior [ RunTime:0.000027s ]
INFO: [ app_init ] --END-- [ RunTime:0.000537s ]
ERR: 无法加载模块:Media

[ 2016-03-09T12:52:50+08:00 ] ::1 /amos/thinkphp323/media/js/jquery.uniform.min.js
INFO: [ app_init ] --START--
INFO: Run Behavior\BuildLiteBehavior [ RunTime:0.000024s ]
INFO: [ app_init ] --END-- [ RunTime:0.000456s ]
ERR: 无法加载模块:Media

[ 2016-03-09T12:52:50+08:00 ] ::1 /amos/thinkphp323/media/js/app.js
INFO: [ app_init ] --START--
INFO: Run Behavior\BuildLiteBehavior [ RunTime:0.000023s ]
INFO: [ app_init ] --END-- [ RunTime:0.000466s ]
ERR: 无法加载模块:Media

[ 2016-03-09T12:52:50+08:00 ] ::1 /amos/thinkphp323/media/image/logo.png
INFO: [ app_init ] --START--
INFO: Run Behavior\BuildLiteBehavior [ RunTime:0.000024s ]
INFO: [ app_init ] --END-- [ RunTime:0.000464s ]
ERR: 无法加载模块:Media

[ 2016-03-09T12:52:50+08:00 ] ::1 /amos/thinkphp323/media/image/menu-toggler.png
INFO: [ app_init ] --START--
INFO: Run Behavior\BuildLiteBehavior [ RunTime:0.000024s ]
INFO: [ app_init ] --END-- [ RunTime:0.000469s ]
ERR: 无法加载模块:Media

[ 2016-03-09T12:52:50+08:00 ] ::1 /amos/thinkphp323/media/image/avatar2.jpg
INFO: [ app_init ] --START--
INFO: Run Behavior\BuildLiteBehavior [ RunTime:0.000026s ]
INFO: [ app_init ] --END-- [ RunTime:0.000621s ]
ERR: 无法加载模块:Media

[ 2016-03-09T12:52:50+08:00 ] ::1 /amos/thinkphp323/media/image/avatar3.jpg
INFO: [ app_init ] --START--
INFO: Run Behavior\BuildLiteBehavior [ RunTime:0.000025s ]
INFO: [ app_init ] --END-- [ RunTime:0.000471s ]
ERR: 无法加载模块:Media

[ 2016-03-09T12:52:50+08:00 ] ::1 /amos/thinkphp323/media/image/avatar1.jpg
INFO: [ app_init ] --START--
INFO: Run Behavior\BuildLiteBehavior [ RunTime:0.000026s ]
INFO: [ app_init ] --END-- [ RunTime:0.000460s ]
ERR: 无法加载模块:Media

[ 2016-03-09T12:52:50+08:00 ] ::1 /amos/thinkphp323/media/image/avatar1_small.jpg
INFO: [ app_init ] --START--
INFO: Run Behavior\BuildLiteBehavior [ RunTime:0.000024s ]
INFO: [ app_init ] --END-- [ RunTime:0.000476s ]
ERR: 无法加载模块:Media

[ 2016-03-09T12:52:50+08:00 ] ::1 /amos/thinkphp323/media/css/style.css
INFO: [ app_init ] --START--
INFO: Run Behavior\BuildLiteBehavior [ RunTime:0.000025s ]
INFO: [ app_init ] --END-- [ RunTime:0.000523s ]
ERR: 无法加载模块:Media

[ 2016-03-09T12:52:50+08:00 ] ::1 /amos/thinkphp323/media/js/jquery.blockui.min.js
INFO: [ app_init ] --START--
INFO: Run Behavior\BuildLiteBehavior [ RunTime:0.000025s ]
INFO: [ app_init ] --END-- [ RunTime:0.000495s ]
ERR: 无法加载模块:Media

[ 2016-03-09T12:52:50+08:00 ] ::1 /amos/thinkphp323/media/css/style-metro.css
INFO: [ app_init ] --START--
INFO: Run Behavior\BuildLiteBehavior [ RunTime:0.000027s ]
INFO: [ app_init ] --END-- [ RunTime:0.000618s ]
ERR: 无法加载模块:Media

[ 2016-03-09T12:52:50+08:00 ] ::1 /amos/thinkphp323/media/css/style-responsive.css
INFO: [ app_init ] --START--
INFO: Run Behavior\BuildLiteBehavior [ RunTime:0.000068s ]
INFO: [ app_init ] --END-- [ RunTime:0.000665s ]
ERR: 无法加载模块:Media

[ 2016-03-09T13:03:03+08:00 ] ::1 /amos/thinkphp323/bootstrap/css/bootstrap-responsive.min.css
ERR: 无法加载模块:Bootstrap

[ 2016-03-09T13:03:03+08:00 ] ::1 /amos/thinkphp323/bootstrap/css/bootstrap.min.css
ERR: 无法加载模块:Bootstrap

[ 2016-03-09T13:03:03+08:00 ] ::1 /amos/thinkphp323/bootstrap/css/font-awesome.min.css
ERR: 无法加载模块:Bootstrap

[ 2016-03-09T13:03:03+08:00 ] ::1 /amos/thinkphp323/bootstrap/css/default.css
ERR: 无法加载模块:Bootstrap

[ 2016-03-09T13:03:03+08:00 ] ::1 /amos/thinkphp323/bootstrap/css/style.css
ERR: 无法加载模块:Bootstrap

[ 2016-03-09T13:03:03+08:00 ] ::1 /amos/thinkphp323/bootstrap/js/jquery-migrate-1.2.1.min.js
ERR: 无法加载模块:Bootstrap

[ 2016-03-09T13:03:03+08:00 ] ::1 /amos/thinkphp323/bootstrap/css/uniform.default.css
ERR: 无法加载模块:Bootstrap

[ 2016-03-09T13:03:03+08:00 ] ::1 /amos/thinkphp323/bootstrap/js/jquery-1.10.1.min.js
ERR: 无法加载模块:Bootstrap

[ 2016-03-09T13:03:03+08:00 ] ::1 /amos/thinkphp323/bootstrap/css/style-metro.css
ERR: 无法加载模块:Bootstrap

[ 2016-03-09T13:03:03+08:00 ] ::1 /amos/thinkphp323/bootstrap/js/bootstrap.min.js
ERR: 无法加载模块:Bootstrap

[ 2016-03-09T13:03:03+08:00 ] ::1 /amos/thinkphp323/bootstrap/js/jquery.slimscroll.min.js
ERR: 无法加载模块:Bootstrap

[ 2016-03-09T13:03:03+08:00 ] ::1 /amos/thinkphp323/bootstrap/js/jquery-ui-1.10.1.custom.min.js
ERR: 无法加载模块:Bootstrap

[ 2016-03-09T13:03:03+08:00 ] ::1 /amos/thinkphp323/bootstrap/css/style-responsive.css
ERR: 无法加载模块:Bootstrap

[ 2016-03-09T13:03:03+08:00 ] ::1 /amos/thinkphp323/bootstrap/js/jquery.blockui.min.js
ERR: 无法加载模块:Bootstrap

[ 2016-03-09T13:03:03+08:00 ] ::1 /amos/thinkphp323/bootstrap/js/jquery.cookie.min.js
ERR: 无法加载模块:Bootstrap

[ 2016-03-09T13:03:03+08:00 ] ::1 /amos/thinkphp323/bootstrap/js/jquery.uniform.min.js
ERR: 无法加载模块:Bootstrap

[ 2016-03-09T13:03:03+08:00 ] ::1 /amos/thinkphp323/bootstrap/js/app.js
ERR: 无法加载模块:Bootstrap

[ 2016-03-09T13:03:03+08:00 ] ::1 /amos/thinkphp323/bootstrap/image/logo.png
ERR: 无法加载模块:Bootstrap

[ 2016-03-09T13:03:03+08:00 ] ::1 /amos/thinkphp323/bootstrap/image/menu-toggler.png
ERR: 无法加载模块:Bootstrap

[ 2016-03-09T13:03:03+08:00 ] ::1 /amos/thinkphp323/bootstrap/image/avatar1.jpg
ERR: 无法加载模块:Bootstrap

[ 2016-03-09T13:03:03+08:00 ] ::1 /amos/thinkphp323/bootstrap/image/avatar2.jpg
ERR: 无法加载模块:Bootstrap

[ 2016-03-09T13:03:03+08:00 ] ::1 /amos/thinkphp323/bootstrap/image/avatar3.jpg
ERR: 无法加载模块:Bootstrap

[ 2016-03-09T13:03:03+08:00 ] ::1 /amos/thinkphp323/bootstrap/image/avatar1_small.jpg
ERR: 无法加载模块:Bootstrap

[ 2016-03-09T13:03:04+08:00 ] ::1 /amos/thinkphp323/bootstrap/image/favicon.ico
ERR: 无法加载模块:Bootstrap

[ 2016-03-09T13:03:06+08:00 ] ::1 /amos/thinkphp323/bootstrap/css/font-awesome.min.css
ERR: 无法加载模块:Bootstrap

[ 2016-03-09T13:03:07+08:00 ] ::1 /amos/thinkphp323/bootstrap/css/bootstrap.min.css
ERR: 无法加载模块:Bootstrap

[ 2016-03-09T13:03:07+08:00 ] ::1 /amos/thinkphp323/bootstrap/css/bootstrap-responsive.min.css
ERR: 无法加载模块:Bootstrap

[ 2016-03-09T13:03:07+08:00 ] ::1 /amos/thinkphp323/bootstrap/css/style-metro.css
ERR: 无法加载模块:Bootstrap

[ 2016-03-09T13:03:07+08:00 ] ::1 /amos/thinkphp323/bootstrap/css/style-responsive.css
ERR: 无法加载模块:Bootstrap

[ 2016-03-09T13:03:07+08:00 ] ::1 /amos/thinkphp323/bootstrap/css/style.css
ERR: 无法加载模块:Bootstrap

[ 2016-03-09T13:03:07+08:00 ] ::1 /amos/thinkphp323/bootstrap/css/default.css
ERR: 无法加载模块:Bootstrap

[ 2016-03-09T13:03:07+08:00 ] ::1 /amos/thinkphp323/bootstrap/css/uniform.default.css
ERR: 无法加载模块:Bootstrap

[ 2016-03-09T13:03:11+08:00 ] ::1 /amos/thinkphp323/bootstrap/css/bootstrap.min.css
ERR: 无法加载模块:Bootstrap

[ 2016-03-09T13:03:11+08:00 ] ::1 /amos/thinkphp323/bootstrap/css/style-responsive.css
ERR: 无法加载模块:Bootstrap

[ 2016-03-09T13:03:11+08:00 ] ::1 /amos/thinkphp323/bootstrap/css/default.css
ERR: 无法加载模块:Bootstrap

[ 2016-03-09T13:03:11+08:00 ] ::1 /amos/thinkphp323/bootstrap/css/style.css
ERR: 无法加载模块:Bootstrap

[ 2016-03-09T13:03:11+08:00 ] ::1 /amos/thinkphp323/bootstrap/css/bootstrap-responsive.min.css
ERR: 无法加载模块:Bootstrap

[ 2016-03-09T13:03:11+08:00 ] ::1 /amos/thinkphp323/bootstrap/css/uniform.default.css
ERR: 无法加载模块:Bootstrap

[ 2016-03-09T13:03:11+08:00 ] ::1 /amos/thinkphp323/bootstrap/css/font-awesome.min.css
ERR: 无法加载模块:Bootstrap

[ 2016-03-09T13:03:11+08:00 ] ::1 /amos/thinkphp323/bootstrap/css/style-metro.css
ERR: 无法加载模块:Bootstrap

[ 2016-03-09T13:03:11+08:00 ] ::1 /amos/thinkphp323/bootstrap/js/jquery-migrate-1.2.1.min.js
ERR: 无法加载模块:Bootstrap

[ 2016-03-09T13:03:11+08:00 ] ::1 /amos/thinkphp323/bootstrap/js/jquery-1.10.1.min.js
ERR: 无法加载模块:Bootstrap

[ 2016-03-09T13:03:11+08:00 ] ::1 /amos/thinkphp323/bootstrap/js/jquery-ui-1.10.1.custom.min.js
ERR: 无法加载模块:Bootstrap

[ 2016-03-09T13:03:11+08:00 ] ::1 /amos/thinkphp323/bootstrap/js/bootstrap.min.js
ERR: 无法加载模块:Bootstrap

[ 2016-03-09T13:03:11+08:00 ] ::1 /amos/thinkphp323/bootstrap/js/jquery.blockui.min.js
ERR: 无法加载模块:Bootstrap

[ 2016-03-09T13:03:11+08:00 ] ::1 /amos/thinkphp323/bootstrap/js/jquery.cookie.min.js
ERR: 无法加载模块:Bootstrap

[ 2016-03-09T13:03:11+08:00 ] ::1 /amos/thinkphp323/bootstrap/js/app.js
ERR: 无法加载模块:Bootstrap

[ 2016-03-09T13:03:11+08:00 ] ::1 /amos/thinkphp323/bootstrap/image/menu-toggler.png
ERR: 无法加载模块:Bootstrap

[ 2016-03-09T13:03:11+08:00 ] ::1 /amos/thinkphp323/bootstrap/image/logo.png
ERR: 无法加载模块:Bootstrap

[ 2016-03-09T13:03:11+08:00 ] ::1 /amos/thinkphp323/bootstrap/js/jquery.slimscroll.min.js
ERR: 无法加载模块:Bootstrap

[ 2016-03-09T13:03:11+08:00 ] ::1 /amos/thinkphp323/bootstrap/js/jquery.uniform.min.js
ERR: 无法加载模块:Bootstrap

[ 2016-03-09T13:03:11+08:00 ] ::1 /amos/thinkphp323/bootstrap/image/avatar2.jpg
ERR: 无法加载模块:Bootstrap

[ 2016-03-09T13:03:11+08:00 ] ::1 /amos/thinkphp323/bootstrap/image/avatar3.jpg
ERR: 无法加载模块:Bootstrap

[ 2016-03-09T13:03:11+08:00 ] ::1 /amos/thinkphp323/bootstrap/image/avatar1.jpg
ERR: 无法加载模块:Bootstrap

[ 2016-03-09T13:03:11+08:00 ] ::1 /amos/thinkphp323/bootstrap/image/avatar1_small.jpg
ERR: 无法加载模块:Bootstrap

[ 2016-03-09T13:04:31+08:00 ] ::1 /amos/thinkphp323/%7BC('STATIC_URL')%7Dlib/bootstrap/css/style-metro.css
ERR: 无法加载模块:{C('STATIC_URL')}lib

[ 2016-03-09T13:04:31+08:00 ] ::1 /amos/thinkphp323/%7BC('STATIC_URL')%7Dlib/bootstrap/css/bootstrap.min.css
ERR: 无法加载模块:{C('STATIC_URL')}lib

[ 2016-03-09T13:04:31+08:00 ] ::1 /amos/thinkphp323/%7BC('STATIC_URL')%7Dlib/bootstrap/css/bootstrap-responsive.min.css
ERR: 无法加载模块:{C('STATIC_URL')}lib

[ 2016-03-09T13:04:31+08:00 ] ::1 /amos/thinkphp323/%7BC('STATIC_URL')%7Dlib/bootstrap/css/style-responsive.css
ERR: 无法加载模块:{C('STATIC_URL')}lib

[ 2016-03-09T13:04:31+08:00 ] ::1 /amos/thinkphp323/%7BC('STATIC_URL')%7Dlib/bootstrap/css/font-awesome.min.css
ERR: 无法加载模块:{C('STATIC_URL')}lib

[ 2016-03-09T13:04:31+08:00 ] ::1 /amos/thinkphp323/%7BC('STATIC_URL')%7Dlib/bootstrap/css/style.css
ERR: 无法加载模块:{C('STATIC_URL')}lib

[ 2016-03-09T13:04:31+08:00 ] ::1 /amos/thinkphp323/%7BC('STATIC_URL')%7Dlib/bootstrap/css/default.css
ERR: 无法加载模块:{C('STATIC_URL')}lib

[ 2016-03-09T13:04:31+08:00 ] ::1 /amos/thinkphp323/%7BC('STATIC_URL')%7Dlib/bootstrap/js/jquery-1.10.1.min.js
ERR: 无法加载模块:{C('STATIC_URL')}lib

[ 2016-03-09T13:04:31+08:00 ] ::1 /amos/thinkphp323/%7BC('STATIC_URL')%7Dlib/bootstrap/css/uniform.default.css
ERR: 无法加载模块:{C('STATIC_URL')}lib

[ 2016-03-09T13:04:31+08:00 ] ::1 /amos/thinkphp323/%7BC('STATIC_URL')%7Dlib/bootstrap/js/jquery-migrate-1.2.1.min.js
ERR: 无法加载模块:{C('STATIC_URL')}lib

[ 2016-03-09T13:04:31+08:00 ] ::1 /amos/thinkphp323/%7BC('STATIC_URL')%7Dlib/bootstrap/js/jquery.blockui.min.js
ERR: 无法加载模块:{C('STATIC_URL')}lib

[ 2016-03-09T13:04:31+08:00 ] ::1 /amos/thinkphp323/%7BC('STATIC_URL')%7Dlib/bootstrap/js/jquery.slimscroll.min.js
ERR: 无法加载模块:{C('STATIC_URL')}lib

[ 2016-03-09T13:04:31+08:00 ] ::1 /amos/thinkphp323/%7BC('STATIC_URL')%7Dlib/bootstrap/js/jquery.cookie.min.js
ERR: 无法加载模块:{C('STATIC_URL')}lib

[ 2016-03-09T13:04:31+08:00 ] ::1 /amos/thinkphp323/%7BC('STATIC_URL')%7Dlib/bootstrap/js/jquery.uniform.min.js
ERR: 无法加载模块:{C('STATIC_URL')}lib

[ 2016-03-09T13:04:31+08:00 ] ::1 /amos/thinkphp323/%7BC('STATIC_URL')%7Dlib/bootstrap/js/bootstrap.min.js
ERR: 无法加载模块:{C('STATIC_URL')}lib

[ 2016-03-09T13:04:31+08:00 ] ::1 /amos/thinkphp323/%7BC('STATIC_URL')%7Dlib/bootstrap/js/jquery-ui-1.10.1.custom.min.js
ERR: 无法加载模块:{C('STATIC_URL')}lib

[ 2016-03-09T13:04:31+08:00 ] ::1 /amos/thinkphp323/%7BC('STATIC_URL')%7Dlib/bootstrap/js/app.js
ERR: 无法加载模块:{C('STATIC_URL')}lib

[ 2016-03-09T13:04:31+08:00 ] ::1 /amos/thinkphp323/%7BC('STATIC_URL')%7Dlib/bootstrap/image/logo.png
ERR: 无法加载模块:{C('STATIC_URL')}lib

[ 2016-03-09T13:04:31+08:00 ] ::1 /amos/thinkphp323/%7BC('STATIC_URL')%7Dlib/bootstrap/image/avatar1_small.jpg
ERR: 无法加载模块:{C('STATIC_URL')}lib

[ 2016-03-09T13:04:31+08:00 ] ::1 /amos/thinkphp323/%7BC('STATIC_URL')%7Dlib/bootstrap/image/avatar2.jpg
ERR: 无法加载模块:{C('STATIC_URL')}lib

[ 2016-03-09T13:04:31+08:00 ] ::1 /amos/thinkphp323/%7BC('STATIC_URL')%7Dlib/bootstrap/image/menu-toggler.png
ERR: 无法加载模块:{C('STATIC_URL')}lib

[ 2016-03-09T13:04:31+08:00 ] ::1 /amos/thinkphp323/%7BC('STATIC_URL')%7Dlib/bootstrap/image/avatar1.jpg
ERR: 无法加载模块:{C('STATIC_URL')}lib

[ 2016-03-09T13:04:31+08:00 ] ::1 /amos/thinkphp323/%7BC('STATIC_URL')%7Dlib/bootstrap/image/avatar3.jpg
ERR: 无法加载模块:{C('STATIC_URL')}lib

[ 2016-03-09T13:04:31+08:00 ] ::1 /amos/thinkphp323/%7BC('STATIC_URL')%7Dlib/bootstrap/image/favicon.ico
ERR: 无法加载模块:{C('STATIC_URL')}lib

[ 2016-03-09T13:06:07+08:00 ] ::1 /amos/thinkphp323/assets/css/themes/blue.css
ERR: 无法加载模块:Assets

[ 2016-03-09T13:06:09+08:00 ] ::1 /amos/thinkphp323/assets/css/themes/brown.css
ERR: 无法加载模块:Assets

[ 2016-03-09T13:06:09+08:00 ] ::1 /amos/thinkphp323/assets/css/themes/purple.css
ERR: 无法加载模块:Assets

[ 2016-03-09T13:06:10+08:00 ] ::1 /amos/thinkphp323/assets/css/themes/grey.css
ERR: 无法加载模块:Assets

[ 2016-03-09T13:12:02+08:00 ] ::1 /amos/thinkphp323/assets/css/themes/blue.css
ERR: 无法加载模块:Assets

[ 2016-03-09T13:16:17+08:00 ] ::1 /amos/thinkphp323/assets/css/themes/purple.css
ERR: 无法加载模块:Assets

[ 2016-03-09T13:16:36+08:00 ] ::1 /amos/thinkphp323/assets/css/themes/brown.css
ERR: 无法加载模块:Assets

[ 2016-03-09T13:18:16+08:00 ] ::1 /amos/thinkphp323/assets/css/themes/blue.css
ERR: 无法加载模块:Assets

[ 2016-03-09T13:19:01+08:00 ] ::1 /amos/thinkphp323/assets/css/themes/purple.css
ERR: 无法加载模块:Assets

[ 2016-03-09T13:19:32+08:00 ] ::1 /amos/thinkphp323/assets/css/themes/purple.css
ERR: 无法加载模块:Assets

[ 2016-03-09T13:21:09+08:00 ] ::1 /amos/thinkphp323/assets/css/themes/purple.css
ERR: 无法加载模块:Assets

[ 2016-03-09T13:21:46+08:00 ] ::1 /amos/thinkphp323/assets/css/themes/brown.css
ERR: 无法加载模块:Assets

[ 2016-03-09T13:25:34+08:00 ] ::1 /amos/thinkphp323/static/backed/lib/bootstrap/css/themes/purple.css
ERR: 无法加载模块:Static

[ 2016-03-09T13:25:46+08:00 ] ::1 /amos/thinkphp323/static/backed/lib/bootstrap/css/themes/purple.css
ERR: 无法加载模块:Static

[ 2016-03-09T13:26:47+08:00 ] ::1 /amos/thinkphp323/static/backed/lib/bootstrap/img/search-icon-purple.png
ERR: 无法加载模块:Static

[ 2016-03-09T13:26:47+08:00 ] ::1 /amos/thinkphp323/static/backed/lib/bootstrap/img/sidebar-toggler-purple.jpg
ERR: 无法加载模块:Static

[ 2016-03-09T13:26:48+08:00 ] ::1 /amos/thinkphp323/static/backed/lib/bootstrap/img/sidebar-toggler-brown.jpg
ERR: 无法加载模块:Static

[ 2016-03-09T13:26:48+08:00 ] ::1 /amos/thinkphp323/static/backed/lib/bootstrap/img/search-icon-brown.png
ERR: 无法加载模块:Static

[ 2016-03-09T13:26:50+08:00 ] ::1 /amos/thinkphp323/static/backed/lib/bootstrap/img/search-icon-blue.png
ERR: 无法加载模块:Static

[ 2016-03-09T13:26:50+08:00 ] ::1 /amos/thinkphp323/static/backed/lib/bootstrap/img/sidebar-toggler-blue.jpg
ERR: 无法加载模块:Static

[ 2016-03-09T13:27:00+08:00 ] ::1 /amos/thinkphp323/static/backed/lib/bootstrap/img/search-icon-brown.png
ERR: 无法加载模块:Static

[ 2016-03-09T13:27:00+08:00 ] ::1 /amos/thinkphp323/static/backed/lib/bootstrap/img/sidebar-toggler-brown.jpg
ERR: 无法加载模块:Static

[ 2016-03-09T13:27:02+08:00 ] ::1 /amos/thinkphp323/static/backed/lib/bootstrap/css/image/search-icon.png
ERR: 无法加载模块:Static

[ 2016-03-09T13:27:02+08:00 ] ::1 /amos/thinkphp323/static/backed/lib/bootstrap/css/image/sidebar-toggler.jpg
ERR: 无法加载模块:Static

[ 2016-03-09T13:27:03+08:00 ] ::1 /amos/thinkphp323/static/backed/lib/bootstrap/img/search-icon.png
ERR: 无法加载模块:Static

[ 2016-03-09T13:27:03+08:00 ] ::1 /amos/thinkphp323/static/backed/lib/bootstrap/img/sidebar-toggler.jpg
ERR: 无法加载模块:Static

[ 2016-03-09T13:27:04+08:00 ] ::1 /amos/thinkphp323/static/backed/lib/bootstrap/img/sidebar-toggler-purple.jpg
ERR: 无法加载模块:Static

[ 2016-03-09T13:27:04+08:00 ] ::1 /amos/thinkphp323/static/backed/lib/bootstrap/img/search-icon-purple.png
ERR: 无法加载模块:Static

[ 2016-03-09T13:27:08+08:00 ] ::1 /amos/thinkphp323/static/backed/lib/bootstrap/img/sidebar-toggler-blue.jpg
ERR: 无法加载模块:Static

[ 2016-03-09T13:27:08+08:00 ] ::1 /amos/thinkphp323/static/backed/lib/bootstrap/img/search-icon-blue.png
ERR: 无法加载模块:Static

[ 2016-03-09T13:27:10+08:00 ] ::1 /amos/thinkphp323/layout_horizontal_menu2.html
ERR: 无法加载模块:Layout_horizontal_menu2

[ 2016-03-09T13:27:15+08:00 ] ::1 /amos/thinkphp323/static/backed/lib/bootstrap/img/search-icon-blue.png
ERR: 无法加载模块:Static

[ 2016-03-09T13:27:15+08:00 ] ::1 /amos/thinkphp323/static/backed/lib/bootstrap/img/sidebar-toggler-blue.jpg
ERR: 无法加载模块:Static

[ 2016-03-09T13:27:17+08:00 ] ::1 /amos/thinkphp323/static/backed/lib/bootstrap/css/image/search-icon.png
ERR: 无法加载模块:Static

[ 2016-03-09T13:27:17+08:00 ] ::1 /amos/thinkphp323/static/backed/lib/bootstrap/css/image/sidebar-toggler.jpg
ERR: 无法加载模块:Static

[ 2016-03-09T14:04:05+08:00 ] ::1 /amos/thinkphp323/static/backed/lib/bootstrap/img/search-icon-purple.png
ERR: 无法加载模块:Static

[ 2016-03-09T14:04:05+08:00 ] ::1 /amos/thinkphp323/static/backed/lib/bootstrap/img/sidebar-toggler-purple.jpg
ERR: 无法加载模块:Static

[ 2016-03-09T14:09:19+08:00 ] ::1 /amos/thinkphp323/static/backed/lib/bootstrap/img/search-icon-blue.png
ERR: 无法加载模块:Static

[ 2016-03-09T14:09:19+08:00 ] ::1 /amos/thinkphp323/static/backed/lib/bootstrap/img/sidebar-toggler-blue.jpg
ERR: 无法加载模块:Static

[ 2016-03-09T14:13:43+08:00 ] ::1 /amos/thinkphp323/static/backed/lib/bootstrap/img/sidebar-toggler-blue.jpg
ERR: 无法加载模块:Static

[ 2016-03-09T14:16:28+08:00 ] ::1 /amos/thinkphp323/static/backed/lib/bootstrap/img/sidebar-toggler-blue.jpg
ERR: 无法加载模块:Static

[ 2016-03-09T14:18:23+08:00 ] ::1 /amos/thinkphp323/static/backed/lib/bootstrap/img/search-icon.png
ERR: 无法加载模块:Static

[ 2016-03-09T14:18:23+08:00 ] ::1 /amos/thinkphp323/static/backed/lib/bootstrap/img/sidebar-toggler.jpg
ERR: 无法加载模块:Static

[ 2016-03-09T14:18:57+08:00 ] ::1 /amos/thinkphp323/static/backed/lib/bootstrap/css/image/search-icon.png
ERR: 无法加载模块:Static

[ 2016-03-09T14:18:57+08:00 ] ::1 /amos/thinkphp323/static/backed/lib/bootstrap/css/image/sidebar-toggler.jpg
ERR: 无法加载模块:Static

[ 2016-03-09T14:19:32+08:00 ] ::1 /amos/thinkphp323/static/backed/lib/bootstrap/css/image/search-icon.png
ERR: 无法加载模块:Static

[ 2016-03-09T14:19:49+08:00 ] ::1 /amos/thinkphp323/static/backed/lib/bootstrap/img/search-icon-brown.png
ERR: 无法加载模块:Static

[ 2016-03-09T14:19:49+08:00 ] ::1 /amos/thinkphp323/static/backed/lib/bootstrap/img/sidebar-toggler-brown.jpg
ERR: 无法加载模块:Static

[ 2016-03-09T14:19:55+08:00 ] ::1 /amos/thinkphp323/static/backed/lib/bootstrap/css/image/search-icon.png
ERR: 无法加载模块:Static

[ 2016-03-09T14:19:55+08:00 ] ::1 /amos/thinkphp323/static/backed/lib/bootstrap/css/image/sidebar-toggler.jpg
ERR: 无法加载模块:Static

[ 2016-03-09T14:20:04+08:00 ] ::1 /amos/thinkphp323/static/backed/lib/bootstrap/css/image/search-icon.png
ERR: 无法加载模块:Static

[ 2016-03-09T14:20:04+08:00 ] ::1 /amos/thinkphp323/static/backed/lib/bootstrap/css/image/sidebar-toggler.jpg
ERR: 无法加载模块:Static

[ 2016-03-09T14:20:32+08:00 ] ::1 /amos/thinkphp323/static/backed/lib/bootstrap/img/search-icon-brown.png
ERR: 无法加载模块:Static

[ 2016-03-09T14:20:32+08:00 ] ::1 /amos/thinkphp323/static/backed/lib/bootstrap/img/sidebar-toggler-brown.jpg
ERR: 无法加载模块:Static

[ 2016-03-09T14:20:35+08:00 ] ::1 /amos/thinkphp323/static/backed/lib/bootstrap/img/search-icon-purple.png
ERR: 无法加载模块:Static

[ 2016-03-09T14:20:35+08:00 ] ::1 /amos/thinkphp323/static/backed/lib/bootstrap/img/sidebar-toggler-purple.jpg
ERR: 无法加载模块:Static

[ 2016-03-09T14:20:36+08:00 ] ::1 /amos/thinkphp323/static/backed/lib/bootstrap/img/sidebar-toggler.jpg
ERR: 无法加载模块:Static

[ 2016-03-09T14:20:37+08:00 ] ::1 /amos/thinkphp323/static/backed/lib/bootstrap/img/sidebar-menu-arrow-green.png
ERR: 无法加载模块:Static

[ 2016-03-09T14:20:37+08:00 ] ::1 /amos/thinkphp323/static/backed/lib/bootstrap/img/search-icon-white.png
ERR: 无法加载模块:Static

[ 2016-03-09T14:20:37+08:00 ] ::1 /amos/thinkphp323/static/backed/lib/bootstrap/img/sidebar-toggler-light.jpg
ERR: 无法加载模块:Static

[ 2016-03-09T14:20:48+08:00 ] ::1 /amos/thinkphp323/static/backed/lib/bootstrap/css/image/sidebar-toggler.jpg
ERR: 无法加载模块:Static

[ 2016-03-09T14:20:48+08:00 ] ::1 /amos/thinkphp323/static/backed/lib/bootstrap/css/image/search-icon.png
ERR: 无法加载模块:Static

[ 2016-03-09T14:21:00+08:00 ] ::1 /amos/thinkphp323/static/backed/lib/bootstrap/css/image/search-icon.png
ERR: 无法加载模块:Static

[ 2016-03-09T14:21:00+08:00 ] ::1 /amos/thinkphp323/static/backed/lib/bootstrap/css/image/sidebar-toggler.jpg
ERR: 无法加载模块:Static

[ 2016-03-09T14:22:30+08:00 ] ::1 /amos/thinkphp323/static/backed/lib/bootstrap/css/image/search-icon.png
ERR: 无法加载模块:Static

[ 2016-03-09T14:22:30+08:00 ] ::1 /amos/thinkphp323/static/backed/lib/bootstrap/css/image/sidebar-toggler.jpg
ERR: 无法加载模块:Static

[ 2016-03-09T14:23:18+08:00 ] ::1 /amos/thinkphp323/static/backed/lib/bootstrap/img/search-icon-brown.png
ERR: 无法加载模块:Static

[ 2016-03-09T14:23:18+08:00 ] ::1 /amos/thinkphp323/static/backed/lib/bootstrap/img/sidebar-toggler-brown.jpg
ERR: 无法加载模块:Static

[ 2016-03-09T14:24:12+08:00 ] ::1 /amos/thinkphp323/static/backed/lib/bootstrap/img/search-icon-purple.png
ERR: 无法加载模块:Static

[ 2016-03-09T14:24:12+08:00 ] ::1 /amos/thinkphp323/static/backed/lib/bootstrap/img/sidebar-toggler-purple.jpg
ERR: 无法加载模块:Static

[ 2016-03-09T14:27:28+08:00 ] ::1 /amos/thinkphp323/extra_404_option1.html
ERR: 无法加载模块:Extra_404_option1

[ 2016-03-09T14:27:35+08:00 ] ::1 /amos/thinkphp323/login.html
ERR: 无法加载模块:Login

[ 2016-03-09T14:43:09+08:00 ] ::1 /amos/thinkphp323/static/backed/lib/bootstrap/img/sidebar-toggler-brown.jpg
ERR: 无法加载模块:Static

[ 2016-03-09T14:43:10+08:00 ] ::1 /amos/thinkphp323/static/backed/lib/bootstrap/img/search-icon-purple.png
ERR: 无法加载模块:Static

[ 2016-03-09T14:43:10+08:00 ] ::1 /amos/thinkphp323/static/backed/lib/bootstrap/img/sidebar-toggler-purple.jpg
ERR: 无法加载模块:Static

[ 2016-03-09T14:43:12+08:00 ] ::1 /amos/thinkphp323/static/backed/lib/bootstrap/img/sidebar-toggler.jpg
ERR: 无法加载模块:Static

[ 2016-03-09T14:43:14+08:00 ] ::1 /amos/thinkphp323/static/backed/lib/bootstrap/img/sidebar-menu-arrow-green.png
ERR: 无法加载模块:Static

[ 2016-03-09T14:43:14+08:00 ] ::1 /amos/thinkphp323/static/backed/lib/bootstrap/img/search-icon-white.png
ERR: 无法加载模块:Static

[ 2016-03-09T14:43:14+08:00 ] ::1 /amos/thinkphp323/static/backed/lib/bootstrap/img/sidebar-toggler-light.jpg
ERR: 无法加载模块:Static

[ 2016-03-09T14:43:16+08:00 ] ::1 /amos/thinkphp323/static/backed/lib/bootstrap/img/sidebar-toggler-brown.jpg
ERR: 无法加载模块:Static

[ 2016-03-09T14:43:17+08:00 ] ::1 /amos/thinkphp323/static/backed/lib/bootstrap/img/search-icon-purple.png
ERR: 无法加载模块:Static

[ 2016-03-09T14:43:17+08:00 ] ::1 /amos/thinkphp323/static/backed/lib/bootstrap/img/sidebar-toggler-purple.jpg
ERR: 无法加载模块:Static

[ 2016-03-09T14:43:17+08:00 ] ::1 /amos/thinkphp323/static/backed/lib/bootstrap/img/sidebar-toggler.jpg
ERR: 无法加载模块:Static

[ 2016-03-09T14:43:18+08:00 ] ::1 /amos/thinkphp323/static/backed/lib/bootstrap/img/sidebar-menu-arrow-green.png
ERR: 无法加载模块:Static

[ 2016-03-09T14:43:18+08:00 ] ::1 /amos/thinkphp323/static/backed/lib/bootstrap/img/search-icon-white.png
ERR: 无法加载模块:Static

[ 2016-03-09T14:43:18+08:00 ] ::1 /amos/thinkphp323/static/backed/lib/bootstrap/img/sidebar-toggler-light.jpg
ERR: 无法加载模块:Static

[ 2016-03-09T14:43:52+08:00 ] ::1 /amos/thinkphp323/index.html
ERR: 无法加载模块:Index

[ 2016-03-09T14:45:12+08:00 ] ::1 /amos/thinkphp323/extra_lock.html
ERR: 无法加载模块:Extra_lock

[ 2016-03-09T15:23:11+08:00 ] ::1 /amos/thinkphp323/static/backed/lib/bootstrap/plugins/simple-line-icons/simple-line-icons.min.css
ERR: 无法加载模块:Static

[ 2016-03-09T15:23:11+08:00 ] ::1 /amos/thinkphp323/static/backed/lib/bootstrap/css/components.min.css
ERR: 无法加载模块:Static

模块:Static

块:Static

[ 2016-03-09T15:23:11+08:00 ] ::1 /amos/thinkphp323/static/backed/lib/bootstrap/css/plugins.min.css
ERR: 无法加载模块:Static

[ 2016-03-09T15:23:11+08:00 ] ::1 /amos/thinkphp323/static/backed/lib/bootstrap/plugins/jquery.min.js
ERR: 无法加载模块:Static

[ 2016-03-09T15:23:11+08:00 ] ::1 /amos/thinkphp323/static/backed/lib/bootstrap/plugins/bootstrap/js/bootstrap.min.js
ERR: 无法加载模块:Static

[ 2016-03-09T15:23:11+08:00 ] ::1 /amos/thinkphp323/static/backed/lib/bootstrap/plugins/js.cookie.min.js
ERR: 无法加载模块:Static

[ 2016-03-09T15:23:11+08:00 ] ::1 /amos/thinkphp323/static/backed/lib/bootstrap/plugins/jquery-slimscroll/jquery.slimscroll.min.js
ERR: 无法加载模块:Static

[ 2016-03-09T15:23:11+08:00 ] ::1 /amos/thinkphp323/static/backed/lib/bootstrap/plugins/bootstrap-hover-dropdown/bootstrap-hover-dropdown.min.js
ERR: 无法加载模块:Static

[ 2016-03-09T15:23:11+08:00 ] ::1 /amos/thinkphp323/static/backed/lib/bootstrap/plugins/jquery.blockui.min.js
ERR: 无法加载模块:Static

[ 2016-03-09T15:23:11+08:00 ] ::1 /amos/thinkphp323/static/backed/lib/bootstrap/plugins/bootstrap-switch/js/bootstrap-switch.min.js
ERR: 无法加载模块:Static

[ 2016-03-09T15:23:11+08:00 ] ::1 /amos/thinkphp323/static/backed/lib/bootstrap/plugins/uniform/jquery.uniform.min.js
ERR: 无法加载模块:Static

[ 2016-03-09T15:23:11+08:00 ] ::1 /amos/thinkphp323/static/backed/lib/bootstrap/scripts/app.min.js
ERR: 无法加载模块:Static

[ 2016-03-09T15:23:19+08:00 ] ::1 /amos/thinkphp323/favicon.ico
ERR: 无法加载模块:Favicon

[ 2016-03-09T15:25:05+08:00 ] ::1 /amos/thinkphp323/static/backed/lib/bootstrap/plugins/font-awesome/css/font-awesome.min.css
ERR: 无法加载模块:Static

[ 2016-03-09T15:25:05+08:00 ] ::1 /amos/thinkphp323/static/backed/lib/bootstrap/plugins/uniform/css/uniform.default.css
ERR: 无法加载模块:Static

[ 2016-03-09T15:25:05+08:00 ] ::1 /amos/thinkphp323/static/backed/lib/bootstrap/plugins/simple-line-icons/simple-line-icons.min.css
ERR: 无法加载模块:Static

[ 2016-03-09T15:25:05+08:00 ] ::1 /amos/thinkphp323/static/backed/lib/bootstrap/plugins/jquery.min.js
ERR: 无法加载模块:Static

[ 2016-03-09T15:25:05+08:00 ] ::1 /amos/thinkphp323/static/backed/lib/bootstrap/plugins/bootstrap/js/bootstrap.min.js
ERR: 无法加载模块:Static

[ 2016-03-09T15:25:05+08:00 ] ::1 /amos/thinkphp323/static/backed/lib/bootstrap/plugins/bootstrap-hover-dropdown/bootstrap-hover-dropdown.min.js
ERR: 无法加载模块:Static

[ 2016-03-09T15:25:05+08:00 ] ::1 /amos/thinkphp323/static/backed/lib/bootstrap/plugins/js.cookie.min.js
ERR: 无法加载模块:Static

[ 2016-03-09T15:25:05+08:00 ] ::1 /amos/thinkphp323/static/backed/lib/bootstrap/plugins/jquery-slimscroll/jquery.slimscroll.min.js
ERR: 无法加载模块:Static

[ 2016-03-09T15:25:05+08:00 ] ::1 /amos/thinkphp323/static/backed/lib/bootstrap/plugins/uniform/jquery.uniform.min.js
ERR: 无法加载模块:Static

[ 2016-03-09T15:25:05+08:00 ] ::1 /amos/thinkphp323/static/backed/lib/bootstrap/plugins/jquery.blockui.min.js
ERR: 无法加载模块:Static

[ 2016-03-09T15:25:05+08:00 ] ::1 /amos/thinkphp323/static/backed/lib/bootstrap/plugins/bootstrap-switch/js/bootstrap-switch.min.js
ERR: 无法加载模块:Static

[ 2016-03-09T15:25:05+08:00 ] ::1 /amos/thinkphp323/static/backed/lib/bootstrap/scripts/app.min.js
ERR: 无法加载模块:Static

[ 2016-03-09T15:25:05+08:00 ] ::1 /amos/thinkphp323/static/backed/lib/bootstrap/plugins/bootstrap-switch/css/bootstrap-switch.min.css
ERR: 无法加载模块:Static

[ 2016-03-09T15:25:06+08:00 ] ::1 /amos/thinkphp323/static/backed/lib/bootstrap/plugins/bootstrap/css/bootstrap.min.css
ERR: 无法加载模块:Static

[ 2016-03-09T15:25:06+08:00 ] ::1 /amos/thinkphp323/static/backed/lib/bootstrap/css/components.min.css
ERR: 无法加载模块:Static

[ 2016-03-09T15:25:06+08:00 ] ::1 /amos/thinkphp323/static/backed/lib/bootstrap/css/plugins.min.css
ERR: 无法加载模块:Static

[ 2016-03-09T15:28:46+08:00 ] ::1 /amos/thinkphp323/static/backed/lib/bootstrap/plugins/font-awesome/css/font-awesome.min.css
ERR: 无法加载模块:Static

[ 2016-03-09T15:28:46+08:00 ] ::1 /amos/thinkphp323/static/backed/lib/bootstrap/css/plugins.min.css
ERR: 无法加载模块:Static

[ 2016-03-09T15:28:46+08:00 ] ::1 /amos/thinkphp323/static/backed/lib/bootstrap/plugins/jquery.min.js
ERR: 无法加载模块:Static

[ 2016-03-09T15:28:46+08:00 ] ::1 /amos/thinkphp323/static/backed/lib/bootstrap/plugins/bootstrap/js/bootstrap.min.js
ERR: 无法加载模块:Static

[ 2016-03-09T15:28:46+08:00 ] ::1 /amos/thinkphp323/static/backed/lib/bootstrap/plugins/js.cookie.min.js
ERR: 无法加载模块:Static

[ 2016-03-09T15:28:46+08:00 ] ::1 /amos/thinkphp323/static/backed/lib/bootstrap/plugins/bootstrap-hover-dropdown/bootstrap-hover-dropdown.min.js
ERR: 无法加载模块:Static

[ 2016-03-09T15:28:46+08:00 ] ::1 /amos/thinkphp323/static/backed/lib/bootstrap/plugins/simple-line-icons/simple-line-icons.min.css
ERR: 无法加载模块:Static

[ 2016-03-09T15:28:46+08:00 ] ::1 /amos/thinkphp323/static/backed/lib/bootstrap/plugins/jquery-slimscroll/jquery.slimscroll.min.js
ERR: 无法加载模块:Static

[ 2016-03-09T15:28:46+08:00 ] ::1 /amos/thinkphp323/static/backed/lib/bootstrap/plugins/jquery.blockui.min.js
ERR: 无法加载模块:Static

[ 2016-03-09T15:28:46+08:00 ] ::1 /amos/thinkphp323/static/backed/lib/bootstrap/plugins/bootstrap-switch/js/bootstrap-switch.min.js
ERR: 无法加载模块:Static

[ 2016-03-09T15:28:46+08:00 ] ::1 /amos/thinkphp323/static/backed/lib/bootstrap/plugins/uniform/jquery.uniform.min.js
ERR: 无法加载模块:Static

[ 2016-03-09T15:28:46+08:00 ] ::1 /amos/thinkphp323/static/backed/lib/bootstrap/scripts/app.min.js
ERR: 无法加载模块:Static

[ 2016-03-09T15:28:46+08:00 ] ::1 /amos/thinkphp323/static/backed/lib/bootstrap/plugins/bootstrap/css/bootstrap.min.css
ERR: 无法加载模块:Static

[ 2016-03-09T15:28:46+08:00 ] ::1 /amos/thinkphp323/static/backed/lib/bootstrap/plugins/uniform/css/uniform.default.css
ERR: 无法加载模块:Static

[ 2016-03-09T15:28:46+08:00 ] ::1 /amos/thinkphp323/static/backed/lib/bootstrap/plugins/bootstrap-switch/css/bootstrap-switch.min.css
ERR: 无法加载模块:Static

[ 2016-03-09T15:28:46+08:00 ] ::1 /amos/thinkphp323/static/backed/lib/bootstrap/css/components.min.css
ERR: 无法加载模块:Static

[ 2016-03-09T15:30:55+08:00 ] ::1 /amos/thinkphp323/static/backed/assets/plugins/bootstrap/font-awesome/css/font-awesome.min.css
ERR: 无法加载模块:Static

[ 2016-03-09T15:30:55+08:00 ] ::1 /amos/thinkphp323/static/backed/lib/bootstrap/plugins/bootstrap/css/bootstrap.min.css
ERR: 无法加载模块:Static

[ 2016-03-09T15:30:55+08:00 ] ::1 /amos/thinkphp323/static/backed/lib/bootstrap/plugins/simple-line-icons/simple-line-icons.min.css
ERR: 无法加载模块:Static

[ 2016-03-09T15:30:55+08:00 ] ::1 /amos/thinkphp323/static/backed/lib/bootstrap/css/plugins.min.css
ERR: 无法加载模块:Static

[ 2016-03-09T15:30:55+08:00 ] ::1 /amos/thinkphp323/static/backed/lib/bootstrap/plugins/bootstrap/js/bootstrap.min.js
ERR: 无法加载模块:Static

[ 2016-03-09T15:30:55+08:00 ] ::1 /amos/thinkphp323/static/backed/lib/bootstrap/plugins/js.cookie.min.js
ERR: 无法加载模块:Static

[ 2016-03-09T15:30:55+08:00 ] ::1 /amos/thinkphp323/static/backed/lib/bootstrap/plugins/bootstrap-hover-dropdown/bootstrap-hover-dropdown.min.js
ERR: 无法加载模块:Static

[ 2016-03-09T15:30:55+08:00 ] ::1 /amos/thinkphp323/static/backed/lib/bootstrap/plugins/jquery-slimscroll/jquery.slimscroll.min.js
ERR: 无法加载模块:Static

[ 2016-03-09T15:30:55+08:00 ] ::1 /amos/thinkphp323/static/backed/lib/bootstrap/plugins/jquery.min.js
ERR: 无法加载模块:Static

[ 2016-03-09T15:30:55+08:00 ] ::1 /amos/thinkphp323/static/backed/lib/bootstrap/plugins/jquery.blockui.min.js
ERR: 无法加载模块:Static

[ 2016-03-09T15:30:55+08:00 ] ::1 /amos/thinkphp323/static/backed/lib/bootstrap/scripts/app.min.js
ERR: 无法加载模块:Static

[ 2016-03-09T15:30:55+08:00 ] ::1 /amos/thinkphp323/static/backed/lib/bootstrap/plugins/bootstrap-switch/js/bootstrap-switch.min.js
ERR: 无法加载模块:Static

[ 2016-03-09T15:30:56+08:00 ] ::1 /amos/thinkphp323/static/backed/lib/bootstrap/plugins/uniform/jquery.uniform.min.js
ERR: 无法加载模块:Static

[ 2016-03-09T15:30:56+08:00 ] ::1 /amos/thinkphp323/static/backed/lib/bootstrap/plugins/bootstrap-switch/css/bootstrap-switch.min.css
ERR: 无法加载模块:Static

[ 2016-03-09T15:30:56+08:00 ] ::1 /amos/thinkphp323/static/backed/lib/bootstrap/plugins/uniform/css/uniform.default.css
ERR: 无法加载模块:Static

[ 2016-03-09T15:30:56+08:00 ] ::1 /amos/thinkphp323/static/backed/lib/bootstrap/css/components.min.css
ERR: 无法加载模块:Static

[ 2016-03-09T15:31:21+08:00 ] ::1 /amos/thinkphp323/static/backed/assets/plugins/bootstrap/font-awesome/css/font-awesome.min.css
ERR: 无法加载模块:Static

[ 2016-03-09T15:36:16+08:00 ] ::1 /amos/thinkphp323/static/backed/assets/css/plugins.min.css
ERR: 无法加载模块:Static

[ 2016-03-09T15:36:16+08:00 ] ::1 /amos/thinkphp323/static/backed/assets/plugins/js.cookie.min.js
ERR: 无法加载模块:Static

[ 2016-03-09T15:36:16+08:00 ] ::1 /amos/thinkphp323/static/backed/assets/plugins/jquery-slimscroll/jquery.slimscroll.min.js
ERR: 无法加载模块:Static

[ 2016-03-09T15:36:16+08:00 ] ::1 /amos/thinkphp323/static/backed/assets/plugins/jquery.min.js
ERR: 无法加载模块:Static

[ 2016-03-09T15:36:16+08:00 ] ::1 /amos/thinkphp323/static/backed/assets/plugins/bootstrap-hover-dropdown/bootstrap-hover-dropdown.min.js
ERR: 无法加载模块:Static

[ 2016-03-09T15:36:16+08:00 ] ::1 /amos/thinkphp323/static/backed/assets/plugins/jquery.blockui.min.js
ERR: 无法加载模块:Static

[ 2016-03-09T15:36:16+08:00 ] ::1 /amos/thinkphp323/static/backed/assets/scripts/app.min.js
ERR: 无法加载模块:Static

[ 2016-03-09T15:36:16+08:00 ] ::1 /amos/thinkphp323/static/backed/assets/css/components.min.css
ERR: 无法加载模块:Static

[ 2016-03-09T15:38:38+08:00 ] ::1 /amos/thinkphp323/static/backed/assets/plugins/jquery.min.js
ERR: 无法加载模块:Static

[ 2016-03-09T15:38:38+08:00 ] ::1 /amos/thinkphp323/static/backed/assets/plugins/js.cookie.min.js
ERR: 无法加载模块:Static

[ 2016-03-09T15:38:38+08:00 ] ::1 /amos/thinkphp323/static/backed/assets/plugins/bootstrap-hover-dropdown/bootstrap-hover-dropdown.min.js
ERR: 无法加载模块:Static

[ 2016-03-09T15:38:38+08:00 ] ::1 /amos/thinkphp323/static/backed/assets/plugins/jquery-slimscroll/jquery.slimscroll.min.js
ERR: 无法加载模块:Static

[ 2016-03-09T15:38:38+08:00 ] ::1 /amos/thinkphp323/static/backed/assets/plugins/jquery.blockui.min.js
ERR: 无法加载模块:Static

[ 2016-03-09T15:38:38+08:00 ] ::1 /amos/thinkphp323/static/backed/assets/scripts/app.min.js
ERR: 无法加载模块:Static

[ 2016-03-09T15:39:21+08:00 ] ::1 /amos/thinkphp323/static/backed/layouts/layout/css/layout.min.css
ERR: 无法加载模块:Static

[ 2016-03-09T15:39:21+08:00 ] ::1 /amos/thinkphp323/static/backed/layouts/layout/css/custom.min.css
ERR: 无法加载模块:Static

[ 2016-03-09T15:39:21+08:00 ] ::1 /amos/thinkphp323/static/backed/assets/plugins/jquery.min.js
ERR: 无法加载模块:Static

[ 2016-03-09T15:39:21+08:00 ] ::1 /amos/thinkphp323/static/backed/assets/plugins/js.cookie.min.js
ERR: 无法加载模块:Static

[ 2016-03-09T15:39:21+08:00 ] ::1 /amos/thinkphp323/static/backed/assets/plugins/bootstrap-hover-dropdown/bootstrap-hover-dropdown.min.js
ERR: 无法加载模块:Static

[ 2016-03-09T15:39:21+08:00 ] ::1 /amos/thinkphp323/static/backed/assets/plugins/jquery.blockui.min.js
ERR: 无法加载模块:Static

[ 2016-03-09T15:39:21+08:00 ] ::1 /amos/thinkphp323/static/backed/assets/scripts/app.min.js
ERR: 无法加载模块:Static

[ 2016-03-09T15:39:21+08:00 ] ::1 /amos/thinkphp323/static/backed/assets/plugins/jquery-slimscroll/jquery.slimscroll.min.js
ERR: 无法加载模块:Static

[ 2016-03-09T15:39:21+08:00 ] ::1 /amos/thinkphp323/static/backed/layouts/layout/css/themes/darkblue.min.css
ERR: 无法加载模块:Static

[ 2016-03-09T15:39:48+08:00 ] ::1 /amos/thinkphp323/static/backed/assetslayouts/layout/css/layout.min.css
ERR: 无法加载模块:Static

[ 2016-03-09T15:39:48+08:00 ] ::1 /amos/thinkphp323/static/backed/assetslayouts/layout/css/themes/darkblue.min.css
ERR: 无法加载模块:Static

[ 2016-03-09T15:39:48+08:00 ] ::1 /amos/thinkphp323/static/backed/assetslayouts/layout/css/custom.min.css
ERR: 无法加载模块:Static

[ 2016-03-09T15:39:48+08:00 ] ::1 /amos/thinkphp323/static/backed/assets/plugins/jquery.min.js
ERR: 无法加载模块:Static

[ 2016-03-09T15:39:48+08:00 ] ::1 /amos/thinkphp323/static/backed/assets/plugins/js.cookie.min.js
ERR: 无法加载模块:Static

[ 2016-03-09T15:39:48+08:00 ] ::1 /amos/thinkphp323/static/backed/assets/plugins/bootstrap-hover-dropdown/bootstrap-hover-dropdown.min.js
ERR: 无法加载模块:Static

[ 2016-03-09T15:39:48+08:00 ] ::1 /amos/thinkphp323/static/backed/assets/plugins/jquery-slimscroll/jquery.slimscroll.min.js
ERR: 无法加载模块:Static

[ 2016-03-09T15:39:48+08:00 ] ::1 /amos/thinkphp323/static/backed/assets/plugins/jquery.blockui.min.js
ERR: 无法加载模块:Static

[ 2016-03-09T15:39:49+08:00 ] ::1 /amos/thinkphp323/static/backed/assets/scripts/app.min.js
ERR: 无法加载模块:Static

[ 2016-03-09T15:40:05+08:00 ] ::1 /amos/thinkphp323/static/backed/assets/plugins/jquery.min.js
ERR: 无法加载模块:Static

[ 2016-03-09T15:40:05+08:00 ] ::1 /amos/thinkphp323/static/backed/assets/plugins/js.cookie.min.js
ERR: 无法加载模块:Static

[ 2016-03-09T15:40:05+08:00 ] ::1 /amos/thinkphp323/static/backed/assets/plugins/bootstrap-hover-dropdown/bootstrap-hover-dropdown.min.js
ERR: 无法加载模块:Static

[ 2016-03-09T15:40:05+08:00 ] ::1 /amos/thinkphp323/static/backed/assets/plugins/jquery.blockui.min.js
ERR: 无法加载模块:Static

[ 2016-03-09T15:40:05+08:00 ] ::1 /amos/thinkphp323/static/backed/assets/plugins/jquery-slimscroll/jquery.slimscroll.min.js
ERR: 无法加载模块:Static

[ 2016-03-09T15:40:05+08:00 ] ::1 /amos/thinkphp323/static/backed/assets/scripts/app.min.js
ERR: 无法加载模块:Static

[ 2016-03-09T15:41:16+08:00 ] ::1 /amos/thinkphp323/static/backed/assets/plugins/jquery.min.js
ERR: 无法加载模块:Static

[ 2016-03-09T15:41:16+08:00 ] ::1 /amos/thinkphp323/static/backed/assets/plugins/jquery.blockui.min.js
ERR: 无法加载模块:Static

[ 2016-03-09T15:41:16+08:00 ] ::1 /amos/thinkphp323/static/backed/assets/scripts/app.min.js
ERR: 无法加载模块:Static

[ 2016-03-09T15:41:59+08:00 ] ::1 /amos/thinkphp323/static/backed/assets/plugins/jquery.min.js
ERR: 无法加载模块:Static

[ 2016-03-09T15:43:25+08:00 ] ::1 /amos/thinkphp323/static/backed/assets/layouts/global/scripts/quick-sidebar.min.js
ERR: 无法加载模块:Static

[ 2016-03-09T15:43:40+08:00 ] ::1 /amos/thinkphp323/static/backed/assets/layouts/global/scripts/quick-sidebar.min.js
ERR: 无法加载模块:Static

[ 2016-03-09T15:45:43+08:00 ] ::1 /amos/thinkphp323/static/backed/assets/layouts/layout3/img/avatar2.jpg
ERR: 无法加载模块:Static

[ 2016-03-09T15:45:43+08:00 ] ::1 /amos/thinkphp323/static/backed/assets/layouts/layout3/img/avatar3.jpg
ERR: 无法加载模块:Static

[ 2016-03-09T15:45:43+08:00 ] ::1 /amos/thinkphp323/static/backed/assets/layouts/layout3/img/avatar1.jpg
ERR: 无法加载模块:Static

[ 2016-03-09T17:17:01+08:00 ] ::1 /amos/thinkphp323/static/assets/layouts/layout/img/logo.png
ERR: 无法加载模块:Static

[ 2016-03-09T17:17:01+08:00 ] ::1 /amos/thinkphp323/static/assets/layouts/layout/css/themes/blue.min.css
ERR: 无法加载模块:Static

[ 2016-03-09T17:17:52+08:00 ] ::1 /amos/thinkphp323/static/assets/layouts/layout/css/themes/blue.min.css
ERR: 无法加载模块:Static

[ 2016-03-09T17:18:15+08:00 ] ::1 /amos/thinkphp323/static/assets/layouts/layout/css/themes/blue.min.css
ERR: 无法加载模块:Static

