[ 2016-05-22T10:52:25+08:00 ] ::1 /personal/mysystem/static/backed/assets/global/plugins/datatables/pdfmake.min.js.map
INFO: [ app_init ] --START--
INFO: Run Behavior\BuildLiteBehavior [ RunTime:0.000036s ]
INFO: [ app_init ] --END-- [ RunTime:0.002327s ]
ERR: 无法加载模块:Static

[ 2016-05-22T10:52:55+08:00 ] ::1 /personal/mysystem/static/backed/assets/global/plugins/datatables/pdfmake.min.js.map
INFO: [ app_init ] --START--
INFO: Run Behavior\BuildLiteBehavior [ RunTime:0.000036s ]
INFO: [ app_init ] --END-- [ RunTime:0.001662s ]
ERR: 无法加载模块:Static

[ 2016-05-22T10:54:04+08:00 ] ::1 /personal/mysystem/static/backed/assets/global/plugins/datatables/pdfmake.min.js.map
INFO: [ app_init ] --START--
INFO: Run Behavior\BuildLiteBehavior [ RunTime:0.000040s ]
INFO: [ app_init ] --END-- [ RunTime:0.001727s ]
ERR: 无法加载模块:Static

[ 2016-05-22T10:54:41+08:00 ] ::1 /personal/mysystem/static/backed/assets/global/plugins/datatables/pdfmake.min.js.map
INFO: [ app_init ] --START--
INFO: Run Behavior\BuildLiteBehavior [ RunTime:0.000040s ]
INFO: [ app_init ] --END-- [ RunTime:0.003224s ]
ERR: 无法加载模块:Static

[ 2016-05-22T10:56:45+08:00 ] ::1 /personal/mysystem/static/backed/assets/global/plugins/datatables/pdfmake.min.js.map
INFO: [ app_init ] --START--
INFO: Run Behavior\BuildLiteBehavior [ RunTime:0.000033s ]
INFO: [ app_init ] --END-- [ RunTime:0.001474s ]
ERR: 无法加载模块:Static

[ 2016-05-22T10:57:29+08:00 ] ::1 /personal/mysystem/static/backed/assets/global/plugins/datatables/pdfmake.min.js.map
INFO: [ app_init ] --START--
INFO: Run Behavior\BuildLiteBehavior [ RunTime:0.000035s ]
INFO: [ app_init ] --END-- [ RunTime:0.001537s ]
ERR: 无法加载模块:Static

[ 2016-05-22T11:02:08+08:00 ] ::1 /personal/mysystem/static/backed/assets/global/plugins/datatables/pdfmake.min.js.map
INFO: [ app_init ] --START--
INFO: Run Behavior\BuildLiteBehavior [ RunTime:0.000034s ]
INFO: [ app_init ] --END-- [ RunTime:0.001427s ]
ERR: 无法加载模块:Static

[ 2016-05-22T11:02:55+08:00 ] ::1 /personal/mysystem/static/backed/assets/global/plugins/datatables/pdfmake.min.js.map
INFO: [ app_init ] --START--
INFO: Run Behavior\BuildLiteBehavior [ RunTime:0.000093s ]
INFO: [ app_init ] --END-- [ RunTime:0.002209s ]
ERR: 无法加载模块:Static

[ 2016-05-22T11:03:33+08:00 ] ::1 /personal/mysystem/static/backed/assets/global/plugins/datatables/pdfmake.min.js.map
INFO: [ app_init ] --START--
INFO: Run Behavior\BuildLiteBehavior [ RunTime:0.000041s ]
INFO: [ app_init ] --END-- [ RunTime:0.007454s ]
ERR: 无法加载模块:Static

[ 2016-05-22T11:14:08+08:00 ] ::1 /personal/mysystem/static/backed/assets/global/plugins/datatables/pdfmake.min.js.map
INFO: [ app_init ] --START--
INFO: Run Behavior\BuildLiteBehavior [ RunTime:0.000042s ]
INFO: [ app_init ] --END-- [ RunTime:0.001691s ]
ERR: 无法加载模块:Static

[ 2016-05-22T11:15:29+08:00 ] ::1 /personal/mysystem/static/backed/assets/global/plugins/datatables/pdfmake.min.js.map
INFO: [ app_init ] --START--
INFO: Run Behavior\BuildLiteBehavior [ RunTime:0.003055s ]
INFO: [ app_init ] --END-- [ RunTime:0.004743s ]
ERR: 无法加载模块:Static

[ 2016-05-22T11:16:45+08:00 ] ::1 /personal/mysystem/static/backed/assets/global/plugins/datatables/pdfmake.min.js.map
INFO: [ app_init ] --START--
INFO: Run Behavior\BuildLiteBehavior [ RunTime:0.000049s ]
INFO: [ app_init ] --END-- [ RunTime:0.002611s ]
ERR: 无法加载模块:Static

[ 2016-05-22T11:17:33+08:00 ] ::1 /personal/mysystem/static/backed/assets/global/plugins/datatables/pdfmake.min.js.map
INFO: [ app_init ] --START--
INFO: Run Behavior\BuildLiteBehavior [ RunTime:0.000035s ]
INFO: [ app_init ] --END-- [ RunTime:0.001908s ]
ERR: 无法加载模块:Static

[ 2016-05-22T11:19:57+08:00 ] ::1 /personal/mysystem/static/backed/assets/global/plugins/datatables/pdfmake.min.js.map
INFO: [ app_init ] --START--
INFO: Run Behavior\BuildLiteBehavior [ RunTime:0.000036s ]
INFO: [ app_init ] --END-- [ RunTime:0.001456s ]
ERR: 无法加载模块:Static

[ 2016-05-22T11:20:09+08:00 ] ::1 /personal/mysystem/static/backed/assets/global/plugins/datatables/pdfmake.min.js.map
INFO: [ app_init ] --START--
INFO: Run Behavior\BuildLiteBehavior [ RunTime:0.000038s ]
INFO: [ app_init ] --END-- [ RunTime:0.001678s ]
ERR: 无法加载模块:Static

[ 2016-05-22T11:21:42+08:00 ] ::1 /personal/mysystem/static/backed/assets/global/plugins/datatables/pdfmake.min.js.map
INFO: [ app_init ] --START--
INFO: Run Behavior\BuildLiteBehavior [ RunTime:0.000033s ]
INFO: [ app_init ] --END-- [ RunTime:0.002448s ]
ERR: 无法加载模块:Static

[ 2016-05-22T11:23:20+08:00 ] ::1 /personal/mysystem/static/backed/assets/global/plugins/datatables/pdfmake.min.js.map
INFO: [ app_init ] --START--
INFO: Run Behavior\BuildLiteBehavior [ RunTime:0.000038s ]
INFO: [ app_init ] --END-- [ RunTime:0.001865s ]
ERR: 无法加载模块:Static

[ 2016-05-22T11:23:47+08:00 ] ::1 /personal/mysystem/static/backed/assets/global/plugins/datatables/pdfmake.min.js.map
INFO: [ app_init ] --START--
INFO: Run Behavior\BuildLiteBehavior [ RunTime:0.000036s ]
INFO: [ app_init ] --END-- [ RunTime:0.001751s ]
ERR: 无法加载模块:Static

[ 2016-05-22T11:33:13+08:00 ] ::1 /personal/mysystem/static/backed/assets/global/plugins/datatables/pdfmake.min.js.map
INFO: [ app_init ] --START--
INFO: Run Behavior\BuildLiteBehavior [ RunTime:0.000039s ]
INFO: [ app_init ] --END-- [ RunTime:0.002102s ]
ERR: 无法加载模块:Static

[ 2016-05-22T11:33:39+08:00 ] ::1 /personal/mysystem/static/backed/assets/global/plugins/datatables/pdfmake.min.js.map
INFO: [ app_init ] --START--
INFO: Run Behavior\BuildLiteBehavior [ RunTime:0.000045s ]
INFO: [ app_init ] --END-- [ RunTime:0.002541s ]
ERR: 无法加载模块:Static

[ 2016-05-22T11:34:06+08:00 ] ::1 /personal/mysystem/static/backed/assets/global/plugins/datatables/pdfmake.min.js.map
INFO: [ app_init ] --START--
INFO: Run Behavior\BuildLiteBehavior [ RunTime:0.000033s ]
INFO: [ app_init ] --END-- [ RunTime:0.001494s ]
ERR: 无法加载模块:Static

[ 2016-05-22T11:37:25+08:00 ] ::1 /personal/mysystem/static/backed/assets/global/plugins/datatables/pdfmake.min.js.map
INFO: [ app_init ] --START--
INFO: Run Behavior\BuildLiteBehavior [ RunTime:0.000062s ]
INFO: [ app_init ] --END-- [ RunTime:0.001352s ]
ERR: 无法加载模块:Static

[ 2016-05-22T11:38:01+08:00 ] ::1 /personal/mysystem/static/backed/assets/global/plugins/datatables/pdfmake.min.js.map
INFO: [ app_init ] --START--
INFO: Run Behavior\BuildLiteBehavior [ RunTime:0.000046s ]
INFO: [ app_init ] --END-- [ RunTime:0.001843s ]
ERR: 无法加载模块:Static

[ 2016-05-22T11:39:26+08:00 ] ::1 /personal/mysystem/static/backed/assets/global/plugins/datatables/pdfmake.min.js.map
INFO: [ app_init ] --START--
INFO: Run Behavior\BuildLiteBehavior [ RunTime:0.000039s ]
INFO: [ app_init ] --END-- [ RunTime:0.001605s ]
ERR: 无法加载模块:Static

[ 2016-05-22T11:40:45+08:00 ] ::1 /personal/mysystem/static/backed/assets/global/plugins/datatables/pdfmake.min.js.map
INFO: [ app_init ] --START--
INFO: Run Behavior\BuildLiteBehavior [ RunTime:0.000035s ]
INFO: [ app_init ] --END-- [ RunTime:0.001678s ]
ERR: 无法加载模块:Static

[ 2016-05-22T11:41:27+08:00 ] ::1 /personal/mysystem/static/backed/assets/global/plugins/datatables/pdfmake.min.js.map
INFO: [ app_init ] --START--
INFO: Run Behavior\BuildLiteBehavior [ RunTime:0.001003s ]
INFO: [ app_init ] --END-- [ RunTime:0.003103s ]
ERR: 无法加载模块:Static

[ 2016-05-22T11:41:30+08:00 ] ::1 /personal/mysystem/static/backed/assets/global/plugins/datatables/pdfmake.min.js.map
INFO: [ app_init ] --START--
INFO: Run Behavior\BuildLiteBehavior [ RunTime:0.000037s ]
INFO: [ app_init ] --END-- [ RunTime:0.001864s ]
ERR: 无法加载模块:Static

[ 2016-05-22T11:41:51+08:00 ] ::1 /personal/mysystem/static/backed/assets/global/plugins/datatables/pdfmake.min.js.map
INFO: [ app_init ] --START--
INFO: Run Behavior\BuildLiteBehavior [ RunTime:0.000040s ]
INFO: [ app_init ] --END-- [ RunTime:0.004208s ]
ERR: 无法加载模块:Static

[ 2016-05-22T11:42:01+08:00 ] ::1 /personal/mysystem/static/backed/assets/global/plugins/datatables/pdfmake.min.js.map
INFO: [ app_init ] --START--
INFO: Run Behavior\BuildLiteBehavior [ RunTime:0.000038s ]
INFO: [ app_init ] --END-- [ RunTime:0.008485s ]
ERR: 无法加载模块:Static

[ 2016-05-22T11:42:37+08:00 ] ::1 /personal/mysystem/static/backed/assets/global/plugins/datatables/pdfmake.min.js.map
INFO: [ app_init ] --START--
INFO: Run Behavior\BuildLiteBehavior [ RunTime:0.000032s ]
INFO: [ app_init ] --END-- [ RunTime:0.001343s ]
ERR: 无法加载模块:Static

[ 2016-05-22T11:43:01+08:00 ] ::1 /personal/mysystem/static/backed/assets/global/plugins/datatables/pdfmake.min.js.map
INFO: [ app_init ] --START--
INFO: Run Behavior\BuildLiteBehavior [ RunTime:0.000035s ]
INFO: [ app_init ] --END-- [ RunTime:0.005180s ]
ERR: 无法加载模块:Static

[ 2016-05-22T11:43:51+08:00 ] ::1 /personal/mysystem/static/backed/assets/global/plugins/datatables/pdfmake.min.js.map
INFO: [ app_init ] --START--
INFO: Run Behavior\BuildLiteBehavior [ RunTime:0.000030s ]
INFO: [ app_init ] --END-- [ RunTime:0.001379s ]
ERR: 无法加载模块:Static

[ 2016-05-22T11:49:41+08:00 ] ::1 /personal/mysystem/static/backed/assets/global/plugins/datatables/pdfmake.min.js.map
INFO: [ app_init ] --START--
INFO: Run Behavior\BuildLiteBehavior [ RunTime:0.000028s ]
INFO: [ app_init ] --END-- [ RunTime:0.001224s ]
ERR: 无法加载模块:Static

[ 2016-05-22T11:53:13+08:00 ] ::1 /personal/mysystem/static/backed/assets/global/plugins/datatables/pdfmake.min.js.map
INFO: [ app_init ] --START--
INFO: Run Behavior\BuildLiteBehavior [ RunTime:0.000035s ]
INFO: [ app_init ] --END-- [ RunTime:0.003022s ]
ERR: 无法加载模块:Static

[ 2016-05-22T11:53:29+08:00 ] ::1 /personal/mysystem/static/backed/assets/global/plugins/datatables/pdfmake.min.js.map
INFO: [ app_init ] --START--
INFO: Run Behavior\BuildLiteBehavior [ RunTime:0.000036s ]
INFO: [ app_init ] --END-- [ RunTime:0.001600s ]
ERR: 无法加载模块:Static

[ 2016-05-22T11:54:08+08:00 ] ::1 /personal/mysystem/static/backed/assets/global/plugins/datatables/pdfmake.min.js.map
INFO: [ app_init ] --START--
INFO: Run Behavior\BuildLiteBehavior [ RunTime:0.000045s ]
INFO: [ app_init ] --END-- [ RunTime:0.002641s ]
ERR: 无法加载模块:Static

[ 2016-05-22T11:55:06+08:00 ] ::1 /personal/mysystem/static/backed/assets/global/plugins/datatables/pdfmake.min.js.map
INFO: [ app_init ] --START--
INFO: Run Behavior\BuildLiteBehavior [ RunTime:0.000038s ]
INFO: [ app_init ] --END-- [ RunTime:0.001436s ]
ERR: 无法加载模块:Static

[ 2016-05-22T11:55:53+08:00 ] ::1 /personal/mysystem/static/backed/assets/global/plugins/datatables/pdfmake.min.js.map
INFO: [ app_init ] --START--
INFO: Run Behavior\BuildLiteBehavior [ RunTime:0.000037s ]
INFO: [ app_init ] --END-- [ RunTime:0.001547s ]
ERR: 无法加载模块:Static

[ 2016-05-22T11:57:26+08:00 ] ::1 /personal/mysystem/static/backed/assets/global/plugins/datatables/pdfmake.min.js.map
INFO: [ app_init ] --START--
INFO: Run Behavior\BuildLiteBehavior [ RunTime:0.000047s ]
INFO: [ app_init ] --END-- [ RunTime:0.002621s ]
ERR: 无法加载模块:Static

[ 2016-05-22T11:58:35+08:00 ] ::1 /personal/mysystem/static/backed/assets/global/plugins/datatables/pdfmake.min.js.map
INFO: [ app_init ] --START--
INFO: Run Behavior\BuildLiteBehavior [ RunTime:0.000061s ]
INFO: [ app_init ] --END-- [ RunTime:0.001713s ]
ERR: 无法加载模块:Static

[ 2016-05-22T11:59:00+08:00 ] ::1 /personal/mysystem/static/backed/assets/global/plugins/datatables/pdfmake.min.js.map
INFO: [ app_init ] --START--
INFO: Run Behavior\BuildLiteBehavior [ RunTime:0.000032s ]
INFO: [ app_init ] --END-- [ RunTime:0.001716s ]
ERR: 无法加载模块:Static

[ 2016-05-22T11:59:48+08:00 ] ::1 /personal/mysystem/static/backed/assets/global/plugins/datatables/pdfmake.min.js.map
INFO: [ app_init ] --START--
INFO: Run Behavior\BuildLiteBehavior [ RunTime:0.000038s ]
INFO: [ app_init ] --END-- [ RunTime:0.003615s ]
ERR: 无法加载模块:Static

[ 2016-05-22T12:01:43+08:00 ] ::1 /personal/mysystem/static/backed/assets/global/plugins/datatables/pdfmake.min.js.map
INFO: [ app_init ] --START--
INFO: Run Behavior\BuildLiteBehavior [ RunTime:0.000046s ]
INFO: [ app_init ] --END-- [ RunTime:0.002108s ]
ERR: 无法加载模块:Static

[ 2016-05-22T12:02:53+08:00 ] ::1 /personal/mysystem/static/backed/assets/global/plugins/datatables/pdfmake.min.js.map
INFO: [ app_init ] --START--
INFO: Run Behavior\BuildLiteBehavior [ RunTime:0.000035s ]
INFO: [ app_init ] --END-- [ RunTime:0.001475s ]
ERR: 无法加载模块:Static

[ 2016-05-22T12:03:33+08:00 ] ::1 /personal/mysystem/static/backed/assets/global/plugins/datatables/pdfmake.min.js.map
INFO: [ app_init ] --START--
INFO: Run Behavior\BuildLiteBehavior [ RunTime:0.000026s ]
INFO: [ app_init ] --END-- [ RunTime:0.001450s ]
ERR: 无法加载模块:Static

[ 2016-05-22T12:03:36+08:00 ] ::1 /personal/mysystem/static/backed/assets/global/plugins/datatables/pdfmake.min.js.map
INFO: [ app_init ] --START--
INFO: Run Behavior\BuildLiteBehavior [ RunTime:0.000975s ]
INFO: [ app_init ] --END-- [ RunTime:0.003518s ]
ERR: 无法加载模块:Static

[ 2016-05-22T12:03:38+08:00 ] ::1 /personal/mysystem/static/backed/assets/global/plugins/datatables/pdfmake.min.js.map
INFO: [ app_init ] --START--
INFO: Run Behavior\BuildLiteBehavior [ RunTime:0.000030s ]
INFO: [ app_init ] --END-- [ RunTime:0.001361s ]
ERR: 无法加载模块:Static

[ 2016-05-22T12:03:42+08:00 ] ::1 /personal/mysystem/static/backed/assets/global/plugins/datatables/pdfmake.min.js.map
INFO: [ app_init ] --START--
INFO: Run Behavior\BuildLiteBehavior [ RunTime:0.000029s ]
INFO: [ app_init ] --END-- [ RunTime:0.001448s ]
ERR: 无法加载模块:Static

[ 2016-05-22T12:05:46+08:00 ] ::1 /personal/mysystem/static/backed/assets/global/plugins/datatables/pdfmake.min.js.map
INFO: [ app_init ] --START--
INFO: Run Behavior\BuildLiteBehavior [ RunTime:0.000039s ]
INFO: [ app_init ] --END-- [ RunTime:0.001879s ]
ERR: 无法加载模块:Static

[ 2016-05-22T12:06:39+08:00 ] ::1 /personal/mysystem/static/backed/assets/global/plugins/datatables/pdfmake.min.js.map
INFO: [ app_init ] --START--
INFO: Run Behavior\BuildLiteBehavior [ RunTime:0.000034s ]
INFO: [ app_init ] --END-- [ RunTime:0.005939s ]
ERR: 无法加载模块:Static

[ 2016-05-22T12:07:01+08:00 ] ::1 /personal/mysystem/static/backed/assets/global/plugins/datatables/pdfmake.min.js.map
INFO: [ app_init ] --START--
INFO: Run Behavior\BuildLiteBehavior [ RunTime:0.000043s ]
INFO: [ app_init ] --END-- [ RunTime:0.003935s ]
ERR: 无法加载模块:Static

[ 2016-05-22T12:07:55+08:00 ] ::1 /personal/mysystem/static/backed/assets/global/plugins/datatables/pdfmake.min.js.map
INFO: [ app_init ] --START--
INFO: Run Behavior\BuildLiteBehavior [ RunTime:0.000040s ]
INFO: [ app_init ] --END-- [ RunTime:0.003776s ]
ERR: 无法加载模块:Static

[ 2016-05-22T12:10:57+08:00 ] ::1 /personal/mysystem/static/backed/assets/global/plugins/datatables/pdfmake.min.js.map
INFO: [ app_init ] --START--
INFO: Run Behavior\BuildLiteBehavior [ RunTime:0.000038s ]
INFO: [ app_init ] --END-- [ RunTime:0.003055s ]
ERR: 无法加载模块:Static

[ 2016-05-22T12:18:04+08:00 ] ::1 /personal/mysystem/static/backed/assets/global/plugins/datatables/pdfmake.min.js.map
INFO: [ app_init ] --START--
INFO: Run Behavior\BuildLiteBehavior [ RunTime:0.000029s ]
INFO: [ app_init ] --END-- [ RunTime:0.001156s ]
ERR: 无法加载模块:Static

[ 2016-05-22T12:28:13+08:00 ] ::1 /personal/mysystem/static/backed/assets/global/plugins/datatables/pdfmake.min.js.map
INFO: [ app_init ] --START--
INFO: Run Behavior\BuildLiteBehavior [ RunTime:0.000036s ]
INFO: [ app_init ] --END-- [ RunTime:0.001441s ]
ERR: 无法加载模块:Static

[ 2016-05-22T12:28:36+08:00 ] ::1 /personal/mysystem/static/backed/assets/global/plugins/datatables/pdfmake.min.js.map
INFO: [ app_init ] --START--
INFO: Run Behavior\BuildLiteBehavior [ RunTime:0.000043s ]
INFO: [ app_init ] --END-- [ RunTime:0.002434s ]
ERR: 无法加载模块:Static

[ 2016-05-22T12:29:11+08:00 ] ::1 /personal/mysystem/static/backed/assets/global/plugins/datatables/pdfmake.min.js.map
INFO: [ app_init ] --START--
INFO: Run Behavior\BuildLiteBehavior [ RunTime:0.000037s ]
INFO: [ app_init ] --END-- [ RunTime:0.003101s ]
ERR: 无法加载模块:Static

[ 2016-05-22T12:30:54+08:00 ] ::1 /personal/mysystem/static/backed/assets/global/plugins/datatables/pdfmake.min.js.map
INFO: [ app_init ] --START--
INFO: Run Behavior\BuildLiteBehavior [ RunTime:0.000035s ]
INFO: [ app_init ] --END-- [ RunTime:0.001809s ]
ERR: 无法加载模块:Static

[ 2016-05-22T12:31:05+08:00 ] ::1 /personal/mysystem/static/backed/assets/global/plugins/datatables/pdfmake.min.js.map
INFO: [ app_init ] --START--
INFO: Run Behavior\BuildLiteBehavior [ RunTime:0.000038s ]
INFO: [ app_init ] --END-- [ RunTime:0.001478s ]
ERR: 无法加载模块:Static

[ 2016-05-22T12:32:55+08:00 ] ::1 /personal/mysystem/static/backed/assets/global/plugins/datatables/pdfmake.min.js.map
INFO: [ app_init ] --START--
INFO: Run Behavior\BuildLiteBehavior [ RunTime:0.000123s ]
INFO: [ app_init ] --END-- [ RunTime:0.002194s ]
ERR: 无法加载模块:Static

[ 2016-05-22T12:34:18+08:00 ] ::1 /personal/mysystem/static/backed/assets/global/plugins/datatables/pdfmake.min.js.map
INFO: [ app_init ] --START--
INFO: Run Behavior\BuildLiteBehavior [ RunTime:0.000029s ]
INFO: [ app_init ] --END-- [ RunTime:0.001111s ]
ERR: 无法加载模块:Static

[ 2016-05-22T12:35:15+08:00 ] ::1 /personal/mysystem/static/backed/assets/global/plugins/datatables/pdfmake.min.js.map
INFO: [ app_init ] --START--
INFO: Run Behavior\BuildLiteBehavior [ RunTime:0.000431s ]
INFO: [ app_init ] --END-- [ RunTime:0.004475s ]
ERR: 无法加载模块:Static

[ 2016-05-22T12:38:07+08:00 ] ::1 /personal/mysystem/static/backed/assets/global/plugins/datatables/pdfmake.min.js.map
INFO: [ app_init ] --START--
INFO: Run Behavior\BuildLiteBehavior [ RunTime:0.000042s ]
INFO: [ app_init ] --END-- [ RunTime:0.003932s ]
ERR: 无法加载模块:Static

[ 2016-05-22T12:39:50+08:00 ] ::1 /personal/mysystem/static/backed/assets/global/plugins/datatables/pdfmake.min.js.map
INFO: [ app_init ] --START--
INFO: Run Behavior\BuildLiteBehavior [ RunTime:0.000041s ]
INFO: [ app_init ] --END-- [ RunTime:0.003448s ]
ERR: 无法加载模块:Static

[ 2016-05-22T12:42:12+08:00 ] ::1 /personal/mysystem/static/backed/assets/global/plugins/datatables/pdfmake.min.js.map
INFO: [ app_init ] --START--
INFO: Run Behavior\BuildLiteBehavior [ RunTime:0.000039s ]
INFO: [ app_init ] --END-- [ RunTime:0.004567s ]
ERR: 无法加载模块:Static

[ 2016-05-22T12:44:39+08:00 ] ::1 /personal/mysystem/static/backed/assets/global/plugins/datatables/pdfmake.min.js.map
INFO: [ app_init ] --START--
INFO: Run Behavior\BuildLiteBehavior [ RunTime:0.000043s ]
INFO: [ app_init ] --END-- [ RunTime:0.001611s ]
ERR: 无法加载模块:Static

[ 2016-05-22T12:47:42+08:00 ] ::1 /personal/mysystem/static/backed/assets/global/plugins/datatables/pdfmake.min.js.map
INFO: [ app_init ] --START--
INFO: Run Behavior\BuildLiteBehavior [ RunTime:0.000041s ]
INFO: [ app_init ] --END-- [ RunTime:0.001690s ]
ERR: 无法加载模块:Static

[ 2016-05-22T12:50:40+08:00 ] ::1 /personal/mysystem/static/backed/assets/global/plugins/datatables/pdfmake.min.js.map
INFO: [ app_init ] --START--
INFO: Run Behavior\BuildLiteBehavior [ RunTime:0.000040s ]
INFO: [ app_init ] --END-- [ RunTime:0.001538s ]
ERR: 无法加载模块:Static

[ 2016-05-22T13:02:37+08:00 ] ::1 /personal/mysystem/static/backed/assets/global/plugins/datatables/pdfmake.min.js.map
INFO: [ app_init ] --START--
INFO: Run Behavior\BuildLiteBehavior [ RunTime:0.000059s ]
INFO: [ app_init ] --END-- [ RunTime:0.001531s ]
ERR: 无法加载模块:Static

[ 2016-05-22T13:03:13+08:00 ] ::1 /personal/mysystem/static/backed/assets/global/plugins/datatables/pdfmake.min.js.map
INFO: [ app_init ] --START--
INFO: Run Behavior\BuildLiteBehavior [ RunTime:0.000034s ]
INFO: [ app_init ] --END-- [ RunTime:0.002681s ]
ERR: 无法加载模块:Static

[ 2016-05-22T13:03:51+08:00 ] ::1 /personal/mysystem/static/backed/assets/global/plugins/datatables/pdfmake.min.js.map
INFO: [ app_init ] --START--
INFO: Run Behavior\BuildLiteBehavior [ RunTime:0.000034s ]
INFO: [ app_init ] --END-- [ RunTime:0.001913s ]
ERR: 无法加载模块:Static

[ 2016-05-22T13:05:27+08:00 ] ::1 /personal/mysystem/static/backed/assets/global/plugins/datatables/pdfmake.min.js.map
INFO: [ app_init ] --START--
INFO: Run Behavior\BuildLiteBehavior [ RunTime:0.000053s ]
INFO: [ app_init ] --END-- [ RunTime:0.002603s ]
ERR: 无法加载模块:Static

[ 2016-05-22T13:05:58+08:00 ] ::1 /personal/mysystem/static/backed/assets/global/plugins/datatables/pdfmake.min.js.map
INFO: [ app_init ] --START--
INFO: Run Behavior\BuildLiteBehavior [ RunTime:0.000034s ]
INFO: [ app_init ] --END-- [ RunTime:0.001290s ]
ERR: 无法加载模块:Static

[ 2016-05-22T13:05:58+08:00 ] ::1 /personal/mysystem/favicon.ico
INFO: [ app_init ] --START--
INFO: Run Behavior\BuildLiteBehavior [ RunTime:0.000038s ]
INFO: [ app_init ] --END-- [ RunTime:0.001878s ]
ERR: 无法加载模块:Favicon

[ 2016-05-22T13:06:41+08:00 ] ::1 /personal/mysystem/static/backed/assets/global/plugins/datatables/pdfmake.min.js.map
INFO: [ app_init ] --START--
INFO: Run Behavior\BuildLiteBehavior [ RunTime:0.000642s ]
INFO: [ app_init ] --END-- [ RunTime:0.002254s ]
ERR: 无法加载模块:Static

[ 2016-05-22T13:07:17+08:00 ] ::1 /personal/mysystem/static/backed/assets/global/plugins/datatables/pdfmake.min.js.map
INFO: [ app_init ] --START--
INFO: Run Behavior\BuildLiteBehavior [ RunTime:0.000036s ]
INFO: [ app_init ] --END-- [ RunTime:0.001615s ]
ERR: 无法加载模块:Static

[ 2016-05-22T13:08:12+08:00 ] ::1 /personal/mysystem/static/backed/assets/global/plugins/datatables/pdfmake.min.js.map
INFO: [ app_init ] --START--
INFO: Run Behavior\BuildLiteBehavior [ RunTime:0.000035s ]
INFO: [ app_init ] --END-- [ RunTime:0.002443s ]
ERR: 无法加载模块:Static

[ 2016-05-22T13:08:59+08:00 ] ::1 /personal/mysystem/static/backed/assets/global/plugins/datatables/pdfmake.min.js.map
INFO: [ app_init ] --START--
INFO: Run Behavior\BuildLiteBehavior [ RunTime:0.000039s ]
INFO: [ app_init ] --END-- [ RunTime:0.001523s ]
ERR: 无法加载模块:Static

[ 2016-05-22T13:09:19+08:00 ] ::1 /personal/mysystem/static/backed/assets/global/plugins/datatables/pdfmake.min.js.map
INFO: [ app_init ] --START--
INFO: Run Behavior\BuildLiteBehavior [ RunTime:0.000035s ]
INFO: [ app_init ] --END-- [ RunTime:0.001474s ]
ERR: 无法加载模块:Static

[ 2016-05-22T13:09:49+08:00 ] ::1 /personal/mysystem/static/backed/assets/global/plugins/datatables/pdfmake.min.js.map
INFO: [ app_init ] --START--
INFO: Run Behavior\BuildLiteBehavior [ RunTime:0.000033s ]
INFO: [ app_init ] --END-- [ RunTime:0.025622s ]
ERR: 无法加载模块:Static

[ 2016-05-22T13:10:02+08:00 ] ::1 /personal/mysystem/static/backed/assets/global/plugins/datatables/pdfmake.min.js.map
INFO: [ app_init ] --START--
INFO: Run Behavior\BuildLiteBehavior [ RunTime:0.000036s ]
INFO: [ app_init ] --END-- [ RunTime:0.001664s ]
ERR: 无法加载模块:Static

[ 2016-05-22T13:10:12+08:00 ] ::1 /personal/mysystem/static/backed/assets/global/plugins/datatables/pdfmake.min.js.map
INFO: [ app_init ] --START--
INFO: Run Behavior\BuildLiteBehavior [ RunTime:0.000036s ]
INFO: [ app_init ] --END-- [ RunTime:0.001675s ]
ERR: 无法加载模块:Static

[ 2016-05-22T13:10:19+08:00 ] ::1 /personal/mysystem/static/backed/assets/global/plugins/datatables/pdfmake.min.js.map
INFO: [ app_init ] --START--
INFO: Run Behavior\BuildLiteBehavior [ RunTime:0.000032s ]
INFO: [ app_init ] --END-- [ RunTime:0.001502s ]
ERR: 无法加载模块:Static

[ 2016-05-22T13:10:27+08:00 ] ::1 /personal/mysystem/static/backed/assets/global/plugins/datatables/pdfmake.min.js.map
INFO: [ app_init ] --START--
INFO: Run Behavior\BuildLiteBehavior [ RunTime:0.000041s ]
INFO: [ app_init ] --END-- [ RunTime:0.001574s ]
ERR: 无法加载模块:Static

[ 2016-05-22T13:10:47+08:00 ] ::1 /personal/mysystem/static/backed/assets/global/plugins/datatables/pdfmake.min.js.map
INFO: [ app_init ] --START--
INFO: Run Behavior\BuildLiteBehavior [ RunTime:0.000035s ]
INFO: [ app_init ] --END-- [ RunTime:0.016214s ]
ERR: 无法加载模块:Static

[ 2016-05-22T13:10:51+08:00 ] ::1 /personal/mysystem/static/backed/assets/global/plugins/datatables/pdfmake.min.js.map
INFO: [ app_init ] --START--
INFO: Run Behavior\BuildLiteBehavior [ RunTime:0.000036s ]
INFO: [ app_init ] --END-- [ RunTime:0.001403s ]
ERR: 无法加载模块:Static

[ 2016-05-22T13:11:30+08:00 ] ::1 /personal/mysystem/static/backed/assets/global/plugins/datatables/pdfmake.min.js.map
INFO: [ app_init ] --START--
INFO: Run Behavior\BuildLiteBehavior [ RunTime:0.000036s ]
INFO: [ app_init ] --END-- [ RunTime:0.001947s ]
ERR: 无法加载模块:Static

[ 2016-05-22T13:11:37+08:00 ] ::1 /personal/mysystem/static/backed/assets/global/plugins/datatables/pdfmake.min.js.map
INFO: [ app_init ] --START--
INFO: Run Behavior\BuildLiteBehavior [ RunTime:0.000024s ]
INFO: [ app_init ] --END-- [ RunTime:0.001257s ]
ERR: 无法加载模块:Static

[ 2016-05-22T13:11:53+08:00 ] ::1 /personal/mysystem/static/backed/assets/global/plugins/datatables/pdfmake.min.js.map
INFO: [ app_init ] --START--
INFO: Run Behavior\BuildLiteBehavior [ RunTime:0.000035s ]
INFO: [ app_init ] --END-- [ RunTime:0.001480s ]
ERR: 无法加载模块:Static

[ 2016-05-22T13:12:30+08:00 ] ::1 /personal/mysystem/static/backed/assets/global/plugins/datatables/pdfmake.min.js.map
INFO: [ app_init ] --START--
INFO: Run Behavior\BuildLiteBehavior [ RunTime:0.000040s ]
INFO: [ app_init ] --END-- [ RunTime:0.001589s ]
ERR: 无法加载模块:Static

[ 2016-05-22T13:12:32+08:00 ] ::1 /personal/mysystem/static/backed/assets/global/plugins/datatables/pdfmake.min.js.map
INFO: [ app_init ] --START--
INFO: Run Behavior\BuildLiteBehavior [ RunTime:0.000032s ]
INFO: [ app_init ] --END-- [ RunTime:0.001337s ]
ERR: 无法加载模块:Static

[ 2016-05-22T13:12:35+08:00 ] ::1 /personal/mysystem/static/backed/assets/global/plugins/datatables/pdfmake.min.js.map
INFO: [ app_init ] --START--
INFO: Run Behavior\BuildLiteBehavior [ RunTime:0.000042s ]
INFO: [ app_init ] --END-- [ RunTime:0.001582s ]
ERR: 无法加载模块:Static

[ 2016-05-22T13:12:38+08:00 ] ::1 /personal/mysystem/static/backed/assets/global/plugins/datatables/pdfmake.min.js.map
INFO: [ app_init ] --START--
INFO: Run Behavior\BuildLiteBehavior [ RunTime:0.000038s ]
INFO: [ app_init ] --END-- [ RunTime:0.001793s ]
ERR: 无法加载模块:Static

[ 2016-05-22T13:12:40+08:00 ] ::1 /personal/mysystem/static/backed/assets/global/plugins/datatables/pdfmake.min.js.map
INFO: [ app_init ] --START--
INFO: Run Behavior\BuildLiteBehavior [ RunTime:0.000037s ]
INFO: [ app_init ] --END-- [ RunTime:0.002143s ]
ERR: 无法加载模块:Static

[ 2016-05-22T13:12:42+08:00 ] ::1 /personal/mysystem/static/backed/assets/global/plugins/datatables/pdfmake.min.js.map
INFO: [ app_init ] --START--
INFO: Run Behavior\BuildLiteBehavior [ RunTime:0.000029s ]
INFO: [ app_init ] --END-- [ RunTime:0.001298s ]
ERR: 无法加载模块:Static

[ 2016-05-22T13:12:44+08:00 ] ::1 /personal/mysystem/static/backed/assets/global/plugins/datatables/pdfmake.min.js.map
INFO: [ app_init ] --START--
INFO: Run Behavior\BuildLiteBehavior [ RunTime:0.000060s ]
INFO: [ app_init ] --END-- [ RunTime:0.001704s ]
ERR: 无法加载模块:Static

[ 2016-05-22T13:12:46+08:00 ] ::1 /personal/mysystem/static/backed/assets/global/plugins/datatables/pdfmake.min.js.map
INFO: [ app_init ] --START--
INFO: Run Behavior\BuildLiteBehavior [ RunTime:0.000040s ]
INFO: [ app_init ] --END-- [ RunTime:0.001550s ]
ERR: 无法加载模块:Static

[ 2016-05-22T13:12:48+08:00 ] ::1 /personal/mysystem/static/backed/assets/global/plugins/datatables/pdfmake.min.js.map
INFO: [ app_init ] --START--
INFO: Run Behavior\BuildLiteBehavior [ RunTime:0.000033s ]
INFO: [ app_init ] --END-- [ RunTime:0.001512s ]
ERR: 无法加载模块:Static

[ 2016-05-22T13:12:50+08:00 ] ::1 /personal/mysystem/static/backed/assets/global/plugins/datatables/pdfmake.min.js.map
INFO: [ app_init ] --START--
INFO: Run Behavior\BuildLiteBehavior [ RunTime:0.000038s ]
INFO: [ app_init ] --END-- [ RunTime:0.001577s ]
ERR: 无法加载模块:Static

[ 2016-05-22T13:12:52+08:00 ] ::1 /personal/mysystem/static/backed/assets/global/plugins/datatables/pdfmake.min.js.map
INFO: [ app_init ] --START--
INFO: Run Behavior\BuildLiteBehavior [ RunTime:0.000037s ]
INFO: [ app_init ] --END-- [ RunTime:0.001809s ]
ERR: 无法加载模块:Static

[ 2016-05-22T13:12:54+08:00 ] ::1 /personal/mysystem/static/backed/assets/global/plugins/datatables/pdfmake.min.js.map
INFO: [ app_init ] --START--
INFO: Run Behavior\BuildLiteBehavior [ RunTime:0.000039s ]
INFO: [ app_init ] --END-- [ RunTime:0.001990s ]
ERR: 无法加载模块:Static

[ 2016-05-22T13:12:57+08:00 ] ::1 /personal/mysystem/static/backed/assets/global/plugins/datatables/pdfmake.min.js.map
INFO: [ app_init ] --START--
INFO: Run Behavior\BuildLiteBehavior [ RunTime:0.000041s ]
INFO: [ app_init ] --END-- [ RunTime:0.001698s ]
ERR: 无法加载模块:Static

[ 2016-05-22T13:12:59+08:00 ] ::1 /personal/mysystem/static/backed/assets/global/plugins/datatables/pdfmake.min.js.map
INFO: [ app_init ] --START--
INFO: Run Behavior\BuildLiteBehavior [ RunTime:0.000037s ]
INFO: [ app_init ] --END-- [ RunTime:0.001461s ]
ERR: 无法加载模块:Static

[ 2016-05-22T13:13:02+08:00 ] ::1 /personal/mysystem/static/backed/assets/global/plugins/datatables/pdfmake.min.js.map
INFO: [ app_init ] --START--
INFO: Run Behavior\BuildLiteBehavior [ RunTime:0.000048s ]
INFO: [ app_init ] --END-- [ RunTime:0.002641s ]
ERR: 无法加载模块:Static

[ 2016-05-22T13:13:04+08:00 ] ::1 /personal/mysystem/static/backed/assets/global/plugins/datatables/pdfmake.min.js.map
INFO: [ app_init ] --START--
INFO: Run Behavior\BuildLiteBehavior [ RunTime:0.000040s ]
INFO: [ app_init ] --END-- [ RunTime:0.001340s ]
ERR: 无法加载模块:Static

[ 2016-05-22T13:13:06+08:00 ] ::1 /personal/mysystem/static/backed/assets/global/plugins/datatables/pdfmake.min.js.map
INFO: [ app_init ] --START--
INFO: Run Behavior\BuildLiteBehavior [ RunTime:0.000023s ]
INFO: [ app_init ] --END-- [ RunTime:0.001229s ]
ERR: 无法加载模块:Static

[ 2016-05-22T13:13:09+08:00 ] ::1 /personal/mysystem/static/backed/assets/global/plugins/datatables/pdfmake.min.js.map
INFO: [ app_init ] --START--
INFO: Run Behavior\BuildLiteBehavior [ RunTime:0.000039s ]
INFO: [ app_init ] --END-- [ RunTime:0.004646s ]
ERR: 无法加载模块:Static

[ 2016-05-22T13:13:11+08:00 ] ::1 /personal/mysystem/static/backed/assets/global/plugins/datatables/pdfmake.min.js.map
INFO: [ app_init ] --START--
INFO: Run Behavior\BuildLiteBehavior [ RunTime:0.000034s ]
INFO: [ app_init ] --END-- [ RunTime:0.003107s ]
ERR: 无法加载模块:Static

[ 2016-05-22T13:13:14+08:00 ] ::1 /personal/mysystem/static/backed/assets/global/plugins/datatables/pdfmake.min.js.map
INFO: [ app_init ] --START--
INFO: Run Behavior\BuildLiteBehavior [ RunTime:0.000039s ]
INFO: [ app_init ] --END-- [ RunTime:0.001817s ]
ERR: 无法加载模块:Static

[ 2016-05-22T13:13:15+08:00 ] ::1 /personal/mysystem/static/backed/assets/global/plugins/datatables/pdfmake.min.js.map
INFO: [ app_init ] --START--
INFO: Run Behavior\BuildLiteBehavior [ RunTime:0.000042s ]
INFO: [ app_init ] --END-- [ RunTime:0.003899s ]
ERR: 无法加载模块:Static

[ 2016-05-22T13:13:18+08:00 ] ::1 /personal/mysystem/static/backed/assets/global/plugins/datatables/pdfmake.min.js.map
INFO: [ app_init ] --START--
INFO: Run Behavior\BuildLiteBehavior [ RunTime:0.000033s ]
INFO: [ app_init ] --END-- [ RunTime:0.001823s ]
ERR: 无法加载模块:Static

[ 2016-05-22T13:13:20+08:00 ] ::1 /personal/mysystem/static/backed/assets/global/plugins/datatables/pdfmake.min.js.map
INFO: [ app_init ] --START--
INFO: Run Behavior\BuildLiteBehavior [ RunTime:0.000032s ]
INFO: [ app_init ] --END-- [ RunTime:0.001356s ]
ERR: 无法加载模块:Static

[ 2016-05-22T13:13:22+08:00 ] ::1 /personal/mysystem/static/backed/assets/global/plugins/datatables/pdfmake.min.js.map
INFO: [ app_init ] --START--
INFO: Run Behavior\BuildLiteBehavior [ RunTime:0.000038s ]
INFO: [ app_init ] --END-- [ RunTime:0.001549s ]
ERR: 无法加载模块:Static

[ 2016-05-22T13:13:24+08:00 ] ::1 /personal/mysystem/static/backed/assets/global/plugins/datatables/pdfmake.min.js.map
INFO: [ app_init ] --START--
INFO: Run Behavior\BuildLiteBehavior [ RunTime:0.000039s ]
INFO: [ app_init ] --END-- [ RunTime:0.001513s ]
ERR: 无法加载模块:Static

[ 2016-05-22T13:13:26+08:00 ] ::1 /personal/mysystem/static/backed/assets/global/plugins/datatables/pdfmake.min.js.map
INFO: [ app_init ] --START--
INFO: Run Behavior\BuildLiteBehavior [ RunTime:0.000036s ]
INFO: [ app_init ] --END-- [ RunTime:0.001735s ]
ERR: 无法加载模块:Static

[ 2016-05-22T13:13:29+08:00 ] ::1 /personal/mysystem/static/backed/assets/global/plugins/datatables/pdfmake.min.js.map
INFO: [ app_init ] --START--
INFO: Run Behavior\BuildLiteBehavior [ RunTime:0.000037s ]
INFO: [ app_init ] --END-- [ RunTime:0.001771s ]
ERR: 无法加载模块:Static

[ 2016-05-22T13:13:31+08:00 ] ::1 /personal/mysystem/static/backed/assets/global/plugins/datatables/pdfmake.min.js.map
INFO: [ app_init ] --START--
INFO: Run Behavior\BuildLiteBehavior [ RunTime:0.000038s ]
INFO: [ app_init ] --END-- [ RunTime:0.001560s ]
ERR: 无法加载模块:Static

[ 2016-05-22T13:13:33+08:00 ] ::1 /personal/mysystem/static/backed/assets/global/plugins/datatables/pdfmake.min.js.map
INFO: [ app_init ] --START--
INFO: Run Behavior\BuildLiteBehavior [ RunTime:0.000030s ]
INFO: [ app_init ] --END-- [ RunTime:0.001339s ]
ERR: 无法加载模块:Static

[ 2016-05-22T13:13:36+08:00 ] ::1 /personal/mysystem/static/backed/assets/global/plugins/datatables/pdfmake.min.js.map
INFO: [ app_init ] --START--
INFO: Run Behavior\BuildLiteBehavior [ RunTime:0.000039s ]
INFO: [ app_init ] --END-- [ RunTime:0.001546s ]
ERR: 无法加载模块:Static

[ 2016-05-22T13:13:38+08:00 ] ::1 /personal/mysystem/static/backed/assets/global/plugins/datatables/pdfmake.min.js.map
INFO: [ app_init ] --START--
INFO: Run Behavior\BuildLiteBehavior [ RunTime:0.000032s ]
INFO: [ app_init ] --END-- [ RunTime:0.001688s ]
ERR: 无法加载模块:Static

[ 2016-05-22T13:13:41+08:00 ] ::1 /personal/mysystem/static/backed/assets/global/plugins/datatables/pdfmake.min.js.map
INFO: [ app_init ] --START--
INFO: Run Behavior\BuildLiteBehavior [ RunTime:0.000045s ]
INFO: [ app_init ] --END-- [ RunTime:0.001843s ]
ERR: 无法加载模块:Static

[ 2016-05-22T13:13:43+08:00 ] ::1 /personal/mysystem/static/backed/assets/global/plugins/datatables/pdfmake.min.js.map
INFO: [ app_init ] --START--
INFO: Run Behavior\BuildLiteBehavior [ RunTime:0.000034s ]
INFO: [ app_init ] --END-- [ RunTime:0.001384s ]
ERR: 无法加载模块:Static

[ 2016-05-22T13:13:49+08:00 ] ::1 /personal/mysystem/static/backed/assets/global/plugins/datatables/pdfmake.min.js.map
INFO: [ app_init ] --START--
INFO: Run Behavior\BuildLiteBehavior [ RunTime:0.000036s ]
INFO: [ app_init ] --END-- [ RunTime:0.001397s ]
ERR: 无法加载模块:Static

[ 2016-05-22T13:13:53+08:00 ] ::1 /personal/mysystem/static/backed/assets/global/plugins/datatables/pdfmake.min.js.map
INFO: [ app_init ] --START--
INFO: Run Behavior\BuildLiteBehavior [ RunTime:0.000045s ]
INFO: [ app_init ] --END-- [ RunTime:0.007476s ]
ERR: 无法加载模块:Static

[ 2016-05-22T13:13:57+08:00 ] ::1 /personal/mysystem/static/backed/assets/global/plugins/datatables/pdfmake.min.js.map
INFO: [ app_init ] --START--
INFO: Run Behavior\BuildLiteBehavior [ RunTime:0.000065s ]
INFO: [ app_init ] --END-- [ RunTime:0.002067s ]
ERR: 无法加载模块:Static

[ 2016-05-22T13:14:03+08:00 ] ::1 /personal/mysystem/static/backed/assets/global/plugins/datatables/pdfmake.min.js.map
INFO: [ app_init ] --START--
INFO: Run Behavior\BuildLiteBehavior [ RunTime:0.000047s ]
INFO: [ app_init ] --END-- [ RunTime:0.014983s ]
ERR: 无法加载模块:Static

[ 2016-05-22T13:14:06+08:00 ] ::1 /personal/mysystem/static/backed/assets/global/plugins/datatables/pdfmake.min.js.map
INFO: [ app_init ] --START--
INFO: Run Behavior\BuildLiteBehavior [ RunTime:0.000031s ]
INFO: [ app_init ] --END-- [ RunTime:0.001591s ]
ERR: 无法加载模块:Static

[ 2016-05-22T13:14:18+08:00 ] ::1 /personal/mysystem/static/backed/assets/global/plugins/datatables/pdfmake.min.js.map
INFO: [ app_init ] --START--
INFO: Run Behavior\BuildLiteBehavior [ RunTime:0.000035s ]
INFO: [ app_init ] --END-- [ RunTime:0.002184s ]
ERR: 无法加载模块:Static

[ 2016-05-22T13:14:21+08:00 ] ::1 /personal/mysystem/static/backed/assets/global/plugins/datatables/pdfmake.min.js.map
INFO: [ app_init ] --START--
INFO: Run Behavior\BuildLiteBehavior [ RunTime:0.000037s ]
INFO: [ app_init ] --END-- [ RunTime:0.001632s ]
ERR: 无法加载模块:Static

[ 2016-05-22T13:16:57+08:00 ] ::1 /personal/mysystem/static/backed/assets/global/plugins/datatables/pdfmake.min.js.map
INFO: [ app_init ] --START--
INFO: Run Behavior\BuildLiteBehavior [ RunTime:0.000131s ]
INFO: [ app_init ] --END-- [ RunTime:0.002723s ]
ERR: 无法加载模块:Static

[ 2016-05-22T13:17:01+08:00 ] ::1 /personal/mysystem/static/backed/assets/global/plugins/datatables/pdfmake.min.js.map
INFO: [ app_init ] --START--
INFO: Run Behavior\BuildLiteBehavior [ RunTime:0.000041s ]
INFO: [ app_init ] --END-- [ RunTime:0.012273s ]
ERR: 无法加载模块:Static

[ 2016-05-22T13:21:20+08:00 ] ::1 /personal/mysystem/static/backed/assets/global/plugins/datatables/pdfmake.min.js.map
INFO: [ app_init ] --START--
INFO: Run Behavior\BuildLiteBehavior [ RunTime:0.001849s ]
INFO: [ app_init ] --END-- [ RunTime:0.007966s ]
ERR: 无法加载模块:Static

[ 2016-05-22T13:21:35+08:00 ] ::1 /personal/mysystem/static/backed/assets/global/plugins/datatables/pdfmake.min.js.map
INFO: [ app_init ] --START--
INFO: Run Behavior\BuildLiteBehavior [ RunTime:0.000038s ]
INFO: [ app_init ] --END-- [ RunTime:0.002537s ]
ERR: 无法加载模块:Static

[ 2016-05-22T13:21:38+08:00 ] ::1 /personal/mysystem/static/backed/assets/global/plugins/datatables/pdfmake.min.js.map
INFO: [ app_init ] --START--
INFO: Run Behavior\BuildLiteBehavior [ RunTime:0.000034s ]
INFO: [ app_init ] --END-- [ RunTime:0.001336s ]
ERR: 无法加载模块:Static

[ 2016-05-22T13:23:07+08:00 ] ::1 /personal/mysystem/static/backed/assets/global/plugins/datatables/pdfmake.min.js.map
INFO: [ app_init ] --START--
INFO: Run Behavior\BuildLiteBehavior [ RunTime:0.000035s ]
INFO: [ app_init ] --END-- [ RunTime:0.001274s ]
ERR: 无法加载模块:Static

[ 2016-05-22T13:23:11+08:00 ] ::1 /personal/mysystem/static/backed/assets/global/plugins/datatables/pdfmake.min.js.map
INFO: [ app_init ] --START--
INFO: Run Behavior\BuildLiteBehavior [ RunTime:0.000034s ]
INFO: [ app_init ] --END-- [ RunTime:0.001752s ]
ERR: 无法加载模块:Static

[ 2016-05-22T13:23:13+08:00 ] ::1 /personal/mysystem/static/backed/assets/global/plugins/datatables/pdfmake.min.js.map
INFO: [ app_init ] --START--
INFO: Run Behavior\BuildLiteBehavior [ RunTime:0.000042s ]
INFO: [ app_init ] --END-- [ RunTime:0.001664s ]
ERR: 无法加载模块:Static

[ 2016-05-22T13:25:11+08:00 ] ::1 /personal/mysystem/static/backed/assets/global/plugins/datatables/pdfmake.min.js.map
INFO: [ app_init ] --START--
INFO: Run Behavior\BuildLiteBehavior [ RunTime:0.000038s ]
INFO: [ app_init ] --END-- [ RunTime:0.001594s ]
ERR: 无法加载模块:Static

[ 2016-05-22T13:25:21+08:00 ] ::1 /personal/mysystem/static/backed/assets/global/plugins/datatables/pdfmake.min.js.map
INFO: [ app_init ] --START--
INFO: Run Behavior\BuildLiteBehavior [ RunTime:0.000038s ]
INFO: [ app_init ] --END-- [ RunTime:0.001886s ]
ERR: 无法加载模块:Static

[ 2016-05-22T13:26:02+08:00 ] ::1 /personal/mysystem/static/backed/assets/global/plugins/datatables/pdfmake.min.js.map
INFO: [ app_init ] --START--
INFO: Run Behavior\BuildLiteBehavior [ RunTime:0.000033s ]
INFO: [ app_init ] --END-- [ RunTime:0.002613s ]
ERR: 无法加载模块:Static

[ 2016-05-22T13:31:34+08:00 ] ::1 /personal/mysystem/static/backed/assets/global/plugins/datatables/pdfmake.min.js.map
INFO: [ app_init ] --START--
INFO: Run Behavior\BuildLiteBehavior [ RunTime:0.000037s ]
INFO: [ app_init ] --END-- [ RunTime:0.001391s ]
ERR: 无法加载模块:Static

[ 2016-05-22T13:37:41+08:00 ] ::1 /personal/mysystem/static/backed/assets/global/plugins/datatables/pdfmake.min.js.map
INFO: [ app_init ] --START--
INFO: Run Behavior\BuildLiteBehavior [ RunTime:0.000036s ]
INFO: [ app_init ] --END-- [ RunTime:0.010573s ]
ERR: 无法加载模块:Static

[ 2016-05-22T13:39:56+08:00 ] ::1 /personal/mysystem/static/backed/assets/global/plugins/datatables/pdfmake.min.js.map
INFO: [ app_init ] --START--
INFO: Run Behavior\BuildLiteBehavior [ RunTime:0.000032s ]
INFO: [ app_init ] --END-- [ RunTime:0.001818s ]
ERR: 无法加载模块:Static

[ 2016-05-22T13:43:36+08:00 ] ::1 /personal/mysystem/static/backed/assets/global/plugins/datatables/pdfmake.min.js.map
INFO: [ app_init ] --START--
INFO: Run Behavior\BuildLiteBehavior [ RunTime:0.000039s ]
INFO: [ app_init ] --END-- [ RunTime:0.001559s ]
ERR: 无法加载模块:Static

[ 2016-05-22T13:46:45+08:00 ] ::1 /personal/mysystem/static/backed/assets/global/plugins/datatables/pdfmake.min.js.map
INFO: [ app_init ] --START--
INFO: Run Behavior\BuildLiteBehavior [ RunTime:0.000033s ]
INFO: [ app_init ] --END-- [ RunTime:0.004032s ]
ERR: 无法加载模块:Static

[ 2016-05-22T13:46:48+08:00 ] ::1 /personal/mysystem/static/backed/assets/global/plugins/datatables/pdfmake.min.js.map
INFO: [ app_init ] --START--
INFO: Run Behavior\BuildLiteBehavior [ RunTime:0.000030s ]
INFO: [ app_init ] --END-- [ RunTime:0.001759s ]
ERR: 无法加载模块:Static

[ 2016-05-22T13:46:51+08:00 ] ::1 /personal/mysystem/static/backed/assets/global/plugins/datatables/pdfmake.min.js.map
INFO: [ app_init ] --START--
INFO: Run Behavior\BuildLiteBehavior [ RunTime:0.000035s ]
INFO: [ app_init ] --END-- [ RunTime:0.002201s ]
ERR: 无法加载模块:Static

[ 2016-05-22T13:46:54+08:00 ] ::1 /personal/mysystem/static/backed/assets/global/plugins/datatables/pdfmake.min.js.map
INFO: [ app_init ] --START--
INFO: Run Behavior\BuildLiteBehavior [ RunTime:0.000036s ]
INFO: [ app_init ] --END-- [ RunTime:0.001494s ]
ERR: 无法加载模块:Static

[ 2016-05-22T14:17:05+08:00 ] ::1 /personal/mysystem/static/backed/assets/global/plugins/datatables/pdfmake.min.js.map
INFO: [ app_init ] --START--
INFO: Run Behavior\BuildLiteBehavior [ RunTime:0.000045s ]
INFO: [ app_init ] --END-- [ RunTime:0.003230s ]
ERR: 无法加载模块:Static

[ 2016-05-22T14:17:10+08:00 ] ::1 /personal/mysystem/static/backed/assets/global/plugins/datatables/pdfmake.min.js.map
INFO: [ app_init ] --START--
INFO: Run Behavior\BuildLiteBehavior [ RunTime:0.000039s ]
INFO: [ app_init ] --END-- [ RunTime:0.004534s ]
ERR: 无法加载模块:Static

