[ 2016-03-21T19:43:00+08:00 ] ::1 /personal/mysystem/favicon.ico
ERR: 无法加载模块:Favicon

[ 2016-03-21T20:06:51+08:00 ] ::1 /personal/mysystem/static/backed/assets/global/plugins/datatables/pdfmake.min.js.map
ERR: 无法加载模块:Static

[ 2016-03-21T20:08:12+08:00 ] ::1 /personal/mysystem/static/backed/assets/global/plugins/datatables/pdfmake.min.js.map
ERR: 无法加载模块:Static

[ 2016-03-21T20:08:26+08:00 ] ::1 /personal/mysystem/static/backed/assets/global/plugins/datatables/pdfmake.min.js.map
ERR: 无法加载模块:Static

[ 2016-03-21T20:14:15+08:00 ] ::1 /personal/mysystem/static/backed/assets/global/plugins/datatables/pdfmake.min.js.map
ERR: 无法加载模块:Static

[ 2016-03-21T20:17:53+08:00 ] ::1 /personal/mysystem/static/backed/assets/global/plugins/datatables/pdfmake.min.js.map
ERR: 无法加载模块:Static

[ 2016-03-21T20:18:33+08:00 ] ::1 /personal/mysystem/static/backed/assets/global/plugins/datatables/pdfmake.min.js.map
ERR: 无法加载模块:Static

[ 2016-03-21T20:23:12+08:00 ] ::1 /personal/mysystem/static/backed/assets/global/plugins/datatables/pdfmake.min.js.map
ERR: 无法加载模块:Static

[ 2016-03-21T20:23:14+08:00 ] ::1 /personal/mysystem/static/backed/assets/global/img/remove-icon-small.png
ERR: 无法加载模块:Static

[ 2016-03-21T20:25:36+08:00 ] ::1 /personal/mysystem/static/backed/assets/pages/scripts/ui-modals.min.js
ERR: 无法加载模块:Static

[ 2016-03-21T20:25:36+08:00 ] ::1 /personal/mysystem/static/backed/assets/global/plugins/datatables/pdfmake.min.js.map
ERR: 无法加载模块:Static

[ 2016-03-21T20:26:17+08:00 ] ::1 /personal/mysystem/static/backed/assets/global/plugins/datatables/pdfmake.min.js.map
ERR: 无法加载模块:Static

[ 2016-03-21T20:28:51+08:00 ] ::1 /personal/mysystem/static/backed/assets/global/plugins/jquery-ui/jquery-ui.min.js
ERR: 无法加载模块:Static

[ 2016-03-21T20:28:52+08:00 ] ::1 /personal/mysystem/static/backed/assets/global/plugins/datatables/pdfmake.min.js.map
ERR: 无法加载模块:Static

[ 2016-03-21T20:30:01+08:00 ] ::1 /personal/mysystem/static/backed/assets/global/plugins/datatables/pdfmake.min.js.map
ERR: 无法加载模块:Static

[ 2016-03-21T20:30:05+08:00 ] ::1 /personal/mysystem/static/backed/assets/global/img/remove-icon-small.png
ERR: 无法加载模块:Static

[ 2016-03-21T20:31:16+08:00 ] ::1 /personal/mysystem/static/backed/assets/global/plugins/datatables/pdfmake.min.js.map
ERR: 无法加载模块:Static

[ 2016-03-21T20:32:12+08:00 ] ::1 /personal/mysystem/static/backed/assets/global/plugins/datatables/pdfmake.min.js.map
ERR: 无法加载模块:Static

[ 2016-03-21T20:36:51+08:00 ] ::1 /personal/mysystem/static/backed/assets/global/plugins/datatables/pdfmake.min.js.map
ERR: 无法加载模块:Static

[ 2016-03-21T20:37:21+08:00 ] ::1 /personal/mysystem/static/backed/assets/global/plugins/datatables/pdfmake.min.js.map
ERR: 无法加载模块:Static

[ 2016-03-21T20:38:30+08:00 ] ::1 /personal/mysystem/static/backed/assets/global/plugins/datatables/pdfmake.min.js.map
ERR: 无法加载模块:Static

[ 2016-03-21T20:39:15+08:00 ] ::1 /personal/mysystem/static/backed/assets/global/plugins/datatables/pdfmake.min.js.map
ERR: 无法加载模块:Static

[ 2016-03-21T20:41:51+08:00 ] ::1 /personal/mysystem/static/backed/assets/global/plugins/datatables/pdfmake.min.js.map
ERR: 无法加载模块:Static

[ 2016-03-21T20:42:43+08:00 ] ::1 /personal/mysystem/static/backed/assets/global/plugins/datatables/pdfmake.min.js.map
ERR: 无法加载模块:Static

[ 2016-03-21T20:42:57+08:00 ] ::1 /personal/mysystem/static/backed/assets/global/plugins/datatables/pdfmake.min.js.map
ERR: 无法加载模块:Static

[ 2016-03-21T20:44:48+08:00 ] ::1 /personal/mysystem/static/backed/assets/global/plugins/datatables/pdfmake.min.js.map
ERR: 无法加载模块:Static

[ 2016-03-21T21:09:19+08:00 ] ::1 /personal/mysystem/static/backed/assets/global/plugins/datatables/pdfmake.min.js.map
ERR: 无法加载模块:Static

[ 2016-03-21T21:10:46+08:00 ] ::1 /personal/mysystem/static/backed/assets/global/plugins/datatables/pdfmake.min.js.map
ERR: 无法加载模块:Static

[ 2016-03-21T21:11:00+08:00 ] ::1 /personal/mysystem/static/backed/assets/global/plugins/datatables/pdfmake.min.js.map
ERR: 无法加载模块:Static

[ 2016-03-21T21:12:42+08:00 ] ::1 /personal/mysystem/static/backed/assets/global/plugins/datatables/pdfmake.min.js.map
ERR: 无法加载模块:Static

[ 2016-03-21T21:14:03+08:00 ] ::1 /personal/mysystem/static/backed/assets/global/plugins/datatables/pdfmake.min.js.map
ERR: 无法加载模块:Static

[ 2016-03-21T21:15:15+08:00 ] ::1 /personal/mysystem/static/backed/assets/global/plugins/datatables/pdfmake.min.js.map
ERR: 无法加载模块:Static

[ 2016-03-21T21:16:15+08:00 ] ::1 /personal/mysystem/static/backed/assets/global/plugins/datatables/pdfmake.min.js.map
ERR: 无法加载模块:Static

[ 2016-03-21T21:18:34+08:00 ] ::1 /personal/mysystem/static/backed/assets/global/plugins/datatables/pdfmake.min.js.map
ERR: 无法加载模块:Static

[ 2016-03-21T21:22:33+08:00 ] ::1 /personal/mysystem/static/backed/assets/global/plugins/datatables/pdfmake.min.js.map
ERR: 无法加载模块:Static

[ 2016-03-21T21:32:13+08:00 ] ::1 /personal/mysystem/static/backed/assets/global/plugins/datatables/pdfmake.min.js.map
ERR: 无法加载模块:Static

[ 2016-03-21T21:32:52+08:00 ] ::1 /personal/mysystem/static/backed/assets/global/plugins/datatables/pdfmake.min.js.map
ERR: 无法加载模块:Static

[ 2016-03-21T21:33:09+08:00 ] ::1 /personal/mysystem/static/backed/assets/global/plugins/datatables/pdfmake.min.js.map
ERR: 无法加载模块:Static

