[ 2016-05-31T11:02:49+08:00 ] ::1 /amos/git/mysystem/Samin
ERR: 无法加载模块:Samin

[ 2016-05-31T11:03:32+08:00 ] ::1 /amos/git/mysystem/static/backed/assets/global/plugins/datatables/pdfmake.min.js.map
ERR: 无法加载模块:Static

[ 2016-05-31T11:03:39+08:00 ] ::1 /amos/git/mysystem/static/backed/assets/global/plugins/datatables/pdfmake.min.js.map
ERR: 无法加载模块:Static

[ 2016-05-31T11:03:54+08:00 ] ::1 /amos/git/mysystem/static/backed/assets/global/plugins/datatables/pdfmake.min.js.map
ERR: 无法加载模块:Static

[ 2016-05-31T11:04:02+08:00 ] ::1 /amos/git/mysystem/static/backed/assets/global/plugins/datatables/pdfmake.min.js.map
ERR: 无法加载模块:Static

[ 2016-05-31T11:04:19+08:00 ] ::1 /amos/git/mysystem/static/backed/assets/global/plugins/datatables/pdfmake.min.js.map
ERR: 无法加载模块:Static

[ 2016-05-31T11:04:46+08:00 ] ::1 /amos/git/mysystem/static/backed/assets/global/plugins/datatables/pdfmake.min.js.map
ERR: 无法加载模块:Static

[ 2016-05-31T11:09:36+08:00 ] ::1 /amos/git/mysystem/static/backed/assets/global/plugins/datatables/pdfmake.min.js.map
ERR: 无法加载模块:Static

[ 2016-05-31T11:10:24+08:00 ] ::1 /amos/git/mysystem/static/backed/assets/global/plugins/datatables/pdfmake.min.js.map
INFO: [ app_init ] --START--
INFO: Run Behavior\BuildLiteBehavior [ RunTime:0.000042s ]
INFO: [ app_init ] --END-- [ RunTime:0.000847s ]
ERR: 无法加载模块:Static

[ 2016-05-31T11:10:50+08:00 ] ::1 /amos/git/mysystem/static/backed/assets/global/plugins/datatables/pdfmake.min.js.map
ERR: 无法加载模块:Static

[ 2016-05-31T11:11:38+08:00 ] ::1 /amos/git/mysystem/static/backed/assets/global/plugins/datatables/pdfmake.min.js.map
ERR: 无法加载模块:Static

[ 2016-05-31T11:13:45+08:00 ] ::1 /amos/git/mysystem/static/backed/assets/global/plugins/datatables/pdfmake.min.js.map
ERR: 无法加载模块:Static

[ 2016-05-31T11:13:54+08:00 ] ::1 /amos/git/mysystem/static/backed/assets/global/plugins/datatables/pdfmake.min.js.map
ERR: 无法加载模块:Static

[ 2016-05-31T11:14:37+08:00 ] ::1 /amos/git/mysystem/static/backed/assets/global/plugins/datatables/pdfmake.min.js.map
ERR: 无法加载模块:Static

[ 2016-05-31T11:16:23+08:00 ] ::1 /amos/git/mysystem/static/backed/assets/global/plugins/datatables/pdfmake.min.js.map
ERR: 无法加载模块:Static

[ 2016-05-31T11:16:31+08:00 ] ::1 /amos/git/mysystem/static/backed/assets/global/plugins/datatables/pdfmake.min.js.map
ERR: 无法加载模块:Static

[ 2016-05-31T11:16:49+08:00 ] ::1 /amos/git/mysystem/static/backed/assets/global/plugins/datatables/pdfmake.min.js.map
ERR: 无法加载模块:Static

[ 2016-05-31T11:18:40+08:00 ] ::1 /amos/git/mysystem/static/backed/assets/global/plugins/datatables/pdfmake.min.js.map
ERR: 无法加载模块:Static

[ 2016-05-31T11:19:37+08:00 ] ::1 /amos/git/mysystem/static/backed/assets/global/plugins/datatables/pdfmake.min.js.map
ERR: 无法加载模块:Static

[ 2016-05-31T11:19:52+08:00 ] ::1 /amos/git/mysystem/static/backed/assets/global/plugins/datatables/pdfmake.min.js.map
ERR: 无法加载模块:Static

[ 2016-05-31T11:20:07+08:00 ] ::1 /amos/git/mysystem/static/backed/assets/global/plugins/datatables/pdfmake.min.js.map
ERR: 无法加载模块:Static

[ 2016-05-31T11:20:21+08:00 ] ::1 /amos/git/mysystem/static/backed/assets/global/plugins/datatables/pdfmake.min.js.map
ERR: 无法加载模块:Static

[ 2016-05-31T11:20:32+08:00 ] ::1 /amos/git/mysystem/static/backed/assets/global/plugins/datatables/pdfmake.min.js.map
ERR: 无法加载模块:Static

[ 2016-05-31T11:21:02+08:00 ] ::1 /amos/git/mysystem/static/backed/assets/global/plugins/datatables/pdfmake.min.js.map
ERR: 无法加载模块:Static

[ 2016-05-31T11:21:13+08:00 ] ::1 /amos/git/mysystem/static/backed/assets/global/plugins/datatables/pdfmake.min.js.map
ERR: 无法加载模块:Static

[ 2016-05-31T11:21:27+08:00 ] ::1 /amos/git/mysystem/static/backed/assets/global/plugins/datatables/pdfmake.min.js.map
ERR: 无法加载模块:Static

[ 2016-05-31T11:21:38+08:00 ] ::1 /amos/git/mysystem/static/backed/assets/global/plugins/datatables/pdfmake.min.js.map
ERR: 无法加载模块:Static

[ 2016-05-31T11:22:02+08:00 ] ::1 /amos/git/mysystem/static/backed/assets/global/plugins/datatables/pdfmake.min.js.map
ERR: 无法加载模块:Static

[ 2016-05-31T11:22:17+08:00 ] ::1 /amos/git/mysystem/static/backed/assets/global/plugins/datatables/pdfmake.min.js.map
ERR: 无法加载模块:Static

[ 2016-05-31T11:22:42+08:00 ] ::1 /amos/git/mysystem/static/backed/assets/global/plugins/datatables/pdfmake.min.js.map
ERR: 无法加载模块:Static

[ 2016-05-31T11:25:43+08:00 ] ::1 /amos/git/mysystem/static/backed/assets/global/plugins/datatables/pdfmake.min.js.map
ERR: 无法加载模块:Static

[ 2016-05-31T11:25:43+08:00 ] ::1 /amos/git/mysystem/favicon.ico
ERR: 无法加载模块:Favicon

[ 2016-05-31T11:25:51+08:00 ] ::1 /amos/git/mysystem/static/backed/assets/global/plugins/datatables/pdfmake.min.js.map
ERR: 无法加载模块:Static

[ 2016-05-31T11:25:58+08:00 ] ::1 /amos/git/mysystem/static/backed/assets/global/plugins/datatables/pdfmake.min.js.map
ERR: 无法加载模块:Static

[ 2016-05-31T11:26:44+08:00 ] ::1 /amos/git/mysystem/static/backed/assets/global/plugins/datatables/pdfmake.min.js.map
ERR: 无法加载模块:Static

[ 2016-05-31T11:28:14+08:00 ] ::1 /amos/git/mysystem/static/backed/assets/global/plugins/datatables/pdfmake.min.js.map
ERR: 无法加载模块:Static

[ 2016-05-31T11:29:55+08:00 ] ::1 /amos/git/mysystem/static/backed/assets/global/plugins/datatables/pdfmake.min.js.map
ERR: 无法加载模块:Static

[ 2016-05-31T11:30:01+08:00 ] ::1 /amos/git/mysystem/static/backed/assets/global/plugins/datatables/pdfmake.min.js.map
ERR: 无法加载模块:Static

[ 2016-05-31T11:30:50+08:00 ] ::1 /amos/git/mysystem/static/backed/assets/global/plugins/datatables/pdfmake.min.js.map
ERR: 无法加载模块:Static

[ 2016-05-31T11:32:02+08:00 ] ::1 /amos/git/mysystem/static/backed/assets/global/plugins/datatables/pdfmake.min.js.map
ERR: 无法加载模块:Static

[ 2016-05-31T11:35:19+08:00 ] ::1 /amos/git/mysystem/static/backed/assets/global/plugins/datatables/pdfmake.min.js.map
ERR: 无法加载模块:Static

[ 2016-05-31T11:36:00+08:00 ] ::1 /amos/git/mysystem/static/backed/assets/global/plugins/datatables/pdfmake.min.js.map
ERR: 无法加载模块:Static

[ 2016-05-31T11:36:03+08:00 ] ::1 /amos/git/mysystem/static/backed/assets/global/plugins/datatables/pdfmake.min.js.map
ERR: 无法加载模块:Static

[ 2016-05-31T11:36:06+08:00 ] ::1 /amos/git/mysystem/static/backed/assets/global/plugins/datatables/pdfmake.min.js.map
ERR: 无法加载模块:Static

[ 2016-05-31T11:36:13+08:00 ] ::1 /amos/git/mysystem/static/backed/assets/global/plugins/datatables/pdfmake.min.js.map
ERR: 无法加载模块:Static

