[ 2016-03-10T13:04:20+08:00 ] ::1 /amos/thinkphp323/admin'
ERR: 无法加载模块:Admin'

[ 2016-03-10T13:04:24+08:00 ] ::1 /amos/thinkphp323/favicon.ico
ERR: 无法加载模块:Favicon

[ 2016-03-10T13:05:26+08:00 ] ::1 /amos/thinkphp323/static/backed/assets/global/css/components-rounded.min.css
ERR: 无法加载模块:Static

[ 2016-03-10T13:05:27+08:00 ] ::1 /amos/thinkphp323/static/backed/assets/global/css/components.min.css
ERR: 无法加载模块:Static

[ 2016-03-10T13:05:29+08:00 ] ::1 /amos/thinkphp323/static/backed/assets/global/css/components-rounded.min.css
ERR: 无法加载模块:Static

[ 2016-03-10T13:06:25+08:00 ] ::1 /amos/thinkphp323/static/backed/assets/global/css/components-rounded.min.css
ERR: 无法加载模块:Static

[ 2016-03-10T13:06:50+08:00 ] ::1 /amos/thinkphp323/static/backed/lib/bootstrap/css/bootstrap.min.css
ERR: 无法加载模块:Static

[ 2016-03-10T13:06:50+08:00 ] ::1 /amos/thinkphp323/static/backed/lib/bootstrap/css/style-responsive.css
ERR: 无法加载模块:Static

[ 2016-03-10T13:06:50+08:00 ] ::1 /amos/thinkphp323/static/backed/lib/bootstrap/css/bootstrap-responsive.min.css
ERR: 无法加载模块:Static

[ 2016-03-10T13:06:50+08:00 ] ::1 /amos/thinkphp323/static/backed/lib/bootstrap/css/font-awesome.min.css
ERR: 无法加载模块:Static

[ 2016-03-10T13:06:50+08:00 ] ::1 /amos/thinkphp323/static/backed/lib/bootstrap/css/default.css
ERR: 无法加载模块:Static

[ 2016-03-10T13:06:50+08:00 ] ::1 /amos/thinkphp323/static/backed/lib/bootstrap/js/jquery-1.10.1.min.js
ERR: 无法加载模块:Static

[ 2016-03-10T13:06:50+08:00 ] ::1 /amos/thinkphp323/static/backed/lib/bootstrap/js/jquery-ui-1.10.1.custom.min.js
ERR: 无法加载模块:Static

[ 2016-03-10T13:06:50+08:00 ] ::1 /amos/thinkphp323/static/backed/lib/bootstrap/js/jquery-migrate-1.2.1.min.js
ERR: 无法加载模块:Static

[ 2016-03-10T13:06:50+08:00 ] ::1 /amos/thinkphp323/static/backed/lib/bootstrap/css/style.css
ERR: 无法加载模块:Static

[ 2016-03-10T13:06:50+08:00 ] ::1 /amos/thinkphp323/static/backed/lib/bootstrap/js/jquery.slimscroll.min.js
ERR: 无法加载模块:Static

[ 2016-03-10T13:06:51+08:00 ] ::1 /amos/thinkphp323/static/backed/lib/bootstrap/js/bootstrap.min.js
ERR: 无法加载模块:Static

[ 2016-03-10T13:06:51+08:00 ] ::1 /amos/thinkphp323/static/backed/lib/bootstrap/css/style-metro.css
ERR: 无法加载模块:Static

[ 2016-03-10T13:06:51+08:00 ] ::1 /amos/thinkphp323/static/backed/lib/bootstrap/css/login.css
ERR: 无法加载模块:Static

[ 2016-03-10T13:06:51+08:00 ] ::1 /amos/thinkphp323/static/backed/lib/bootstrap/css/uniform.default.css
ERR: 无法加载模块:Static

[ 2016-03-10T13:06:51+08:00 ] ::1 /amos/thinkphp323/static/backed/lib/bootstrap/js/jquery.blockui.min.js
ERR: 无法加载模块:Static

[ 2016-03-10T13:06:51+08:00 ] ::1 /amos/thinkphp323/static/backed/lib/bootstrap/js/jquery.cookie.min.js
ERR: 无法加载模块:Static

[ 2016-03-10T13:06:51+08:00 ] ::1 /amos/thinkphp323/static/backed/lib/bootstrap/js/jquery.uniform.min.js
ERR: 无法加载模块:Static

[ 2016-03-10T13:06:51+08:00 ] ::1 /amos/thinkphp323/static/backed/lib/bootstrap/js/jquery.validate.min.js
ERR: 无法加载模块:Static

[ 2016-03-10T13:06:51+08:00 ] ::1 /amos/thinkphp323/static/backed/lib/bootstrap/js/login.js
ERR: 无法加载模块:Static

[ 2016-03-10T13:06:51+08:00 ] ::1 /amos/thinkphp323/static/backed/lib/bootstrap/js/app.js
ERR: 无法加载模块:Static

[ 2016-03-10T13:06:51+08:00 ] ::1 /amos/thinkphp323/static/backed/lib/bootstrap/image/logo-big.png
ERR: 无法加载模块:Static

[ 2016-03-10T13:06:51+08:00 ] ::1 /amos/thinkphp323/static/backed/lib/bootstrap/image/favicon.ico
ERR: 无法加载模块:Static

[ 2016-03-10T13:06:54+08:00 ] ::1 /amos/thinkphp323/static/backed/lib/bootstrap/css/style.css
ERR: 无法加载模块:Static

[ 2016-03-10T13:06:54+08:00 ] ::1 /amos/thinkphp323/static/backed/lib/bootstrap/css/style-responsive.css
ERR: 无法加载模块:Static

[ 2016-03-10T13:06:54+08:00 ] ::1 /amos/thinkphp323/static/backed/lib/bootstrap/css/font-awesome.min.css
ERR: 无法加载模块:Static

[ 2016-03-10T13:06:54+08:00 ] ::1 /amos/thinkphp323/static/backed/lib/bootstrap/css/uniform.default.css
ERR: 无法加载模块:Static

[ 2016-03-10T13:06:54+08:00 ] ::1 /amos/thinkphp323/static/backed/lib/bootstrap/css/bootstrap-responsive.min.css
ERR: 无法加载模块:Static

[ 2016-03-10T13:06:54+08:00 ] ::1 /amos/thinkphp323/static/backed/lib/bootstrap/css/style-metro.css
ERR: 无法加载模块:Static

[ 2016-03-10T13:06:54+08:00 ] ::1 /amos/thinkphp323/static/backed/lib/bootstrap/js/jquery-1.10.1.min.js
ERR: 无法加载模块:Static

[ 2016-03-10T13:06:54+08:00 ] ::1 /amos/thinkphp323/static/backed/lib/bootstrap/css/default.css
ERR: 无法加载模块:Static

[ 2016-03-10T13:06:54+08:00 ] ::1 /amos/thinkphp323/static/backed/lib/bootstrap/css/bootstrap.min.css
ERR: 无法加载模块:Static

[ 2016-03-10T13:06:54+08:00 ] ::1 /amos/thinkphp323/static/backed/lib/bootstrap/css/login.css
ERR: 无法加载模块:Static

[ 2016-03-10T13:06:54+08:00 ] ::1 /amos/thinkphp323/static/backed/lib/bootstrap/js/bootstrap.min.js
ERR: 无法加载模块:Static

[ 2016-03-10T13:06:54+08:00 ] ::1 /amos/thinkphp323/static/backed/lib/bootstrap/js/jquery-ui-1.10.1.custom.min.js
ERR: 无法加载模块:Static

[ 2016-03-10T13:06:54+08:00 ] ::1 /amos/thinkphp323/static/backed/lib/bootstrap/js/jquery.validate.min.js
ERR: 无法加载模块:Static

[ 2016-03-10T13:06:54+08:00 ] ::1 /amos/thinkphp323/static/backed/lib/bootstrap/js/jquery.cookie.min.js
ERR: 无法加载模块:Static

[ 2016-03-10T13:06:54+08:00 ] ::1 /amos/thinkphp323/static/backed/lib/bootstrap/js/jquery.uniform.min.js
ERR: 无法加载模块:Static

[ 2016-03-10T13:06:54+08:00 ] ::1 /amos/thinkphp323/static/backed/lib/bootstrap/js/login.js
ERR: 无法加载模块:Static

[ 2016-03-10T13:06:54+08:00 ] ::1 /amos/thinkphp323/static/backed/lib/bootstrap/js/jquery-migrate-1.2.1.min.js
ERR: 无法加载模块:Static

[ 2016-03-10T13:06:54+08:00 ] ::1 /amos/thinkphp323/static/backed/lib/bootstrap/js/jquery.blockui.min.js
ERR: 无法加载模块:Static

[ 2016-03-10T13:06:54+08:00 ] ::1 /amos/thinkphp323/static/backed/lib/bootstrap/js/jquery.slimscroll.min.js
ERR: 无法加载模块:Static

[ 2016-03-10T13:06:54+08:00 ] ::1 /amos/thinkphp323/static/backed/lib/bootstrap/image/logo-big.png
ERR: 无法加载模块:Static

[ 2016-03-10T13:06:54+08:00 ] ::1 /amos/thinkphp323/static/backed/lib/bootstrap/js/app.js
ERR: 无法加载模块:Static

[ 2016-03-10T13:10:47+08:00 ] ::1 /amos/thinkphp323/static/backed/assets/global/css/components-rounded.min.css
ERR: 无法加载模块:Static

[ 2016-03-10T13:14:13+08:00 ] ::1 /amos/thinkphp323/assets/global/plugins/font-awesome/css/font-awesome.min.css
ERR: 无法加载模块:Assets

[ 2016-03-10T13:14:13+08:00 ] ::1 /amos/thinkphp323/assets/global/plugins/simple-line-icons/simple-line-icons.min.css
ERR: 无法加载模块:Assets

[ 2016-03-10T13:14:13+08:00 ] ::1 /amos/thinkphp323/assets/global/plugins/uniform/css/uniform.default.css
ERR: 无法加载模块:Assets

[ 2016-03-10T13:14:13+08:00 ] ::1 /amos/thinkphp323/assets/global/plugins/bootstrap/css/bootstrap.min.css
ERR: 无法加载模块:Assets

[ 2016-03-10T13:14:13+08:00 ] ::1 /amos/thinkphp323/assets/global/plugins/select2/css/select2.min.css
ERR: 无法加载模块:Assets

[ 2016-03-10T13:14:13+08:00 ] ::1 /amos/thinkphp323/assets/global/css/components.min.css
ERR: 无法加载模块:Assets

[ 2016-03-10T13:14:13+08:00 ] ::1 /amos/thinkphp323/assets/global/plugins/bootstrap-switch/css/bootstrap-switch.min.css
ERR: 无法加载模块:Assets

[ 2016-03-10T13:14:13+08:00 ] ::1 /amos/thinkphp323/assets/global/plugins/select2/css/select2-bootstrap.min.css
ERR: 无法加载模块:Assets

[ 2016-03-10T13:14:13+08:00 ] ::1 /amos/thinkphp323/assets/global/plugins/jquery.min.js
ERR: 无法加载模块:Assets

[ 2016-03-10T13:14:13+08:00 ] ::1 /amos/thinkphp323/assets/global/css/plugins.min.css
ERR: 无法加载模块:Assets

[ 2016-03-10T13:14:13+08:00 ] ::1 /amos/thinkphp323/assets/global/plugins/bootstrap/js/bootstrap.min.js
ERR: 无法加载模块:Assets

[ 2016-03-10T13:14:13+08:00 ] ::1 /amos/thinkphp323/assets/pages/css/login.min.css
ERR: 无法加载模块:Assets

[ 2016-03-10T13:14:13+08:00 ] ::1 /amos/thinkphp323/assets/global/plugins/js.cookie.min.js
ERR: 无法加载模块:Assets

[ 2016-03-10T13:14:13+08:00 ] ::1 /amos/thinkphp323/assets/global/plugins/bootstrap-hover-dropdown/bootstrap-hover-dropdown.min.js
ERR: 无法加载模块:Assets

[ 2016-03-10T13:14:13+08:00 ] ::1 /amos/thinkphp323/assets/global/plugins/jquery.blockui.min.js
ERR: 无法加载模块:Assets

[ 2016-03-10T13:14:14+08:00 ] ::1 /amos/thinkphp323/assets/global/plugins/jquery-slimscroll/jquery.slimscroll.min.js
ERR: 无法加载模块:Assets

[ 2016-03-10T13:14:14+08:00 ] ::1 /amos/thinkphp323/assets/global/plugins/uniform/jquery.uniform.min.js
ERR: 无法加载模块:Assets

[ 2016-03-10T13:14:14+08:00 ] ::1 /amos/thinkphp323/assets/global/scripts/app.min.js
ERR: 无法加载模块:Assets

[ 2016-03-10T13:14:14+08:00 ] ::1 /amos/thinkphp323/assets/global/plugins/select2/js/select2.full.min.js
ERR: 无法加载模块:Assets

[ 2016-03-10T13:14:14+08:00 ] ::1 /amos/thinkphp323/assets/global/plugins/bootstrap-switch/js/bootstrap-switch.min.js
ERR: 无法加载模块:Assets

[ 2016-03-10T13:14:14+08:00 ] ::1 /amos/thinkphp323/assets/global/plugins/jquery-validation/js/additional-methods.min.js
ERR: 无法加载模块:Assets

[ 2016-03-10T13:14:14+08:00 ] ::1 /amos/thinkphp323/assets/global/plugins/jquery-validation/js/jquery.validate.min.js
ERR: 无法加载模块:Assets

[ 2016-03-10T13:14:14+08:00 ] ::1 /amos/thinkphp323/assets/pages/scripts/login.min.js
ERR: 无法加载模块:Assets

[ 2016-03-10T13:14:14+08:00 ] ::1 /amos/thinkphp323/assets/pages/img/logo-big.png
ERR: 无法加载模块:Assets

[ 2016-03-10T13:15:01+08:00 ] ::1 /amos/thinkphp323/static/backed/global/plugins/font-awesome/css/font-awesome.min.css
ERR: 无法加载模块:Static

[ 2016-03-10T13:15:01+08:00 ] ::1 /amos/thinkphp323/static/backed/global/plugins/simple-line-icons/simple-line-icons.min.css
ERR: 无法加载模块:Static

[ 2016-03-10T13:15:01+08:00 ] ::1 /amos/thinkphp323/static/backed/global/plugins/bootstrap/css/bootstrap.min.css
ERR: 无法加载模块:Static

[ 2016-03-10T13:15:01+08:00 ] ::1 /amos/thinkphp323/static/backed/global/plugins/bootstrap-switch/css/bootstrap-switch.min.css
ERR: 无法加载模块:Static

[ 2016-03-10T13:15:01+08:00 ] ::1 /amos/thinkphp323/static/backed/global/plugins/select2/css/select2-bootstrap.min.css
ERR: 无法加载模块:Static

[ 2016-03-10T13:15:01+08:00 ] ::1 /amos/thinkphp323/static/backed/global/plugins/select2/css/select2.min.css
ERR: 无法加载模块:Static

[ 2016-03-10T13:15:01+08:00 ] ::1 /amos/thinkphp323/static/backed/global/css/components.min.css
ERR: 无法加载模块:Static

[ 2016-03-10T13:15:01+08:00 ] ::1 /amos/thinkphp323/static/backed/global/plugins/uniform/css/uniform.default.css
ERR: 无法加载模块:Static

[ 2016-03-10T13:15:01+08:00 ] ::1 /amos/thinkphp323/static/backed/pages/css/login.min.css
ERR: 无法加载模块:Static

[ 2016-03-10T13:15:01+08:00 ] ::1 /amos/thinkphp323/static/backed/global/css/plugins.min.css
ERR: 无法加载模块:Static

[ 2016-03-10T13:15:01+08:00 ] ::1 /amos/thinkphp323/static/backed/global/plugins/bootstrap/js/bootstrap.min.js
ERR: 无法加载模块:Static

[ 2016-03-10T13:15:01+08:00 ] ::1 /amos/thinkphp323/static/backed/assets/global/plugins/jquery.min.js
ERR: 无法加载模块:Static

[ 2016-03-10T13:15:01+08:00 ] ::1 /amos/thinkphp323/static/backed/global/plugins/bootstrap-hover-dropdown/bootstrap-hover-dropdown.min.js
ERR: 无法加载模块:Static

[ 2016-03-10T13:15:01+08:00 ] ::1 /amos/thinkphp323/static/backed/global/plugins/js.cookie.min.js
ERR: 无法加载模块:Static

[ 2016-03-10T13:15:01+08:00 ] ::1 /amos/thinkphp323/static/backed/global/plugins/jquery-validation/js/jquery.validate.min.js
ERR: 无法加载模块:Static

[ 2016-03-10T13:15:01+08:00 ] ::1 /amos/thinkphp323/static/backed/global/plugins/jquery-validation/js/additional-methods.min.js
ERR: 无法加载模块:Static

[ 2016-03-10T13:15:01+08:00 ] ::1 /amos/thinkphp323/static/backed/global/plugins/uniform/jquery.uniform.min.js
ERR: 无法加载模块:Static

[ 2016-03-10T13:15:01+08:00 ] ::1 /amos/thinkphp323/static/backed/global/plugins/jquery.blockui.min.js
ERR: 无法加载模块:Static

[ 2016-03-10T13:15:01+08:00 ] ::1 /amos/thinkphp323/static/backed/global/plugins/bootstrap-switch/js/bootstrap-switch.min.js
ERR: 无法加载模块:Static

[ 2016-03-10T13:15:01+08:00 ] ::1 /amos/thinkphp323/static/backed/global/plugins/jquery-slimscroll/jquery.slimscroll.min.js
ERR: 无法加载模块:Static

[ 2016-03-10T13:15:01+08:00 ] ::1 /amos/thinkphp323/static/backed/global/scripts/app.min.js
ERR: 无法加载模块:Static

[ 2016-03-10T13:15:01+08:00 ] ::1 /amos/thinkphp323/static/backed/global/plugins/select2/js/select2.full.min.js
ERR: 无法加载模块:Static

[ 2016-03-10T13:15:01+08:00 ] ::1 /amos/thinkphp323/static/backed/pages/scripts/login.min.js
ERR: 无法加载模块:Static

[ 2016-03-10T13:15:01+08:00 ] ::1 /amos/thinkphp323/static/backed/pages/img/logo-big.png
ERR: 无法加载模块:Static

[ 2016-03-10T13:15:03+08:00 ] ::1 /amos/thinkphp323/static/backed/global/plugins/uniform/css/uniform.default.css
ERR: 无法加载模块:Static

[ 2016-03-10T13:15:03+08:00 ] ::1 /amos/thinkphp323/static/backed/global/plugins/bootstrap/css/bootstrap.min.css
ERR: 无法加载模块:Static

[ 2016-03-10T13:15:03+08:00 ] ::1 /amos/thinkphp323/static/backed/global/plugins/simple-line-icons/simple-line-icons.min.css
ERR: 无法加载模块:Static

[ 2016-03-10T13:15:03+08:00 ] ::1 /amos/thinkphp323/static/backed/global/plugins/select2/css/select2.min.css
ERR: 无法加载模块:Static

[ 2016-03-10T13:15:03+08:00 ] ::1 /amos/thinkphp323/static/backed/global/plugins/select2/css/select2-bootstrap.min.css
ERR: 无法加载模块:Static

[ 2016-03-10T13:15:03+08:00 ] ::1 /amos/thinkphp323/static/backed/global/css/components.min.css
ERR: 无法加载模块:Static

[ 2016-03-10T13:15:03+08:00 ] ::1 /amos/thinkphp323/static/backed/global/plugins/bootstrap-switch/css/bootstrap-switch.min.css
ERR: 无法加载模块:Static

[ 2016-03-10T13:15:03+08:00 ] ::1 /amos/thinkphp323/static/backed/global/css/plugins.min.css
ERR: 无法加载模块:Static

[ 2016-03-10T13:15:04+08:00 ] ::1 /amos/thinkphp323/static/backed/global/plugins/font-awesome/css/font-awesome.min.css
ERR: 无法加载模块:Static

[ 2016-03-10T13:15:04+08:00 ] ::1 /amos/thinkphp323/static/backed/pages/css/login.min.css
ERR: 无法加载模块:Static

[ 2016-03-10T13:15:06+08:00 ] ::1 /amos/thinkphp323/static/backed/global/plugins/font-awesome/css/font-awesome.min.css
ERR: 无法加载模块:Static

[ 2016-03-10T13:15:06+08:00 ] ::1 /amos/thinkphp323/static/backed/global/plugins/bootstrap/css/bootstrap.min.css
ERR: 无法加载模块:Static

[ 2016-03-10T13:15:06+08:00 ] ::1 /amos/thinkphp323/static/backed/global/plugins/bootstrap-switch/css/bootstrap-switch.min.css
ERR: 无法加载模块:Static

[ 2016-03-10T13:15:06+08:00 ] ::1 /amos/thinkphp323/static/backed/global/plugins/simple-line-icons/simple-line-icons.min.css
ERR: 无法加载模块:Static

[ 2016-03-10T13:15:06+08:00 ] ::1 /amos/thinkphp323/static/backed/global/plugins/uniform/css/uniform.default.css
ERR: 无法加载模块:Static

[ 2016-03-10T13:15:06+08:00 ] ::1 /amos/thinkphp323/static/backed/global/plugins/select2/css/select2.min.css
ERR: 无法加载模块:Static

[ 2016-03-10T13:15:06+08:00 ] ::1 /amos/thinkphp323/static/backed/global/plugins/select2/css/select2-bootstrap.min.css
ERR: 无法加载模块:Static

[ 2016-03-10T13:15:06+08:00 ] ::1 /amos/thinkphp323/static/backed/global/css/components.min.css
ERR: 无法加载模块:Static

[ 2016-03-10T13:15:06+08:00 ] ::1 /amos/thinkphp323/static/backed/global/css/plugins.min.css
ERR: 无法加载模块:Static

[ 2016-03-10T13:15:06+08:00 ] ::1 /amos/thinkphp323/static/backed/pages/css/login.min.css
ERR: 无法加载模块:Static

[ 2016-03-10T13:15:06+08:00 ] ::1 /amos/thinkphp323/static/backed/global/plugins/bootstrap/js/bootstrap.min.js
ERR: 无法加载模块:Static

[ 2016-03-10T13:15:06+08:00 ] ::1 /amos/thinkphp323/static/backed/assets/global/plugins/jquery.min.js
ERR: 无法加载模块:Static

[ 2016-03-10T13:15:06+08:00 ] ::1 /amos/thinkphp323/static/backed/global/plugins/js.cookie.min.js
ERR: 无法加载模块:Static

[ 2016-03-10T13:15:06+08:00 ] ::1 /amos/thinkphp323/static/backed/global/plugins/jquery-slimscroll/jquery.slimscroll.min.js
ERR: 无法加载模块:Static

[ 2016-03-10T13:15:06+08:00 ] ::1 /amos/thinkphp323/static/backed/global/plugins/uniform/jquery.uniform.min.js
ERR: 无法加载模块:Static

[ 2016-03-10T13:15:06+08:00 ] ::1 /amos/thinkphp323/static/backed/global/plugins/bootstrap-hover-dropdown/bootstrap-hover-dropdown.min.js
ERR: 无法加载模块:Static

[ 2016-03-10T13:15:06+08:00 ] ::1 /amos/thinkphp323/static/backed/global/plugins/jquery.blockui.min.js
ERR: 无法加载模块:Static

[ 2016-03-10T13:15:06+08:00 ] ::1 /amos/thinkphp323/static/backed/global/plugins/bootstrap-switch/js/bootstrap-switch.min.js
ERR: 无法加载模块:Static

[ 2016-03-10T13:15:06+08:00 ] ::1 /amos/thinkphp323/static/backed/global/plugins/jquery-validation/js/jquery.validate.min.js
ERR: 无法加载模块:Static

[ 2016-03-10T13:15:06+08:00 ] ::1 /amos/thinkphp323/static/backed/global/plugins/jquery-validation/js/additional-methods.min.js
ERR: 无法加载模块:Static

[ 2016-03-10T13:15:06+08:00 ] ::1 /amos/thinkphp323/static/backed/global/scripts/app.min.js
ERR: 无法加载模块:Static

[ 2016-03-10T13:15:06+08:00 ] ::1 /amos/thinkphp323/static/backed/global/plugins/select2/js/select2.full.min.js
ERR: 无法加载模块:Static

[ 2016-03-10T13:15:06+08:00 ] ::1 /amos/thinkphp323/static/backed/pages/scripts/login.min.js
ERR: 无法加载模块:Static

[ 2016-03-10T13:15:06+08:00 ] ::1 /amos/thinkphp323/static/backed/pages/img/logo-big.png
ERR: 无法加载模块:Static

[ 2016-03-10T13:16:01+08:00 ] ::1 /amos/thinkphp323/static/backed/assets/plugins/select2/css/select2.min.css
ERR: 无法加载模块:Static

[ 2016-03-10T13:16:01+08:00 ] ::1 /amos/thinkphp323/static/backed/assets/plugins/select2/css/select2-bootstrap.min.css
ERR: 无法加载模块:Static

[ 2016-03-10T13:16:01+08:00 ] ::1 /amos/thinkphp323/static/backed/assets/plugins/jquery-validation/js/jquery.validate.min.js
ERR: 无法加载模块:Static

[ 2016-03-10T13:16:01+08:00 ] ::1 /amos/thinkphp323/static/backed/assets/plugins/select2/js/select2.full.min.js
ERR: 无法加载模块:Static

[ 2016-03-10T13:16:01+08:00 ] ::1 /amos/thinkphp323/static/backed/assets/plugins/jquery-validation/js/additional-methods.min.js
ERR: 无法加载模块:Static

[ 2016-03-10T13:16:01+08:00 ] ::1 /amos/thinkphp323/static/backed/pages/img/logo-big.png
ERR: 无法加载模块:Static

[ 2016-03-10T13:16:01+08:00 ] ::1 /amos/thinkphp323/static/backed/pages/scripts/login.min.js
ERR: 无法加载模块:Static

[ 2016-03-10T13:16:01+08:00 ] ::1 /amos/thinkphp323/static/backed/pages/css/login.min.css
ERR: 无法加载模块:Static

[ 2016-03-10T13:16:02+08:00 ] ::1 /amos/thinkphp323/static/backed/assets/img/social/facebook.png
ERR: 无法加载模块:Static

[ 2016-03-10T13:16:02+08:00 ] ::1 /amos/thinkphp323/static/backed/assets/img/social/twitter.png
ERR: 无法加载模块:Static

[ 2016-03-10T13:16:02+08:00 ] ::1 /amos/thinkphp323/static/backed/assets/img/social/googleplus.png
ERR: 无法加载模块:Static

[ 2016-03-10T13:16:02+08:00 ] ::1 /amos/thinkphp323/static/backed/assets/img/social/linkedin.png
ERR: 无法加载模块:Static

[ 2016-03-10T13:16:40+08:00 ] ::1 /amos/thinkphp323/static/backed/pages/css/login.min.css
ERR: 无法加载模块:Static

[ 2016-03-10T13:16:40+08:00 ] ::1 /amos/thinkphp323/static/backed/assets/plugins/jquery-validation/js/jquery.validate.min.js
ERR: 无法加载模块:Static

[ 2016-03-10T13:16:40+08:00 ] ::1 /amos/thinkphp323/static/backed/pages/scripts/login.min.js
ERR: 无法加载模块:Static

[ 2016-03-10T13:16:40+08:00 ] ::1 /amos/thinkphp323/static/backed/assets/plugins/jquery-validation/js/additional-methods.min.js
ERR: 无法加载模块:Static

[ 2016-03-10T13:16:40+08:00 ] ::1 /amos/thinkphp323/static/backed/pages/img/logo-big.png
ERR: 无法加载模块:Static

[ 2016-03-10T13:16:41+08:00 ] ::1 /amos/thinkphp323/static/backed/assets/img/social/facebook.png
ERR: 无法加载模块:Static

[ 2016-03-10T13:16:41+08:00 ] ::1 /amos/thinkphp323/static/backed/assets/img/social/twitter.png
ERR: 无法加载模块:Static

[ 2016-03-10T13:16:41+08:00 ] ::1 /amos/thinkphp323/static/backed/assets/img/social/linkedin.png
ERR: 无法加载模块:Static

[ 2016-03-10T13:16:41+08:00 ] ::1 /amos/thinkphp323/static/backed/assets/img/social/googleplus.png
ERR: 无法加载模块:Static

[ 2016-03-10T13:18:31+08:00 ] ::1 /amos/thinkphp323/static/backed/pages/css/login.min.css
ERR: 无法加载模块:Static

[ 2016-03-10T13:18:31+08:00 ] ::1 /amos/thinkphp323/static/backed/assets/plugins/jquery-validation/js/additional-methods.min.js
ERR: 无法加载模块:Static

[ 2016-03-10T13:18:31+08:00 ] ::1 /amos/thinkphp323/static/backed/assets/plugins/jquery-validation/js/jquery.validate.min.js
ERR: 无法加载模块:Static

[ 2016-03-10T13:18:31+08:00 ] ::1 /amos/thinkphp323/static/backed/pages/scripts/login.min.js
ERR: 无法加载模块:Static

[ 2016-03-10T13:18:31+08:00 ] ::1 /amos/thinkphp323/static/backed/pages/img/logo-big.png
ERR: 无法加载模块:Static

[ 2016-03-10T13:18:31+08:00 ] ::1 /amos/thinkphp323/static/backed/assets/img/social/facebook.png
ERR: 无法加载模块:Static

[ 2016-03-10T13:18:32+08:00 ] ::1 /amos/thinkphp323/static/backed/assets/img/social/twitter.png
ERR: 无法加载模块:Static

[ 2016-03-10T13:18:32+08:00 ] ::1 /amos/thinkphp323/static/backed/assets/img/social/googleplus.png
ERR: 无法加载模块:Static

[ 2016-03-10T13:18:32+08:00 ] ::1 /amos/thinkphp323/static/backed/assets/img/social/linkedin.png
ERR: 无法加载模块:Static

[ 2016-03-10T13:19:03+08:00 ] ::1 /amos/thinkphp323/static/backed/pages/css/login.min.css
ERR: 无法加载模块:Static

[ 2016-03-10T13:19:04+08:00 ] ::1 /amos/thinkphp323/static/backed/pages/scripts/login.min.js
ERR: 无法加载模块:Static

[ 2016-03-10T13:19:04+08:00 ] ::1 /amos/thinkphp323/static/backed/pages/img/logo-big.png
ERR: 无法加载模块:Static

[ 2016-03-10T13:19:04+08:00 ] ::1 /amos/thinkphp323/static/backed/assets/img/social/googleplus.png
ERR: 无法加载模块:Static

[ 2016-03-10T13:19:04+08:00 ] ::1 /amos/thinkphp323/static/backed/assets/img/social/twitter.png
ERR: 无法加载模块:Static

[ 2016-03-10T13:19:04+08:00 ] ::1 /amos/thinkphp323/static/backed/assets/img/social/facebook.png
ERR: 无法加载模块:Static

[ 2016-03-10T13:19:04+08:00 ] ::1 /amos/thinkphp323/static/backed/assets/img/social/linkedin.png
ERR: 无法加载模块:Static

[ 2016-03-10T13:19:50+08:00 ] ::1 /amos/thinkphp323/static/backed/pages/css/login.min.css
ERR: 无法加载模块:Static

[ 2016-03-10T13:19:50+08:00 ] ::1 /amos/thinkphp323/static/backed/pages/scripts/login.min.js
ERR: 无法加载模块:Static

[ 2016-03-10T13:19:50+08:00 ] ::1 /amos/thinkphp323/static/backed/pages/img/logo-big.png
ERR: 无法加载模块:Static

[ 2016-03-10T13:19:51+08:00 ] ::1 /amos/thinkphp323/static/backed/assets/img/social/facebook.png
ERR: 无法加载模块:Static

[ 2016-03-10T13:19:51+08:00 ] ::1 /amos/thinkphp323/static/backed/assets/img/social/twitter.png
ERR: 无法加载模块:Static

[ 2016-03-10T13:19:51+08:00 ] ::1 /amos/thinkphp323/static/backed/assets/img/social/googleplus.png
ERR: 无法加载模块:Static

[ 2016-03-10T13:19:51+08:00 ] ::1 /amos/thinkphp323/static/backed/assets/img/social/linkedin.png
ERR: 无法加载模块:Static

[ 2016-03-10T13:20:44+08:00 ] ::1 /amos/thinkphp323/static/backed/pages/scripts/login.min.js
ERR: 无法加载模块:Static

[ 2016-03-10T13:20:44+08:00 ] ::1 /amos/thinkphp323/static/backed/pages/img/logo-big.png
ERR: 无法加载模块:Static

[ 2016-03-10T13:20:45+08:00 ] ::1 /amos/thinkphp323/static/backed/assets/img/social/googleplus.png
ERR: 无法加载模块:Static

[ 2016-03-10T13:20:45+08:00 ] ::1 /amos/thinkphp323/static/backed/assets/img/social/linkedin.png
ERR: 无法加载模块:Static

[ 2016-03-10T13:20:45+08:00 ] ::1 /amos/thinkphp323/static/backed/assets/img/social/twitter.png
ERR: 无法加载模块:Static

[ 2016-03-10T13:20:45+08:00 ] ::1 /amos/thinkphp323/static/backed/assets/img/social/facebook.png
ERR: 无法加载模块:Static

[ 2016-03-10T13:21:06+08:00 ] ::1 /amos/thinkphp323/static/backed/pages/img/logo-big.png
ERR: 无法加载模块:Static

[ 2016-03-10T13:21:07+08:00 ] ::1 /amos/thinkphp323/static/backed/assets/img/social/twitter.png
ERR: 无法加载模块:Static

[ 2016-03-10T13:21:07+08:00 ] ::1 /amos/thinkphp323/static/backed/assets/img/social/googleplus.png
ERR: 无法加载模块:Static

[ 2016-03-10T13:21:07+08:00 ] ::1 /amos/thinkphp323/static/backed/assets/img/social/facebook.png
ERR: 无法加载模块:Static

[ 2016-03-10T13:21:07+08:00 ] ::1 /amos/thinkphp323/static/backed/assets/img/social/linkedin.png
ERR: 无法加载模块:Static

[ 2016-03-10T13:21:43+08:00 ] ::1 /amos/thinkphp323/static/backed/pages/img/logo-big.png
ERR: 无法加载模块:Static

[ 2016-03-10T13:21:44+08:00 ] ::1 /amos/thinkphp323/static/backed/assets/img/social/facebook.png
ERR: 无法加载模块:Static

[ 2016-03-10T13:21:44+08:00 ] ::1 /amos/thinkphp323/static/backed/assets/img/social/twitter.png
ERR: 无法加载模块:Static

[ 2016-03-10T13:21:44+08:00 ] ::1 /amos/thinkphp323/static/backed/assets/img/social/googleplus.png
ERR: 无法加载模块:Static

[ 2016-03-10T13:21:44+08:00 ] ::1 /amos/thinkphp323/static/backed/assets/img/social/linkedin.png
ERR: 无法加载模块:Static

[ 2016-03-10T13:22:08+08:00 ] ::1 /amos/thinkphp323/static/backed/assets/img/social/facebook.png
ERR: 无法加载模块:Static

[ 2016-03-10T13:22:08+08:00 ] ::1 /amos/thinkphp323/static/backed/assets/img/social/linkedin.png
ERR: 无法加载模块:Static

[ 2016-03-10T13:22:08+08:00 ] ::1 /amos/thinkphp323/static/backed/assets/img/social/googleplus.png
ERR: 无法加载模块:Static

[ 2016-03-10T13:22:08+08:00 ] ::1 /amos/thinkphp323/static/backed/assets/img/social/twitter.png
ERR: 无法加载模块:Static

[ 2016-03-10T13:25:04+08:00 ] ::1 /amos/thinkphp323/static/backed/assets/img/social/twitter.png
ERR: 无法加载模块:Static

[ 2016-03-10T13:25:04+08:00 ] ::1 /amos/thinkphp323/static/backed/assets/img/social/linkedin.png
ERR: 无法加载模块:Static

[ 2016-03-10T13:25:04+08:00 ] ::1 /amos/thinkphp323/static/backed/assets/img/social/facebook.png
ERR: 无法加载模块:Static

[ 2016-03-10T13:25:04+08:00 ] ::1 /amos/thinkphp323/static/backed/assets/img/social/googleplus.png
ERR: 无法加载模块:Static

[ 2016-03-10T13:26:57+08:00 ] ::1 /amos/thinkphp323/static/backed/assets/css/components.min.css
ERR: 无法加载模块:Static

[ 2016-03-10T13:26:57+08:00 ] ::1 /amos/thinkphp323/static/backed/assets/css/plugins.min.css
ERR: 无法加载模块:Static

[ 2016-03-10T13:27:06+08:00 ] ::1 /amos/thinkphp323/static/backed/assets/css/components.min.css
ERR: 无法加载模块:Static

[ 2016-03-10T13:27:07+08:00 ] ::1 /amos/thinkphp323/static/backed/assets/css/plugins.min.css
ERR: 无法加载模块:Static

[ 2016-03-10T13:27:42+08:00 ] ::1 /amos/thinkphp323/static/backed/assets/css/components.min.css
ERR: 无法加载模块:Static

[ 2016-03-10T13:27:42+08:00 ] ::1 /amos/thinkphp323/static/backed/assets/css/plugins.min.css
ERR: 无法加载模块:Static

[ 2016-03-10T13:27:43+08:00 ] ::1 /amos/thinkphp323/static/backed/assets/global/css/components-rounded.min.css
ERR: 无法加载模块:Static

[ 2016-03-10T13:27:46+08:00 ] ::1 /amos/thinkphp323/static/backed/assets/css/plugins.min.css
ERR: 无法加载模块:Static

[ 2016-03-10T13:27:46+08:00 ] ::1 /amos/thinkphp323/static/backed/assets/global/css/components-rounded.min.css
ERR: 无法加载模块:Static

[ 2016-03-10T13:27:49+08:00 ] ::1 /amos/thinkphp323/static/backed/assets/css/components.min.css
ERR: 无法加载模块:Static

[ 2016-03-10T13:27:49+08:00 ] ::1 /amos/thinkphp323/static/backed/assets/css/plugins.min.css
ERR: 无法加载模块:Static

[ 2016-03-10T13:27:49+08:00 ] ::1 /amos/thinkphp323/static/backed/assets/global/css/components-rounded.min.css
ERR: 无法加载模块:Static

[ 2016-03-10T13:28:11+08:00 ] ::1 /amos/thinkphp323/static/backed/assets/global/css/components-rounded.min.css
ERR: 无法加载模块:Static

[ 2016-03-10T13:28:22+08:00 ] ::1 /amos/thinkphp323/static/backed/assets/global/css/components-rounded.min.css
ERR: 无法加载模块:Static

[ 2016-03-10T13:29:18+08:00 ] ::1 /amos/thinkphp323/static/backed/assets/global/img/remove-icon-small.png
ERR: 无法加载模块:Static

