[ 2016-03-11T12:37:29+08:00 ] ::1 /amos/thinkphp323/favicon.ico
ERR: 无法加载模块:Favicon

[ 2016-03-11T12:37:40+08:00 ] ::1 /amos/thinkphp323/static/backed/assets/global/img/remove-icon-small.png
ERR: 无法加载模块:Static

[ 2016-03-11T13:04:19+08:00 ] ::1 /amos/thinkphp323/admin
ERR: 无法加载模块:Admin

[ 2016-03-11T13:05:01+08:00 ] ::1 /amos/thinkphp323/admin/login
ERR: 无法加载模块:Admin

[ 2016-03-11T13:05:16+08:00 ] ::1 /amos/thinkphp323/admin/login
ERR: 无法加载模块:Admin

[ 2016-03-11T13:05:17+08:00 ] ::1 /amos/thinkphp323/admin/login
ERR: 无法加载模块:Admin

[ 2016-03-11T13:14:52+08:00 ] ::1 /amos/thinkphp323/static/backed/assets/global/plugins/font-awesome/css/font-awesome.min.css
ERR: 无法加载模块:Static

[ 2016-03-11T13:14:52+08:00 ] ::1 /amos/thinkphp323/static/backed/assets/global/plugins/uniform/css/uniform.default.css
ERR: 无法加载模块:Static

[ 2016-03-11T13:14:52+08:00 ] ::1 /amos/thinkphp323/static/backed/assets/global/plugins/bootstrap-switch/css/bootstrap-switch.min.css
ERR: 无法加载模块:Static

[ 2016-03-11T13:14:52+08:00 ] ::1 /amos/thinkphp323/static/backed/assets/global/plugins/simple-line-icons/simple-line-icons.min.css
ERR: 无法加载模块:Static

[ 2016-03-11T13:14:52+08:00 ] ::1 /amos/thinkphp323/static/backed/assets/layouts/layout3/css/layout.min.css
ERR: 无法加载模块:Static

[ 2016-03-11T13:14:52+08:00 ] ::1 /amos/thinkphp323/static/backed/assets/layouts/layout3/css/themes/default.min.css
ERR: 无法加载模块:Static

[ 2016-03-11T13:14:52+08:00 ] ::1 /amos/thinkphp323/static/backed/assets/layouts/layout3/css/custom.min.css
ERR: 无法加载模块:Static

[ 2016-03-11T13:14:52+08:00 ] ::1 /amos/thinkphp323/static/backed/assets/global/plugins/bootstrap/css/bootstrap.min.css
ERR: 无法加载模块:Static

[ 2016-03-11T13:14:52+08:00 ] ::1 /amos/thinkphp323/static/backed/assets/global/plugins/jquery.min.js
ERR: 无法加载模块:Static

[ 2016-03-11T13:14:52+08:00 ] ::1 /amos/thinkphp323/static/backed/assets/global/plugins/jquery-slimscroll/jquery.slimscroll.min.js
ERR: 无法加载模块:Static

[ 2016-03-11T13:14:52+08:00 ] ::1 /amos/thinkphp323/static/backed/assets/global/plugins/bootstrap/js/bootstrap.min.js
ERR: 无法加载模块:Static

[ 2016-03-11T13:14:52+08:00 ] ::1 /amos/thinkphp323/static/backed/assets/global/plugins/js.cookie.min.js
ERR: 无法加载模块:Static

[ 2016-03-11T13:14:52+08:00 ] ::1 /amos/thinkphp323/static/backed/assets/global/plugins/bootstrap-hover-dropdown/bootstrap-hover-dropdown.min.js
ERR: 无法加载模块:Static

[ 2016-03-11T13:14:52+08:00 ] ::1 /amos/thinkphp323/static/backed/assets/global/plugins/uniform/jquery.uniform.min.js
ERR: 无法加载模块:Static

[ 2016-03-11T13:14:53+08:00 ] ::1 /amos/thinkphp323/static/backed/assets/global/plugins/bootstrap-switch/js/bootstrap-switch.min.js
ERR: 无法加载模块:Static

[ 2016-03-11T13:14:53+08:00 ] ::1 /amos/thinkphp323/static/backed/assets/global/scripts/app.min.js
ERR: 无法加载模块:Static

[ 2016-03-11T13:14:53+08:00 ] ::1 /amos/thinkphp323/static/backed/assets/layouts/layout3/scripts/demo.min.js
ERR: 无法加载模块:Static

[ 2016-03-11T13:14:53+08:00 ] ::1 /amos/thinkphp323/static/backed/assets/layouts/layout3/scripts/layout.min.js
ERR: 无法加载模块:Static

[ 2016-03-11T13:14:52+08:00 ] ::1 /amos/thinkphp323/static/backed/assets/global/plugins/jquery.blockui.min.js
ERR: 无法加载模块:Static

[ 2016-03-11T13:14:53+08:00 ] ::1 /amos/thinkphp323/static/backed/assets/layouts/layout3/img/logo-default.jpg
ERR: 无法加载模块:Static

[ 2016-03-11T13:14:53+08:00 ] ::1 /amos/thinkphp323/static/backed/assets/layouts/layout3/img/avatar1.jpg
ERR: 无法加载模块:Static

[ 2016-03-11T13:14:53+08:00 ] ::1 /amos/thinkphp323/static/backed/assets/layouts/layout3/img/avatar2.jpg
ERR: 无法加载模块:Static

[ 2016-03-11T13:14:53+08:00 ] ::1 /amos/thinkphp323/static/backed/assets/layouts/layout3/img/avatar3.jpg
ERR: 无法加载模块:Static

[ 2016-03-11T13:14:53+08:00 ] ::1 /amos/thinkphp323/static/backed/assets/layouts/layout3/img/avatar9.jpg
ERR: 无法加载模块:Static

[ 2016-03-11T13:14:56+08:00 ] ::1 /amos/thinkphp323/static/backed/assets/global/plugins/simple-line-icons/simple-line-icons.min.css
ERR: 无法加载模块:Static

[ 2016-03-11T13:14:56+08:00 ] ::1 /amos/thinkphp323/static/backed/assets/global/plugins/font-awesome/css/font-awesome.min.css
ERR: 无法加载模块:Static

[ 2016-03-11T13:14:56+08:00 ] ::1 /amos/thinkphp323/static/backed/assets/global/plugins/bootstrap-switch/css/bootstrap-switch.min.css
ERR: 无法加载模块:Static

[ 2016-03-11T13:14:56+08:00 ] ::1 /amos/thinkphp323/static/backed/assets/global/plugins/bootstrap/css/bootstrap.min.css
ERR: 无法加载模块:Static

[ 2016-03-11T13:14:56+08:00 ] ::1 /amos/thinkphp323/static/backed/assets/global/plugins/uniform/css/uniform.default.css
ERR: 无法加载模块:Static

[ 2016-03-11T13:14:56+08:00 ] ::1 /amos/thinkphp323/static/backed/assets/layouts/layout3/css/layout.min.css
ERR: 无法加载模块:Static

[ 2016-03-11T13:14:56+08:00 ] ::1 /amos/thinkphp323/static/backed/assets/layouts/layout3/css/custom.min.css
ERR: 无法加载模块:Static

[ 2016-03-11T13:14:56+08:00 ] ::1 /amos/thinkphp323/static/backed/assets/layouts/layout3/css/themes/default.min.css
ERR: 无法加载模块:Static

[ 2016-03-11T13:15:00+08:00 ] ::1 /amos/thinkphp323/static/backed/assets/global/plugins/font-awesome/css/font-awesome.min.css
ERR: 无法加载模块:Static

[ 2016-03-11T13:15:00+08:00 ] ::1 /amos/thinkphp323/static/backed/assets/global/plugins/simple-line-icons/simple-line-icons.min.css
ERR: 无法加载模块:Static

[ 2016-03-11T13:15:00+08:00 ] ::1 /amos/thinkphp323/static/backed/assets/global/plugins/bootstrap-switch/css/bootstrap-switch.min.css
ERR: 无法加载模块:Static

[ 2016-03-11T13:15:00+08:00 ] ::1 /amos/thinkphp323/static/backed/assets/global/plugins/bootstrap/css/bootstrap.min.css
ERR: 无法加载模块:Static

[ 2016-03-11T13:15:00+08:00 ] ::1 /amos/thinkphp323/static/backed/assets/global/plugins/uniform/css/uniform.default.css
ERR: 无法加载模块:Static

[ 2016-03-11T13:15:00+08:00 ] ::1 /amos/thinkphp323/static/backed/assets/layouts/layout3/css/layout.min.css
ERR: 无法加载模块:Static

[ 2016-03-11T13:15:00+08:00 ] ::1 /amos/thinkphp323/static/backed/assets/global/plugins/jquery.min.js
ERR: 无法加载模块:Static

[ 2016-03-11T13:15:00+08:00 ] ::1 /amos/thinkphp323/static/backed/assets/layouts/layout3/css/themes/default.min.css
ERR: 无法加载模块:Static

[ 2016-03-11T13:15:00+08:00 ] ::1 /amos/thinkphp323/static/backed/assets/global/plugins/js.cookie.min.js
ERR: 无法加载模块:Static

[ 2016-03-11T13:15:00+08:00 ] ::1 /amos/thinkphp323/static/backed/assets/layouts/layout3/css/custom.min.css
ERR: 无法加载模块:Static

[ 2016-03-11T13:15:00+08:00 ] ::1 /amos/thinkphp323/static/backed/assets/global/plugins/jquery-slimscroll/jquery.slimscroll.min.js
ERR: 无法加载模块:Static

[ 2016-03-11T13:15:00+08:00 ] ::1 /amos/thinkphp323/static/backed/assets/global/plugins/jquery.blockui.min.js
ERR: 无法加载模块:Static

[ 2016-03-11T13:15:00+08:00 ] ::1 /amos/thinkphp323/static/backed/assets/global/plugins/bootstrap/js/bootstrap.min.js
ERR: 无法加载模块:Static

[ 2016-03-11T13:15:00+08:00 ] ::1 /amos/thinkphp323/static/backed/assets/global/plugins/uniform/jquery.uniform.min.js
ERR: 无法加载模块:Static

[ 2016-03-11T13:15:00+08:00 ] ::1 /amos/thinkphp323/static/backed/assets/global/plugins/bootstrap-switch/js/bootstrap-switch.min.js
ERR: 无法加载模块:Static

[ 2016-03-11T13:15:00+08:00 ] ::1 /amos/thinkphp323/static/backed/assets/global/plugins/bootstrap-hover-dropdown/bootstrap-hover-dropdown.min.js
ERR: 无法加载模块:Static

[ 2016-03-11T13:15:00+08:00 ] ::1 /amos/thinkphp323/static/backed/assets/global/scripts/app.min.js
ERR: 无法加载模块:Static

[ 2016-03-11T13:15:00+08:00 ] ::1 /amos/thinkphp323/static/backed/assets/layouts/layout3/scripts/layout.min.js
ERR: 无法加载模块:Static

[ 2016-03-11T13:15:00+08:00 ] ::1 /amos/thinkphp323/static/backed/assets/layouts/layout3/scripts/demo.min.js
ERR: 无法加载模块:Static

[ 2016-03-11T13:15:00+08:00 ] ::1 /amos/thinkphp323/static/backed/assets/layouts/layout3/img/avatar2.jpg
ERR: 无法加载模块:Static

[ 2016-03-11T13:15:00+08:00 ] ::1 /amos/thinkphp323/static/backed/assets/layouts/layout3/img/logo-default.jpg
ERR: 无法加载模块:Static

[ 2016-03-11T13:15:00+08:00 ] ::1 /amos/thinkphp323/static/backed/assets/layouts/layout3/img/avatar1.jpg
ERR: 无法加载模块:Static

[ 2016-03-11T13:15:00+08:00 ] ::1 /amos/thinkphp323/static/backed/assets/layouts/layout3/img/avatar9.jpg
ERR: 无法加载模块:Static

[ 2016-03-11T13:15:00+08:00 ] ::1 /amos/thinkphp323/static/backed/assets/layouts/layout3/img/avatar3.jpg
ERR: 无法加载模块:Static

[ 2016-03-11T13:17:04+08:00 ] ::1 /amos/thinkphp323/static/backed/assets/layouts/layout3/css/layout.min.css
ERR: 无法加载模块:Static

[ 2016-03-11T13:17:04+08:00 ] ::1 /amos/thinkphp323/static/backed/assets/global/plugins/uniform/css/uniform.default.css
ERR: 无法加载模块:Static

[ 2016-03-11T13:17:04+08:00 ] ::1 /amos/thinkphp323/static/backed/assets/global/plugins/bootstrap-switch/css/bootstrap-switch.min.css
ERR: 无法加载模块:Static

[ 2016-03-11T13:17:04+08:00 ] ::1 /amos/thinkphp323/static/backed/assets/layouts/layout3/css/themes/default.min.css
ERR: 无法加载模块:Static

[ 2016-03-11T13:17:04+08:00 ] ::1 /amos/thinkphp323/static/backed/assets/global/plugins/jquery.min.js
ERR: 无法加载模块:Static

[ 2016-03-11T13:17:04+08:00 ] ::1 /amos/thinkphp323/static/backed/assets/layouts/layout3/css/custom.min.css
ERR: 无法加载模块:Static

[ 2016-03-11T13:17:04+08:00 ] ::1 /amos/thinkphp323/static/backed/assets/global/plugins/bootstrap/css/bootstrap.min.css
ERR: 无法加载模块:Static

[ 2016-03-11T13:17:04+08:00 ] ::1 /amos/thinkphp323/static/backed/assets/global/plugins/js.cookie.min.js
ERR: 无法加载模块:Static

[ 2016-03-11T13:17:04+08:00 ] ::1 /amos/thinkphp323/static/backed/assets/global/plugins/bootstrap/js/bootstrap.min.js
ERR: 无法加载模块:Static

[ 2016-03-11T13:17:04+08:00 ] ::1 /amos/thinkphp323/static/backed/assets/global/plugins/jquery-slimscroll/jquery.slimscroll.min.js
ERR: 无法加载模块:Static

[ 2016-03-11T13:17:04+08:00 ] ::1 /amos/thinkphp323/static/backed/assets/global/plugins/uniform/jquery.uniform.min.js
ERR: 无法加载模块:Static

[ 2016-03-11T13:17:04+08:00 ] ::1 /amos/thinkphp323/static/backed/assets/global/plugins/jquery.blockui.min.js
ERR: 无法加载模块:Static

[ 2016-03-11T13:17:04+08:00 ] ::1 /amos/thinkphp323/static/backed/assets/global/plugins/bootstrap-switch/js/bootstrap-switch.min.js
ERR: 无法加载模块:Static

[ 2016-03-11T13:17:04+08:00 ] ::1 /amos/thinkphp323/static/backed/assets/global/plugins/bootstrap-hover-dropdown/bootstrap-hover-dropdown.min.js
ERR: 无法加载模块:Static

[ 2016-03-11T13:17:04+08:00 ] ::1 /amos/thinkphp323/static/backed/assets/layouts/layout3/scripts/layout.min.js
ERR: 无法加载模块:Static

[ 2016-03-11T13:17:04+08:00 ] ::1 /amos/thinkphp323/static/backed/assets/layouts/layout3/scripts/demo.min.js
ERR: 无法加载模块:Static

[ 2016-03-11T13:17:04+08:00 ] ::1 /amos/thinkphp323/static/backed/assets/layouts/layout3/img/logo-default.jpg
ERR: 无法加载模块:Static

[ 2016-03-11T13:17:04+08:00 ] ::1 /amos/thinkphp323/static/backed/assets/layouts/layout3/img/avatar2.jpg
ERR: 无法加载模块:Static

[ 2016-03-11T13:17:04+08:00 ] ::1 /amos/thinkphp323/static/backed/assets/global/scripts/app.min.js
ERR: 无法加载模块:Static

[ 2016-03-11T13:17:04+08:00 ] ::1 /amos/thinkphp323/static/backed/assets/layouts/layout3/img/avatar3.jpg
ERR: 无法加载模块:Static

[ 2016-03-11T13:17:04+08:00 ] ::1 /amos/thinkphp323/static/backed/assets/global/plugins/simple-line-icons/simple-line-icons.min.css
ERR: 无法加载模块:Static

[ 2016-03-11T13:17:04+08:00 ] ::1 /amos/thinkphp323/static/backed/assets/layouts/layout3/img/avatar1.jpg
ERR: 无法加载模块:Static

[ 2016-03-11T13:17:04+08:00 ] ::1 /amos/thinkphp323/static/backed/assets/layouts/layout3/img/avatar9.jpg
ERR: 无法加载模块:Static

[ 2016-03-11T13:17:26+08:00 ] ::1 /amos/thinkphp323/static/backed/assets/global/plugins/uniform/css/uniform.default.css
ERR: 无法加载模块:Static

[ 2016-03-11T13:17:26+08:00 ] ::1 /amos/thinkphp323/static/backed/assets/layouts/layout3/css/custom.min.css
ERR: 无法加载模块:Static

[ 2016-03-11T13:17:26+08:00 ] ::1 /amos/thinkphp323/static/backed/assets/global/plugins/jquery.min.js
ERR: 无法加载模块:Static

[ 2016-03-11T13:17:26+08:00 ] ::1 /amos/thinkphp323/static/backed/assets/global/plugins/bootstrap-switch/css/bootstrap-switch.min.css
ERR: 无法加载模块:Static

[ 2016-03-11T13:17:26+08:00 ] ::1 /amos/thinkphp323/static/backed/assets/global/plugins/bootstrap/js/bootstrap.min.js
ERR: 无法加载模块:Static

[ 2016-03-11T13:17:26+08:00 ] ::1 /amos/thinkphp323/static/backed/assets/global/plugins/js.cookie.min.js
ERR: 无法加载模块:Static

[ 2016-03-11T13:17:26+08:00 ] ::1 /amos/thinkphp323/static/backed/assets/global/plugins/bootstrap-hover-dropdown/bootstrap-hover-dropdown.min.js
ERR: 无法加载模块:Static

[ 2016-03-11T13:17:26+08:00 ] ::1 /amos/thinkphp323/static/backed/assets/global/plugins/jquery-slimscroll/jquery.slimscroll.min.js
ERR: 无法加载模块:Static

[ 2016-03-11T13:17:26+08:00 ] ::1 /amos/thinkphp323/static/backed/assets/global/plugins/jquery.blockui.min.js
ERR: 无法加载模块:Static

[ 2016-03-11T13:17:26+08:00 ] ::1 /amos/thinkphp323/static/backed/assets/global/plugins/bootstrap/css/bootstrap.min.css
ERR: 无法加载模块:Static

[ 2016-03-11T13:17:26+08:00 ] ::1 /amos/thinkphp323/static/backed/assets/global/plugins/uniform/jquery.uniform.min.js
ERR: 无法加载模块:Static

[ 2016-03-11T13:17:27+08:00 ] ::1 /amos/thinkphp323/static/backed/assets/layouts/layout3/scripts/layout.min.js
ERR: 无法加载模块:Static

[ 2016-03-11T13:17:27+08:00 ] ::1 /amos/thinkphp323/static/backed/assets/global/plugins/bootstrap-switch/js/bootstrap-switch.min.js
ERR: 无法加载模块:Static

[ 2016-03-11T13:17:27+08:00 ] ::1 /amos/thinkphp323/static/backed/assets/global/scripts/app.min.js
ERR: 无法加载模块:Static

[ 2016-03-11T13:17:27+08:00 ] ::1 /amos/thinkphp323/static/backed/assets/layouts/layout3/scripts/demo.min.js
ERR: 无法加载模块:Static

[ 2016-03-11T13:17:27+08:00 ] ::1 /amos/thinkphp323/static/backed/assets/layouts/layout3/img/logo-default.jpg
ERR: 无法加载模块:Static

[ 2016-03-11T13:17:27+08:00 ] ::1 /amos/thinkphp323/static/backed/assets/layouts/layout3/css/layout.min.css
ERR: 无法加载模块:Static

[ 2016-03-11T13:17:27+08:00 ] ::1 /amos/thinkphp323/static/backed/assets/layouts/layout3/img/avatar2.jpg
ERR: 无法加载模块:Static

[ 2016-03-11T13:17:27+08:00 ] ::1 /amos/thinkphp323/static/backed/assets/layouts/layout3/img/avatar3.jpg
ERR: 无法加载模块:Static

[ 2016-03-11T13:17:27+08:00 ] ::1 /amos/thinkphp323/static/backed/assets/layouts/layout3/img/avatar1.jpg
ERR: 无法加载模块:Static

[ 2016-03-11T13:17:27+08:00 ] ::1 /amos/thinkphp323/static/backed/assets/layouts/layout3/css/themes/default.min.css
ERR: 无法加载模块:Static

[ 2016-03-11T13:17:27+08:00 ] ::1 /amos/thinkphp323/static/backed/assets/layouts/layout3/img/avatar9.jpg
ERR: 无法加载模块:Static

[ 2016-03-11T13:18:12+08:00 ] ::1 /amos/thinkphp323/static/backed/assets/layouts/layout3/css/themes/default.min.css
ERR: 无法加载模块:Static

[ 2016-03-11T13:18:12+08:00 ] ::1 /amos/thinkphp323/static/backed/assets/layouts/layout3/scripts/layout.min.js
ERR: 无法加载模块:Static

[ 2016-03-11T13:18:12+08:00 ] ::1 /amos/thinkphp323/static/backed/assets/global/scripts/app.min.js
ERR: 无法加载模块:Static

[ 2016-03-11T13:18:12+08:00 ] ::1 /amos/thinkphp323/static/backed/assets/layouts/layout3/scripts/demo.min.js
ERR: 无法加载模块:Static

[ 2016-03-11T13:18:12+08:00 ] ::1 /amos/thinkphp323/static/backed/assets/layouts/layout3/img/logo-default.jpg
ERR: 无法加载模块:Static

[ 2016-03-11T13:18:12+08:00 ] ::1 /amos/thinkphp323/static/backed/assets/layouts/layout3/img/avatar2.jpg
ERR: 无法加载模块:Static

[ 2016-03-11T13:18:12+08:00 ] ::1 /amos/thinkphp323/static/backed/assets/layouts/layout3/img/avatar3.jpg
ERR: 无法加载模块:Static

[ 2016-03-11T13:18:12+08:00 ] ::1 /amos/thinkphp323/static/backed/assets/layouts/layout3/css/layout.min.css
ERR: 无法加载模块:Static

[ 2016-03-11T13:18:12+08:00 ] ::1 /amos/thinkphp323/static/backed/assets/layouts/layout3/img/avatar1.jpg
ERR: 无法加载模块:Static

[ 2016-03-11T13:18:12+08:00 ] ::1 /amos/thinkphp323/static/backed/assets/layouts/layout3/img/avatar9.jpg
ERR: 无法加载模块:Static

[ 2016-03-11T13:18:12+08:00 ] ::1 /amos/thinkphp323/static/backed/assets/layouts/layout3/css/custom.min.css
ERR: 无法加载模块:Static

[ 2016-03-11T13:19:44+08:00 ] ::1 /amos/thinkphp323/static/backed/assets/global/scripts/app.min.js
ERR: 无法加载模块:Static

[ 2016-03-11T13:21:18+08:00 ] ::1 /amos/thinkphp323/static/backed/assets/plugins/font-awesome/css/font-awesome.min.css
ERR: 无法加载模块:Static

[ 2016-03-11T13:21:18+08:00 ] ::1 /amos/thinkphp323/static/backed/assets/plugins/simple-line-icons/simple-line-icons.min.css
ERR: 无法加载模块:Static

[ 2016-03-11T13:21:18+08:00 ] ::1 /amos/thinkphp323/static/backed/assets/plugins/bootstrap/css/bootstrap.min.css
ERR: 无法加载模块:Static

[ 2016-03-11T13:21:18+08:00 ] ::1 /amos/thinkphp323/static/backed/assets/plugins/uniform/css/uniform.default.css
ERR: 无法加载模块:Static

[ 2016-03-11T13:21:18+08:00 ] ::1 /amos/thinkphp323/static/backed/assets/plugins/bootstrap-switch/css/bootstrap-switch.min.css
ERR: 无法加载模块:Static

[ 2016-03-11T13:21:18+08:00 ] ::1 /amos/thinkphp323/static/backed/assets/plugins/bootstrap/js/bootstrap.min.js
ERR: 无法加载模块:Static

[ 2016-03-11T13:21:18+08:00 ] ::1 /amos/thinkphp323/static/backed/assets/plugins/jquery.min.js
ERR: 无法加载模块:Static

[ 2016-03-11T13:21:18+08:00 ] ::1 /amos/thinkphp323/static/backed/assets/plugins/bootstrap-hover-dropdown/bootstrap-hover-dropdown.min.js
ERR: 无法加载模块:Static

[ 2016-03-11T13:21:18+08:00 ] ::1 /amos/thinkphp323/static/backed/assets/plugins/jquery.blockui.min.js
ERR: 无法加载模块:Static

[ 2016-03-11T13:21:18+08:00 ] ::1 /amos/thinkphp323/static/backed/assets/plugins/jquery-slimscroll/jquery.slimscroll.min.js
ERR: 无法加载模块:Static

[ 2016-03-11T13:21:18+08:00 ] ::1 /amos/thinkphp323/static/backed/assets/plugins/js.cookie.min.js
ERR: 无法加载模块:Static

[ 2016-03-11T13:21:18+08:00 ] ::1 /amos/thinkphp323/static/backed/assets/plugins/uniform/jquery.uniform.min.js
ERR: 无法加载模块:Static

[ 2016-03-11T13:21:18+08:00 ] ::1 /amos/thinkphp323/static/backed/assets/plugins/bootstrap-switch/js/bootstrap-switch.min.js
ERR: 无法加载模块:Static

[ 2016-03-11T13:22:13+08:00 ] ::1 /amos/thinkphp323/static/backed/assets/plugins/bootstrap/css/bootstrap.min.css
ERR: 无法加载模块:Static

[ 2016-03-11T13:22:13+08:00 ] ::1 /amos/thinkphp323/static/backed/assets/plugins/bootstrap-switch/css/bootstrap-switch.min.css
ERR: 无法加载模块:Static

[ 2016-03-11T13:22:13+08:00 ] ::1 /amos/thinkphp323/static/backed/assets/plugins/uniform/css/uniform.default.css
ERR: 无法加载模块:Static

[ 2016-03-11T13:22:13+08:00 ] ::1 /amos/thinkphp323/static/backed/assets/plugins/simple-line-icons/simple-line-icons.min.css
ERR: 无法加载模块:Static

[ 2016-03-11T13:22:13+08:00 ] ::1 /amos/thinkphp323/static/backed/assets/plugins/jquery.min.js
ERR: 无法加载模块:Static

[ 2016-03-11T13:22:13+08:00 ] ::1 /amos/thinkphp323/static/backed/assets/plugins/bootstrap/js/bootstrap.min.js
ERR: 无法加载模块:Static

[ 2016-03-11T13:22:13+08:00 ] ::1 /amos/thinkphp323/static/backed/assets/plugins/js.cookie.min.js
ERR: 无法加载模块:Static

[ 2016-03-11T13:22:13+08:00 ] ::1 /amos/thinkphp323/static/backed/assets/plugins/bootstrap-hover-dropdown/bootstrap-hover-dropdown.min.js
ERR: 无法加载模块:Static

[ 2016-03-11T13:22:13+08:00 ] ::1 /amos/thinkphp323/static/backed/assets/plugins/jquery-slimscroll/jquery.slimscroll.min.js
ERR: 无法加载模块:Static

[ 2016-03-11T13:22:13+08:00 ] ::1 /amos/thinkphp323/static/backed/assets/plugins/uniform/jquery.uniform.min.js
ERR: 无法加载模块:Static

[ 2016-03-11T13:22:13+08:00 ] ::1 /amos/thinkphp323/static/backed/assets/plugins/bootstrap-switch/js/bootstrap-switch.min.js
ERR: 无法加载模块:Static

[ 2016-03-11T13:22:13+08:00 ] ::1 /amos/thinkphp323/static/backed/assets/plugins/jquery.blockui.min.js
ERR: 无法加载模块:Static

[ 2016-03-11T13:22:47+08:00 ] ::1 /amos/thinkphp323/static/backed/assets/plugins/jquery.min.js
ERR: 无法加载模块:Static

[ 2016-03-11T13:22:47+08:00 ] ::1 /amos/thinkphp323/static/backed/assets/plugins/bootstrap/js/bootstrap.min.js
ERR: 无法加载模块:Static

[ 2016-03-11T13:22:47+08:00 ] ::1 /amos/thinkphp323/static/backed/assets/plugins/js.cookie.min.js
ERR: 无法加载模块:Static

[ 2016-03-11T13:22:47+08:00 ] ::1 /amos/thinkphp323/static/backed/assets/plugins/bootstrap-hover-dropdown/bootstrap-hover-dropdown.min.js
ERR: 无法加载模块:Static

[ 2016-03-11T13:22:47+08:00 ] ::1 /amos/thinkphp323/static/backed/assets/plugins/jquery.blockui.min.js
ERR: 无法加载模块:Static

[ 2016-03-11T13:22:47+08:00 ] ::1 /amos/thinkphp323/static/backed/assets/plugins/uniform/jquery.uniform.min.js
ERR: 无法加载模块:Static

[ 2016-03-11T13:22:47+08:00 ] ::1 /amos/thinkphp323/static/backed/assets/plugins/bootstrap-switch/js/bootstrap-switch.min.js
ERR: 无法加载模块:Static

[ 2016-03-11T13:22:47+08:00 ] ::1 /amos/thinkphp323/static/backed/assets/plugins/jquery-slimscroll/jquery.slimscroll.min.js
ERR: 无法加载模块:Static

[ 2016-03-11T13:23:13+08:00 ] ::1 /amos/thinkphp323/static/backed/assets/plugins/jquery-slimscroll/jquery.slimscroll.min.js
ERR: 无法加载模块:Static

[ 2016-03-11T14:14:25+08:00 ] ::1 /amos/thinkphp323/static/backed/assets/scripts/app.min.js
ERR: 无法加载模块:Static

[ 2016-03-11T14:15:37+08:00 ] ::1 /amos/thinkphp323/static/backed/assets/layouts/layout3/img/logo-default.png
ERR: 无法加载模块:Static

[ 2016-03-11T14:19:06+08:00 ] ::1 /amos/thinkphp323/static/backed/assets/layouts/layout3/img/logo-default.jpg
ERR: 无法加载模块:Static

[ 2016-03-11T14:19:09+08:00 ] ::1 /amos/thinkphp323/static/backed/assets/layouts/layout3/img/logo-default.jpg
ERR: 无法加载模块:Static

[ 2016-03-11T21:32:39+08:00 ] ::1 /personal/thinkphp323/thinkphp323/admin
ERR: 无法加载模块:Admin

[ 2016-03-11T21:32:45+08:00 ] ::1 /personal/thinkphp323/thinkphp323/favicon.ico
ERR: 无法加载模块:Favicon

[ 2016-03-11T21:34:30+08:00 ] ::1 /personal/thinkphp323/favicon.ico
ERR: 无法加载模块:Favicon

[ 2016-03-11T21:35:26+08:00 ] ::1 /personal/thinkphp323/index.html
ERR: 无法加载模块:Index

