[ 2016-05-12T20:40:33+08:00 ] ::1 /personal/mysystem/favicon.ico
ERR: 无法加载模块:Favicon

[ 2016-05-12T20:40:42+08:00 ] ::1 /personal/mysystem/page_user_lock_1.html
ERR: 无法加载模块:Page_user_lock_1

[ 2016-05-12T20:41:41+08:00 ] ::1 /personal/mysystem/static/backed/assets/plugins/font-awesome/css/font-awesome.min.css
ERR: 无法加载模块:Static

[ 2016-05-12T20:41:41+08:00 ] ::1 /personal/mysystem/static/backed/assets/plugins/bootstrap/css/bootstrap.min.css
ERR: 无法加载模块:Static

[ 2016-05-12T20:41:41+08:00 ] ::1 /personal/mysystem/static/backed/assets/plugins/uniform/css/uniform.default.css
ERR: 无法加载模块:Static

[ 2016-05-12T20:41:41+08:00 ] ::1 /personal/mysystem/static/backed/assets/plugins/bootstrap-switch/css/bootstrap-switch.min.css
ERR: 无法加载模块:Static

[ 2016-05-12T20:41:41+08:00 ] ::1 /personal/mysystem/static/backed/assets/plugins/simple-line-icons/simple-line-icons.min.css
ERR: 无法加载模块:Static

[ 2016-05-12T20:41:41+08:00 ] ::1 /personal/mysystem/static/backed/assets/plugins/jquery.min.js
ERR: 无法加载模块:Static

[ 2016-05-12T20:41:41+08:00 ] ::1 /personal/mysystem/static/backed/assets/plugins/select2/css/select2.min.css
ERR: 无法加载模块:Static

Static

[ 2016-05-12T20:41:42+08:00 ] ::1 /personal/mysystem/static/backed/assets/plugins/jquery-slimscroll/jquery.slimscroll.min.js
ERR: 无法加载模块:Static

[ 2016-05-12T20:41:42+08:00 ] ::1 /personal/mysystem/static/backed/assets/plugins/js.cookie.min.js
ERR: 无法加载模块:Static

[ 2016-05-12T20:41:42+08:00 ] ::1 /personal/mysystem/static/backed/assets/plugins/bootstrap-hover-dropdown/bootstrap-hover-dropdown.min.js
ERR: 无法加载模块:Static

[ 2016-05-12T20:41:42+08:00 ] ::1 /personal/mysystem/static/backed/assets/plugins/jquery.blockui.min.js
ERR: 无法加载模块:Static

[ 2016-05-12T20:41:42+08:00 ] ::1 /personal/mysystem/static/backed/assets/plugins/uniform/jquery.uniform.min.js
ERR: 无法加载模块:Static

[ 2016-05-12T20:41:42+08:00 ] ::1 /personal/mysystem/static/backed/assets/plugins/bootstrap-switch/js/bootstrap-switch.min.js
ERR: 无法加载模块:Static

[ 2016-05-12T20:41:42+08:00 ] ::1 /personal/mysystem/static/backed/assets/plugins/jquery-validation/js/additional-methods.min.js
ERR: 无法加载模块:Static

[ 2016-05-12T20:41:42+08:00 ] ::1 /personal/mysystem/static/backed/assets/plugins/jquery-validation/js/jquery.validate.min.js
ERR: 无法加载模块:Static

[ 2016-05-12T20:41:42+08:00 ] ::1 /personal/mysystem/static/backed/assets/scripts/app.min.js
ERR: 无法加载模块:Static

[ 2016-05-12T20:41:42+08:00 ] ::1 /personal/mysystem/static/backed/assets/plugins/bootstrap/js/bootstrap.min.js
ERR: 无法加载模块:Static

[ 2016-05-12T20:41:42+08:00 ] ::1 /personal/mysystem/static/backed/assets/plugins/select2/js/select2.full.min.js
ERR: 无法加载模块:Static

[ 2016-05-12T20:41:53+08:00 ] ::1 /personal/mysystem/static/backed/assets/plugins/uniform/css/uniform.default.css
ERR: 无法加载模块:Static

[ 2016-05-12T20:41:53+08:00 ] ::1 /personal/mysystem/static/backed/assets/plugins/font-awesome/css/font-awesome.min.css
ERR: 无法加载模块:Static

[ 2016-05-12T20:41:53+08:00 ] ::1 /personal/mysystem/static/backed/assets/plugins/simple-line-icons/simple-line-icons.min.css
ERR: 无法加载模块:Static

[ 2016-05-12T20:41:53+08:00 ] ::1 /personal/mysystem/static/backed/assets/plugins/select2/css/select2.min.css
ERR: 无法加载模块:Static

[ 2016-05-12T20:41:53+08:00 ] ::1 /personal/mysystem/static/backed/assets/plugins/bootstrap/css/bootstrap.min.css
ERR: 无法加载模块:Static

[ 2016-05-12T20:41:53+08:00 ] ::1 /personal/mysystem/static/backed/assets/plugins/bootstrap-switch/css/bootstrap-switch.min.css
ERR: 无法加载模块:Static

[ 2016-05-12T20:41:53+08:00 ] ::1 /personal/mysystem/static/backed/assets/plugins/select2/css/select2-bootstrap.min.css
ERR: 无法加载模块:Static

[ 2016-05-12T20:41:57+08:00 ] ::1 /personal/mysystem/static/backed/assets/plugins/font-awesome/css/font-awesome.min.css
ERR: 无法加载模块:Static

[ 2016-05-12T20:41:57+08:00 ] ::1 /personal/mysystem/static/backed/assets/plugins/uniform/css/uniform.default.css
ERR: 无法加载模块:Static

[ 2016-05-12T20:41:57+08:00 ] ::1 /personal/mysystem/static/backed/assets/plugins/select2/css/select2-bootstrap.min.css
ERR: 无法加载模块:Static

[ 2016-05-12T20:41:57+08:00 ] ::1 /personal/mysystem/static/backed/assets/plugins/bootstrap-switch/css/bootstrap-switch.min.css
ERR: 无法加载模块:Static

[ 2016-05-12T20:41:57+08:00 ] ::1 /personal/mysystem/static/backed/assets/plugins/jquery.min.js
ERR: 无法加载模块:Static

[ 2016-05-12T20:41:57+08:00 ] ::1 /personal/mysystem/static/backed/assets/plugins/bootstrap/css/bootstrap.min.css
ERR: 无法加载模块:Static

[ 2016-05-12T20:41:57+08:00 ] ::1 /personal/mysystem/static/backed/assets/plugins/select2/css/select2.min.css
ERR: 无法加载模块:Static

[ 2016-05-12T20:41:57+08:00 ] ::1 /personal/mysystem/static/backed/assets/plugins/bootstrap/js/bootstrap.min.js
ERR: 无法加载模块:Static

[ 2016-05-12T20:41:57+08:00 ] ::1 /personal/mysystem/static/backed/assets/plugins/simple-line-icons/simple-line-icons.min.css
ERR: 无法加载模块:Static

[ 2016-05-12T20:41:57+08:00 ] ::1 /personal/mysystem/static/backed/assets/plugins/js.cookie.min.js
ERR: 无法加载模块:Static

[ 2016-05-12T20:41:57+08:00 ] ::1 /personal/mysystem/static/backed/assets/plugins/jquery-slimscroll/jquery.slimscroll.min.js
ERR: 无法加载模块:Static

[ 2016-05-12T20:41:57+08:00 ] ::1 /personal/mysystem/static/backed/assets/plugins/bootstrap-hover-dropdown/bootstrap-hover-dropdown.min.js
ERR: 无法加载模块:Static

[ 2016-05-12T20:41:57+08:00 ] ::1 /personal/mysystem/static/backed/assets/plugins/bootstrap-switch/js/bootstrap-switch.min.js
ERR: 无法加载模块:Static

[ 2016-05-12T20:41:57+08:00 ] ::1 /personal/mysystem/static/backed/assets/plugins/jquery-validation/js/jquery.validate.min.js
ERR: 无法加载模块:Static

[ 2016-05-12T20:41:57+08:00 ] ::1 /personal/mysystem/static/backed/assets/plugins/jquery-validation/js/additional-methods.min.js
ERR: 无法加载模块:Static

[ 2016-05-12T20:41:57+08:00 ] ::1 /personal/mysystem/static/backed/assets/plugins/select2/js/select2.full.min.js
ERR: 无法加载模块:Static

[ 2016-05-12T20:41:57+08:00 ] ::1 /personal/mysystem/static/backed/assets/scripts/app.min.js
ERR: 无法加载模块:Static

[ 2016-05-12T20:41:57+08:00 ] ::1 /personal/mysystem/static/backed/assets/plugins/uniform/jquery.uniform.min.js
ERR: 无法加载模块:Static

[ 2016-05-12T20:41:57+08:00 ] ::1 /personal/mysystem/static/backed/assets/plugins/jquery.blockui.min.js
ERR: 无法加载模块:Static

[ 2016-05-12T20:42:42+08:00 ] ::1 /personal/mysystem/static/backed/assets/global/plugins/datatables/pdfmake.min.js.map
ERR: 无法加载模块:Static

[ 2016-05-12T20:42:48+08:00 ] ::1 /personal/mysystem/static/backed/assets/global/plugins/datatables/pdfmake.min.js.map
ERR: 无法加载模块:Static

[ 2016-05-12T20:44:02+08:00 ] ::1 /personal/mysystem/static/backed/assets/plugins/select2/css/select2.min.css
ERR: 无法加载模块:Static

[ 2016-05-12T20:44:02+08:00 ] ::1 /personal/mysystem/static/backed/assets/plugins/simple-line-icons/simple-line-icons.min.css
ERR: 无法加载模块:Static

[ 2016-05-12T20:44:02+08:00 ] ::1 /personal/mysystem/static/backed/assets/plugins/uniform/css/uniform.default.css
ERR: 无法加载模块:Static

[ 2016-05-12T20:44:02+08:00 ] ::1 /personal/mysystem/static/backed/assets/plugins/bootstrap/css/bootstrap.min.css
ERR: 无法加载模块:Static

[ 2016-05-12T20:44:02+08:00 ] ::1 /personal/mysystem/static/backed/assets/plugins/js.cookie.min.js
ERR: 无法加载模块:Static

[ 2016-05-12T20:44:02+08:00 ] ::1 /personal/mysystem/static/backed/assets/plugins/bootstrap-switch/css/bootstrap-switch.min.css
ERR: 无法加载模块:Static

[ 2016-05-12T20:44:02+08:00 ] ::1 /personal/mysystem/static/backed/assets/plugins/jquery.min.js
ERR: 无法加载模块:Static

[ 2016-05-12T20:44:02+08:00 ] ::1 /personal/mysystem/static/backed/assets/plugins/jquery-slimscroll/jquery.slimscroll.min.js
ERR: 无法加载模块:Static

[ 2016-05-12T20:44:02+08:00 ] ::1 /personal/mysystem/static/backed/assets/plugins/uniform/jquery.uniform.min.js
ERR: 无法加载模块:Static

[ 2016-05-12T20:44:02+08:00 ] ::1 /personal/mysystem/static/backed/assets/plugins/bootstrap-switch/js/bootstrap-switch.min.js
ERR: 无法加载模块:Static

[ 2016-05-12T20:44:02+08:00 ] ::1 /personal/mysystem/static/backed/assets/plugins/bootstrap/js/bootstrap.min.js
ERR: 无法加载模块:Static

[ 2016-05-12T20:44:02+08:00 ] ::1 /personal/mysystem/static/backed/assets/plugins/jquery.blockui.min.js
ERR: 无法加载模块:Static

[ 2016-05-12T20:44:03+08:00 ] ::1 /personal/mysystem/static/backed/assets/plugins/jquery-validation/js/additional-methods.min.js
ERR: 无法加载模块:Static

[ 2016-05-12T20:44:03+08:00 ] ::1 /personal/mysystem/static/backed/assets/plugins/jquery-validation/js/jquery.validate.min.js
ERR: 无法加载模块:Static

[ 2016-05-12T20:44:03+08:00 ] ::1 /personal/mysystem/static/backed/assets/plugins/select2/js/select2.full.min.js
ERR: 无法加载模块:Static

[ 2016-05-12T20:44:03+08:00 ] ::1 /personal/mysystem/static/backed/assets/plugins/bootstrap-hover-dropdown/bootstrap-hover-dropdown.min.js
ERR: 无法加载模块:Static

[ 2016-05-12T20:44:03+08:00 ] ::1 /personal/mysystem/static/backed/assets/plugins/select2/css/select2-bootstrap.min.css
ERR: 无法加载模块:Static

[ 2016-05-12T20:44:03+08:00 ] ::1 /personal/mysystem/static/backed/assets/scripts/app.min.js
ERR: 无法加载模块:Static

[ 2016-05-12T20:44:44+08:00 ] ::1 /personal/mysystem/static/backed/assets/plugins/select2/css/select2-bootstrap.min.css
ERR: 无法加载模块:Static

[ 2016-05-12T20:44:44+08:00 ] ::1 /personal/mysystem/static/backed/assets/plugins/jquery-slimscroll/jquery.slimscroll.min.js
ERR: 无法加载模块:Static

[ 2016-05-12T20:44:44+08:00 ] ::1 /personal/mysystem/static/backed/assets/plugins/bootstrap/js/bootstrap.min.js
ERR: 无法加载模块:Static

[ 2016-05-12T20:44:44+08:00 ] ::1 /personal/mysystem/static/backed/assets/plugins/jquery.min.js
ERR: 无法加载模块:Static

[ 2016-05-12T20:44:44+08:00 ] ::1 /personal/mysystem/static/backed/assets/plugins/select2/css/select2.min.css
ERR: 无法加载模块:Static

[ 2016-05-12T20:44:44+08:00 ] ::1 /personal/mysystem/static/backed/assets/plugins/bootstrap-hover-dropdown/bootstrap-hover-dropdown.min.js
ERR: 无法加载模块:Static

[ 2016-05-12T20:44:44+08:00 ] ::1 /personal/mysystem/static/backed/assets/plugins/jquery.blockui.min.js
ERR: 无法加载模块:Static

[ 2016-05-12T20:44:44+08:00 ] ::1 /personal/mysystem/static/backed/assets/plugins/js.cookie.min.js
ERR: 无法加载模块:Static

[ 2016-05-12T20:44:44+08:00 ] ::1 /personal/mysystem/static/backed/assets/plugins/uniform/jquery.uniform.min.js
ERR: 无法加载模块:Static

[ 2016-05-12T20:44:44+08:00 ] ::1 /personal/mysystem/static/backed/assets/plugins/bootstrap-switch/js/bootstrap-switch.min.js
ERR: 无法加载模块:Static

[ 2016-05-12T20:44:44+08:00 ] ::1 /personal/mysystem/static/backed/assets/plugins/select2/js/select2.full.min.js
ERR: 无法加载模块:Static

[ 2016-05-12T20:44:44+08:00 ] ::1 /personal/mysystem/static/backed/assets/plugins/jquery-validation/js/additional-methods.min.js
ERR: 无法加载模块:Static

[ 2016-05-12T20:44:44+08:00 ] ::1 /personal/mysystem/static/backed/assets/scripts/app.min.js
ERR: 无法加载模块:Static

[ 2016-05-12T20:44:44+08:00 ] ::1 /personal/mysystem/static/backed/assets/plugins/jquery-validation/js/jquery.validate.min.js
ERR: 无法加载模块:Static

[ 2016-05-12T20:45:07+08:00 ] ::1 /personal/mysystem/static/backed/assets/plugins/js.cookie.min.js
ERR: 无法加载模块:Static

[ 2016-05-12T20:45:07+08:00 ] ::1 /personal/mysystem/static/backed/assets/plugins/jquery.min.js
ERR: 无法加载模块:Static

[ 2016-05-12T20:45:07+08:00 ] ::1 /personal/mysystem/static/backed/assets/plugins/bootstrap/js/bootstrap.min.js
ERR: 无法加载模块:Static

[ 2016-05-12T20:45:07+08:00 ] ::1 /personal/mysystem/static/backed/assets/plugins/bootstrap-hover-dropdown/bootstrap-hover-dropdown.min.js
ERR: 无法加载模块:Static

[ 2016-05-12T20:45:07+08:00 ] ::1 /personal/mysystem/static/backed/assets/plugins/jquery-slimscroll/jquery.slimscroll.min.js
ERR: 无法加载模块:Static

[ 2016-05-12T20:45:07+08:00 ] ::1 /personal/mysystem/static/backed/assets/plugins/jquery-validation/js/additional-methods.min.js
ERR: 无法加载模块:Static

[ 2016-05-12T20:45:07+08:00 ] ::1 /personal/mysystem/static/backed/assets/plugins/select2/js/select2.full.min.js
ERR: 无法加载模块:Static

[ 2016-05-12T20:45:07+08:00 ] ::1 /personal/mysystem/static/backed/assets/plugins/jquery-validation/js/jquery.validate.min.js
ERR: 无法加载模块:Static

[ 2016-05-12T20:45:07+08:00 ] ::1 /personal/mysystem/static/backed/assets/plugins/jquery.blockui.min.js
ERR: 无法加载模块:Static

[ 2016-05-12T20:45:08+08:00 ] ::1 /personal/mysystem/static/backed/assets/scripts/app.min.js
ERR: 无法加载模块:Static

[ 2016-05-12T20:45:08+08:00 ] ::1 /personal/mysystem/static/backed/assets/plugins/bootstrap-switch/js/bootstrap-switch.min.js
ERR: 无法加载模块:Static

[ 2016-05-12T20:45:08+08:00 ] ::1 /personal/mysystem/static/backed/assets/plugins/uniform/jquery.uniform.min.js
ERR: 无法加载模块:Static

[ 2016-05-12T20:45:32+08:00 ] ::1 /personal/mysystem/static/backed/assets/plugins/uniform/jquery.uniform.min.js
ERR: 无法加载模块:Static

[ 2016-05-12T20:45:32+08:00 ] ::1 /personal/mysystem/static/backed/assets/plugins/jquery-slimscroll/jquery.slimscroll.min.js
ERR: 无法加载模块:Static

[ 2016-05-12T20:45:32+08:00 ] ::1 /personal/mysystem/static/backed/assets/plugins/jquery-validation/js/jquery.validate.min.js
ERR: 无法加载模块:Static

[ 2016-05-12T20:45:32+08:00 ] ::1 /personal/mysystem/static/backed/assets/plugins/jquery-validation/js/additional-methods.min.js
ERR: 无法加载模块:Static

[ 2016-05-12T20:45:32+08:00 ] ::1 /personal/mysystem/static/backed/assets/scripts/app.min.js
ERR: 无法加载模块:Static

[ 2016-05-12T20:45:32+08:00 ] ::1 /personal/mysystem/static/backed/assets/plugins/jquery.blockui.min.js
ERR: 无法加载模块:Static

[ 2016-05-12T20:45:32+08:00 ] ::1 /personal/mysystem/static/backed/assets/plugins/select2/js/select2.full.min.js
ERR: 无法加载模块:Static

[ 2016-05-12T20:45:32+08:00 ] ::1 /personal/mysystem/static/backed/assets/plugins/bootstrap-switch/js/bootstrap-switch.min.js
ERR: 无法加载模块:Static

[ 2016-05-12T20:46:00+08:00 ] ::1 /personal/mysystem/static/backed/assets/scripts/app.min.js
ERR: 无法加载模块:Static

[ 2016-05-12T20:46:00+08:00 ] ::1 /personal/mysystem/static/backed/assets/plugins/uniform/jquery.uniform.min.js
ERR: 无法加载模块:Static

[ 2016-05-12T20:46:21+08:00 ] ::1 /personal/mysystem/static/backed/assets/plugins/uniform/jquery.uniform.min.js
ERR: 无法加载模块:Static

[ 2016-05-12T20:48:04+08:00 ] ::1 /personal/mysystem/static/backed/assets/global/plugins/datatables/pdfmake.min.js.map
ERR: 无法加载模块:Static

[ 2016-05-12T21:14:06+08:00 ] ::1 /personal/mysystem/static/backed/assets/global/plugins/datatables/pdfmake.min.js.map
ERR: 无法加载模块:Static

[ 2016-05-12T21:24:27+08:00 ] ::1 /personal/mysystem/static/backed/assets/global/plugins/datatables/pdfmake.min.js.map
ERR: 无法加载模块:Static

[ 2016-05-12T21:25:19+08:00 ] ::1 /personal/mysystem/static/backed/assets/global/plugins/datatables/pdfmake.min.js.map
ERR: 无法加载模块:Static

[ 2016-05-12T21:46:13+08:00 ] ::1 /personal/mysystem/static/backed/assets/global/plugins/datatables/pdfmake.min.js.map
ERR: 无法加载模块:Static

[ 2016-05-12T21:50:43+08:00 ] ::1 /personal/mysystem/static/backed/assets/global/plugins/datatables/pdfmake.min.js.map
ERR: 无法加载模块:Static

[ 2016-05-12T22:29:13+08:00 ] ::1 /personal/mysystem/static/backed/assets/global/plugins/datatables/pdfmake.min.js.map
ERR: 无法加载模块:Static

[ 2016-05-12T22:31:45+08:00 ] ::1 /personal/mysystem/static/backed/assets/global/plugins/datatables/pdfmake.min.js.map
ERR: 无法加载模块:Static

[ 2016-05-12T22:31:56+08:00 ] ::1 /personal/mysystem/static/backed/assets/global/plugins/datatables/pdfmake.min.js.map
ERR: 无法加载模块:Static

[ 2016-05-12T22:31:59+08:00 ] ::1 /personal/mysystem/static/backed/assets/global/plugins/datatables/pdfmake.min.js.map
ERR: 无法加载模块:Static

[ 2016-05-12T22:32:54+08:00 ] ::1 /personal/mysystem/static/backed/assets/global/plugins/datatables/pdfmake.min.js.map
ERR: 无法加载模块:Static

