[ 2016-06-05T10:28:23+08:00 ] ::1 /personal/mysystem/static/backed/assets/global/plugins/datatables/pdfmake.min.js.map
INFO: [ app_init ] --START--
INFO: Run Behavior\BuildLiteBehavior [ RunTime:0.000040s ]
INFO: [ app_init ] --END-- [ RunTime:0.001534s ]
ERR: 无法加载模块:Static

[ 2016-06-05T10:28:23+08:00 ] ::1 /personal/mysystem/static/lib/lib/FaustCplus/FaustCplus.swf?v=20140417
INFO: [ app_init ] --START--
INFO: Run Behavior\BuildLiteBehavior [ RunTime:0.000046s ]
INFO: [ app_init ] --END-- [ RunTime:0.001953s ]
ERR: 无法加载模块:Static

[ 2016-06-05T10:28:37+08:00 ] ::1 /personal/mysystem/static/backed/assets/global/plugins/datatables/pdfmake.min.js.map
INFO: [ app_init ] --START--
INFO: Run Behavior\BuildLiteBehavior [ RunTime:0.000041s ]
INFO: [ app_init ] --END-- [ RunTime:0.002054s ]
ERR: 无法加载模块:Static

[ 2016-06-05T10:30:08+08:00 ] ::1 /personal/mysystem/static/backed/assets/global/plugins/datatables/pdfmake.min.js.map
INFO: [ app_init ] --START--
INFO: Run Behavior\BuildLiteBehavior [ RunTime:0.000048s ]
INFO: [ app_init ] --END-- [ RunTime:0.002472s ]
ERR: 无法加载模块:Static

[ 2016-06-05T10:57:27+08:00 ] ::1 /personal/mysystem/static/backed/assets/global/plugins/datatables/pdfmake.min.js.map
INFO: [ app_init ] --START--
INFO: Run Behavior\BuildLiteBehavior [ RunTime:0.000037s ]
INFO: [ app_init ] --END-- [ RunTime:0.002248s ]
ERR: 无法加载模块:Static

[ 2016-06-05T10:57:39+08:00 ] ::1 /personal/mysystem/static/backed/assets/global/plugins/datatables/pdfmake.min.js.map
INFO: [ app_init ] --START--
INFO: Run Behavior\BuildLiteBehavior [ RunTime:0.000034s ]
INFO: [ app_init ] --END-- [ RunTime:0.002759s ]
ERR: 无法加载模块:Static

[ 2016-06-05T10:59:35+08:00 ] ::1 /personal/mysystem/static/backed/assets/global/plugins/datatables/pdfmake.min.js.map
INFO: [ app_init ] --START--
INFO: Run Behavior\BuildLiteBehavior [ RunTime:0.000084s ]
INFO: [ app_init ] --END-- [ RunTime:0.001752s ]
ERR: 无法加载模块:Static

[ 2016-06-05T11:10:24+08:00 ] ::1 /personal/mysystem/static/backed/assets/global/plugins/datatables/pdfmake.min.js.map
INFO: [ app_init ] --START--
INFO: Run Behavior\BuildLiteBehavior [ RunTime:0.000052s ]
INFO: [ app_init ] --END-- [ RunTime:0.001788s ]
ERR: 无法加载模块:Static

[ 2016-06-05T11:12:22+08:00 ] ::1 /personal/mysystem/static/backed/assets/global/plugins/datatables/pdfmake.min.js.map
INFO: [ app_init ] --START--
INFO: Run Behavior\BuildLiteBehavior [ RunTime:0.000033s ]
INFO: [ app_init ] --END-- [ RunTime:0.001217s ]
ERR: 无法加载模块:Static

[ 2016-06-05T11:12:40+08:00 ] ::1 /personal/mysystem/static/backed/assets/global/plugins/datatables/pdfmake.min.js.map
INFO: [ app_init ] --START--
INFO: Run Behavior\BuildLiteBehavior [ RunTime:0.000071s ]
INFO: [ app_init ] --END-- [ RunTime:0.001763s ]
ERR: 无法加载模块:Static

[ 2016-06-05T11:17:20+08:00 ] ::1 /personal/mysystem/static/backed/assets/global/plugins/datatables/pdfmake.min.js.map
INFO: [ app_init ] --START--
INFO: Run Behavior\BuildLiteBehavior [ RunTime:0.000035s ]
INFO: [ app_init ] --END-- [ RunTime:0.001528s ]
ERR: 无法加载模块:Static

[ 2016-06-05T11:17:31+08:00 ] ::1 /personal/mysystem/static/backed/assets/global/plugins/datatables/pdfmake.min.js.map
INFO: [ app_init ] --START--
INFO: Run Behavior\BuildLiteBehavior [ RunTime:0.000030s ]
INFO: [ app_init ] --END-- [ RunTime:0.001428s ]
ERR: 无法加载模块:Static

[ 2016-06-05T11:18:01+08:00 ] ::1 /personal/mysystem/static/backed/assets/global/plugins/datatables/pdfmake.min.js.map
INFO: [ app_init ] --START--
INFO: Run Behavior\BuildLiteBehavior [ RunTime:0.000045s ]
INFO: [ app_init ] --END-- [ RunTime:0.001666s ]
ERR: 无法加载模块:Static

[ 2016-06-05T11:18:35+08:00 ] ::1 /personal/mysystem/static/backed/assets/global/plugins/datatables/pdfmake.min.js.map
INFO: [ app_init ] --START--
INFO: Run Behavior\BuildLiteBehavior [ RunTime:0.000037s ]
INFO: [ app_init ] --END-- [ RunTime:0.001388s ]
ERR: 无法加载模块:Static

[ 2016-06-05T11:18:38+08:00 ] ::1 /personal/mysystem/static/backed/assets/global/plugins/datatables/pdfmake.min.js.map
INFO: [ app_init ] --START--
INFO: Run Behavior\BuildLiteBehavior [ RunTime:0.000031s ]
INFO: [ app_init ] --END-- [ RunTime:0.001353s ]
ERR: 无法加载模块:Static

[ 2016-06-05T11:18:50+08:00 ] ::1 /personal/mysystem/static/backed/assets/global/plugins/datatables/pdfmake.min.js.map
INFO: [ app_init ] --START--
INFO: Run Behavior\BuildLiteBehavior [ RunTime:0.000035s ]
INFO: [ app_init ] --END-- [ RunTime:0.001286s ]
ERR: 无法加载模块:Static

[ 2016-06-05T11:20:22+08:00 ] ::1 /personal/mysystem/static/backed/assets/global/plugins/datatables/pdfmake.min.js.map
INFO: [ app_init ] --START--
INFO: Run Behavior\BuildLiteBehavior [ RunTime:0.000038s ]
INFO: [ app_init ] --END-- [ RunTime:0.001614s ]
ERR: 无法加载模块:Static

[ 2016-06-05T11:21:15+08:00 ] ::1 /personal/mysystem/static/backed/assets/global/plugins/datatables/pdfmake.min.js.map
INFO: [ app_init ] --START--
INFO: Run Behavior\BuildLiteBehavior [ RunTime:0.000033s ]
INFO: [ app_init ] --END-- [ RunTime:0.002067s ]
ERR: 无法加载模块:Static

[ 2016-06-05T11:22:00+08:00 ] ::1 /personal/mysystem/static/backed/assets/global/plugins/datatables/pdfmake.min.js.map
INFO: [ app_init ] --START--
INFO: Run Behavior\BuildLiteBehavior [ RunTime:0.000033s ]
INFO: [ app_init ] --END-- [ RunTime:0.002130s ]
ERR: 无法加载模块:Static

[ 2016-06-05T11:22:31+08:00 ] ::1 /personal/mysystem/static/backed/assets/global/plugins/datatables/pdfmake.min.js.map
INFO: [ app_init ] --START--
INFO: Run Behavior\BuildLiteBehavior [ RunTime:0.000037s ]
INFO: [ app_init ] --END-- [ RunTime:0.001632s ]
ERR: 无法加载模块:Static

[ 2016-06-05T11:23:11+08:00 ] ::1 /personal/mysystem/upload/avatar/2016/06/05/kunlun_big.jpg
INFO: [ app_init ] --START--
INFO: Run Behavior\BuildLiteBehavior [ RunTime:0.000039s ]
INFO: [ app_init ] --END-- [ RunTime:0.001799s ]
ERR: 无法加载模块:Upload

[ 2016-06-05T11:23:12+08:00 ] ::1 /personal/mysystem/static/backed/assets/global/plugins/datatables/pdfmake.min.js.map
INFO: [ app_init ] --START--
INFO: Run Behavior\BuildLiteBehavior [ RunTime:0.000021s ]
INFO: [ app_init ] --END-- [ RunTime:0.000908s ]
ERR: 无法加载模块:Static

[ 2016-06-05T11:23:51+08:00 ] ::1 /personal/mysystem/static/backed/assets/global/plugins/datatables/pdfmake.min.js.map
INFO: [ app_init ] --START--
INFO: Run Behavior\BuildLiteBehavior [ RunTime:0.000041s ]
INFO: [ app_init ] --END-- [ RunTime:0.003276s ]
ERR: 无法加载模块:Static

[ 2016-06-05T11:24:13+08:00 ] ::1 /personal/mysystem/static/backed/assets/global/plugins/datatables/pdfmake.min.js.map
INFO: [ app_init ] --START--
INFO: Run Behavior\BuildLiteBehavior [ RunTime:0.000047s ]
INFO: [ app_init ] --END-- [ RunTime:0.002747s ]
ERR: 无法加载模块:Static

[ 2016-06-05T11:24:18+08:00 ] ::1 /personal/mysystem/static/backed/assets/global/plugins/datatables/pdfmake.min.js.map
INFO: [ app_init ] --START--
INFO: Run Behavior\BuildLiteBehavior [ RunTime:0.000034s ]
INFO: [ app_init ] --END-- [ RunTime:0.001332s ]
ERR: 无法加载模块:Static

[ 2016-06-05T11:24:34+08:00 ] ::1 /personal/mysystem/static/backed/assets/global/plugins/datatables/pdfmake.min.js.map
INFO: [ app_init ] --START--
INFO: Run Behavior\BuildLiteBehavior [ RunTime:0.000050s ]
INFO: [ app_init ] --END-- [ RunTime:0.001319s ]
ERR: 无法加载模块:Static

[ 2016-06-05T11:24:38+08:00 ] ::1 /personal/mysystem/static/backed/assets/global/plugins/datatables/pdfmake.min.js.map
INFO: [ app_init ] --START--
INFO: Run Behavior\BuildLiteBehavior [ RunTime:0.000034s ]
INFO: [ app_init ] --END-- [ RunTime:0.016016s ]
ERR: 无法加载模块:Static

[ 2016-06-05T11:24:44+08:00 ] ::1 /personal/mysystem/static/backed/assets/global/plugins/datatables/pdfmake.min.js.map
INFO: [ app_init ] --START--
INFO: Run Behavior\BuildLiteBehavior [ RunTime:0.000039s ]
INFO: [ app_init ] --END-- [ RunTime:0.001535s ]
ERR: 无法加载模块:Static

[ 2016-06-05T11:29:03+08:00 ] ::1 /personal/mysystem/static/backed/assets/global/plugins/datatables/pdfmake.min.js.map
INFO: [ app_init ] --START--
INFO: Run Behavior\BuildLiteBehavior [ RunTime:0.000041s ]
INFO: [ app_init ] --END-- [ RunTime:0.001756s ]
ERR: 无法加载模块:Static

[ 2016-06-05T11:29:31+08:00 ] ::1 /personal/mysystem/static/backed/assets/global/plugins/datatables/pdfmake.min.js.map
INFO: [ app_init ] --START--
INFO: Run Behavior\BuildLiteBehavior [ RunTime:0.000031s ]
INFO: [ app_init ] --END-- [ RunTime:0.001529s ]
ERR: 无法加载模块:Static

[ 2016-06-05T11:30:58+08:00 ] ::1 /personal/mysystem/static/backed/assets/global/plugins/datatables/pdfmake.min.js.map
INFO: [ app_init ] --START--
INFO: Run Behavior\BuildLiteBehavior [ RunTime:0.000033s ]
INFO: [ app_init ] --END-- [ RunTime:0.002495s ]
ERR: 无法加载模块:Static

[ 2016-06-05T11:30:58+08:00 ] ::1 /personal/mysystem/avatar/2016/06/05/kunlun_big.png?1465097458039
INFO: [ app_init ] --START--
INFO: Run Behavior\BuildLiteBehavior [ RunTime:0.000024s ]
INFO: [ app_init ] --END-- [ RunTime:0.001088s ]
ERR: 无法加载模块:Avatar

[ 2016-06-05T11:32:25+08:00 ] ::1 /personal/mysystem/static/backed/assets/global/plugins/datatables/pdfmake.min.js.map
INFO: [ app_init ] --START--
INFO: Run Behavior\BuildLiteBehavior [ RunTime:0.000032s ]
INFO: [ app_init ] --END-- [ RunTime:0.001438s ]
ERR: 无法加载模块:Static

[ 2016-06-05T11:33:26+08:00 ] ::1 /personal/mysystem/static/backed/assets/global/plugins/datatables/pdfmake.min.js.map
INFO: [ app_init ] --START--
INFO: Run Behavior\BuildLiteBehavior [ RunTime:0.000036s ]
INFO: [ app_init ] --END-- [ RunTime:0.001697s ]
ERR: 无法加载模块:Static

[ 2016-06-05T11:33:38+08:00 ] ::1 /personal/mysystem/static/backed/assets/global/plugins/datatables/pdfmake.min.js.map
INFO: [ app_init ] --START--
INFO: Run Behavior\BuildLiteBehavior [ RunTime:0.000034s ]
INFO: [ app_init ] --END-- [ RunTime:0.002038s ]
ERR: 无法加载模块:Static

[ 2016-06-05T11:33:38+08:00 ] ::1 /personal/mysystem/upload/avatar/2016/06/05/kunlun_b1ig.png?1465097617889
INFO: [ app_init ] --START--
INFO: Run Behavior\BuildLiteBehavior [ RunTime:0.000034s ]
INFO: [ app_init ] --END-- [ RunTime:0.001159s ]
ERR: 无法加载模块:Upload

[ 2016-06-05T11:34:07+08:00 ] ::1 /personal/mysystem/static/backed/assets/global/plugins/datatables/pdfmake.min.js.map
INFO: [ app_init ] --START--
INFO: Run Behavior\BuildLiteBehavior [ RunTime:0.000036s ]
INFO: [ app_init ] --END-- [ RunTime:0.002242s ]
ERR: 无法加载模块:Static

[ 2016-06-05T11:38:37+08:00 ] ::1 /personal/mysystem/static/backed/assets/global/plugins/datatables/pdfmake.min.js.map
INFO: [ app_init ] --START--
INFO: Run Behavior\BuildLiteBehavior [ RunTime:0.000033s ]
INFO: [ app_init ] --END-- [ RunTime:0.001473s ]
ERR: 无法加载模块:Static

[ 2016-06-05T11:38:47+08:00 ] ::1 /personal/mysystem/static/backed/assets/global/plugins/datatables/pdfmake.min.js.map
INFO: [ app_init ] --START--
INFO: Run Behavior\BuildLiteBehavior [ RunTime:0.000036s ]
INFO: [ app_init ] --END-- [ RunTime:0.001460s ]
ERR: 无法加载模块:Static

[ 2016-06-05T11:39:04+08:00 ] ::1 /personal/mysystem/static/backed/assets/global/plugins/datatables/pdfmake.min.js.map
INFO: [ app_init ] --START--
INFO: Run Behavior\BuildLiteBehavior [ RunTime:0.000036s ]
INFO: [ app_init ] --END-- [ RunTime:0.002711s ]
ERR: 无法加载模块:Static

[ 2016-06-05T11:39:26+08:00 ] ::1 /personal/mysystem/static/backed/assets/global/plugins/datatables/pdfmake.min.js.map
INFO: [ app_init ] --START--
INFO: Run Behavior\BuildLiteBehavior [ RunTime:0.000037s ]
INFO: [ app_init ] --END-- [ RunTime:0.001432s ]
ERR: 无法加载模块:Static

[ 2016-06-05T11:39:31+08:00 ] ::1 /personal/mysystem/static/backed/assets/global/plugins/datatables/pdfmake.min.js.map
INFO: [ app_init ] --START--
INFO: Run Behavior\BuildLiteBehavior [ RunTime:0.000031s ]
INFO: [ app_init ] --END-- [ RunTime:0.001025s ]
ERR: 无法加载模块:Static

[ 2016-06-05T11:40:12+08:00 ] ::1 /personal/mysystem/static/backed/assets/global/plugins/datatables/pdfmake.min.js.map
INFO: [ app_init ] --START--
INFO: Run Behavior\BuildLiteBehavior [ RunTime:0.000028s ]
INFO: [ app_init ] --END-- [ RunTime:0.001058s ]
ERR: 无法加载模块:Static

[ 2016-06-05T11:40:20+08:00 ] ::1 /personal/mysystem/static/backed/assets/global/plugins/datatables/pdfmake.min.js.map
INFO: [ app_init ] --START--
INFO: Run Behavior\BuildLiteBehavior [ RunTime:0.000039s ]
INFO: [ app_init ] --END-- [ RunTime:0.001562s ]
ERR: 无法加载模块:Static

[ 2016-06-05T11:40:23+08:00 ] ::1 /personal/mysystem/static/backed/assets/global/plugins/datatables/pdfmake.min.js.map
INFO: [ app_init ] --START--
INFO: Run Behavior\BuildLiteBehavior [ RunTime:0.000027s ]
INFO: [ app_init ] --END-- [ RunTime:0.001050s ]
ERR: 无法加载模块:Static

[ 2016-06-05T11:51:47+08:00 ] ::1 /personal/mysystem/static/backed/assets/global/plugins/datatables/pdfmake.min.js.map
INFO: [ app_init ] --START--
INFO: Run Behavior\BuildLiteBehavior [ RunTime:0.000040s ]
INFO: [ app_init ] --END-- [ RunTime:0.001663s ]
ERR: 无法加载模块:Static

[ 2016-06-05T11:51:51+08:00 ] ::1 /personal/mysystem/static/backed/assets/global/plugins/datatables/pdfmake.min.js.map
INFO: [ app_init ] --START--
INFO: Run Behavior\BuildLiteBehavior [ RunTime:0.000038s ]
INFO: [ app_init ] --END-- [ RunTime:0.001688s ]
ERR: 无法加载模块:Static

[ 2016-06-05T11:51:54+08:00 ] ::1 /personal/mysystem/static/backed/assets/global/plugins/datatables/pdfmake.min.js.map
INFO: [ app_init ] --START--
INFO: Run Behavior\BuildLiteBehavior [ RunTime:0.000106s ]
INFO: [ app_init ] --END-- [ RunTime:0.001700s ]
ERR: 无法加载模块:Static

[ 2016-06-05T11:52:07+08:00 ] ::1 /personal/mysystem/static/backed/assets/global/plugins/datatables/pdfmake.min.js.map
ERR: 无法加载模块:Static

[ 2016-06-05T11:52:15+08:00 ] ::1 /personal/mysystem/static/backed/assets/global/plugins/datatables/pdfmake.min.js.map
ERR: 无法加载模块:Static

[ 2016-06-05T11:52:21+08:00 ] ::1 /personal/mysystem/static/backed/assets/global/plugins/datatables/pdfmake.min.js.map
ERR: 无法加载模块:Static

[ 2016-06-05T12:42:15+08:00 ] ::1 /personal/mysystem/favicon.ico
ERR: 无法加载模块:Favicon

[ 2016-06-05T12:44:20+08:00 ] ::1 /personal/mysystem/static/backed/assets/global/plugins/datatables/pdfmake.min.js.map
ERR: 无法加载模块:Static

[ 2016-06-05T12:44:54+08:00 ] ::1 /personal/mysystem/static/backed/assets/global/plugins/datatables/pdfmake.min.js.map
ERR: 无法加载模块:Static

[ 2016-06-05T12:45:13+08:00 ] ::1 /personal/mysystem/static/backed/assets/global/plugins/datatables/pdfmake.min.js.map
ERR: 无法加载模块:Static

[ 2016-06-05T12:46:02+08:00 ] ::1 /personal/mysystem/static/backed/assets/global/plugins/datatables/pdfmake.min.js.map
ERR: 无法加载模块:Static

[ 2016-06-05T12:46:15+08:00 ] ::1 /personal/mysystem/static/backed/assets/global/plugins/datatables/pdfmake.min.js.map
ERR: 无法加载模块:Static

[ 2016-06-05T12:46:47+08:00 ] ::1 /personal/mysystem/static/backed/assets/global/plugins/datatables/pdfmake.min.js.map
ERR: 无法加载模块:Static

[ 2016-06-05T12:46:56+08:00 ] ::1 /personal/mysystem/static/backed/kunlun
ERR: 无法加载模块:Static

[ 2016-06-05T12:46:57+08:00 ] ::1 /personal/mysystem/static/backed/assets/global/plugins/datatables/pdfmake.min.js.map
ERR: 无法加载模块:Static

[ 2016-06-05T12:47:22+08:00 ] ::1 /personal/mysystem/static/backed/upload/avatar/2016/06/05/kunlun_big.png
INFO: [ app_init ] --START--
INFO: Run Behavior\BuildLiteBehavior [ RunTime:0.000033s ]
INFO: [ app_init ] --END-- [ RunTime:0.001265s ]
ERR: 无法加载模块:Static

[ 2016-06-05T12:47:24+08:00 ] ::1 /personal/mysystem/static/backed/assets/global/plugins/datatables/pdfmake.min.js.map
INFO: [ app_init ] --START--
INFO: Run Behavior\BuildLiteBehavior [ RunTime:0.000029s ]
INFO: [ app_init ] --END-- [ RunTime:0.001160s ]
ERR: 无法加载模块:Static

[ 2016-06-05T12:47:51+08:00 ] ::1 /personal/mysystem/static/backed/assets/global/plugins/datatables/pdfmake.min.js.map
INFO: [ app_init ] --START--
INFO: Run Behavior\BuildLiteBehavior [ RunTime:0.000022s ]
INFO: [ app_init ] --END-- [ RunTime:0.001070s ]
ERR: 无法加载模块:Static

[ 2016-06-05T12:47:56+08:00 ] ::1 /personal/mysystem/static/backed/assets/global/plugins/datatables/pdfmake.min.js.map
INFO: [ app_init ] --START--
INFO: Run Behavior\BuildLiteBehavior [ RunTime:0.000026s ]
INFO: [ app_init ] --END-- [ RunTime:0.000930s ]
ERR: 无法加载模块:Static

[ 2016-06-05T12:48:40+08:00 ] ::1 /personal/mysystem/static/images/.profile_user.jpg
INFO: [ app_init ] --START--
INFO: Run Behavior\BuildLiteBehavior [ RunTime:0.000037s ]
INFO: [ app_init ] --END-- [ RunTime:0.001298s ]
ERR: 无法加载模块:Static

[ 2016-06-05T12:48:40+08:00 ] ::1 /personal/mysystem/static/backed/assets/global/plugins/datatables/pdfmake.min.js.map
INFO: [ app_init ] --START--
INFO: Run Behavior\BuildLiteBehavior [ RunTime:0.000039s ]
INFO: [ app_init ] --END-- [ RunTime:0.001576s ]
ERR: 无法加载模块:Static

[ 2016-06-05T12:49:04+08:00 ] ::1 /personal/mysystem/static/backed/assets/global/plugins/datatables/pdfmake.min.js.map
INFO: [ app_init ] --START--
INFO: Run Behavior\BuildLiteBehavior [ RunTime:0.000037s ]
INFO: [ app_init ] --END-- [ RunTime:0.001724s ]
ERR: 无法加载模块:Static

[ 2016-06-05T12:49:07+08:00 ] ::1 /personal/mysystem/upload/kunlun_big.png
INFO: [ app_init ] --START--
INFO: Run Behavior\BuildLiteBehavior [ RunTime:0.000035s ]
INFO: [ app_init ] --END-- [ RunTime:0.001420s ]
ERR: 无法加载模块:Upload

[ 2016-06-05T12:49:07+08:00 ] ::1 /personal/mysystem/static/backed/assets/global/plugins/datatables/pdfmake.min.js.map
INFO: [ app_init ] --START--
INFO: Run Behavior\BuildLiteBehavior [ RunTime:0.000022s ]
INFO: [ app_init ] --END-- [ RunTime:0.000910s ]
ERR: 无法加载模块:Static

[ 2016-06-05T12:50:11+08:00 ] ::1 /personal/mysystem/upload/kunlun_big.png
INFO: [ app_init ] --START--
INFO: Run Behavior\BuildLiteBehavior [ RunTime:0.000033s ]
INFO: [ app_init ] --END-- [ RunTime:0.001278s ]
ERR: 无法加载模块:Upload

[ 2016-06-05T12:50:12+08:00 ] ::1 /personal/mysystem/static/backed/assets/global/plugins/datatables/pdfmake.min.js.map
INFO: [ app_init ] --START--
INFO: Run Behavior\BuildLiteBehavior [ RunTime:0.000035s ]
INFO: [ app_init ] --END-- [ RunTime:0.000925s ]
ERR: 无法加载模块:Static

[ 2016-06-05T12:50:47+08:00 ] ::1 /personal/mysystem/upload/kunlun_big.png
INFO: [ app_init ] --START--
INFO: Run Behavior\BuildLiteBehavior [ RunTime:0.000045s ]
INFO: [ app_init ] --END-- [ RunTime:0.003061s ]
ERR: 无法加载模块:Upload

[ 2016-06-05T12:50:48+08:00 ] ::1 /personal/mysystem/static/backed/assets/global/plugins/datatables/pdfmake.min.js.map
INFO: [ app_init ] --START--
INFO: Run Behavior\BuildLiteBehavior [ RunTime:0.000020s ]
INFO: [ app_init ] --END-- [ RunTime:0.000822s ]
ERR: 无法加载模块:Static

[ 2016-06-05T12:51:08+08:00 ] ::1 /personal/mysystem/static/backed/assets/global/plugins/datatables/pdfmake.min.js.map
INFO: [ app_init ] --START--
INFO: Run Behavior\BuildLiteBehavior [ RunTime:0.000034s ]
INFO: [ app_init ] --END-- [ RunTime:0.001167s ]
ERR: 无法加载模块:Static

[ 2016-06-05T12:51:13+08:00 ] ::1 /personal/mysystem/static/backed/assets/global/plugins/datatables/pdfmake.min.js.map
INFO: [ app_init ] --START--
INFO: Run Behavior\BuildLiteBehavior [ RunTime:0.000029s ]
INFO: [ app_init ] --END-- [ RunTime:0.001102s ]
ERR: 无法加载模块:Static

[ 2016-06-05T12:52:02+08:00 ] ::1 /personal/mysystem/upload/kunlun_big.png
INFO: [ app_init ] --START--
INFO: Run Behavior\BuildLiteBehavior [ RunTime:0.000040s ]
INFO: [ app_init ] --END-- [ RunTime:0.002819s ]
ERR: 无法加载模块:Upload

[ 2016-06-05T12:52:02+08:00 ] ::1 /personal/mysystem/static/backed/assets/global/plugins/datatables/pdfmake.min.js.map
INFO: [ app_init ] --START--
INFO: Run Behavior\BuildLiteBehavior [ RunTime:0.000034s ]
INFO: [ app_init ] --END-- [ RunTime:0.001622s ]
ERR: 无法加载模块:Static

[ 2016-06-05T12:52:27+08:00 ] ::1 /personal/mysystem/static/backed/assets/global/plugins/datatables/pdfmake.min.js.map
INFO: [ app_init ] --START--
INFO: Run Behavior\BuildLiteBehavior [ RunTime:0.000031s ]
INFO: [ app_init ] --END-- [ RunTime:0.001336s ]
ERR: 无法加载模块:Static

[ 2016-06-05T12:52:46+08:00 ] ::1 /personal/mysystem/static/backed/assets/global/plugins/datatables/pdfmake.min.js.map
INFO: [ app_init ] --START--
INFO: Run Behavior\BuildLiteBehavior [ RunTime:0.000041s ]
INFO: [ app_init ] --END-- [ RunTime:0.003986s ]
ERR: 无法加载模块:Static

[ 2016-06-05T12:56:43+08:00 ] ::1 /personal/mysystem/static/backed/assets/global/plugins/datatables/pdfmake.min.js.map
INFO: [ app_init ] --START--
INFO: Run Behavior\BuildLiteBehavior [ RunTime:0.000038s ]
INFO: [ app_init ] --END-- [ RunTime:0.003884s ]
ERR: 无法加载模块:Static

[ 2016-06-05T12:56:46+08:00 ] ::1 /personal/mysystem/static/backed/assets/global/plugins/datatables/pdfmake.min.js.map
INFO: [ app_init ] --START--
INFO: Run Behavior\BuildLiteBehavior [ RunTime:0.000023s ]
INFO: [ app_init ] --END-- [ RunTime:0.001051s ]
ERR: 无法加载模块:Static

[ 2016-06-05T12:57:14+08:00 ] ::1 /personal/mysystem/static/backed/assets/global/plugins/datatables/pdfmake.min.js.map
INFO: [ app_init ] --START--
INFO: Run Behavior\BuildLiteBehavior [ RunTime:0.000033s ]
INFO: [ app_init ] --END-- [ RunTime:0.001293s ]
ERR: 无法加载模块:Static

[ 2016-06-05T12:57:19+08:00 ] ::1 /personal/mysystem/static/backed/assets/global/plugins/datatables/pdfmake.min.js.map
INFO: [ app_init ] --START--
INFO: Run Behavior\BuildLiteBehavior [ RunTime:0.000038s ]
INFO: [ app_init ] --END-- [ RunTime:0.001884s ]
ERR: 无法加载模块:Static

[ 2016-06-05T12:57:42+08:00 ] ::1 /personal/mysystem/static/backed/assets/global/plugins/datatables/pdfmake.min.js.map
INFO: [ app_init ] --START--
INFO: Run Behavior\BuildLiteBehavior [ RunTime:0.000038s ]
INFO: [ app_init ] --END-- [ RunTime:0.001540s ]
ERR: 无法加载模块:Static

[ 2016-06-05T13:04:10+08:00 ] ::1 /personal/mysystem/static/backed/assets/global/plugins/datatables/pdfmake.min.js.map
INFO: [ app_init ] --START--
INFO: Run Behavior\BuildLiteBehavior [ RunTime:0.000039s ]
INFO: [ app_init ] --END-- [ RunTime:0.001533s ]
ERR: 无法加载模块:Static

[ 2016-06-05T13:04:16+08:00 ] ::1 /personal/mysystem/static/backed/assets/global/plugins/datatables/pdfmake.min.js.map
INFO: [ app_init ] --START--
INFO: Run Behavior\BuildLiteBehavior [ RunTime:0.000046s ]
INFO: [ app_init ] --END-- [ RunTime:0.006432s ]
ERR: 无法加载模块:Static

[ 2016-06-05T13:04:25+08:00 ] ::1 /personal/mysystem/static/backed/assets/global/plugins/datatables/pdfmake.min.js.map
INFO: [ app_init ] --START--
INFO: Run Behavior\BuildLiteBehavior [ RunTime:0.000039s ]
INFO: [ app_init ] --END-- [ RunTime:0.001949s ]
ERR: 无法加载模块:Static

[ 2016-06-05T13:04:36+08:00 ] ::1 /personal/mysystem/static/backed/assets/global/plugins/datatables/pdfmake.min.js.map
INFO: [ app_init ] --START--
INFO: Run Behavior\BuildLiteBehavior [ RunTime:0.000039s ]
INFO: [ app_init ] --END-- [ RunTime:0.001497s ]
ERR: 无法加载模块:Static

[ 2016-06-05T13:04:59+08:00 ] ::1 /personal/mysystem/static/backed/assets/global/plugins/datatables/pdfmake.min.js.map
INFO: [ app_init ] --START--
INFO: Run Behavior\BuildLiteBehavior [ RunTime:0.000030s ]
INFO: [ app_init ] --END-- [ RunTime:0.000860s ]
ERR: 无法加载模块:Static

[ 2016-06-05T13:05:02+08:00 ] ::1 /personal/mysystem/static/backed/assets/global/plugins/datatables/pdfmake.min.js.map
INFO: [ app_init ] --START--
INFO: Run Behavior\BuildLiteBehavior [ RunTime:0.000021s ]
INFO: [ app_init ] --END-- [ RunTime:0.000972s ]
ERR: 无法加载模块:Static

[ 2016-06-05T13:06:56+08:00 ] ::1 /personal/mysystem/static/backed/assets/global/plugins/datatables/pdfmake.min.js.map
INFO: [ app_init ] --START--
INFO: Run Behavior\BuildLiteBehavior [ RunTime:0.000039s ]
INFO: [ app_init ] --END-- [ RunTime:0.001472s ]
ERR: 无法加载模块:Static

[ 2016-06-05T13:07:00+08:00 ] ::1 /personal/mysystem/static/backed/assets/global/plugins/datatables/pdfmake.min.js.map
INFO: [ app_init ] --START--
INFO: Run Behavior\BuildLiteBehavior [ RunTime:0.000038s ]
INFO: [ app_init ] --END-- [ RunTime:0.001711s ]
ERR: 无法加载模块:Static

[ 2016-06-05T13:08:57+08:00 ] ::1 /personal/mysystem/static/backed/assets/global/plugins/datatables/pdfmake.min.js.map
INFO: [ app_init ] --START--
INFO: Run Behavior\BuildLiteBehavior [ RunTime:0.000031s ]
INFO: [ app_init ] --END-- [ RunTime:0.000984s ]
ERR: 无法加载模块:Static

[ 2016-06-05T13:10:30+08:00 ] ::1 /personal/mysystem/static/backed/assets/global/plugins/datatables/pdfmake.min.js.map
INFO: [ app_init ] --START--
INFO: Run Behavior\BuildLiteBehavior [ RunTime:0.000026s ]
INFO: [ app_init ] --END-- [ RunTime:0.001630s ]
ERR: 无法加载模块:Static

[ 2016-06-05T13:10:37+08:00 ] ::1 /personal/mysystem/static/backed/assets/global/plugins/datatables/pdfmake.min.js.map
INFO: [ app_init ] --START--
INFO: Run Behavior\BuildLiteBehavior [ RunTime:0.000023s ]
INFO: [ app_init ] --END-- [ RunTime:0.000878s ]
ERR: 无法加载模块:Static

[ 2016-06-05T13:10:41+08:00 ] ::1 /personal/mysystem/static/backed/assets/global/plugins/datatables/pdfmake.min.js.map
INFO: [ app_init ] --START--
INFO: Run Behavior\BuildLiteBehavior [ RunTime:0.000031s ]
INFO: [ app_init ] --END-- [ RunTime:0.001227s ]
ERR: 无法加载模块:Static

[ 2016-06-05T13:11:02+08:00 ] ::1 /personal/mysystem/static/backed/assets/global/plugins/datatables/pdfmake.min.js.map
INFO: [ app_init ] --START--
INFO: Run Behavior\BuildLiteBehavior [ RunTime:0.000026s ]
INFO: [ app_init ] --END-- [ RunTime:0.001159s ]
ERR: 无法加载模块:Static

[ 2016-06-05T13:11:14+08:00 ] ::1 /personal/mysystem/static/backed/assets/global/plugins/datatables/pdfmake.min.js.map
INFO: [ app_init ] --START--
INFO: Run Behavior\BuildLiteBehavior [ RunTime:0.000022s ]
INFO: [ app_init ] --END-- [ RunTime:0.001047s ]
ERR: 无法加载模块:Static

